<?xml version="1.0"?>
<testResults>
  <FitNesseVersion>v20160515</FitNesseVersion>
  <rootPath>FitNesseForUSF.FitNesse.AllScripts.FIS.FIS_2.Annual_Evaluation.2_DepartmentChair_Set_Preferences</rootPath>
    <result>
    <counts>
      <right>0</right>
      <wrong>0</wrong>
      <ignores>0</ignores>
      <exceptions>6</exceptions>
    </counts>
    <date>2017-11-07T12:51:11-05:00</date>
    <runTimeInMillis>26261</runTimeInMillis>
    <content>&lt;div class="collapsible closed"&gt;&lt;ul&gt;&lt;li&gt;&lt;a href='#' class='expandall'&gt;Expand&lt;/a&gt;&lt;/li&gt;&lt;li&gt;&lt;a href='#' class='collapseall'&gt;Collapse&lt;/a&gt;&lt;/li&gt;&lt;/ul&gt;
	&lt;p class="title"&gt;Included page: &lt;a href="ScenarioLibrary"&gt;.ScenarioLibrary&lt;/a&gt; &lt;a href="ScenarioLibrary?edit&amp;amp;redirectToReferer=true&amp;amp;redirectAction=" class="edit"&gt;(edit)&lt;/a&gt;&lt;/p&gt;
	&lt;div&gt;&lt;h2&gt;These scenarios will be accessible to all test cases in the the FitNesseRoot folder. If you are using a different FitNesseRoot Folder, make sure to copy these files if using any setup scenarios.&lt;/h2&gt;
&lt;br/&gt;&lt;h3&gt;Update these variables for your specific test environment&lt;/h3&gt;
&lt;br/&gt;&lt;div class="collapsible"&gt;&lt;ul&gt;&lt;li&gt;&lt;a href='#' class='expandall'&gt;Expand&lt;/a&gt;&lt;/li&gt;&lt;li&gt;&lt;a href='#' class='collapseall'&gt;Collapse&lt;/a&gt;&lt;/li&gt;&lt;/ul&gt;
	&lt;p class="title"&gt;Variables for Scenarios&lt;/p&gt;
	&lt;div&gt;Default browser can be &lt;b&gt;FIREFOX&lt;/b&gt;, &lt;b&gt;CHROME&lt;/b&gt;, or &lt;b&gt;IE&lt;/b&gt;&lt;br/&gt;&lt;span class="meta"&gt;variable defined: defaultBrowser=FIREFOX&lt;/span&gt;
&lt;br/&gt;&lt;br/&gt;Default Version can be &lt;b&gt;17.2&lt;/b&gt;, &lt;b&gt;17.1&lt;/b&gt;, &lt;b&gt;16.3&lt;/b&gt;, &lt;b&gt;16.2&lt;/b&gt;, &lt;b&gt;16.1&lt;/b&gt;, &lt;b&gt;7.11&lt;/b&gt;, or &lt;b&gt;7.10&lt;/b&gt;&lt;br/&gt;&lt;span class="meta"&gt;variable defined: defaultVersion=17.2&lt;/span&gt;
&lt;br/&gt;&lt;br/&gt;Default Locale can be &lt;b&gt;en_US&lt;/b&gt; or &lt;b&gt;en_GB&lt;/b&gt;&lt;br/&gt;&lt;span class="meta"&gt;variable defined: defaultLocale=en_US&lt;/span&gt;
&lt;br/&gt;&lt;br/&gt;Default URL should include http or https and /suite (e.g. &lt;b&gt;https://forum.appian.com/suite&lt;/b&gt; )&lt;br/&gt;&lt;span class="meta"&gt;variable defined: defaultUrl=REPLACE_APPIAN_URL&lt;/span&gt;
&lt;br/&gt;&lt;/div&gt;
&lt;/div&gt;
&lt;br/&gt;&lt;h3&gt;To use out of the box functionality, do not update the scenarios below&lt;/h3&gt;
&lt;br/&gt;&lt;div class="collapsible"&gt;&lt;ul&gt;&lt;li&gt;&lt;a href='#' class='expandall'&gt;Expand&lt;/a&gt;&lt;/li&gt;&lt;li&gt;&lt;a href='#' class='collapseall'&gt;Collapse&lt;/a&gt;&lt;/li&gt;&lt;/ul&gt;
	&lt;p class="title"&gt;Setup customizable for browser, locale, version, and URL&lt;/p&gt;
	&lt;div&gt;&lt;table&gt;
	&lt;tr class="slimRowTitle"&gt;
		&lt;td&gt;scenario&lt;/td&gt;
		&lt;td&gt;setup for test script for browser&lt;/td&gt;
		&lt;td&gt;browserType&lt;/td&gt;
		&lt;td&gt;locale&lt;/td&gt;
		&lt;td&gt;location&lt;/td&gt;
		&lt;td&gt;version&lt;/td&gt;
		&lt;td&gt;versionNum&lt;/td&gt;
		&lt;td&gt;url&lt;/td&gt;
		&lt;td&gt;appianUrl&lt;/td&gt;
	&lt;/tr&gt;
	&lt;tr class="slimRowColor1"&gt;
		&lt;td&gt;setup with browser&lt;/td&gt;
		&lt;td colspan="8"&gt;@browserType&lt;/td&gt;
	&lt;/tr&gt;
	&lt;tr class="slimRowColor2"&gt;
		&lt;td&gt;set appian locale to&lt;/td&gt;
		&lt;td colspan="8"&gt;@location&lt;/td&gt;
	&lt;/tr&gt;
	&lt;tr class="slimRowColor2"&gt;
		&lt;td&gt;set appian version to&lt;/td&gt;
		&lt;td colspan="8"&gt;@versionNum&lt;/td&gt;
	&lt;/tr&gt;
	&lt;tr class="slimRowColor7"&gt;
		&lt;td&gt;set appian url to&lt;/td&gt;
		&lt;td colspan="8"&gt;@appianUrl&lt;/td&gt;
	&lt;/tr&gt;
	&lt;tr class="slimRowColor1"&gt;
		&lt;td&gt;set timeout seconds to&lt;/td&gt;
		&lt;td colspan="8"&gt;20&lt;/td&gt;
	&lt;/tr&gt;
	&lt;tr class="slimRowColor9"&gt;
		&lt;td colspan="9"&gt;set start datetime&lt;/td&gt;
	&lt;/tr&gt;
&lt;/table&gt;
&lt;/div&gt;
&lt;/div&gt;
&lt;br/&gt;&lt;div class="collapsible"&gt;&lt;ul&gt;&lt;li&gt;&lt;a href='#' class='expandall'&gt;Expand&lt;/a&gt;&lt;/li&gt;&lt;li&gt;&lt;a href='#' class='collapseall'&gt;Collapse&lt;/a&gt;&lt;/li&gt;&lt;/ul&gt;
	&lt;p class="title"&gt;Scenario - Setup using default values &lt;/p&gt;
	&lt;div&gt;&lt;table&gt;
	&lt;tr class="slimRowTitle"&gt;
		&lt;td&gt;scenario&lt;/td&gt;
		&lt;td colspan="7"&gt;setup for test script&lt;/td&gt;
	&lt;/tr&gt;
	&lt;tr class="slimRowColor6"&gt;
		&lt;td&gt;setup for test script for browser&lt;/td&gt;
		&lt;td&gt;FIREFOX&lt;/td&gt;
		&lt;td&gt;locale&lt;/td&gt;
		&lt;td&gt;en_US&lt;/td&gt;
		&lt;td&gt;version&lt;/td&gt;
		&lt;td&gt;17.2&lt;/td&gt;
		&lt;td&gt;url&lt;/td&gt;
		&lt;td&gt;REPLACE_APPIAN_URL&lt;/td&gt;
	&lt;/tr&gt;
&lt;/table&gt;
&lt;/div&gt;
&lt;/div&gt;
&lt;/div&gt;
&lt;/div&gt;
&lt;br/&gt;&lt;div class="collapsible"&gt;&lt;ul&gt;&lt;li&gt;&lt;a href='#' class='expandall'&gt;Expand&lt;/a&gt;&lt;/li&gt;&lt;li&gt;&lt;a href='#' class='collapseall'&gt;Collapse&lt;/a&gt;&lt;/li&gt;&lt;/ul&gt;
	&lt;p class="title"&gt;Included page: &lt;a href="FitNesseForUSF.FitNesse.Initialization.Header"&gt;.FitNesseForUSF.FitNesse.Initialization.Header&lt;/a&gt; &lt;a href="FitNesseForUSF.FitNesse.Initialization.Header?edit&amp;amp;redirectToReferer=true&amp;amp;redirectAction=" class="edit"&gt;(edit)&lt;/a&gt;&lt;/p&gt;
	&lt;div&gt;&lt;div class="collapsible closed"&gt;&lt;ul&gt;&lt;li&gt;&lt;a href='#' class='expandall'&gt;Expand&lt;/a&gt;&lt;/li&gt;&lt;li&gt;&lt;a href='#' class='collapseall'&gt;Collapse&lt;/a&gt;&lt;/li&gt;&lt;/ul&gt;
	&lt;p class="title"&gt;&lt;span class="fitnesse"&gt;FitNesse&lt;/span&gt; Configurations&lt;/p&gt;
	&lt;div&gt;&lt;span class="meta"&gt;variable defined: TEST_SYSTEM=slim&lt;/span&gt;
&lt;br/&gt;&lt;span class="meta"&gt;variable defined: COMMAND_PATTERN=java -Dlog4j.configuration=file:///${automated.testing.home}/log4j.properties -cp %p %m&lt;/span&gt;
&lt;br/&gt;&lt;span class="meta"&gt;classpath: C:/FitNesseForAppian/**.jar&lt;/span&gt;&lt;br/&gt;&lt;/div&gt;
&lt;/div&gt;
&lt;div class="collapsible"&gt;&lt;ul&gt;&lt;li&gt;&lt;a href='#' class='expandall'&gt;Expand&lt;/a&gt;&lt;/li&gt;&lt;li&gt;&lt;a href='#' class='collapseall'&gt;Collapse&lt;/a&gt;&lt;/li&gt;&lt;/ul&gt;
	&lt;p class="title"&gt;Initialization&lt;/p&gt;
	&lt;div&gt;&lt;table&gt;
	&lt;tr class="slimRowTitle"&gt;
		&lt;td&gt;script&lt;/td&gt;
		&lt;td&gt;&lt;span class="pass"&gt;com.appiancorp.ps.automatedtest.fixture.TempoFixture&lt;/span&gt;&lt;/td&gt;
	&lt;/tr&gt;
	&lt;tr class="slimRowColor7"&gt;
		&lt;td&gt;set appian url to&lt;/td&gt;
		&lt;td&gt;https://usftest.appiancloud.com/suite/portal/login.jsp&lt;/td&gt;
	&lt;/tr&gt;
	&lt;tr class="slimRowColor2"&gt;
		&lt;td&gt;set appian version to&lt;/td&gt;
		&lt;td&gt;17.3&lt;/td&gt;
	&lt;/tr&gt;
	&lt;tr class="slimRowColor2"&gt;
		&lt;td&gt;set appian locale to&lt;/td&gt;
		&lt;td&gt;en_US or en_GB&lt;/td&gt;
	&lt;/tr&gt;
&lt;/table&gt;
&lt;/div&gt;
&lt;/div&gt;
&lt;/div&gt;
&lt;/div&gt;
&lt;br/&gt;!*** Login &lt;br/&gt;&lt;table&gt;
	&lt;tr class="slimRowTitle"&gt;
		&lt;td colspan="8"&gt;script&lt;/td&gt;
	&lt;/tr&gt;
	&lt;tr class="slimRowColor1"&gt;
		&lt;td&gt;setup with browser&lt;/td&gt;
		&lt;td colspan="7"&gt;CHROME&lt;/td&gt;
	&lt;/tr&gt;
	&lt;tr class="slimRowColor9"&gt;
		&lt;td&gt;login with username&lt;/td&gt;
		&lt;td&gt;U70919926&lt;/td&gt;
		&lt;td&gt;and password&lt;/td&gt;
		&lt;td colspan="5"&gt;asdf1234.&lt;/td&gt;
	&lt;/tr&gt;
	&lt;tr class="slimRowColor0"&gt;
		&lt;td&gt;click on menu&lt;/td&gt;
		&lt;td colspan="7"&gt;Tasks&lt;/td&gt;
	&lt;/tr&gt;
	&lt;tr class="slimRowColor3"&gt;
		&lt;td&gt;click on link&lt;/td&gt;
		&lt;td colspan="7"&gt;Set Evaluation Instructions - Department of Global Health (0-6408-000)&lt;/td&gt;
	&lt;/tr&gt;
	&lt;tr class="slimRowColor9"&gt;
		&lt;td&gt;click on Button&lt;/td&gt;
		&lt;td colspan="7"&gt;ACCEPT&lt;/td&gt;
	&lt;/tr&gt;
	&lt;tr class="slimRowColor8"&gt;
		&lt;td&gt;populate grid&lt;/td&gt;
		&lt;td&gt;[1]&lt;/td&gt;
		&lt;td&gt;column&lt;/td&gt;
		&lt;td&gt;[2]&lt;/td&gt;
		&lt;td&gt;row&lt;/td&gt;
		&lt;td&gt;[1]&lt;/td&gt;
		&lt;td&gt;with&lt;/td&gt;
		&lt;td&gt;+1 days&lt;/td&gt;
	&lt;/tr&gt;
	&lt;tr class="slimRowColor8"&gt;
		&lt;td&gt;populate grid&lt;/td&gt;
		&lt;td&gt;[1]&lt;/td&gt;
		&lt;td&gt;column&lt;/td&gt;
		&lt;td&gt;[2]&lt;/td&gt;
		&lt;td&gt;row&lt;/td&gt;
		&lt;td&gt;[2]&lt;/td&gt;
		&lt;td&gt;with&lt;/td&gt;
		&lt;td&gt;+2 days&lt;/td&gt;
	&lt;/tr&gt;
	&lt;tr class="slimRowColor8"&gt;
		&lt;td&gt;populate grid&lt;/td&gt;
		&lt;td&gt;[1]&lt;/td&gt;
		&lt;td&gt;column&lt;/td&gt;
		&lt;td&gt;[2]&lt;/td&gt;
		&lt;td&gt;row&lt;/td&gt;
		&lt;td&gt;[3]&lt;/td&gt;
		&lt;td&gt;with&lt;/td&gt;
		&lt;td&gt;+3 days&lt;/td&gt;
	&lt;/tr&gt;
	&lt;tr class="slimRowColor7"&gt;
		&lt;td&gt;click on radio option&lt;/td&gt;
		&lt;td colspan="7"&gt;[1]&lt;/td&gt;
	&lt;/tr&gt;
	&lt;tr class="slimRowColor2"&gt;
		&lt;td&gt;populate field&lt;/td&gt;
		&lt;td&gt;Department Guidelines&lt;/td&gt;
		&lt;td&gt;with&lt;/td&gt;
		&lt;td colspan="5"&gt;https://www.google.com&lt;/td&gt;
	&lt;/tr&gt;
	&lt;tr class="exception closed"&gt;
		&lt;td class="error"&gt;populate field&lt;/td&gt;
		&lt;td class="error"&gt;Set Instructions&lt;/td&gt;
		&lt;td class="error"&gt;in section&lt;/td&gt;
		&lt;td class="error"&gt;Teaching Self-Eval Narrative&lt;/td&gt;
		&lt;td class="error"&gt;with&lt;/td&gt;
		&lt;td colspan="3" class="error"&gt;Teaching Self-Eval Narrative&lt;/td&gt;
	&lt;/tr&gt;&lt;tr class="exception-detail closed-detail"&gt;&lt;td colspan="8"&gt;&lt;pre&gt;__EXCEPTION__:org.openqa.selenium.NoSuchElementException: no such element: Unable to locate element: {"method":"xpath","selector":"//div/h2[descendant-or-self::*[contains(translate(text(),'ABCDEFGHIJKLMNOPQRSTUVWXYZ','abcdefghijklmnopqrstuvwxyz'),'teaching self-eval narrative')]]/parent::div//div[contains(@class, 'FieldLayout---field_layout') and descendant::*[(self::span or self::label) and contains(@class,'FieldLayout---field_label') and contains(translate(text(),'ABCDEFGHIJKLMNOPQRSTUVWXYZ','abcdefghijklmnopqrstuvwxyz'),'set instructions')]]"}
  (Session info: chrome=61.0.3163.100)
  (Driver info: chromedriver=2.31.488763 (092de99f48a300323ecf8c2a4e2e7cab51de5ba8),platform=Windows NT 10.0.14393 x86_64) (WARNING: The server did not provide any stacktrace information)
Command duration or timeout: 19 milliseconds
For documentation on this error, please visit: http://seleniumhq.org/exceptions/no_such_element.html
Build info: version: '3.4.0', revision: 'unknown', time: 'unknown'
System info: host: 'FITNESSE', ip: '10.119.38.100', os.name: 'Windows Server 2016', os.arch: 'x86', os.version: '10.0', java.version: '1.8.0_144'
Driver info: org.openqa.selenium.chrome.ChromeDriver
Capabilities [{applicationCacheEnabled=false, rotatable=false, mobileEmulationEnabled=false, networkConnectionEnabled=false, chrome={chromedriverVersion=2.31.488763 (092de99f48a300323ecf8c2a4e2e7cab51de5ba8), userDataDir=C:\Users\SULOCH~1\AppData\Local\Temp\3\scoped_dir7284_11681}, takesHeapSnapshot=true, pageLoadStrategy=normal, databaseEnabled=false, handlesAlerts=true, hasTouchScreen=false, version=61.0.3163.100, platform=XP, browserConnectionEnabled=false, nativeEvents=true, acceptSslCerts=true, locationContextEnabled=true, webStorageEnabled=true, browserName=chrome, takesScreenshot=true, javascriptEnabled=true, cssSelectorsEnabled=true, setWindowRect=true, unexpectedAlertBehaviour=}]
Session ID: de2a7e59176bf4936b9d612ed201d8df
*** Element info: {Using=xpath, value=//div/h2[descendant-or-self::*[contains(translate(text(),'ABCDEFGHIJKLMNOPQRSTUVWXYZ','abcdefghijklmnopqrstuvwxyz'),'teaching self-eval narrative')]]/parent::div//div[contains(@class, 'FieldLayout---field_layout') and descendant::*[(self::span or self::label) and contains(@class,'FieldLayout---field_label') and contains(translate(text(),'ABCDEFGHIJKLMNOPQRSTUVWXYZ','abcdefghijklmnopqrstuvwxyz'),'set instructions')]]}
	at sun.reflect.GeneratedConstructorAccessor11.newInstance(Unknown Source) [n/a]
	at sun.reflect.DelegatingConstructorAccessorImpl.newInstance(Unknown Source) [rt.jar:1.8.0_144]
	at java.lang.reflect.Constructor.newInstance(Unknown Source) [rt.jar:1.8.0_144]
	at org.openqa.selenium.remote.ErrorHandler.createThrowable(ErrorHandler.java:215) [selenium-remote-driver-3.4.0.jar]
	at org.openqa.selenium.remote.ErrorHandler.throwIfResponseFailed(ErrorHandler.java:167) [selenium-remote-driver-3.4.0.jar]
	at org.openqa.selenium.remote.RemoteWebDriver.execute(RemoteWebDriver.java:671) [selenium-remote-driver-3.4.0.jar]
	at org.openqa.selenium.remote.RemoteWebDriver.findElement(RemoteWebDriver.java:410) [selenium-remote-driver-3.4.0.jar]
	at org.openqa.selenium.remote.RemoteWebDriver.findElementByXPath(RemoteWebDriver.java:509) [selenium-remote-driver-3.4.0.jar]
	at org.openqa.selenium.By$ByXPath.findElement(By.java:361) [selenium-api-3.4.0.jar]
	at org.openqa.selenium.remote.RemoteWebDriver.findElement(RemoteWebDriver.java:402) [selenium-remote-driver-3.4.0.jar]
	at com.appiancorp.ps.automatedtest.tempo.interfaces.TempoSectionField.getWebElement(TempoSectionField.java:41) [fitnesse-for-appian-17.3.jar]
	at com.appiancorp.ps.automatedtest.tempo.interfaces.TempoSectionField.populate(TempoSectionField.java:75) [fitnesse-for-appian-17.3.jar]
	at com.appiancorp.ps.automatedtest.tempo.interfaces.TempoSectionField.populateMultiple(TempoSectionField.java:65) [fitnesse-for-appian-17.3.jar]
	at com.appiancorp.ps.automatedtest.fixture.TempoFixture.populateFieldInSectionWith(TempoFixture.java:836) [fitnesse-for-appian-17.3.jar]
	at sun.reflect.NativeMethodAccessorImpl.invoke0(Native Method) [rt.jar:1.8.0_144]
	at sun.reflect.NativeMethodAccessorImpl.invoke(Unknown Source) [rt.jar:1.8.0_144]
	at sun.reflect.DelegatingMethodAccessorImpl.invoke(Unknown Source) [rt.jar:1.8.0_144]
	at java.lang.reflect.Method.invoke(Unknown Source) [rt.jar:1.8.0_144]
	at fitnesse.slim.fixtureInteraction.DefaultInteraction.methodInvoke(DefaultInteraction.java:81) [fitnesse-20160515-standalone.jar]
	at fitnesse.slim.MethodExecutor.callMethod(MethodExecutor.java:57) [fitnesse-20160515-standalone.jar]
	at fitnesse.slim.MethodExecutor.invokeMethod(MethodExecutor.java:38) [fitnesse-20160515-standalone.jar]
	at fitnesse.slim.MethodExecutor.findAndInvoke(MethodExecutor.java:72) [fitnesse-20160515-standalone.jar]
	at fitnesse.slim.FixtureMethodExecutor.execute(FixtureMethodExecutor.java:20) [fitnesse-20160515-standalone.jar]
	at fitnesse.slim.StatementExecutor.getMethodExecutionResult(StatementExecutor.java:135) [fitnesse-20160515-standalone.jar]
	at fitnesse.slim.StatementExecutor.call(StatementExecutor.java:108) [fitnesse-20160515-standalone.jar]
	at fitnesse.slim.instructions.CallInstruction.executeInternal(CallInstruction.java:35) [fitnesse-20160515-standalone.jar]
	at fitnesse.slim.instructions.Instruction.execute(Instruction.java:29) [fitnesse-20160515-standalone.jar]
	at fitnesse.slim.ListExecutor$Executive.executeStatement(ListExecutor.java:49) [fitnesse-20160515-standalone.jar]
	at fitnesse.slim.ListExecutor$Executive.executeStatements(ListExecutor.java:43) [fitnesse-20160515-standalone.jar]
	at fitnesse.slim.ListExecutor.execute(ListExecutor.java:85) [fitnesse-20160515-standalone.jar]
	at fitnesse.slim.SlimServer.executeInstructions(SlimServer.java:84) [fitnesse-20160515-standalone.jar]
	at fitnesse.slim.SlimServer.processOneSetOfInstructions(SlimServer.java:77) [fitnesse-20160515-standalone.jar]
	at fitnesse.slim.SlimServer.tryProcessInstructions(SlimServer.java:64) [fitnesse-20160515-standalone.jar]
	at fitnesse.slim.SlimServer.serve(SlimServer.java:49) [fitnesse-20160515-standalone.jar]
	at fitnesse.slim.SlimService.handle(SlimService.java:154) [fitnesse-20160515-standalone.jar]
	at fitnesse.slim.SlimService.acceptOne(SlimService.java:162) [fitnesse-20160515-standalone.jar]
	at fitnesse.slim.SlimService.accept(SlimService.java:124) [fitnesse-20160515-standalone.jar]
	at fitnesse.slim.SlimService.startWithFactory(SlimService.java:76) [fitnesse-20160515-standalone.jar]
	at fitnesse.slim.SlimService.main(SlimService.java:56) [fitnesse-20160515-standalone.jar]&lt;/pre&gt;&lt;/td&gt;&lt;/tr&gt;
	&lt;tr class="exception closed"&gt;
		&lt;td class="error"&gt;populate field&lt;/td&gt;
		&lt;td class="error"&gt;Set Instructions&lt;/td&gt;
		&lt;td class="error"&gt;in section&lt;/td&gt;
		&lt;td class="error"&gt;Administrative Self-Eval Narrative&lt;/td&gt;
		&lt;td class="error"&gt;with&lt;/td&gt;
		&lt;td colspan="3" class="error"&gt;Administrative Self-Eval Narrative&lt;/td&gt;
	&lt;/tr&gt;&lt;tr class="exception-detail closed-detail"&gt;&lt;td colspan="8"&gt;&lt;pre&gt;__EXCEPTION__:org.openqa.selenium.NoSuchElementException: no such element: Unable to locate element: {"method":"xpath","selector":"//div/h2[descendant-or-self::*[contains(translate(text(),'ABCDEFGHIJKLMNOPQRSTUVWXYZ','abcdefghijklmnopqrstuvwxyz'),'administrative self-eval narrative')]]/parent::div//div[contains(@class, 'FieldLayout---field_layout') and descendant::*[(self::span or self::label) and contains(@class,'FieldLayout---field_label') and contains(translate(text(),'ABCDEFGHIJKLMNOPQRSTUVWXYZ','abcdefghijklmnopqrstuvwxyz'),'set instructions')]]"}
  (Session info: chrome=61.0.3163.100)
  (Driver info: chromedriver=2.31.488763 (092de99f48a300323ecf8c2a4e2e7cab51de5ba8),platform=Windows NT 10.0.14393 x86_64) (WARNING: The server did not provide any stacktrace information)
Command duration or timeout: 17 milliseconds
For documentation on this error, please visit: http://seleniumhq.org/exceptions/no_such_element.html
Build info: version: '3.4.0', revision: 'unknown', time: 'unknown'
System info: host: 'FITNESSE', ip: '10.119.38.100', os.name: 'Windows Server 2016', os.arch: 'x86', os.version: '10.0', java.version: '1.8.0_144'
Driver info: org.openqa.selenium.chrome.ChromeDriver
Capabilities [{applicationCacheEnabled=false, rotatable=false, mobileEmulationEnabled=false, networkConnectionEnabled=false, chrome={chromedriverVersion=2.31.488763 (092de99f48a300323ecf8c2a4e2e7cab51de5ba8), userDataDir=C:\Users\SULOCH~1\AppData\Local\Temp\3\scoped_dir7284_11681}, takesHeapSnapshot=true, pageLoadStrategy=normal, databaseEnabled=false, handlesAlerts=true, hasTouchScreen=false, version=61.0.3163.100, platform=XP, browserConnectionEnabled=false, nativeEvents=true, acceptSslCerts=true, locationContextEnabled=true, webStorageEnabled=true, browserName=chrome, takesScreenshot=true, javascriptEnabled=true, cssSelectorsEnabled=true, setWindowRect=true, unexpectedAlertBehaviour=}]
Session ID: de2a7e59176bf4936b9d612ed201d8df
*** Element info: {Using=xpath, value=//div/h2[descendant-or-self::*[contains(translate(text(),'ABCDEFGHIJKLMNOPQRSTUVWXYZ','abcdefghijklmnopqrstuvwxyz'),'administrative self-eval narrative')]]/parent::div//div[contains(@class, 'FieldLayout---field_layout') and descendant::*[(self::span or self::label) and contains(@class,'FieldLayout---field_label') and contains(translate(text(),'ABCDEFGHIJKLMNOPQRSTUVWXYZ','abcdefghijklmnopqrstuvwxyz'),'set instructions')]]}
	at sun.reflect.GeneratedConstructorAccessor11.newInstance(Unknown Source) [n/a]
	at sun.reflect.DelegatingConstructorAccessorImpl.newInstance(Unknown Source) [rt.jar:1.8.0_144]
	at java.lang.reflect.Constructor.newInstance(Unknown Source) [rt.jar:1.8.0_144]
	at org.openqa.selenium.remote.ErrorHandler.createThrowable(ErrorHandler.java:215) [selenium-remote-driver-3.4.0.jar]
	at org.openqa.selenium.remote.ErrorHandler.throwIfResponseFailed(ErrorHandler.java:167) [selenium-remote-driver-3.4.0.jar]
	at org.openqa.selenium.remote.RemoteWebDriver.execute(RemoteWebDriver.java:671) [selenium-remote-driver-3.4.0.jar]
	at org.openqa.selenium.remote.RemoteWebDriver.findElement(RemoteWebDriver.java:410) [selenium-remote-driver-3.4.0.jar]
	at org.openqa.selenium.remote.RemoteWebDriver.findElementByXPath(RemoteWebDriver.java:509) [selenium-remote-driver-3.4.0.jar]
	at org.openqa.selenium.By$ByXPath.findElement(By.java:361) [selenium-api-3.4.0.jar]
	at org.openqa.selenium.remote.RemoteWebDriver.findElement(RemoteWebDriver.java:402) [selenium-remote-driver-3.4.0.jar]
	at com.appiancorp.ps.automatedtest.tempo.interfaces.TempoSectionField.getWebElement(TempoSectionField.java:41) [fitnesse-for-appian-17.3.jar]
	at com.appiancorp.ps.automatedtest.tempo.interfaces.TempoSectionField.populate(TempoSectionField.java:75) [fitnesse-for-appian-17.3.jar]
	at com.appiancorp.ps.automatedtest.tempo.interfaces.TempoSectionField.populateMultiple(TempoSectionField.java:65) [fitnesse-for-appian-17.3.jar]
	at com.appiancorp.ps.automatedtest.fixture.TempoFixture.populateFieldInSectionWith(TempoFixture.java:836) [fitnesse-for-appian-17.3.jar]
	at sun.reflect.NativeMethodAccessorImpl.invoke0(Native Method) [rt.jar:1.8.0_144]
	at sun.reflect.NativeMethodAccessorImpl.invoke(Unknown Source) [rt.jar:1.8.0_144]
	at sun.reflect.DelegatingMethodAccessorImpl.invoke(Unknown Source) [rt.jar:1.8.0_144]
	at java.lang.reflect.Method.invoke(Unknown Source) [rt.jar:1.8.0_144]
	at fitnesse.slim.fixtureInteraction.DefaultInteraction.methodInvoke(DefaultInteraction.java:81) [fitnesse-20160515-standalone.jar]
	at fitnesse.slim.MethodExecutor.callMethod(MethodExecutor.java:57) [fitnesse-20160515-standalone.jar]
	at fitnesse.slim.MethodExecutor.invokeMethod(MethodExecutor.java:38) [fitnesse-20160515-standalone.jar]
	at fitnesse.slim.MethodExecutor.findAndInvoke(MethodExecutor.java:72) [fitnesse-20160515-standalone.jar]
	at fitnesse.slim.FixtureMethodExecutor.execute(FixtureMethodExecutor.java:20) [fitnesse-20160515-standalone.jar]
	at fitnesse.slim.StatementExecutor.getMethodExecutionResult(StatementExecutor.java:135) [fitnesse-20160515-standalone.jar]
	at fitnesse.slim.StatementExecutor.call(StatementExecutor.java:108) [fitnesse-20160515-standalone.jar]
	at fitnesse.slim.instructions.CallInstruction.executeInternal(CallInstruction.java:35) [fitnesse-20160515-standalone.jar]
	at fitnesse.slim.instructions.Instruction.execute(Instruction.java:29) [fitnesse-20160515-standalone.jar]
	at fitnesse.slim.ListExecutor$Executive.executeStatement(ListExecutor.java:49) [fitnesse-20160515-standalone.jar]
	at fitnesse.slim.ListExecutor$Executive.executeStatements(ListExecutor.java:43) [fitnesse-20160515-standalone.jar]
	at fitnesse.slim.ListExecutor.execute(ListExecutor.java:85) [fitnesse-20160515-standalone.jar]
	at fitnesse.slim.SlimServer.executeInstructions(SlimServer.java:84) [fitnesse-20160515-standalone.jar]
	at fitnesse.slim.SlimServer.processOneSetOfInstructions(SlimServer.java:77) [fitnesse-20160515-standalone.jar]
	at fitnesse.slim.SlimServer.tryProcessInstructions(SlimServer.java:64) [fitnesse-20160515-standalone.jar]
	at fitnesse.slim.SlimServer.serve(SlimServer.java:49) [fitnesse-20160515-standalone.jar]
	at fitnesse.slim.SlimService.handle(SlimService.java:154) [fitnesse-20160515-standalone.jar]
	at fitnesse.slim.SlimService.acceptOne(SlimService.java:162) [fitnesse-20160515-standalone.jar]
	at fitnesse.slim.SlimService.accept(SlimService.java:124) [fitnesse-20160515-standalone.jar]
	at fitnesse.slim.SlimService.startWithFactory(SlimService.java:76) [fitnesse-20160515-standalone.jar]
	at fitnesse.slim.SlimService.main(SlimService.java:56) [fitnesse-20160515-standalone.jar]&lt;/pre&gt;&lt;/td&gt;&lt;/tr&gt;
	&lt;tr class="exception closed"&gt;
		&lt;td class="error"&gt;populate field&lt;/td&gt;
		&lt;td class="error"&gt;Set Instructions&lt;/td&gt;
		&lt;td class="error"&gt;in section&lt;/td&gt;
		&lt;td class="error"&gt;Service Self-Eval Narrative&lt;/td&gt;
		&lt;td class="error"&gt;with&lt;/td&gt;
		&lt;td colspan="3" class="error"&gt;Service Self-Eval Narrative&lt;/td&gt;
	&lt;/tr&gt;&lt;tr class="exception-detail closed-detail"&gt;&lt;td colspan="8"&gt;&lt;pre&gt;__EXCEPTION__:org.openqa.selenium.NoSuchElementException: no such element: Unable to locate element: {"method":"xpath","selector":"//div/h2[descendant-or-self::*[contains(translate(text(),'ABCDEFGHIJKLMNOPQRSTUVWXYZ','abcdefghijklmnopqrstuvwxyz'),'service self-eval narrative')]]/parent::div//div[contains(@class, 'FieldLayout---field_layout') and descendant::*[(self::span or self::label) and contains(@class,'FieldLayout---field_label') and contains(translate(text(),'ABCDEFGHIJKLMNOPQRSTUVWXYZ','abcdefghijklmnopqrstuvwxyz'),'set instructions')]]"}
  (Session info: chrome=61.0.3163.100)
  (Driver info: chromedriver=2.31.488763 (092de99f48a300323ecf8c2a4e2e7cab51de5ba8),platform=Windows NT 10.0.14393 x86_64) (WARNING: The server did not provide any stacktrace information)
Command duration or timeout: 16 milliseconds
For documentation on this error, please visit: http://seleniumhq.org/exceptions/no_such_element.html
Build info: version: '3.4.0', revision: 'unknown', time: 'unknown'
System info: host: 'FITNESSE', ip: '10.119.38.100', os.name: 'Windows Server 2016', os.arch: 'x86', os.version: '10.0', java.version: '1.8.0_144'
Driver info: org.openqa.selenium.chrome.ChromeDriver
Capabilities [{applicationCacheEnabled=false, rotatable=false, mobileEmulationEnabled=false, networkConnectionEnabled=false, chrome={chromedriverVersion=2.31.488763 (092de99f48a300323ecf8c2a4e2e7cab51de5ba8), userDataDir=C:\Users\SULOCH~1\AppData\Local\Temp\3\scoped_dir7284_11681}, takesHeapSnapshot=true, pageLoadStrategy=normal, databaseEnabled=false, handlesAlerts=true, hasTouchScreen=false, version=61.0.3163.100, platform=XP, browserConnectionEnabled=false, nativeEvents=true, acceptSslCerts=true, locationContextEnabled=true, webStorageEnabled=true, browserName=chrome, takesScreenshot=true, javascriptEnabled=true, cssSelectorsEnabled=true, setWindowRect=true, unexpectedAlertBehaviour=}]
Session ID: de2a7e59176bf4936b9d612ed201d8df
*** Element info: {Using=xpath, value=//div/h2[descendant-or-self::*[contains(translate(text(),'ABCDEFGHIJKLMNOPQRSTUVWXYZ','abcdefghijklmnopqrstuvwxyz'),'service self-eval narrative')]]/parent::div//div[contains(@class, 'FieldLayout---field_layout') and descendant::*[(self::span or self::label) and contains(@class,'FieldLayout---field_label') and contains(translate(text(),'ABCDEFGHIJKLMNOPQRSTUVWXYZ','abcdefghijklmnopqrstuvwxyz'),'set instructions')]]}
	at sun.reflect.GeneratedConstructorAccessor11.newInstance(Unknown Source) [n/a]
	at sun.reflect.DelegatingConstructorAccessorImpl.newInstance(Unknown Source) [rt.jar:1.8.0_144]
	at java.lang.reflect.Constructor.newInstance(Unknown Source) [rt.jar:1.8.0_144]
	at org.openqa.selenium.remote.ErrorHandler.createThrowable(ErrorHandler.java:215) [selenium-remote-driver-3.4.0.jar]
	at org.openqa.selenium.remote.ErrorHandler.throwIfResponseFailed(ErrorHandler.java:167) [selenium-remote-driver-3.4.0.jar]
	at org.openqa.selenium.remote.RemoteWebDriver.execute(RemoteWebDriver.java:671) [selenium-remote-driver-3.4.0.jar]
	at org.openqa.selenium.remote.RemoteWebDriver.findElement(RemoteWebDriver.java:410) [selenium-remote-driver-3.4.0.jar]
	at org.openqa.selenium.remote.RemoteWebDriver.findElementByXPath(RemoteWebDriver.java:509) [selenium-remote-driver-3.4.0.jar]
	at org.openqa.selenium.By$ByXPath.findElement(By.java:361) [selenium-api-3.4.0.jar]
	at org.openqa.selenium.remote.RemoteWebDriver.findElement(RemoteWebDriver.java:402) [selenium-remote-driver-3.4.0.jar]
	at com.appiancorp.ps.automatedtest.tempo.interfaces.TempoSectionField.getWebElement(TempoSectionField.java:41) [fitnesse-for-appian-17.3.jar]
	at com.appiancorp.ps.automatedtest.tempo.interfaces.TempoSectionField.populate(TempoSectionField.java:75) [fitnesse-for-appian-17.3.jar]
	at com.appiancorp.ps.automatedtest.tempo.interfaces.TempoSectionField.populateMultiple(TempoSectionField.java:65) [fitnesse-for-appian-17.3.jar]
	at com.appiancorp.ps.automatedtest.fixture.TempoFixture.populateFieldInSectionWith(TempoFixture.java:836) [fitnesse-for-appian-17.3.jar]
	at sun.reflect.NativeMethodAccessorImpl.invoke0(Native Method) [rt.jar:1.8.0_144]
	at sun.reflect.NativeMethodAccessorImpl.invoke(Unknown Source) [rt.jar:1.8.0_144]
	at sun.reflect.DelegatingMethodAccessorImpl.invoke(Unknown Source) [rt.jar:1.8.0_144]
	at java.lang.reflect.Method.invoke(Unknown Source) [rt.jar:1.8.0_144]
	at fitnesse.slim.fixtureInteraction.DefaultInteraction.methodInvoke(DefaultInteraction.java:81) [fitnesse-20160515-standalone.jar]
	at fitnesse.slim.MethodExecutor.callMethod(MethodExecutor.java:57) [fitnesse-20160515-standalone.jar]
	at fitnesse.slim.MethodExecutor.invokeMethod(MethodExecutor.java:38) [fitnesse-20160515-standalone.jar]
	at fitnesse.slim.MethodExecutor.findAndInvoke(MethodExecutor.java:72) [fitnesse-20160515-standalone.jar]
	at fitnesse.slim.FixtureMethodExecutor.execute(FixtureMethodExecutor.java:20) [fitnesse-20160515-standalone.jar]
	at fitnesse.slim.StatementExecutor.getMethodExecutionResult(StatementExecutor.java:135) [fitnesse-20160515-standalone.jar]
	at fitnesse.slim.StatementExecutor.call(StatementExecutor.java:108) [fitnesse-20160515-standalone.jar]
	at fitnesse.slim.instructions.CallInstruction.executeInternal(CallInstruction.java:35) [fitnesse-20160515-standalone.jar]
	at fitnesse.slim.instructions.Instruction.execute(Instruction.java:29) [fitnesse-20160515-standalone.jar]
	at fitnesse.slim.ListExecutor$Executive.executeStatement(ListExecutor.java:49) [fitnesse-20160515-standalone.jar]
	at fitnesse.slim.ListExecutor$Executive.executeStatements(ListExecutor.java:43) [fitnesse-20160515-standalone.jar]
	at fitnesse.slim.ListExecutor.execute(ListExecutor.java:85) [fitnesse-20160515-standalone.jar]
	at fitnesse.slim.SlimServer.executeInstructions(SlimServer.java:84) [fitnesse-20160515-standalone.jar]
	at fitnesse.slim.SlimServer.processOneSetOfInstructions(SlimServer.java:77) [fitnesse-20160515-standalone.jar]
	at fitnesse.slim.SlimServer.tryProcessInstructions(SlimServer.java:64) [fitnesse-20160515-standalone.jar]
	at fitnesse.slim.SlimServer.serve(SlimServer.java:49) [fitnesse-20160515-standalone.jar]
	at fitnesse.slim.SlimService.handle(SlimService.java:154) [fitnesse-20160515-standalone.jar]
	at fitnesse.slim.SlimService.acceptOne(SlimService.java:162) [fitnesse-20160515-standalone.jar]
	at fitnesse.slim.SlimService.accept(SlimService.java:124) [fitnesse-20160515-standalone.jar]
	at fitnesse.slim.SlimService.startWithFactory(SlimService.java:76) [fitnesse-20160515-standalone.jar]
	at fitnesse.slim.SlimService.main(SlimService.java:56) [fitnesse-20160515-standalone.jar]&lt;/pre&gt;&lt;/td&gt;&lt;/tr&gt;
	&lt;tr class="exception closed"&gt;
		&lt;td class="error"&gt;populate field&lt;/td&gt;
		&lt;td class="error"&gt;Set Instructions&lt;/td&gt;
		&lt;td class="error"&gt;in section&lt;/td&gt;
		&lt;td class="error"&gt;Clinical Self-Eval Narrative&lt;/td&gt;
		&lt;td class="error"&gt;with&lt;/td&gt;
		&lt;td colspan="3" class="error"&gt;Clinical Self-Eval Narrative&lt;/td&gt;
	&lt;/tr&gt;&lt;tr class="exception-detail closed-detail"&gt;&lt;td colspan="8"&gt;&lt;pre&gt;__EXCEPTION__:org.openqa.selenium.NoSuchElementException: no such element: Unable to locate element: {"method":"xpath","selector":"//div/h2[descendant-or-self::*[contains(translate(text(),'ABCDEFGHIJKLMNOPQRSTUVWXYZ','abcdefghijklmnopqrstuvwxyz'),'clinical self-eval narrative')]]/parent::div//div[contains(@class, 'FieldLayout---field_layout') and descendant::*[(self::span or self::label) and contains(@class,'FieldLayout---field_label') and contains(translate(text(),'ABCDEFGHIJKLMNOPQRSTUVWXYZ','abcdefghijklmnopqrstuvwxyz'),'set instructions')]]"}
  (Session info: chrome=61.0.3163.100)
  (Driver info: chromedriver=2.31.488763 (092de99f48a300323ecf8c2a4e2e7cab51de5ba8),platform=Windows NT 10.0.14393 x86_64) (WARNING: The server did not provide any stacktrace information)
Command duration or timeout: 17 milliseconds
For documentation on this error, please visit: http://seleniumhq.org/exceptions/no_such_element.html
Build info: version: '3.4.0', revision: 'unknown', time: 'unknown'
System info: host: 'FITNESSE', ip: '10.119.38.100', os.name: 'Windows Server 2016', os.arch: 'x86', os.version: '10.0', java.version: '1.8.0_144'
Driver info: org.openqa.selenium.chrome.ChromeDriver
Capabilities [{applicationCacheEnabled=false, rotatable=false, mobileEmulationEnabled=false, networkConnectionEnabled=false, chrome={chromedriverVersion=2.31.488763 (092de99f48a300323ecf8c2a4e2e7cab51de5ba8), userDataDir=C:\Users\SULOCH~1\AppData\Local\Temp\3\scoped_dir7284_11681}, takesHeapSnapshot=true, pageLoadStrategy=normal, databaseEnabled=false, handlesAlerts=true, hasTouchScreen=false, version=61.0.3163.100, platform=XP, browserConnectionEnabled=false, nativeEvents=true, acceptSslCerts=true, locationContextEnabled=true, webStorageEnabled=true, browserName=chrome, takesScreenshot=true, javascriptEnabled=true, cssSelectorsEnabled=true, setWindowRect=true, unexpectedAlertBehaviour=}]
Session ID: de2a7e59176bf4936b9d612ed201d8df
*** Element info: {Using=xpath, value=//div/h2[descendant-or-self::*[contains(translate(text(),'ABCDEFGHIJKLMNOPQRSTUVWXYZ','abcdefghijklmnopqrstuvwxyz'),'clinical self-eval narrative')]]/parent::div//div[contains(@class, 'FieldLayout---field_layout') and descendant::*[(self::span or self::label) and contains(@class,'FieldLayout---field_label') and contains(translate(text(),'ABCDEFGHIJKLMNOPQRSTUVWXYZ','abcdefghijklmnopqrstuvwxyz'),'set instructions')]]}
	at sun.reflect.GeneratedConstructorAccessor11.newInstance(Unknown Source) [n/a]
	at sun.reflect.DelegatingConstructorAccessorImpl.newInstance(Unknown Source) [rt.jar:1.8.0_144]
	at java.lang.reflect.Constructor.newInstance(Unknown Source) [rt.jar:1.8.0_144]
	at org.openqa.selenium.remote.ErrorHandler.createThrowable(ErrorHandler.java:215) [selenium-remote-driver-3.4.0.jar]
	at org.openqa.selenium.remote.ErrorHandler.throwIfResponseFailed(ErrorHandler.java:167) [selenium-remote-driver-3.4.0.jar]
	at org.openqa.selenium.remote.RemoteWebDriver.execute(RemoteWebDriver.java:671) [selenium-remote-driver-3.4.0.jar]
	at org.openqa.selenium.remote.RemoteWebDriver.findElement(RemoteWebDriver.java:410) [selenium-remote-driver-3.4.0.jar]
	at org.openqa.selenium.remote.RemoteWebDriver.findElementByXPath(RemoteWebDriver.java:509) [selenium-remote-driver-3.4.0.jar]
	at org.openqa.selenium.By$ByXPath.findElement(By.java:361) [selenium-api-3.4.0.jar]
	at org.openqa.selenium.remote.RemoteWebDriver.findElement(RemoteWebDriver.java:402) [selenium-remote-driver-3.4.0.jar]
	at com.appiancorp.ps.automatedtest.tempo.interfaces.TempoSectionField.getWebElement(TempoSectionField.java:41) [fitnesse-for-appian-17.3.jar]
	at com.appiancorp.ps.automatedtest.tempo.interfaces.TempoSectionField.populate(TempoSectionField.java:75) [fitnesse-for-appian-17.3.jar]
	at com.appiancorp.ps.automatedtest.tempo.interfaces.TempoSectionField.populateMultiple(TempoSectionField.java:65) [fitnesse-for-appian-17.3.jar]
	at com.appiancorp.ps.automatedtest.fixture.TempoFixture.populateFieldInSectionWith(TempoFixture.java:836) [fitnesse-for-appian-17.3.jar]
	at sun.reflect.NativeMethodAccessorImpl.invoke0(Native Method) [rt.jar:1.8.0_144]
	at sun.reflect.NativeMethodAccessorImpl.invoke(Unknown Source) [rt.jar:1.8.0_144]
	at sun.reflect.DelegatingMethodAccessorImpl.invoke(Unknown Source) [rt.jar:1.8.0_144]
	at java.lang.reflect.Method.invoke(Unknown Source) [rt.jar:1.8.0_144]
	at fitnesse.slim.fixtureInteraction.DefaultInteraction.methodInvoke(DefaultInteraction.java:81) [fitnesse-20160515-standalone.jar]
	at fitnesse.slim.MethodExecutor.callMethod(MethodExecutor.java:57) [fitnesse-20160515-standalone.jar]
	at fitnesse.slim.MethodExecutor.invokeMethod(MethodExecutor.java:38) [fitnesse-20160515-standalone.jar]
	at fitnesse.slim.MethodExecutor.findAndInvoke(MethodExecutor.java:72) [fitnesse-20160515-standalone.jar]
	at fitnesse.slim.FixtureMethodExecutor.execute(FixtureMethodExecutor.java:20) [fitnesse-20160515-standalone.jar]
	at fitnesse.slim.StatementExecutor.getMethodExecutionResult(StatementExecutor.java:135) [fitnesse-20160515-standalone.jar]
	at fitnesse.slim.StatementExecutor.call(StatementExecutor.java:108) [fitnesse-20160515-standalone.jar]
	at fitnesse.slim.instructions.CallInstruction.executeInternal(CallInstruction.java:35) [fitnesse-20160515-standalone.jar]
	at fitnesse.slim.instructions.Instruction.execute(Instruction.java:29) [fitnesse-20160515-standalone.jar]
	at fitnesse.slim.ListExecutor$Executive.executeStatement(ListExecutor.java:49) [fitnesse-20160515-standalone.jar]
	at fitnesse.slim.ListExecutor$Executive.executeStatements(ListExecutor.java:43) [fitnesse-20160515-standalone.jar]
	at fitnesse.slim.ListExecutor.execute(ListExecutor.java:85) [fitnesse-20160515-standalone.jar]
	at fitnesse.slim.SlimServer.executeInstructions(SlimServer.java:84) [fitnesse-20160515-standalone.jar]
	at fitnesse.slim.SlimServer.processOneSetOfInstructions(SlimServer.java:77) [fitnesse-20160515-standalone.jar]
	at fitnesse.slim.SlimServer.tryProcessInstructions(SlimServer.java:64) [fitnesse-20160515-standalone.jar]
	at fitnesse.slim.SlimServer.serve(SlimServer.java:49) [fitnesse-20160515-standalone.jar]
	at fitnesse.slim.SlimService.handle(SlimService.java:154) [fitnesse-20160515-standalone.jar]
	at fitnesse.slim.SlimService.acceptOne(SlimService.java:162) [fitnesse-20160515-standalone.jar]
	at fitnesse.slim.SlimService.accept(SlimService.java:124) [fitnesse-20160515-standalone.jar]
	at fitnesse.slim.SlimService.startWithFactory(SlimService.java:76) [fitnesse-20160515-standalone.jar]
	at fitnesse.slim.SlimService.main(SlimService.java:56) [fitnesse-20160515-standalone.jar]&lt;/pre&gt;&lt;/td&gt;&lt;/tr&gt;
	&lt;tr class="exception closed"&gt;
		&lt;td class="error"&gt;populate field&lt;/td&gt;
		&lt;td class="error"&gt;Set Instructions&lt;/td&gt;
		&lt;td class="error"&gt;in section&lt;/td&gt;
		&lt;td class="error"&gt;Research Self-Eval Narrative&lt;/td&gt;
		&lt;td class="error"&gt;with&lt;/td&gt;
		&lt;td colspan="3" class="error"&gt;Research Self-Eval Narrative&lt;/td&gt;
	&lt;/tr&gt;&lt;tr class="exception-detail closed-detail"&gt;&lt;td colspan="8"&gt;&lt;pre&gt;__EXCEPTION__:org.openqa.selenium.NoSuchElementException: no such element: Unable to locate element: {"method":"xpath","selector":"//div/h2[descendant-or-self::*[contains(translate(text(),'ABCDEFGHIJKLMNOPQRSTUVWXYZ','abcdefghijklmnopqrstuvwxyz'),'research self-eval narrative')]]/parent::div//div[contains(@class, 'FieldLayout---field_layout') and descendant::*[(self::span or self::label) and contains(@class,'FieldLayout---field_label') and contains(translate(text(),'ABCDEFGHIJKLMNOPQRSTUVWXYZ','abcdefghijklmnopqrstuvwxyz'),'set instructions')]]"}
  (Session info: chrome=61.0.3163.100)
  (Driver info: chromedriver=2.31.488763 (092de99f48a300323ecf8c2a4e2e7cab51de5ba8),platform=Windows NT 10.0.14393 x86_64) (WARNING: The server did not provide any stacktrace information)
Command duration or timeout: 16 milliseconds
For documentation on this error, please visit: http://seleniumhq.org/exceptions/no_such_element.html
Build info: version: '3.4.0', revision: 'unknown', time: 'unknown'
System info: host: 'FITNESSE', ip: '10.119.38.100', os.name: 'Windows Server 2016', os.arch: 'x86', os.version: '10.0', java.version: '1.8.0_144'
Driver info: org.openqa.selenium.chrome.ChromeDriver
Capabilities [{applicationCacheEnabled=false, rotatable=false, mobileEmulationEnabled=false, networkConnectionEnabled=false, chrome={chromedriverVersion=2.31.488763 (092de99f48a300323ecf8c2a4e2e7cab51de5ba8), userDataDir=C:\Users\SULOCH~1\AppData\Local\Temp\3\scoped_dir7284_11681}, takesHeapSnapshot=true, pageLoadStrategy=normal, databaseEnabled=false, handlesAlerts=true, hasTouchScreen=false, version=61.0.3163.100, platform=XP, browserConnectionEnabled=false, nativeEvents=true, acceptSslCerts=true, locationContextEnabled=true, webStorageEnabled=true, browserName=chrome, takesScreenshot=true, javascriptEnabled=true, cssSelectorsEnabled=true, setWindowRect=true, unexpectedAlertBehaviour=}]
Session ID: de2a7e59176bf4936b9d612ed201d8df
*** Element info: {Using=xpath, value=//div/h2[descendant-or-self::*[contains(translate(text(),'ABCDEFGHIJKLMNOPQRSTUVWXYZ','abcdefghijklmnopqrstuvwxyz'),'research self-eval narrative')]]/parent::div//div[contains(@class, 'FieldLayout---field_layout') and descendant::*[(self::span or self::label) and contains(@class,'FieldLayout---field_label') and contains(translate(text(),'ABCDEFGHIJKLMNOPQRSTUVWXYZ','abcdefghijklmnopqrstuvwxyz'),'set instructions')]]}
	at sun.reflect.GeneratedConstructorAccessor11.newInstance(Unknown Source) [n/a]
	at sun.reflect.DelegatingConstructorAccessorImpl.newInstance(Unknown Source) [rt.jar:1.8.0_144]
	at java.lang.reflect.Constructor.newInstance(Unknown Source) [rt.jar:1.8.0_144]
	at org.openqa.selenium.remote.ErrorHandler.createThrowable(ErrorHandler.java:215) [selenium-remote-driver-3.4.0.jar]
	at org.openqa.selenium.remote.ErrorHandler.throwIfResponseFailed(ErrorHandler.java:167) [selenium-remote-driver-3.4.0.jar]
	at org.openqa.selenium.remote.RemoteWebDriver.execute(RemoteWebDriver.java:671) [selenium-remote-driver-3.4.0.jar]
	at org.openqa.selenium.remote.RemoteWebDriver.findElement(RemoteWebDriver.java:410) [selenium-remote-driver-3.4.0.jar]
	at org.openqa.selenium.remote.RemoteWebDriver.findElementByXPath(RemoteWebDriver.java:509) [selenium-remote-driver-3.4.0.jar]
	at org.openqa.selenium.By$ByXPath.findElement(By.java:361) [selenium-api-3.4.0.jar]
	at org.openqa.selenium.remote.RemoteWebDriver.findElement(RemoteWebDriver.java:402) [selenium-remote-driver-3.4.0.jar]
	at com.appiancorp.ps.automatedtest.tempo.interfaces.TempoSectionField.getWebElement(TempoSectionField.java:41) [fitnesse-for-appian-17.3.jar]
	at com.appiancorp.ps.automatedtest.tempo.interfaces.TempoSectionField.populate(TempoSectionField.java:75) [fitnesse-for-appian-17.3.jar]
	at com.appiancorp.ps.automatedtest.tempo.interfaces.TempoSectionField.populateMultiple(TempoSectionField.java:65) [fitnesse-for-appian-17.3.jar]
	at com.appiancorp.ps.automatedtest.fixture.TempoFixture.populateFieldInSectionWith(TempoFixture.java:836) [fitnesse-for-appian-17.3.jar]
	at sun.reflect.NativeMethodAccessorImpl.invoke0(Native Method) [rt.jar:1.8.0_144]
	at sun.reflect.NativeMethodAccessorImpl.invoke(Unknown Source) [rt.jar:1.8.0_144]
	at sun.reflect.DelegatingMethodAccessorImpl.invoke(Unknown Source) [rt.jar:1.8.0_144]
	at java.lang.reflect.Method.invoke(Unknown Source) [rt.jar:1.8.0_144]
	at fitnesse.slim.fixtureInteraction.DefaultInteraction.methodInvoke(DefaultInteraction.java:81) [fitnesse-20160515-standalone.jar]
	at fitnesse.slim.MethodExecutor.callMethod(MethodExecutor.java:57) [fitnesse-20160515-standalone.jar]
	at fitnesse.slim.MethodExecutor.invokeMethod(MethodExecutor.java:38) [fitnesse-20160515-standalone.jar]
	at fitnesse.slim.MethodExecutor.findAndInvoke(MethodExecutor.java:72) [fitnesse-20160515-standalone.jar]
	at fitnesse.slim.FixtureMethodExecutor.execute(FixtureMethodExecutor.java:20) [fitnesse-20160515-standalone.jar]
	at fitnesse.slim.StatementExecutor.getMethodExecutionResult(StatementExecutor.java:135) [fitnesse-20160515-standalone.jar]
	at fitnesse.slim.StatementExecutor.call(StatementExecutor.java:108) [fitnesse-20160515-standalone.jar]
	at fitnesse.slim.instructions.CallInstruction.executeInternal(CallInstruction.java:35) [fitnesse-20160515-standalone.jar]
	at fitnesse.slim.instructions.Instruction.execute(Instruction.java:29) [fitnesse-20160515-standalone.jar]
	at fitnesse.slim.ListExecutor$Executive.executeStatement(ListExecutor.java:49) [fitnesse-20160515-standalone.jar]
	at fitnesse.slim.ListExecutor$Executive.executeStatements(ListExecutor.java:43) [fitnesse-20160515-standalone.jar]
	at fitnesse.slim.ListExecutor.execute(ListExecutor.java:85) [fitnesse-20160515-standalone.jar]
	at fitnesse.slim.SlimServer.executeInstructions(SlimServer.java:84) [fitnesse-20160515-standalone.jar]
	at fitnesse.slim.SlimServer.processOneSetOfInstructions(SlimServer.java:77) [fitnesse-20160515-standalone.jar]
	at fitnesse.slim.SlimServer.tryProcessInstructions(SlimServer.java:64) [fitnesse-20160515-standalone.jar]
	at fitnesse.slim.SlimServer.serve(SlimServer.java:49) [fitnesse-20160515-standalone.jar]
	at fitnesse.slim.SlimService.handle(SlimService.java:154) [fitnesse-20160515-standalone.jar]
	at fitnesse.slim.SlimService.acceptOne(SlimService.java:162) [fitnesse-20160515-standalone.jar]
	at fitnesse.slim.SlimService.accept(SlimService.java:124) [fitnesse-20160515-standalone.jar]
	at fitnesse.slim.SlimService.startWithFactory(SlimService.java:76) [fitnesse-20160515-standalone.jar]
	at fitnesse.slim.SlimService.main(SlimService.java:56) [fitnesse-20160515-standalone.jar]&lt;/pre&gt;&lt;/td&gt;&lt;/tr&gt;
	&lt;tr class="exception closed"&gt;
		&lt;td class="error"&gt;populate field&lt;/td&gt;
		&lt;td class="error"&gt;Set Instructions&lt;/td&gt;
		&lt;td class="error"&gt;in section&lt;/td&gt;
		&lt;td class="error"&gt;Other Self-Eval Narrative&lt;/td&gt;
		&lt;td class="error"&gt;with&lt;/td&gt;
		&lt;td colspan="3" class="error"&gt;Other Self-Eval Narrative&lt;/td&gt;
	&lt;/tr&gt;&lt;tr class="exception-detail closed-detail"&gt;&lt;td colspan="8"&gt;&lt;pre&gt;__EXCEPTION__:org.openqa.selenium.NoSuchElementException: no such element: Unable to locate element: {"method":"xpath","selector":"//div/h2[descendant-or-self::*[contains(translate(text(),'ABCDEFGHIJKLMNOPQRSTUVWXYZ','abcdefghijklmnopqrstuvwxyz'),'other self-eval narrative')]]/parent::div//div[contains(@class, 'FieldLayout---field_layout') and descendant::*[(self::span or self::label) and contains(@class,'FieldLayout---field_label') and contains(translate(text(),'ABCDEFGHIJKLMNOPQRSTUVWXYZ','abcdefghijklmnopqrstuvwxyz'),'set instructions')]]"}
  (Session info: chrome=61.0.3163.100)
  (Driver info: chromedriver=2.31.488763 (092de99f48a300323ecf8c2a4e2e7cab51de5ba8),platform=Windows NT 10.0.14393 x86_64) (WARNING: The server did not provide any stacktrace information)
Command duration or timeout: 19 milliseconds
For documentation on this error, please visit: http://seleniumhq.org/exceptions/no_such_element.html
Build info: version: '3.4.0', revision: 'unknown', time: 'unknown'
System info: host: 'FITNESSE', ip: '10.119.38.100', os.name: 'Windows Server 2016', os.arch: 'x86', os.version: '10.0', java.version: '1.8.0_144'
Driver info: org.openqa.selenium.chrome.ChromeDriver
Capabilities [{applicationCacheEnabled=false, rotatable=false, mobileEmulationEnabled=false, networkConnectionEnabled=false, chrome={chromedriverVersion=2.31.488763 (092de99f48a300323ecf8c2a4e2e7cab51de5ba8), userDataDir=C:\Users\SULOCH~1\AppData\Local\Temp\3\scoped_dir7284_11681}, takesHeapSnapshot=true, pageLoadStrategy=normal, databaseEnabled=false, handlesAlerts=true, hasTouchScreen=false, version=61.0.3163.100, platform=XP, browserConnectionEnabled=false, nativeEvents=true, acceptSslCerts=true, locationContextEnabled=true, webStorageEnabled=true, browserName=chrome, takesScreenshot=true, javascriptEnabled=true, cssSelectorsEnabled=true, setWindowRect=true, unexpectedAlertBehaviour=}]
Session ID: de2a7e59176bf4936b9d612ed201d8df
*** Element info: {Using=xpath, value=//div/h2[descendant-or-self::*[contains(translate(text(),'ABCDEFGHIJKLMNOPQRSTUVWXYZ','abcdefghijklmnopqrstuvwxyz'),'other self-eval narrative')]]/parent::div//div[contains(@class, 'FieldLayout---field_layout') and descendant::*[(self::span or self::label) and contains(@class,'FieldLayout---field_label') and contains(translate(text(),'ABCDEFGHIJKLMNOPQRSTUVWXYZ','abcdefghijklmnopqrstuvwxyz'),'set instructions')]]}
	at sun.reflect.GeneratedConstructorAccessor11.newInstance(Unknown Source) [n/a]
	at sun.reflect.DelegatingConstructorAccessorImpl.newInstance(Unknown Source) [rt.jar:1.8.0_144]
	at java.lang.reflect.Constructor.newInstance(Unknown Source) [rt.jar:1.8.0_144]
	at org.openqa.selenium.remote.ErrorHandler.createThrowable(ErrorHandler.java:215) [selenium-remote-driver-3.4.0.jar]
	at org.openqa.selenium.remote.ErrorHandler.throwIfResponseFailed(ErrorHandler.java:167) [selenium-remote-driver-3.4.0.jar]
	at org.openqa.selenium.remote.RemoteWebDriver.execute(RemoteWebDriver.java:671) [selenium-remote-driver-3.4.0.jar]
	at org.openqa.selenium.remote.RemoteWebDriver.findElement(RemoteWebDriver.java:410) [selenium-remote-driver-3.4.0.jar]
	at org.openqa.selenium.remote.RemoteWebDriver.findElementByXPath(RemoteWebDriver.java:509) [selenium-remote-driver-3.4.0.jar]
	at org.openqa.selenium.By$ByXPath.findElement(By.java:361) [selenium-api-3.4.0.jar]
	at org.openqa.selenium.remote.RemoteWebDriver.findElement(RemoteWebDriver.java:402) [selenium-remote-driver-3.4.0.jar]
	at com.appiancorp.ps.automatedtest.tempo.interfaces.TempoSectionField.getWebElement(TempoSectionField.java:41) [fitnesse-for-appian-17.3.jar]
	at com.appiancorp.ps.automatedtest.tempo.interfaces.TempoSectionField.populate(TempoSectionField.java:75) [fitnesse-for-appian-17.3.jar]
	at com.appiancorp.ps.automatedtest.tempo.interfaces.TempoSectionField.populateMultiple(TempoSectionField.java:65) [fitnesse-for-appian-17.3.jar]
	at com.appiancorp.ps.automatedtest.fixture.TempoFixture.populateFieldInSectionWith(TempoFixture.java:836) [fitnesse-for-appian-17.3.jar]
	at sun.reflect.NativeMethodAccessorImpl.invoke0(Native Method) [rt.jar:1.8.0_144]
	at sun.reflect.NativeMethodAccessorImpl.invoke(Unknown Source) [rt.jar:1.8.0_144]
	at sun.reflect.DelegatingMethodAccessorImpl.invoke(Unknown Source) [rt.jar:1.8.0_144]
	at java.lang.reflect.Method.invoke(Unknown Source) [rt.jar:1.8.0_144]
	at fitnesse.slim.fixtureInteraction.DefaultInteraction.methodInvoke(DefaultInteraction.java:81) [fitnesse-20160515-standalone.jar]
	at fitnesse.slim.MethodExecutor.callMethod(MethodExecutor.java:57) [fitnesse-20160515-standalone.jar]
	at fitnesse.slim.MethodExecutor.invokeMethod(MethodExecutor.java:38) [fitnesse-20160515-standalone.jar]
	at fitnesse.slim.MethodExecutor.findAndInvoke(MethodExecutor.java:72) [fitnesse-20160515-standalone.jar]
	at fitnesse.slim.FixtureMethodExecutor.execute(FixtureMethodExecutor.java:20) [fitnesse-20160515-standalone.jar]
	at fitnesse.slim.StatementExecutor.getMethodExecutionResult(StatementExecutor.java:135) [fitnesse-20160515-standalone.jar]
	at fitnesse.slim.StatementExecutor.call(StatementExecutor.java:108) [fitnesse-20160515-standalone.jar]
	at fitnesse.slim.instructions.CallInstruction.executeInternal(CallInstruction.java:35) [fitnesse-20160515-standalone.jar]
	at fitnesse.slim.instructions.Instruction.execute(Instruction.java:29) [fitnesse-20160515-standalone.jar]
	at fitnesse.slim.ListExecutor$Executive.executeStatement(ListExecutor.java:49) [fitnesse-20160515-standalone.jar]
	at fitnesse.slim.ListExecutor$Executive.executeStatements(ListExecutor.java:43) [fitnesse-20160515-standalone.jar]
	at fitnesse.slim.ListExecutor.execute(ListExecutor.java:85) [fitnesse-20160515-standalone.jar]
	at fitnesse.slim.SlimServer.executeInstructions(SlimServer.java:84) [fitnesse-20160515-standalone.jar]
	at fitnesse.slim.SlimServer.processOneSetOfInstructions(SlimServer.java:77) [fitnesse-20160515-standalone.jar]
	at fitnesse.slim.SlimServer.tryProcessInstructions(SlimServer.java:64) [fitnesse-20160515-standalone.jar]
	at fitnesse.slim.SlimServer.serve(SlimServer.java:49) [fitnesse-20160515-standalone.jar]
	at fitnesse.slim.SlimService.handle(SlimService.java:154) [fitnesse-20160515-standalone.jar]
	at fitnesse.slim.SlimService.acceptOne(SlimService.java:162) [fitnesse-20160515-standalone.jar]
	at fitnesse.slim.SlimService.accept(SlimService.java:124) [fitnesse-20160515-standalone.jar]
	at fitnesse.slim.SlimService.startWithFactory(SlimService.java:76) [fitnesse-20160515-standalone.jar]
	at fitnesse.slim.SlimService.main(SlimService.java:56) [fitnesse-20160515-standalone.jar]&lt;/pre&gt;&lt;/td&gt;&lt;/tr&gt;
	&lt;tr class="slimRowColor1"&gt;
		&lt;td&gt;click on button&lt;/td&gt;
		&lt;td colspan="7"&gt;KICK OFF EVALUATIONS&lt;/td&gt;
	&lt;/tr&gt;
	&lt;tr class="slimRowColor1"&gt;
		&lt;td&gt;click on button&lt;/td&gt;
		&lt;td colspan="7"&gt;YES, KICKOFF EVALUATIONS&lt;/td&gt;
	&lt;/tr&gt;
&lt;/table&gt;
&lt;br/&gt;&lt;br/&gt;&lt;div class="collapsible"&gt;&lt;ul&gt;&lt;li&gt;&lt;a href='#' class='expandall'&gt;Expand&lt;/a&gt;&lt;/li&gt;&lt;li&gt;&lt;a href='#' class='collapseall'&gt;Collapse&lt;/a&gt;&lt;/li&gt;&lt;/ul&gt;
	&lt;p class="title"&gt;Log out and tear down&lt;/p&gt;
	&lt;div&gt;&lt;table&gt;
	&lt;tr class="slimRowTitle"&gt;
		&lt;td&gt;script&lt;/td&gt;
	&lt;/tr&gt;
	&lt;tr class="slimRowColor6"&gt;
		&lt;td&gt;logout&lt;/td&gt;
	&lt;/tr&gt;
	&lt;tr class="slimRowColor0"&gt;
		&lt;td&gt;tear down&lt;/td&gt;
	&lt;/tr&gt;
&lt;/table&gt;
&lt;/div&gt;
&lt;/div&gt;
</content>
    <relativePageName>2_DepartmentChair_Set_Preferences</relativePageName>
            <instructions>
            <instructionResult>
        <instruction>{id='scriptTable_2_0', instruction='make', instanceName='scriptTableActor', className='com.appiancorp.ps.automatedtest.fixture.TempoFixture', args=[]}</instruction>
        <slimResult>pass(com.appiancorp.ps.automatedtest.fixture.TempoFixture)</slimResult>
                <expectation>
                    <status>pass</status>
                    <instructionId>scriptTable_2_0</instructionId>
                    <col>1</col>
                              <row>0</row>
                    <type>ConstructionExpectation</type>
                                        <evaluationMessage>com.appiancorp.ps.automatedtest.fixture.TempoFixture</evaluationMessage>
                  </expectation>
              </instructionResult>
            <instructionResult>
        <instruction>{id='scriptTable_2_1', instruction='call', instanceName='scriptTableActor', methodName='setAppianUrlTo', args=[https://usftest.appiancloud.com/suite/portal/login.jsp]}</instruction>
        <slimResult></slimResult>
                <expectation>
                    <instructionId>scriptTable_2_1</instructionId>
                    <col>0</col>
                              <row>1</row>
                    <type>ScriptActionExpectation</type>
                                      </expectation>
              </instructionResult>
            <instructionResult>
        <instruction>{id='scriptTable_2_2', instruction='call', instanceName='scriptTableActor', methodName='setAppianVersionTo', args=[17.3]}</instruction>
        <slimResult></slimResult>
                <expectation>
                    <instructionId>scriptTable_2_2</instructionId>
                    <col>0</col>
                              <row>2</row>
                    <type>ScriptActionExpectation</type>
                                      </expectation>
              </instructionResult>
            <instructionResult>
        <instruction>{id='scriptTable_2_3', instruction='call', instanceName='scriptTableActor', methodName='setAppianLocaleTo', args=[en_US or en_GB]}</instruction>
        <slimResult></slimResult>
                <expectation>
                    <instructionId>scriptTable_2_3</instructionId>
                    <col>0</col>
                              <row>3</row>
                    <type>ScriptActionExpectation</type>
                                      </expectation>
              </instructionResult>
            <instructionResult>
        <instruction>{id='scriptTable_3_0', instruction='call', instanceName='scriptTableActor', methodName='setupWithBrowser', args=[CHROME]}</instruction>
        <slimResult></slimResult>
                <expectation>
                    <instructionId>scriptTable_3_0</instructionId>
                    <col>0</col>
                              <row>1</row>
                    <type>ScriptActionExpectation</type>
                                      </expectation>
              </instructionResult>
            <instructionResult>
        <instruction>{id='scriptTable_3_1', instruction='call', instanceName='scriptTableActor', methodName='loginWithUsernameAndPassword', args=[U70919926, asdf1234.]}</instruction>
        <slimResult></slimResult>
                <expectation>
                    <instructionId>scriptTable_3_1</instructionId>
                    <col>0</col>
                              <row>2</row>
                    <type>ScriptActionExpectation</type>
                                      </expectation>
              </instructionResult>
            <instructionResult>
        <instruction>{id='scriptTable_3_2', instruction='call', instanceName='scriptTableActor', methodName='clickOnMenu', args=[Tasks]}</instruction>
        <slimResult></slimResult>
                <expectation>
                    <instructionId>scriptTable_3_2</instructionId>
                    <col>0</col>
                              <row>3</row>
                    <type>ScriptActionExpectation</type>
                                      </expectation>
              </instructionResult>
            <instructionResult>
        <instruction>{id='scriptTable_3_3', instruction='call', instanceName='scriptTableActor', methodName='clickOnLink', args=[Set Evaluation Instructions - Department of Global Health (0-6408-000)]}</instruction>
        <slimResult></slimResult>
                <expectation>
                    <instructionId>scriptTable_3_3</instructionId>
                    <col>0</col>
                              <row>4</row>
                    <type>ScriptActionExpectation</type>
                                      </expectation>
              </instructionResult>
            <instructionResult>
        <instruction>{id='scriptTable_3_4', instruction='call', instanceName='scriptTableActor', methodName='clickOnButton', args=[ACCEPT]}</instruction>
        <slimResult></slimResult>
                <expectation>
                    <instructionId>scriptTable_3_4</instructionId>
                    <col>0</col>
                              <row>5</row>
                    <type>ScriptActionExpectation</type>
                                      </expectation>
              </instructionResult>
            <instructionResult>
        <instruction>{id='scriptTable_3_5', instruction='call', instanceName='scriptTableActor', methodName='populateGridColumnRowWith', args=[[1], [2], [1], +1 days]}</instruction>
        <slimResult></slimResult>
                <expectation>
                    <instructionId>scriptTable_3_5</instructionId>
                    <col>0</col>
                              <row>6</row>
                    <type>ScriptActionExpectation</type>
                                      </expectation>
              </instructionResult>
            <instructionResult>
        <instruction>{id='scriptTable_3_6', instruction='call', instanceName='scriptTableActor', methodName='populateGridColumnRowWith', args=[[1], [2], [2], +2 days]}</instruction>
        <slimResult></slimResult>
                <expectation>
                    <instructionId>scriptTable_3_6</instructionId>
                    <col>0</col>
                              <row>7</row>
                    <type>ScriptActionExpectation</type>
                                      </expectation>
              </instructionResult>
            <instructionResult>
        <instruction>{id='scriptTable_3_7', instruction='call', instanceName='scriptTableActor', methodName='populateGridColumnRowWith', args=[[1], [2], [3], +3 days]}</instruction>
        <slimResult></slimResult>
                <expectation>
                    <instructionId>scriptTable_3_7</instructionId>
                    <col>0</col>
                              <row>8</row>
                    <type>ScriptActionExpectation</type>
                                      </expectation>
              </instructionResult>
            <instructionResult>
        <instruction>{id='scriptTable_3_8', instruction='call', instanceName='scriptTableActor', methodName='clickOnRadioOption', args=[[1]]}</instruction>
        <slimResult></slimResult>
                <expectation>
                    <instructionId>scriptTable_3_8</instructionId>
                    <col>0</col>
                              <row>9</row>
                    <type>ScriptActionExpectation</type>
                                      </expectation>
              </instructionResult>
            <instructionResult>
        <instruction>{id='scriptTable_3_9', instruction='call', instanceName='scriptTableActor', methodName='populateFieldWith', args=[Department Guidelines, https://www.google.com]}</instruction>
        <slimResult></slimResult>
                <expectation>
                    <instructionId>scriptTable_3_9</instructionId>
                    <col>0</col>
                              <row>10</row>
                    <type>ScriptActionExpectation</type>
                                      </expectation>
              </instructionResult>
            <instructionResult>
        <instruction>{id='scriptTable_3_10', instruction='call', instanceName='scriptTableActor', methodName='populateFieldInSectionWith', args=[Set Instructions, Teaching Self-Eval Narrative, Teaching Self-Eval Narrative]}</instruction>
        <slimResult></slimResult>
                <expectation>
                    <status>error</status>
                    <instructionId>scriptTable_3_10</instructionId>
                              <type>ScriptActionExpectation</type>
                                      </expectation>
              </instructionResult>
            <instructionResult>
        <instruction>{id='scriptTable_3_11', instruction='call', instanceName='scriptTableActor', methodName='populateFieldInSectionWith', args=[Set Instructions, Administrative Self-Eval Narrative, Administrative Self-Eval Narrative]}</instruction>
        <slimResult></slimResult>
                <expectation>
                    <status>error</status>
                    <instructionId>scriptTable_3_11</instructionId>
                              <type>ScriptActionExpectation</type>
                                      </expectation>
              </instructionResult>
            <instructionResult>
        <instruction>{id='scriptTable_3_12', instruction='call', instanceName='scriptTableActor', methodName='populateFieldInSectionWith', args=[Set Instructions, Service Self-Eval Narrative, Service Self-Eval Narrative]}</instruction>
        <slimResult></slimResult>
                <expectation>
                    <status>error</status>
                    <instructionId>scriptTable_3_12</instructionId>
                              <type>ScriptActionExpectation</type>
                                      </expectation>
              </instructionResult>
            <instructionResult>
        <instruction>{id='scriptTable_3_13', instruction='call', instanceName='scriptTableActor', methodName='populateFieldInSectionWith', args=[Set Instructions, Clinical Self-Eval Narrative, Clinical Self-Eval Narrative]}</instruction>
        <slimResult></slimResult>
                <expectation>
                    <status>error</status>
                    <instructionId>scriptTable_3_13</instructionId>
                              <type>ScriptActionExpectation</type>
                                      </expectation>
              </instructionResult>
            <instructionResult>
        <instruction>{id='scriptTable_3_14', instruction='call', instanceName='scriptTableActor', methodName='populateFieldInSectionWith', args=[Set Instructions, Research Self-Eval Narrative, Research Self-Eval Narrative]}</instruction>
        <slimResult></slimResult>
                <expectation>
                    <status>error</status>
                    <instructionId>scriptTable_3_14</instructionId>
                              <type>ScriptActionExpectation</type>
                                      </expectation>
              </instructionResult>
            <instructionResult>
        <instruction>{id='scriptTable_3_15', instruction='call', instanceName='scriptTableActor', methodName='populateFieldInSectionWith', args=[Set Instructions, Other Self-Eval Narrative, Other Self-Eval Narrative]}</instruction>
        <slimResult></slimResult>
                <expectation>
                    <status>error</status>
                    <instructionId>scriptTable_3_15</instructionId>
                              <type>ScriptActionExpectation</type>
                                      </expectation>
              </instructionResult>
            <instructionResult>
        <instruction>{id='scriptTable_3_16', instruction='call', instanceName='scriptTableActor', methodName='clickOnButton', args=[KICK OFF EVALUATIONS]}</instruction>
        <slimResult></slimResult>
                <expectation>
                    <instructionId>scriptTable_3_16</instructionId>
                    <col>0</col>
                              <row>17</row>
                    <type>ScriptActionExpectation</type>
                                      </expectation>
              </instructionResult>
            <instructionResult>
        <instruction>{id='scriptTable_3_17', instruction='call', instanceName='scriptTableActor', methodName='clickOnButton', args=[YES, KICKOFF EVALUATIONS]}</instruction>
        <slimResult></slimResult>
                <expectation>
                    <instructionId>scriptTable_3_17</instructionId>
                    <col>0</col>
                              <row>18</row>
                    <type>ScriptActionExpectation</type>
                                      </expectation>
              </instructionResult>
            <instructionResult>
        <instruction>{id='scriptTable_4_0', instruction='call', instanceName='scriptTableActor', methodName='logout', args=[]}</instruction>
        <slimResult></slimResult>
                <expectation>
                    <instructionId>scriptTable_4_0</instructionId>
                    <col>0</col>
                              <row>1</row>
                    <type>ScriptActionExpectation</type>
                                      </expectation>
              </instructionResult>
            <instructionResult>
        <instruction>{id='scriptTable_4_1', instruction='call', instanceName='scriptTableActor', methodName='tearDown', args=[]}</instruction>
        <slimResult></slimResult>
                <expectation>
                    <instructionId>scriptTable_4_1</instructionId>
                    <col>0</col>
                              <row>2</row>
                    <type>ScriptActionExpectation</type>
                                      </expectation>
              </instructionResult>
          </instructions>
      </result>
  <executionLog>
    <testSystem>slim:fitnesse.slim.SlimService</testSystem>
    <command>java -Dlog4j.configuration=file:///C:/FitNesseForAppian/log4j.properties -cp C:\FitNesseForAppian\lib\fitnesse-20160515-standalone.jar;C:\FitNesseForAppian\lib\accessors-smart-1.1.jar;C:\FitNesseForAppian\lib\asm-5.0.3.jar;C:\FitNesseForAppian\lib\cglib-nodep-3.2.4.jar;C:\FitNesseForAppian\lib\commons-codec-1.10.jar;C:\FitNesseForAppian\lib\commons-exec-1.3.jar;C:\FitNesseForAppian\lib\commons-io-2.5.jar;C:\FitNesseForAppian\lib\commons-lang3-3.0.jar;C:\FitNesseForAppian\lib\commons-logging-1.2.jar;C:\FitNesseForAppian\lib\cssparser-0.9.22.jar;C:\FitNesseForAppian\lib\fitnesse-20160515-standalone.jar;C:\FitNesseForAppian\lib\gson-2.8.0.jar;C:\FitNesseForAppian\lib\guava-21.0.jar;C:\FitNesseForAppian\lib\hamcrest-core-1.3.jar;C:\FitNesseForAppian\lib\htmlunit-2.26.jar;C:\FitNesseForAppian\lib\htmlunit-core-js-2.26.jar;C:\FitNesseForAppian\lib\htmlunit-driver-2.26.jar;C:\FitNesseForAppian\lib\httpclient-4.5.3.jar;C:\FitNesseForAppian\lib\httpcore-4.4.6.jar;C:\FitNesseForAppian\lib\httpmime-4.5.3.jar;C:\FitNesseForAppian\lib\jackson-annotations-2.4.0.jar;C:\FitNesseForAppian\lib\jackson-core-2.4.1.1.jar;C:\FitNesseForAppian\lib\jackson-databind-2.4.1.3.jar;C:\FitNesseForAppian\lib\javax.servlet-api-3.1.0.jar;C:\FitNesseForAppian\lib\jcip-annotations-1.0.jar;C:\FitNesseForAppian\lib\jcommander-1.48.jar;C:\FitNesseForAppian\lib\jetty-client-9.4.3.v20170317.jar;C:\FitNesseForAppian\lib\jetty-http-9.4.3.v20170317.jar;C:\FitNesseForAppian\lib\jetty-io-9.4.1.v20170120.jar;C:\FitNesseForAppian\lib\jetty-repacked-9.4.1.v20170120.jar;C:\FitNesseForAppian\lib\jetty-util-9.4.1.v20170120.jar;C:\FitNesseForAppian\lib\jna-4.1.0.jar;C:\FitNesseForAppian\lib\jna-platform-4.1.0.jar;C:\FitNesseForAppian\lib\json-path-2.2.0.jar;C:\FitNesseForAppian\lib\json-smart-2.2.1.jar;C:\FitNesseForAppian\lib\log4j-1.2.16.jar;C:\FitNesseForAppian\lib\neko-htmlunit-2.25.jar;C:\FitNesseForAppian\lib\phantomjsdriver-1.4.0.jar;C:\FitNesseForAppian\lib\sac-1.3.jar;C:\FitNesseForAppian\lib\selenium-api-3.4.0.jar;C:\FitNesseForAppian\lib\selenium-chrome-driver-3.4.0.jar;C:\FitNesseForAppian\lib\selenium-edge-driver-3.4.0.jar;C:\FitNesseForAppian\lib\selenium-firefox-driver-3.4.0.jar;C:\FitNesseForAppian\lib\selenium-ie-driver-3.4.0.jar;C:\FitNesseForAppian\lib\selenium-java-3.4.0.jar;C:\FitNesseForAppian\lib\selenium-opera-driver-3.4.0.jar;C:\FitNesseForAppian\lib\selenium-remote-driver-3.4.0.jar;C:\FitNesseForAppian\lib\selenium-safari-driver-3.4.0.jar;C:\FitNesseForAppian\lib\selenium-server-3.4.0.jar;C:\FitNesseForAppian\lib\selenium-support-3.4.0.jar;C:\FitNesseForAppian\lib\serializer-2.7.2.jar;C:\FitNesseForAppian\lib\slf4j-api-1.7.16.jar;C:\FitNesseForAppian\lib\snakeyaml-1.15.jar;C:\FitNesseForAppian\lib\websocket-api-9.4.3.v20170317.jar;C:\FitNesseForAppian\lib\websocket-client-9.4.3.v20170317.jar;C:\FitNesseForAppian\lib\websocket-common-9.4.3.v20170317.jar;C:\FitNesseForAppian\lib\xalan-2.7.2.jar;C:\FitNesseForAppian\lib\xercesImpl-2.11.0.jar;C:\FitNesseForAppian\lib\xml-apis-1.4.01.jar;C:\FitNesseForAppian\lib\appian\fitnesse-for-appian-17.3.jar fitnesse.slim.SlimService 8087</command>
    <exitCode>0</exitCode>
    <stdOut>2017-11-07 12:51:16,615 [main] DEBUG com.appiancorp.ps.automatedtest.tempo.TempoLogin  - LOGIN [U70919926]
2017-11-07 12:51:18,985 [main] DEBUG com.appiancorp.ps.automatedtest.tempo.TempoLogin  - WAIT FOR LOGIN
2017-11-07 12:51:20,651 [main] DEBUG com.appiancorp.ps.automatedtest.tempo.TempoMenu  - WAIT FOR [Tasks]
2017-11-07 12:51:20,763 [main] DEBUG com.appiancorp.ps.automatedtest.tempo.TempoMenu  - CLICK [Tasks]
2017-11-07 12:51:21,816 [main] DEBUG com.appiancorp.ps.automatedtest.tempo.interfaces.TempoLinkField  - WAIT FOR LINK [Set Evaluation Instructions - Department of Global Health (0-6408-000)]
2017-11-07 12:51:21,836 [main] DEBUG com.appiancorp.ps.automatedtest.tempo.interfaces.TempoLinkField  - CLINK LINK [Set Evaluation Instructions - Department of Global Health (0-6408-000)]
2017-11-07 12:51:22,962 [main] DEBUG com.appiancorp.ps.automatedtest.tempo.interfaces.TempoButton  - WAIT FOR BUTTON [ACCEPT]
2017-11-07 12:51:22,983 [main] DEBUG com.appiancorp.ps.automatedtest.tempo.interfaces.TempoButton  - CLICK BUTTON [ACCEPT]
2017-11-07 12:51:23,916 [main] DEBUG com.appiancorp.ps.automatedtest.tempo.interfaces.TempoGridCell  - WAIT FOR GRID [[1]] COLUMN [[2]] ROW [[1]]
2017-11-07 12:51:23,959 [main] DEBUG com.appiancorp.ps.automatedtest.tempo.interfaces.TempoGridCell  - WAIT FOR GRID [[1]] COLUMN [[2]] ROW [[1]]
2017-11-07 12:51:24,160 [main] DEBUG com.appiancorp.ps.automatedtest.tempo.interfaces.TempoDatetimeField  - POPULATION [Nov 8, 2017, 12:51 PM]
2017-11-07 12:51:26,904 [main] DEBUG com.appiancorp.ps.automatedtest.tempo.interfaces.TempoGridCell  - WAIT FOR GRID [[1]] COLUMN [[2]] ROW [[2]]
2017-11-07 12:51:26,944 [main] DEBUG com.appiancorp.ps.automatedtest.tempo.interfaces.TempoGridCell  - WAIT FOR GRID [[1]] COLUMN [[2]] ROW [[2]]
2017-11-07 12:51:27,130 [main] DEBUG com.appiancorp.ps.automatedtest.tempo.interfaces.TempoDatetimeField  - POPULATION [Nov 9, 2017, 12:51 PM]
2017-11-07 12:51:29,709 [main] DEBUG com.appiancorp.ps.automatedtest.tempo.interfaces.TempoGridCell  - WAIT FOR GRID [[1]] COLUMN [[2]] ROW [[3]]
2017-11-07 12:51:29,750 [main] DEBUG com.appiancorp.ps.automatedtest.tempo.interfaces.TempoGridCell  - WAIT FOR GRID [[1]] COLUMN [[2]] ROW [[3]]
2017-11-07 12:51:29,936 [main] DEBUG com.appiancorp.ps.automatedtest.tempo.interfaces.TempoDatetimeField  - POPULATION [Nov 10, 2017, 12:51 PM]
2017-11-07 12:51:32,462 [main] DEBUG com.appiancorp.ps.automatedtest.tempo.interfaces.TempoRadioFieldOption  - WAIT FOR RADIO BUTTON OPTION CLICK : [1]
2017-11-07 12:51:32,481 [main] DEBUG com.appiancorp.ps.automatedtest.tempo.interfaces.TempoRadioFieldOption  - RADIO BUTTON OPTION CLICK : [1]
2017-11-07 12:51:33,426 [main] DEBUG com.appiancorp.ps.automatedtest.tempo.interfaces.TempoTextField  - POPULATION [https://www.google.com]
2017-11-07 12:51:34,507 [main] DEBUG com.appiancorp.ps.automatedtest.tempo.interfaces.TempoButton  - WAIT FOR BUTTON [KICK OFF EVALUATIONS]
2017-11-07 12:51:34,524 [main] DEBUG com.appiancorp.ps.automatedtest.tempo.interfaces.TempoButton  - CLICK BUTTON [KICK OFF EVALUATIONS]
2017-11-07 12:51:35,420 [main] DEBUG com.appiancorp.ps.automatedtest.tempo.interfaces.TempoButton  - WAIT FOR BUTTON [YES, KICKOFF EVALUATIONS]
2017-11-07 12:51:35,438 [main] DEBUG com.appiancorp.ps.automatedtest.tempo.interfaces.TempoButton  - CLICK BUTTON [YES, KICKOFF EVALUATIONS]
2017-11-07 12:51:36,295 [main] DEBUG com.appiancorp.ps.automatedtest.tempo.TempoLogin  - WAIT FOR LOGIN
2017-11-07 12:51:36,304 [main] DEBUG com.appiancorp.ps.automatedtest.tempo.TempoLogin  - LOG OUT
</stdOut>
    <stdErr>Nov 07, 2017 12:51:14 PM org.openqa.selenium.remote.ProtocolHandshake createSession
INFO: Detected dialect: OSS
</stdErr>
  </executionLog>
  <finalCounts>
    <right>0</right>
    <wrong>0</wrong>
    <ignores>0</ignores>
    <exceptions>1</exceptions>
  </finalCounts>
  <totalRunTimeInMillis>27121</totalRunTimeInMillis>
</testResults>

