<?xml version="1.0"?>
<testResults>
  <FitNesseVersion>v20160515</FitNesseVersion>
  <rootPath>FitNesseForUSF.FitNesse.AllScripts.Travel.TravelSubmissionHR_withDelegate.1_CreateTravelRequestHR</rootPath>
    <result>
    <counts>
      <right></right>
      <wrong></wrong>
      <ignores></ignores>
      <exceptions></exceptions>
    </counts>
    <date>2017-10-24T13:50:09-04:00</date>
    <runTimeInMillis>$result.runTimeInMillis</runTimeInMillis>
    <content>&lt;div class="collapsible closed"&gt;&lt;ul&gt;&lt;li&gt;&lt;a href='#' class='expandall'&gt;Expand&lt;/a&gt;&lt;/li&gt;&lt;li&gt;&lt;a href='#' class='collapseall'&gt;Collapse&lt;/a&gt;&lt;/li&gt;&lt;/ul&gt;
	&lt;p class="title"&gt;Included page: &lt;a href="ScenarioLibrary"&gt;.ScenarioLibrary&lt;/a&gt; &lt;a href="ScenarioLibrary?edit&amp;amp;redirectToReferer=true&amp;amp;redirectAction=" class="edit"&gt;(edit)&lt;/a&gt;&lt;/p&gt;
	&lt;div&gt;&lt;h2&gt;These scenarios will be accessible to all test cases in the the FitNesseRoot folder. If you are using a different FitNesseRoot Folder, make sure to copy these files if using any setup scenarios.&lt;/h2&gt;
&lt;br/&gt;&lt;h3&gt;Update these variables for your specific test environment&lt;/h3&gt;
&lt;br/&gt;&lt;div class="collapsible"&gt;&lt;ul&gt;&lt;li&gt;&lt;a href='#' class='expandall'&gt;Expand&lt;/a&gt;&lt;/li&gt;&lt;li&gt;&lt;a href='#' class='collapseall'&gt;Collapse&lt;/a&gt;&lt;/li&gt;&lt;/ul&gt;
	&lt;p class="title"&gt;Variables for Scenarios&lt;/p&gt;
	&lt;div&gt;Default browser can be &lt;b&gt;FIREFOX&lt;/b&gt;, &lt;b&gt;CHROME&lt;/b&gt;, or &lt;b&gt;IE&lt;/b&gt;&lt;br/&gt;&lt;span class="meta"&gt;variable defined: defaultBrowser=FIREFOX&lt;/span&gt;
&lt;br/&gt;&lt;br/&gt;Default Version can be &lt;b&gt;17.2&lt;/b&gt;, &lt;b&gt;17.1&lt;/b&gt;, &lt;b&gt;16.3&lt;/b&gt;, &lt;b&gt;16.2&lt;/b&gt;, &lt;b&gt;16.1&lt;/b&gt;, &lt;b&gt;7.11&lt;/b&gt;, or &lt;b&gt;7.10&lt;/b&gt;&lt;br/&gt;&lt;span class="meta"&gt;variable defined: defaultVersion=17.2&lt;/span&gt;
&lt;br/&gt;&lt;br/&gt;Default Locale can be &lt;b&gt;en_US&lt;/b&gt; or &lt;b&gt;en_GB&lt;/b&gt;&lt;br/&gt;&lt;span class="meta"&gt;variable defined: defaultLocale=en_US&lt;/span&gt;
&lt;br/&gt;&lt;br/&gt;Default URL should include http or https and /suite (e.g. &lt;b&gt;https://forum.appian.com/suite&lt;/b&gt; )&lt;br/&gt;&lt;span class="meta"&gt;variable defined: defaultUrl=REPLACE_APPIAN_URL&lt;/span&gt;
&lt;br/&gt;&lt;/div&gt;
&lt;/div&gt;
&lt;br/&gt;&lt;h3&gt;To use out of the box functionality, do not update the scenarios below&lt;/h3&gt;
&lt;br/&gt;&lt;div class="collapsible"&gt;&lt;ul&gt;&lt;li&gt;&lt;a href='#' class='expandall'&gt;Expand&lt;/a&gt;&lt;/li&gt;&lt;li&gt;&lt;a href='#' class='collapseall'&gt;Collapse&lt;/a&gt;&lt;/li&gt;&lt;/ul&gt;
	&lt;p class="title"&gt;Setup customizable for browser, locale, version, and URL&lt;/p&gt;
	&lt;div&gt;&lt;table&gt;
	&lt;tr class="slimRowTitle"&gt;
		&lt;td&gt;scenario&lt;/td&gt;
		&lt;td&gt;setup for test script for browser&lt;/td&gt;
		&lt;td&gt;browserType&lt;/td&gt;
		&lt;td&gt;locale&lt;/td&gt;
		&lt;td&gt;location&lt;/td&gt;
		&lt;td&gt;version&lt;/td&gt;
		&lt;td&gt;versionNum&lt;/td&gt;
		&lt;td&gt;url&lt;/td&gt;
		&lt;td&gt;appianUrl&lt;/td&gt;
	&lt;/tr&gt;
	&lt;tr class="slimRowColor1"&gt;
		&lt;td&gt;setup with browser&lt;/td&gt;
		&lt;td colspan="8"&gt;@browserType&lt;/td&gt;
	&lt;/tr&gt;
	&lt;tr class="slimRowColor2"&gt;
		&lt;td&gt;set appian locale to&lt;/td&gt;
		&lt;td colspan="8"&gt;@location&lt;/td&gt;
	&lt;/tr&gt;
	&lt;tr class="slimRowColor2"&gt;
		&lt;td&gt;set appian version to&lt;/td&gt;
		&lt;td colspan="8"&gt;@versionNum&lt;/td&gt;
	&lt;/tr&gt;
	&lt;tr class="slimRowColor7"&gt;
		&lt;td&gt;set appian url to&lt;/td&gt;
		&lt;td colspan="8"&gt;@appianUrl&lt;/td&gt;
	&lt;/tr&gt;
	&lt;tr class="slimRowColor1"&gt;
		&lt;td&gt;set timeout seconds to&lt;/td&gt;
		&lt;td colspan="8"&gt;20&lt;/td&gt;
	&lt;/tr&gt;
	&lt;tr class="slimRowColor9"&gt;
		&lt;td colspan="9"&gt;set start datetime&lt;/td&gt;
	&lt;/tr&gt;
&lt;/table&gt;
&lt;/div&gt;
&lt;/div&gt;
&lt;br/&gt;&lt;div class="collapsible"&gt;&lt;ul&gt;&lt;li&gt;&lt;a href='#' class='expandall'&gt;Expand&lt;/a&gt;&lt;/li&gt;&lt;li&gt;&lt;a href='#' class='collapseall'&gt;Collapse&lt;/a&gt;&lt;/li&gt;&lt;/ul&gt;
	&lt;p class="title"&gt;Scenario - Setup using default values &lt;/p&gt;
	&lt;div&gt;&lt;table&gt;
	&lt;tr class="slimRowTitle"&gt;
		&lt;td&gt;scenario&lt;/td&gt;
		&lt;td colspan="7"&gt;setup for test script&lt;/td&gt;
	&lt;/tr&gt;
	&lt;tr class="slimRowColor6"&gt;
		&lt;td&gt;setup for test script for browser&lt;/td&gt;
		&lt;td&gt;FIREFOX&lt;/td&gt;
		&lt;td&gt;locale&lt;/td&gt;
		&lt;td&gt;en_US&lt;/td&gt;
		&lt;td&gt;version&lt;/td&gt;
		&lt;td&gt;17.2&lt;/td&gt;
		&lt;td&gt;url&lt;/td&gt;
		&lt;td&gt;REPLACE_APPIAN_URL&lt;/td&gt;
	&lt;/tr&gt;
&lt;/table&gt;
&lt;/div&gt;
&lt;/div&gt;
&lt;/div&gt;
&lt;/div&gt;
&lt;div class="collapsible closed"&gt;&lt;ul&gt;&lt;li&gt;&lt;a href='#' class='expandall'&gt;Expand&lt;/a&gt;&lt;/li&gt;&lt;li&gt;&lt;a href='#' class='collapseall'&gt;Collapse&lt;/a&gt;&lt;/li&gt;&lt;/ul&gt;
	&lt;p class="title"&gt;Included page: &lt;a href="FitNesseForUSF.FitNesse.AllScripts.Travel.TravelSubmissionHR_withDelegate.SetUp"&gt;.FitNesseForUSF.FitNesse.AllScripts.Travel.TravelSubmissionHR_withDelegate.SetUp&lt;/a&gt; &lt;a href="FitNesseForUSF.FitNesse.AllScripts.Travel.TravelSubmissionHR_withDelegate.SetUp?edit&amp;amp;redirectToReferer=true&amp;amp;redirectAction=" class="edit"&gt;(edit)&lt;/a&gt;&lt;/p&gt;
	&lt;div&gt;&lt;/div&gt;
&lt;/div&gt;
&lt;br/&gt;&lt;div class="collapsible"&gt;&lt;ul&gt;&lt;li&gt;&lt;a href='#' class='expandall'&gt;Expand&lt;/a&gt;&lt;/li&gt;&lt;li&gt;&lt;a href='#' class='collapseall'&gt;Collapse&lt;/a&gt;&lt;/li&gt;&lt;/ul&gt;
	&lt;p class="title"&gt;Initialization&lt;/p&gt;
	&lt;div&gt;This table opens a new instance of the Firefox browser, navigates to Appian, and logs in&lt;br/&gt;&lt;table&gt;
	&lt;tr class="slimRowTitle"&gt;
		&lt;td colspan="2"&gt;script&lt;/td&gt;
	&lt;/tr&gt;
	&lt;tr class="slimRowColor1"&gt;
		&lt;td&gt;setup with browser&lt;/td&gt;
		&lt;td&gt;FIREFOX&lt;/td&gt;
	&lt;/tr&gt;
	&lt;tr class="slimRowColor9"&gt;
		&lt;td&gt;login with username&lt;/td&gt;
		&lt;td&gt;U14258394&lt;/td&gt;
	&lt;/tr&gt;
&lt;/table&gt;
&lt;/div&gt;
&lt;/div&gt;
&lt;br/&gt;&lt;div class="collapsible"&gt;&lt;ul&gt;&lt;li&gt;&lt;a href='#' class='expandall'&gt;Expand&lt;/a&gt;&lt;/li&gt;&lt;li&gt;&lt;a href='#' class='collapseall'&gt;Collapse&lt;/a&gt;&lt;/li&gt;&lt;/ul&gt;
	&lt;p class="title"&gt;The delegate selected for this submission is BECKY PUSKAS&lt;/p&gt;
	&lt;div&gt;</content>
    <relativePageName>1_CreateTravelRequestHR</relativePageName>
            <instructions>
            <instructionResult>
        <instruction>{id='scriptTable_2_0', instruction='call', instanceName='scriptTableActor', methodName='setupWithBrowser', args=[FIREFOX]}</instruction>
        <slimResult></slimResult>
                <expectation>
                    <instructionId>scriptTable_2_0</instructionId>
                    <col>0</col>
                              <row>1</row>
                    <type>ScriptActionExpectation</type>
                                      </expectation>
              </instructionResult>
            <instructionResult>
        <instruction>{id='scriptTable_2_1', instruction='call', instanceName='scriptTableActor', methodName='loginWithUsername', args=[U14258394]}</instruction>
        <slimResult></slimResult>
                <expectation>
                    <instructionId>scriptTable_2_1</instructionId>
                    <col>0</col>
                              <row>2</row>
                    <type>ScriptActionExpectation</type>
                                      </expectation>
              </instructionResult>
          </instructions>
      </result>
  <executionLog>
    <testSystem></testSystem>
    <command></command>
    <exitCode>1</exitCode>
    <stdOut>2017-10-24 13:50:15,928 [main] DEBUG com.appiancorp.ps.automatedtest.tempo.TempoLogin  - LOGIN [U14258394]
2017-10-24 13:50:17,478 [main] DEBUG com.appiancorp.ps.automatedtest.tempo.TempoLogin  - WAIT FOR LOGIN
2017-10-24 13:50:20,551 [main] DEBUG com.appiancorp.ps.automatedtest.tempo.TempoMenu  - WAIT FOR [Actions]
2017-10-24 13:50:20,558 [main] DEBUG com.appiancorp.ps.automatedtest.tempo.TempoMenu  - CLICK [Actions]
2017-10-24 13:50:21,716 [main] DEBUG com.appiancorp.ps.automatedtest.tempo.interfaces.TempoLinkField  - WAIT FOR LINK [Create Travel Request]
2017-10-24 13:50:21,726 [main] DEBUG com.appiancorp.ps.automatedtest.tempo.interfaces.TempoLinkField  - CLINK LINK [Create Travel Request]
2017-10-24 13:50:23,072 [main] DEBUG com.appiancorp.ps.automatedtest.tempo.interfaces.TempoRadioFieldOption  - WAIT FOR RADIO BUTTON OPTION CLICK : Travel Request
2017-10-24 13:50:23,083 [main] DEBUG com.appiancorp.ps.automatedtest.tempo.interfaces.TempoRadioFieldOption  - RADIO BUTTON OPTION CLICK : Travel Request
2017-10-24 13:50:24,185 [main] DEBUG com.appiancorp.ps.automatedtest.tempo.interfaces.TempoButton  - WAIT FOR BUTTON [Next]
2017-10-24 13:50:24,197 [main] DEBUG com.appiancorp.ps.automatedtest.tempo.interfaces.TempoButton  - CLICK BUTTON [Next]
2017-10-24 13:50:25,278 [main] DEBUG com.appiancorp.ps.automatedtest.tempo.interfaces.TempoRadioFieldOption  - WAIT FOR RADIO BUTTON OPTION CLICK : Myself
2017-10-24 13:50:25,286 [main] DEBUG com.appiancorp.ps.automatedtest.tempo.interfaces.TempoRadioFieldOption  - RADIO BUTTON OPTION CLICK : Myself
2017-10-24 13:50:28,490 [main] DEBUG com.appiancorp.ps.automatedtest.tempo.interfaces.TempoButton  - WAIT FOR BUTTON [Next]
2017-10-24 13:50:28,496 [main] DEBUG com.appiancorp.ps.automatedtest.tempo.interfaces.TempoButton  - CLICK BUTTON [Next]
2017-10-24 13:50:32,741 [main] DEBUG com.appiancorp.ps.automatedtest.tempo.interfaces.TempoTextField  - POPULATION [$var]
2017-10-24 13:50:33,722 [main] DEBUG com.appiancorp.ps.automatedtest.tempo.interfaces.TempoDropdownField  - POPULATION [Attend Training]
2017-10-24 13:50:35,773 [main] DEBUG com.appiancorp.ps.automatedtest.tempo.interfaces.TempoPickerField  - POPULATION [BECKY PUSKAS]
2017-10-24 13:50:39,638 [main] ERROR com.appiancorp.ps.automatedtest.exception.ExceptionBuilder  - Wait for Field - Comment
org.openqa.selenium.WebDriverException: Failed to decode response from marionette
Build info: version: '3.4.0', revision: 'unknown', time: 'unknown'
System info: host: 'FITNESSE', ip: '10.119.38.100', os.name: 'Windows Server 2016', os.arch: 'x86', os.version: '10.0', java.version: '1.8.0_144'
Driver info: org.openqa.selenium.firefox.FirefoxDriver
Capabilities [{moz:profile=C:\Users\marial\AppData\Local\Temp\2\rust_mozprofile.IbrjNMS3NXjW, rotatable=false, timeouts={implicit=0.0, pageLoad=300000.0, script=30000.0}, pageLoadStrategy=normal, platform=ANY, specificationLevel=0.0, moz:accessibilityChecks=false, acceptInsecureCerts=false, browserVersion=54.0, platformVersion=10.0, moz:processID=6760.0, browserName=firefox, javascriptEnabled=true, platformName=windows_nt}]
Session ID: 7a37d890-fb96-4f64-8db8-dbd813d3a727
*** Element info: {Using=xpath, value=//*[(self::label or self::span) and starts-with(translate(text(),'ABCDEFGHIJKLMNOPQRSTUVWXYZ','abcdefghijklmnopqrstuvwxyz'),'comment')]/ancestor::div[contains(@class, 'FieldLayout---field_layout')]}
	at sun.reflect.NativeConstructorAccessorImpl.newInstance0(Native Method)
	at sun.reflect.NativeConstructorAccessorImpl.newInstance(Unknown Source)
	at sun.reflect.DelegatingConstructorAccessorImpl.newInstance(Unknown Source)
	at java.lang.reflect.Constructor.newInstance(Unknown Source)
	at org.openqa.selenium.remote.http.W3CHttpResponseCodec.createException(W3CHttpResponseCodec.java:150)
	at org.openqa.selenium.remote.http.W3CHttpResponseCodec.decode(W3CHttpResponseCodec.java:115)
	at org.openqa.selenium.remote.http.W3CHttpResponseCodec.decode(W3CHttpResponseCodec.java:45)
	at org.openqa.selenium.remote.HttpCommandExecutor.execute(HttpCommandExecutor.java:164)
	at org.openqa.selenium.remote.service.DriverCommandExecutor.execute(DriverCommandExecutor.java:82)
	at org.openqa.selenium.remote.RemoteWebDriver.execute(RemoteWebDriver.java:637)
	at org.openqa.selenium.remote.RemoteWebDriver.findElements(RemoteWebDriver.java:437)
	at org.openqa.selenium.remote.RemoteWebDriver.findElementsByXPath(RemoteWebDriver.java:513)
	at org.openqa.selenium.By$ByXPath.findElements(By.java:356)
	at org.openqa.selenium.remote.RemoteWebDriver.findElements(RemoteWebDriver.java:398)
	at org.openqa.selenium.support.ui.ExpectedConditions.findElement(ExpectedConditions.java:882)
	at org.openqa.selenium.support.ui.ExpectedConditions.access$000(ExpectedConditions.java:44)
	at org.openqa.selenium.support.ui.ExpectedConditions$7.apply(ExpectedConditions.java:206)
	at org.openqa.selenium.support.ui.ExpectedConditions$7.apply(ExpectedConditions.java:202)
	at org.openqa.selenium.support.ui.FluentWait.until(FluentWait.java:209)
	at com.appiancorp.ps.automatedtest.tempo.interfaces.AbstractTempoField.waitFor(AbstractTempoField.java:59)
	at com.appiancorp.ps.automatedtest.fixture.TempoFixture.populateFieldWith(TempoFixture.java:787)
	at sun.reflect.NativeMethodAccessorImpl.invoke0(Native Method)
	at sun.reflect.NativeMethodAccessorImpl.invoke(Unknown Source)
	at sun.reflect.DelegatingMethodAccessorImpl.invoke(Unknown Source)
	at java.lang.reflect.Method.invoke(Unknown Source)
	at fitnesse.slim.fixtureInteraction.DefaultInteraction.methodInvoke(DefaultInteraction.java:81)
	at fitnesse.slim.MethodExecutor.callMethod(MethodExecutor.java:57)
	at fitnesse.slim.MethodExecutor.invokeMethod(MethodExecutor.java:38)
	at fitnesse.slim.MethodExecutor.findAndInvoke(MethodExecutor.java:72)
	at fitnesse.slim.FixtureMethodExecutor.execute(FixtureMethodExecutor.java:20)
	at fitnesse.slim.StatementExecutor.getMethodExecutionResult(StatementExecutor.java:135)
	at fitnesse.slim.StatementExecutor.call(StatementExecutor.java:108)
	at fitnesse.slim.instructions.CallInstruction.executeInternal(CallInstruction.java:35)
	at fitnesse.slim.instructions.Instruction.execute(Instruction.java:29)
	at fitnesse.slim.ListExecutor$Executive.executeStatement(ListExecutor.java:49)
	at fitnesse.slim.ListExecutor$Executive.executeStatements(ListExecutor.java:43)
	at fitnesse.slim.ListExecutor.execute(ListExecutor.java:85)
	at fitnesse.slim.SlimServer.executeInstructions(SlimServer.java:84)
	at fitnesse.slim.SlimServer.processOneSetOfInstructions(SlimServer.java:77)
	at fitnesse.slim.SlimServer.tryProcessInstructions(SlimServer.java:64)
	at fitnesse.slim.SlimServer.serve(SlimServer.java:49)
	at fitnesse.slim.SlimService.handle(SlimService.java:154)
	at fitnesse.slim.SlimService.acceptOne(SlimService.java:162)
	at fitnesse.slim.SlimService.accept(SlimService.java:124)
	at fitnesse.slim.SlimService.startWithFactory(SlimService.java:76)
	at fitnesse.slim.SlimService.main(SlimService.java:56)
2017-10-24 13:50:39,642 [main] DEBUG com.appiancorp.ps.automatedtest.tempo.interfaces.TempoGridCell  - WAIT FOR GRID [[1]] COLUMN [Start Date] ROW [[1]]
2017-10-24 13:50:39,645 [main] ERROR com.appiancorp.ps.automatedtest.exception.ExceptionBuilder  - Grid Wait For - [1] - Start Date - [1]
org.openqa.selenium.SessionNotCreatedException: Tried to run command without establishing a connection
Build info: version: '3.4.0', revision: 'unknown', time: 'unknown'
System info: host: 'FITNESSE', ip: '10.119.38.100', os.name: 'Windows Server 2016', os.arch: 'x86', os.version: '10.0', java.version: '1.8.0_144'
Driver info: org.openqa.selenium.firefox.FirefoxDriver
Capabilities [{moz:profile=C:\Users\marial\AppData\Local\Temp\2\rust_mozprofile.IbrjNMS3NXjW, rotatable=false, timeouts={implicit=0.0, pageLoad=300000.0, script=30000.0}, pageLoadStrategy=normal, platform=ANY, specificationLevel=0.0, moz:accessibilityChecks=false, acceptInsecureCerts=false, browserVersion=54.0, platformVersion=10.0, moz:processID=6760.0, browserName=firefox, javascriptEnabled=true, platformName=windows_nt}]
Session ID: 7a37d890-fb96-4f64-8db8-dbd813d3a727
*** Element info: {Using=xpath, value=((//table[contains(@class, '---table')])[1])[descendant::th[descendant::*[translate(text(),'ABCDEFGHIJKLMNOPQRSTUVWXYZ','abcdefghijklmnopqrstuvwxyz')='start date']]]/tbody/tr[1]/td[count((//table[contains(@class, '---table')])[1]/descendant::th[descendant::*[translate(text(),'ABCDEFGHIJKLMNOPQRSTUVWXYZ','abcdefghijklmnopqrstuvwxyz')='start date']]/preceding-sibling::th)+1]}
	at sun.reflect.NativeConstructorAccessorImpl.newInstance0(Native Method)
	at sun.reflect.NativeConstructorAccessorImpl.newInstance(Unknown Source)
	at sun.reflect.DelegatingConstructorAccessorImpl.newInstance(Unknown Source)
	at java.lang.reflect.Constructor.newInstance(Unknown Source)
	at org.openqa.selenium.remote.http.W3CHttpResponseCodec.createException(W3CHttpResponseCodec.java:150)
	at org.openqa.selenium.remote.http.W3CHttpResponseCodec.decode(W3CHttpResponseCodec.java:115)
	at org.openqa.selenium.remote.http.W3CHttpResponseCodec.decode(W3CHttpResponseCodec.java:45)
	at org.openqa.selenium.remote.HttpCommandExecutor.execute(HttpCommandExecutor.java:164)
	at org.openqa.selenium.remote.service.DriverCommandExecutor.execute(DriverCommandExecutor.java:82)
	at org.openqa.selenium.remote.RemoteWebDriver.execute(RemoteWebDriver.java:637)
	at org.openqa.selenium.remote.RemoteWebDriver.findElement(RemoteWebDriver.java:410)
	at org.openqa.selenium.remote.RemoteWebDriver.findElementByXPath(RemoteWebDriver.java:509)
	at org.openqa.selenium.By$ByXPath.findElement(By.java:361)
	at org.openqa.selenium.remote.RemoteWebDriver.findElement(RemoteWebDriver.java:402)
	at com.appiancorp.ps.automatedtest.tempo.interfaces.TempoGridCell.getWebElement(TempoGridCell.java:85)
	at com.appiancorp.ps.automatedtest.tempo.interfaces.TempoGridCell.getXpath(TempoGridCell.java:128)
	at com.appiancorp.ps.automatedtest.tempo.interfaces.TempoGridCell.waitFor(TempoGridCell.java:216)
	at com.appiancorp.ps.automatedtest.fixture.TempoFixture.populateGridColumnRowWith(TempoFixture.java:1146)
	at sun.reflect.NativeMethodAccessorImpl.invoke0(Native Method)
	at sun.reflect.NativeMethodAccessorImpl.invoke(Unknown Source)
	at sun.reflect.DelegatingMethodAccessorImpl.invoke(Unknown Source)
	at java.lang.reflect.Method.invoke(Unknown Source)
	at fitnesse.slim.fixtureInteraction.DefaultInteraction.methodInvoke(DefaultInteraction.java:81)
	at fitnesse.slim.MethodExecutor.callMethod(MethodExecutor.java:57)
	at fitnesse.slim.MethodExecutor.invokeMethod(MethodExecutor.java:38)
	at fitnesse.slim.MethodExecutor.findAndInvoke(MethodExecutor.java:72)
	at fitnesse.slim.FixtureMethodExecutor.execute(FixtureMethodExecutor.java:20)
	at fitnesse.slim.StatementExecutor.getMethodExecutionResult(StatementExecutor.java:135)
	at fitnesse.slim.StatementExecutor.call(StatementExecutor.java:108)
	at fitnesse.slim.instructions.CallInstruction.executeInternal(CallInstruction.java:35)
	at fitnesse.slim.instructions.Instruction.execute(Instruction.java:29)
	at fitnesse.slim.ListExecutor$Executive.executeStatement(ListExecutor.java:49)
	at fitnesse.slim.ListExecutor$Executive.executeStatements(ListExecutor.java:43)
	at fitnesse.slim.ListExecutor.execute(ListExecutor.java:85)
	at fitnesse.slim.SlimServer.executeInstructions(SlimServer.java:84)
	at fitnesse.slim.SlimServer.processOneSetOfInstructions(SlimServer.java:77)
	at fitnesse.slim.SlimServer.tryProcessInstructions(SlimServer.java:64)
	at fitnesse.slim.SlimServer.serve(SlimServer.java:49)
	at fitnesse.slim.SlimService.handle(SlimService.java:154)
	at fitnesse.slim.SlimService.acceptOne(SlimService.java:162)
	at fitnesse.slim.SlimService.accept(SlimService.java:124)
	at fitnesse.slim.SlimService.startWithFactory(SlimService.java:76)
	at fitnesse.slim.SlimService.main(SlimService.java:56)
2017-10-24 13:50:39,647 [main] DEBUG com.appiancorp.ps.automatedtest.tempo.interfaces.TempoGridCell  - WAIT FOR GRID [[1]] COLUMN [End Date] ROW [[1]]
2017-10-24 13:50:39,649 [main] ERROR com.appiancorp.ps.automatedtest.exception.ExceptionBuilder  - Grid Wait For - [1] - End Date - [1]
org.openqa.selenium.SessionNotCreatedException: Tried to run command without establishing a connection
Build info: version: '3.4.0', revision: 'unknown', time: 'unknown'
System info: host: 'FITNESSE', ip: '10.119.38.100', os.name: 'Windows Server 2016', os.arch: 'x86', os.version: '10.0', java.version: '1.8.0_144'
Driver info: org.openqa.selenium.firefox.FirefoxDriver
Capabilities [{moz:profile=C:\Users\marial\AppData\Local\Temp\2\rust_mozprofile.IbrjNMS3NXjW, rotatable=false, timeouts={implicit=0.0, pageLoad=300000.0, script=30000.0}, pageLoadStrategy=normal, platform=ANY, specificationLevel=0.0, moz:accessibilityChecks=false, acceptInsecureCerts=false, browserVersion=54.0, platformVersion=10.0, moz:processID=6760.0, browserName=firefox, javascriptEnabled=true, platformName=windows_nt}]
Session ID: 7a37d890-fb96-4f64-8db8-dbd813d3a727
*** Element info: {Using=xpath, value=((//table[contains(@class, '---table')])[1])[descendant::th[descendant::*[translate(text(),'ABCDEFGHIJKLMNOPQRSTUVWXYZ','abcdefghijklmnopqrstuvwxyz')='end date']]]/tbody/tr[1]/td[count((//table[contains(@class, '---table')])[1]/descendant::th[descendant::*[translate(text(),'ABCDEFGHIJKLMNOPQRSTUVWXYZ','abcdefghijklmnopqrstuvwxyz')='end date']]/preceding-sibling::th)+1]}
	at sun.reflect.NativeConstructorAccessorImpl.newInstance0(Native Method)
	at sun.reflect.NativeConstructorAccessorImpl.newInstance(Unknown Source)
	at sun.reflect.DelegatingConstructorAccessorImpl.newInstance(Unknown Source)
	at java.lang.reflect.Constructor.newInstance(Unknown Source)
	at org.openqa.selenium.remote.http.W3CHttpResponseCodec.createException(W3CHttpResponseCodec.java:150)
	at org.openqa.selenium.remote.http.W3CHttpResponseCodec.decode(W3CHttpResponseCodec.java:115)
	at org.openqa.selenium.remote.http.W3CHttpResponseCodec.decode(W3CHttpResponseCodec.java:45)
	at org.openqa.selenium.remote.HttpCommandExecutor.execute(HttpCommandExecutor.java:164)
	at org.openqa.selenium.remote.service.DriverCommandExecutor.execute(DriverCommandExecutor.java:82)
	at org.openqa.selenium.remote.RemoteWebDriver.execute(RemoteWebDriver.java:637)
	at org.openqa.selenium.remote.RemoteWebDriver.findElement(RemoteWebDriver.java:410)
	at org.openqa.selenium.remote.RemoteWebDriver.findElementByXPath(RemoteWebDriver.java:509)
	at org.openqa.selenium.By$ByXPath.findElement(By.java:361)
	at org.openqa.selenium.remote.RemoteWebDriver.findElement(RemoteWebDriver.java:402)
	at com.appiancorp.ps.automatedtest.tempo.interfaces.TempoGridCell.getWebElement(TempoGridCell.java:85)
	at com.appiancorp.ps.automatedtest.tempo.interfaces.TempoGridCell.getXpath(TempoGridCell.java:128)
	at com.appiancorp.ps.automatedtest.tempo.interfaces.TempoGridCell.waitFor(TempoGridCell.java:216)
	at com.appiancorp.ps.automatedtest.fixture.TempoFixture.populateGridColumnRowWith(TempoFixture.java:1146)
	at sun.reflect.NativeMethodAccessorImpl.invoke0(Native Method)
	at sun.reflect.NativeMethodAccessorImpl.invoke(Unknown Source)
	at sun.reflect.DelegatingMethodAccessorImpl.invoke(Unknown Source)
	at java.lang.reflect.Method.invoke(Unknown Source)
	at fitnesse.slim.fixtureInteraction.DefaultInteraction.methodInvoke(DefaultInteraction.java:81)
	at fitnesse.slim.MethodExecutor.callMethod(MethodExecutor.java:57)
	at fitnesse.slim.MethodExecutor.invokeMethod(MethodExecutor.java:38)
	at fitnesse.slim.MethodExecutor.findAndInvoke(MethodExecutor.java:72)
	at fitnesse.slim.FixtureMethodExecutor.execute(FixtureMethodExecutor.java:20)
	at fitnesse.slim.StatementExecutor.getMethodExecutionResult(StatementExecutor.java:135)
	at fitnesse.slim.StatementExecutor.call(StatementExecutor.java:108)
	at fitnesse.slim.instructions.CallInstruction.executeInternal(CallInstruction.java:35)
	at fitnesse.slim.instructions.Instruction.execute(Instruction.java:29)
	at fitnesse.slim.ListExecutor$Executive.executeStatement(ListExecutor.java:49)
	at fitnesse.slim.ListExecutor$Executive.executeStatements(ListExecutor.java:43)
	at fitnesse.slim.ListExecutor.execute(ListExecutor.java:85)
	at fitnesse.slim.SlimServer.executeInstructions(SlimServer.java:84)
	at fitnesse.slim.SlimServer.processOneSetOfInstructions(SlimServer.java:77)
	at fitnesse.slim.SlimServer.tryProcessInstructions(SlimServer.java:64)
	at fitnesse.slim.SlimServer.serve(SlimServer.java:49)
	at fitnesse.slim.SlimService.handle(SlimService.java:154)
	at fitnesse.slim.SlimService.acceptOne(SlimService.java:162)
	at fitnesse.slim.SlimService.accept(SlimService.java:124)
	at fitnesse.slim.SlimService.startWithFactory(SlimService.java:76)
	at fitnesse.slim.SlimService.main(SlimService.java:56)
2017-10-24 13:50:39,651 [main] DEBUG com.appiancorp.ps.automatedtest.tempo.interfaces.TempoGridCell  - WAIT FOR GRID [[1]] COLUMN [Destination] ROW [[1]]
2017-10-24 13:50:39,653 [main] ERROR com.appiancorp.ps.automatedtest.exception.ExceptionBuilder  - Grid Wait For - [1] - Destination - [1]
org.openqa.selenium.SessionNotCreatedException: Tried to run command without establishing a connection
Build info: version: '3.4.0', revision: 'unknown', time: 'unknown'
System info: host: 'FITNESSE', ip: '10.119.38.100', os.name: 'Windows Server 2016', os.arch: 'x86', os.version: '10.0', java.version: '1.8.0_144'
Driver info: org.openqa.selenium.firefox.FirefoxDriver
Capabilities [{moz:profile=C:\Users\marial\AppData\Local\Temp\2\rust_mozprofile.IbrjNMS3NXjW, rotatable=false, timeouts={implicit=0.0, pageLoad=300000.0, script=30000.0}, pageLoadStrategy=normal, platform=ANY, specificationLevel=0.0, moz:accessibilityChecks=false, acceptInsecureCerts=false, browserVersion=54.0, platformVersion=10.0, moz:processID=6760.0, browserName=firefox, javascriptEnabled=true, platformName=windows_nt}]
Session ID: 7a37d890-fb96-4f64-8db8-dbd813d3a727
*** Element info: {Using=xpath, value=((//table[contains(@class, '---table')])[1])[descendant::th[descendant::*[translate(text(),'ABCDEFGHIJKLMNOPQRSTUVWXYZ','abcdefghijklmnopqrstuvwxyz')='destination']]]/tbody/tr[1]/td[count((//table[contains(@class, '---table')])[1]/descendant::th[descendant::*[translate(text(),'ABCDEFGHIJKLMNOPQRSTUVWXYZ','abcdefghijklmnopqrstuvwxyz')='destination']]/preceding-sibling::th)+1]}
	at sun.reflect.NativeConstructorAccessorImpl.newInstance0(Native Method)
	at sun.reflect.NativeConstructorAccessorImpl.newInstance(Unknown Source)
	at sun.reflect.DelegatingConstructorAccessorImpl.newInstance(Unknown Source)
	at java.lang.reflect.Constructor.newInstance(Unknown Source)
	at org.openqa.selenium.remote.http.W3CHttpResponseCodec.createException(W3CHttpResponseCodec.java:150)
	at org.openqa.selenium.remote.http.W3CHttpResponseCodec.decode(W3CHttpResponseCodec.java:115)
	at org.openqa.selenium.remote.http.W3CHttpResponseCodec.decode(W3CHttpResponseCodec.java:45)
	at org.openqa.selenium.remote.HttpCommandExecutor.execute(HttpCommandExecutor.java:164)
	at org.openqa.selenium.remote.service.DriverCommandExecutor.execute(DriverCommandExecutor.java:82)
	at org.openqa.selenium.remote.RemoteWebDriver.execute(RemoteWebDriver.java:637)
	at org.openqa.selenium.remote.RemoteWebDriver.findElement(RemoteWebDriver.java:410)
	at org.openqa.selenium.remote.RemoteWebDriver.findElementByXPath(RemoteWebDriver.java:509)
	at org.openqa.selenium.By$ByXPath.findElement(By.java:361)
	at org.openqa.selenium.remote.RemoteWebDriver.findElement(RemoteWebDriver.java:402)
	at com.appiancorp.ps.automatedtest.tempo.interfaces.TempoGridCell.getWebElement(TempoGridCell.java:85)
	at com.appiancorp.ps.automatedtest.tempo.interfaces.TempoGridCell.getXpath(TempoGridCell.java:128)
	at com.appiancorp.ps.automatedtest.tempo.interfaces.TempoGridCell.waitFor(TempoGridCell.java:216)
	at com.appiancorp.ps.automatedtest.fixture.TempoFixture.populateGridColumnRowWith(TempoFixture.java:1146)
	at sun.reflect.NativeMethodAccessorImpl.invoke0(Native Method)
	at sun.reflect.NativeMethodAccessorImpl.invoke(Unknown Source)
	at sun.reflect.DelegatingMethodAccessorImpl.invoke(Unknown Source)
	at java.lang.reflect.Method.invoke(Unknown Source)
	at fitnesse.slim.fixtureInteraction.DefaultInteraction.methodInvoke(DefaultInteraction.java:81)
	at fitnesse.slim.MethodExecutor.callMethod(MethodExecutor.java:57)
	at fitnesse.slim.MethodExecutor.invokeMethod(MethodExecutor.java:38)
	at fitnesse.slim.MethodExecutor.findAndInvoke(MethodExecutor.java:72)
	at fitnesse.slim.FixtureMethodExecutor.execute(FixtureMethodExecutor.java:20)
	at fitnesse.slim.StatementExecutor.getMethodExecutionResult(StatementExecutor.java:135)
	at fitnesse.slim.StatementExecutor.call(StatementExecutor.java:108)
	at fitnesse.slim.instructions.CallInstruction.executeInternal(CallInstruction.java:35)
	at fitnesse.slim.instructions.Instruction.execute(Instruction.java:29)
	at fitnesse.slim.ListExecutor$Executive.executeStatement(ListExecutor.java:49)
	at fitnesse.slim.ListExecutor$Executive.executeStatements(ListExecutor.java:43)
	at fitnesse.slim.ListExecutor.execute(ListExecutor.java:85)
	at fitnesse.slim.SlimServer.executeInstructions(SlimServer.java:84)
	at fitnesse.slim.SlimServer.processOneSetOfInstructions(SlimServer.java:77)
	at fitnesse.slim.SlimServer.tryProcessInstructions(SlimServer.java:64)
	at fitnesse.slim.SlimServer.serve(SlimServer.java:49)
	at fitnesse.slim.SlimService.handle(SlimService.java:154)
	at fitnesse.slim.SlimService.acceptOne(SlimService.java:162)
	at fitnesse.slim.SlimService.accept(SlimService.java:124)
	at fitnesse.slim.SlimService.startWithFactory(SlimService.java:76)
	at fitnesse.slim.SlimService.main(SlimService.java:56)
2017-10-24 13:50:39,654 [main] DEBUG com.appiancorp.ps.automatedtest.tempo.interfaces.TempoButton  - WAIT FOR BUTTON [Submit to Supervisor]
2017-10-24 13:50:39,658 [main] ERROR com.appiancorp.ps.automatedtest.exception.ExceptionBuilder  - Wait for Button - Submit to Supervisor
org.openqa.selenium.SessionNotCreatedException: Tried to run command without establishing a connection
Build info: version: '3.4.0', revision: 'unknown', time: 'unknown'
System info: host: 'FITNESSE', ip: '10.119.38.100', os.name: 'Windows Server 2016', os.arch: 'x86', os.version: '10.0', java.version: '1.8.0_144'
Driver info: org.openqa.selenium.firefox.FirefoxDriver
Capabilities [{moz:profile=C:\Users\marial\AppData\Local\Temp\2\rust_mozprofile.IbrjNMS3NXjW, rotatable=false, timeouts={implicit=0.0, pageLoad=300000.0, script=30000.0}, pageLoadStrategy=normal, platform=ANY, specificationLevel=0.0, moz:accessibilityChecks=false, acceptInsecureCerts=false, browserVersion=54.0, platformVersion=10.0, moz:processID=6760.0, browserName=firefox, javascriptEnabled=true, platformName=windows_nt}]
Session ID: 7a37d890-fb96-4f64-8db8-dbd813d3a727
*** Element info: {Using=xpath, value=//button[contains(translate(text(),'ABCDEFGHIJKLMNOPQRSTUVWXYZ','abcdefghijklmnopqrstuvwxyz'),'submit to supervisor') and not(contains(@class, 'button-disabled'))]}
	at sun.reflect.NativeConstructorAccessorImpl.newInstance0(Native Method)
	at sun.reflect.NativeConstructorAccessorImpl.newInstance(Unknown Source)
	at sun.reflect.DelegatingConstructorAccessorImpl.newInstance(Unknown Source)
	at java.lang.reflect.Constructor.newInstance(Unknown Source)
	at org.openqa.selenium.remote.http.W3CHttpResponseCodec.createException(W3CHttpResponseCodec.java:150)
	at org.openqa.selenium.remote.http.W3CHttpResponseCodec.decode(W3CHttpResponseCodec.java:115)
	at org.openqa.selenium.remote.http.W3CHttpResponseCodec.decode(W3CHttpResponseCodec.java:45)
	at org.openqa.selenium.remote.HttpCommandExecutor.execute(HttpCommandExecutor.java:164)
	at org.openqa.selenium.remote.service.DriverCommandExecutor.execute(DriverCommandExecutor.java:82)
	at org.openqa.selenium.remote.RemoteWebDriver.execute(RemoteWebDriver.java:637)
	at org.openqa.selenium.remote.RemoteWebDriver.findElements(RemoteWebDriver.java:437)
	at org.openqa.selenium.remote.RemoteWebDriver.findElementsByXPath(RemoteWebDriver.java:513)
	at org.openqa.selenium.By$ByXPath.findElements(By.java:356)
	at org.openqa.selenium.remote.RemoteWebDriver.findElements(RemoteWebDriver.java:398)
	at org.openqa.selenium.support.ui.ExpectedConditions.findElement(ExpectedConditions.java:882)
	at org.openqa.selenium.support.ui.ExpectedConditions.access$000(ExpectedConditions.java:44)
	at org.openqa.selenium.support.ui.ExpectedConditions$6.apply(ExpectedConditions.java:183)
	at org.openqa.selenium.support.ui.ExpectedConditions$6.apply(ExpectedConditions.java:180)
	at org.openqa.selenium.support.ui.FluentWait.until(FluentWait.java:209)
	at com.appiancorp.ps.automatedtest.tempo.interfaces.TempoButton.waitFor(TempoButton.java:52)
	at com.appiancorp.ps.automatedtest.fixture.TempoFixture.clickOnButton(TempoFixture.java:1489)
	at sun.reflect.NativeMethodAccessorImpl.invoke0(Native Method)
	at sun.reflect.NativeMethodAccessorImpl.invoke(Unknown Source)
	at sun.reflect.DelegatingMethodAccessorImpl.invoke(Unknown Source)
	at java.lang.reflect.Method.invoke(Unknown Source)
	at fitnesse.slim.fixtureInteraction.DefaultInteraction.methodInvoke(DefaultInteraction.java:81)
	at fitnesse.slim.MethodExecutor.callMethod(MethodExecutor.java:57)
	at fitnesse.slim.MethodExecutor.invokeMethod(MethodExecutor.java:38)
	at fitnesse.slim.MethodExecutor.findAndInvoke(MethodExecutor.java:72)
	at fitnesse.slim.FixtureMethodExecutor.execute(FixtureMethodExecutor.java:20)
	at fitnesse.slim.StatementExecutor.getMethodExecutionResult(StatementExecutor.java:135)
	at fitnesse.slim.StatementExecutor.call(StatementExecutor.java:108)
	at fitnesse.slim.instructions.CallInstruction.executeInternal(CallInstruction.java:35)
	at fitnesse.slim.instructions.Instruction.execute(Instruction.java:29)
	at fitnesse.slim.ListExecutor$Executive.executeStatement(ListExecutor.java:49)
	at fitnesse.slim.ListExecutor$Executive.executeStatements(ListExecutor.java:43)
	at fitnesse.slim.ListExecutor.execute(ListExecutor.java:85)
	at fitnesse.slim.SlimServer.executeInstructions(SlimServer.java:84)
	at fitnesse.slim.SlimServer.processOneSetOfInstructions(SlimServer.java:77)
	at fitnesse.slim.SlimServer.tryProcessInstructions(SlimServer.java:64)
	at fitnesse.slim.SlimServer.serve(SlimServer.java:49)
	at fitnesse.slim.SlimService.handle(SlimService.java:154)
	at fitnesse.slim.SlimService.acceptOne(SlimService.java:162)
	at fitnesse.slim.SlimService.accept(SlimService.java:124)
	at fitnesse.slim.SlimService.startWithFactory(SlimService.java:76)
	at fitnesse.slim.SlimService.main(SlimService.java:56)
</stdOut>
    <stdErr>1508867410290	geckodriver	INFO	geckodriver 0.18.0
1508867410297	geckodriver	INFO	Listening on 127.0.0.1:16252
1508867410981	geckodriver::marionette	INFO	Starting browser C:\Program Files (x86)\Mozilla Firefox\firefox.exe with args ["-marionette"]
1508867411403	addons.manager	DEBUG	Application has been upgraded
1508867411435	addons.manager	DEBUG	Loaded provider scope for resource://gre/modules/addons/XPIProvider.jsm: ["XPIProvider"]
1508867411437	addons.manager	DEBUG	Loaded provider scope for resource://gre/modules/LightweightThemeManager.jsm: ["LightweightThemeManager"]
1508867411441	addons.manager	DEBUG	Loaded provider scope for resource://gre/modules/addons/GMPProvider.jsm
1508867411443	addons.manager	DEBUG	Loaded provider scope for resource://gre/modules/addons/PluginProvider.jsm
1508867411443	addons.manager	DEBUG	Starting provider: XPIProvider
1508867411444	addons.xpi	DEBUG	startup
1508867411445	addons.xpi	INFO	Removing all system add-on upgrades.
1508867411445	addons.xpi	INFO	SystemAddonInstallLocation directory is missing
1508867411446	addons.xpi	INFO	Mapping aushelper@mozilla.org to C:\Program Files (x86)\Mozilla Firefox\browser\features\aushelper@mozilla.org.xpi
1508867411447	addons.xpi	INFO	Mapping e10srollout@mozilla.org to C:\Program Files (x86)\Mozilla Firefox\browser\features\e10srollout@mozilla.org.xpi
1508867411447	addons.xpi	INFO	Mapping firefox@getpocket.com to C:\Program Files (x86)\Mozilla Firefox\browser\features\firefox@getpocket.com.xpi
1508867411447	addons.xpi	INFO	Mapping screenshots@mozilla.org to C:\Program Files (x86)\Mozilla Firefox\browser\features\screenshots@mozilla.org.xpi
1508867411448	addons.xpi	INFO	Mapping webcompat@mozilla.org to C:\Program Files (x86)\Mozilla Firefox\browser\features\webcompat@mozilla.org.xpi
1508867411448	addons.xpi	INFO	Mapping {972ce4c6-7e08-4474-a285-3208198ce6fd} to C:\Program Files (x86)\Mozilla Firefox\browser\extensions\{972ce4c6-7e08-4474-a285-3208198ce6fd}.xpi
1508867411449	addons.xpi	DEBUG	checkForChanges
1508867411449	addons.xpi	INFO	SystemAddonInstallLocation directory is missing
1508867411449	addons.xpi	DEBUG	Loaded add-on state from prefs: {}
1508867411450	addons.xpi	DEBUG	New add-on aushelper@mozilla.org in app-system-defaults
1508867411451	addons.xpi	DEBUG	getModTime: Recursive scan of aushelper@mozilla.org
1508867411451	addons.xpi	DEBUG	New add-on e10srollout@mozilla.org in app-system-defaults
1508867411452	addons.xpi	DEBUG	getModTime: Recursive scan of e10srollout@mozilla.org
1508867411452	addons.xpi	DEBUG	New add-on firefox@getpocket.com in app-system-defaults
1508867411453	addons.xpi	DEBUG	getModTime: Recursive scan of firefox@getpocket.com
1508867411453	addons.xpi	DEBUG	New add-on screenshots@mozilla.org in app-system-defaults
1508867411453	addons.xpi	DEBUG	getModTime: Recursive scan of screenshots@mozilla.org
1508867411454	addons.xpi	DEBUG	New add-on webcompat@mozilla.org in app-system-defaults
1508867411454	addons.xpi	DEBUG	getModTime: Recursive scan of webcompat@mozilla.org
1508867411455	addons.xpi	DEBUG	New add-on {972ce4c6-7e08-4474-a285-3208198ce6fd} in app-global
1508867411455	addons.xpi	DEBUG	getModTime: Recursive scan of {972ce4c6-7e08-4474-a285-3208198ce6fd}
1508867411455	addons.xpi	DEBUG	getInstallState changed: true, state: {"app-system-defaults":{"aushelper@mozilla.org":{"d":"C:\\Program Files (x86)\\Mozilla Firefox\\browser\\features\\aushelper@mozilla.org.xpi","st":1496949712000},"e10srollout@mozilla.org":{"d":"C:\\Program Files (x86)\\Mozilla Firefox\\browser\\features\\e10srollout@mozilla.org.xpi","st":1496949712000},"firefox@getpocket.com":{"d":"C:\\Program Files (x86)\\Mozilla Firefox\\browser\\features\\firefox@getpocket.com.xpi","st":1496949713000},"screenshots@mozilla.org":{"d":"C:\\Program Files (x86)\\Mozilla Firefox\\browser\\features\\screenshots@mozilla.org.xpi","st":1496949713000},"webcompat@mozilla.org":{"d":"C:\\Program Files (x86)\\Mozilla Firefox\\browser\\features\\webcompat@mozilla.org.xpi","st":1496949712000}},"app-global":{"{972ce4c6-7e08-4474-a285-3208198ce6fd}":{"d":"C:\\Program Files (x86)\\Mozilla Firefox\\browser\\extensions\\{972ce4c6-7e08-4474-a285-3208198ce6fd}.xpi","st":1496949712000}}}
1508867411463	addons.xpi-utils	DEBUG	Opening XPI database C:\Users\marial\AppData\Local\Temp\2\rust_mozprofile.IbrjNMS3NXjW\extensions.json
1508867411465	addons.xpi-utils	DEBUG	New add-on aushelper@mozilla.org installed in app-system-defaults
*** Blocklist::_loadBlocklistFromFile: blocklist is disabled
1508867411474	DeferredSave.extensions.json	DEBUG	Save changes
1508867411474	addons.xpi-utils	DEBUG	New add-on e10srollout@mozilla.org installed in app-system-defaults
1508867411478	DeferredSave.extensions.json	DEBUG	Starting timer
1508867411480	DeferredSave.extensions.json	DEBUG	Save changes
1508867411480	addons.xpi-utils	DEBUG	New add-on firefox@getpocket.com installed in app-system-defaults
1508867411487	DeferredSave.extensions.json	DEBUG	Save changes
1508867411487	addons.xpi-utils	DEBUG	New add-on screenshots@mozilla.org installed in app-system-defaults
1508867411492	DeferredSave.extensions.json	DEBUG	Save changes
1508867411493	addons.xpi-utils	DEBUG	New add-on webcompat@mozilla.org installed in app-system-defaults
1508867411498	DeferredSave.extensions.json	DEBUG	Save changes
1508867411498	addons.xpi-utils	DEBUG	New add-on {972ce4c6-7e08-4474-a285-3208198ce6fd} installed in app-global
1508867411502	DeferredSave.extensions.json	DEBUG	Save changes
1508867411503	addons.manager	DEBUG	Registering startup change 'installed' for aushelper@mozilla.org
1508867411512	addons.xpi	DEBUG	Loading bootstrap scope from C:\Program Files (x86)\Mozilla Firefox\browser\features\aushelper@mozilla.org.xpi
1508867411516	addons.xpi	DEBUG	Calling bootstrap method install on aushelper@mozilla.org version 2.0
1508867411516	addons.xpi-utils	DEBUG	Make addon app-system-defaults:aushelper@mozilla.org visible
1508867411517	DeferredSave.extensions.json	DEBUG	Save changes
1508867411517	addons.manager	DEBUG	Registering startup change 'installed' for e10srollout@mozilla.org
1508867411518	addons.xpi	DEBUG	Loading bootstrap scope from C:\Program Files (x86)\Mozilla Firefox\browser\features\e10srollout@mozilla.org.xpi
1508867411520	addons.xpi	DEBUG	Calling bootstrap method install on e10srollout@mozilla.org version 1.50
1508867411521	addons.xpi-utils	DEBUG	Make addon app-system-defaults:e10srollout@mozilla.org visible
1508867411522	DeferredSave.extensions.json	DEBUG	Save changes
1508867411522	addons.manager	DEBUG	Registering startup change 'installed' for firefox@getpocket.com
1508867411523	addons.xpi	DEBUG	Loading bootstrap scope from C:\Program Files (x86)\Mozilla Firefox\browser\features\firefox@getpocket.com.xpi
1508867411526	addons.xpi	DEBUG	Calling bootstrap method install on firefox@getpocket.com version 1.0.5
1508867411526	addons.xpi-utils	DEBUG	Make addon app-system-defaults:firefox@getpocket.com visible
1508867411527	DeferredSave.extensions.json	DEBUG	Save changes
1508867411527	addons.manager	DEBUG	Registering startup change 'installed' for screenshots@mozilla.org
1508867411527	addons.xpi	DEBUG	Loading bootstrap scope from C:\Program Files (x86)\Mozilla Firefox\browser\features\screenshots@mozilla.org.xpi
1508867411529	addons.xpi	DEBUG	Calling bootstrap method install on screenshots@mozilla.org version 6.6.0
1508867411530	addons.xpi-utils	DEBUG	Make addon app-system-defaults:screenshots@mozilla.org visible
1508867411530	DeferredSave.extensions.json	DEBUG	Save changes
1508867411530	addons.manager	DEBUG	Registering startup change 'installed' for webcompat@mozilla.org
1508867411531	addons.xpi	DEBUG	Loading bootstrap scope from C:\Program Files (x86)\Mozilla Firefox\browser\features\webcompat@mozilla.org.xpi
1508867411533	addons.xpi	DEBUG	Calling bootstrap method install on webcompat@mozilla.org version 1.1
1508867411533	addons.xpi-utils	DEBUG	Make addon app-system-defaults:webcompat@mozilla.org visible
1508867411533	DeferredSave.extensions.json	DEBUG	Save changes
1508867411533	addons.xpi-utils	DEBUG	Make addon app-global:{972ce4c6-7e08-4474-a285-3208198ce6fd} visible
1508867411534	DeferredSave.extensions.json	DEBUG	Save changes
1508867411534	addons.xpi	DEBUG	Updating XPIState for {"id":"aushelper@mozilla.org","syncGUID":"{bf74bb1c-e8cd-4437-8594-f4101d2e6b75}","location":"app-system-defaults","version":"2.0","type":"extension","internalName":null,"updateURL":null,"updateKey":null,"optionsURL":null,"optionsType":null,"aboutURL":null,"icons":{},"iconURL":null,"icon64URL":null,"defaultLocale":{"name":"Application Update Service Helper","description":"Sets value(s) in the update url based on custom checks.","creator":null,"homepageURL":null},"visible":true,"active":true,"userDisabled":false,"appDisabled":false,"descriptor":"C:\\Program Files (x86)\\Mozilla Firefox\\browser\\features\\aushelper@mozilla.org.xpi","installDate":1496949712000,"updateDate":1496949712000,"applyBackgroundUpdates":1,"bootstrap":true,"skinnable":false,"size":8486,"sourceURI":null,"releaseNotesURI":null,"softDisabled":false,"foreignInstall":false,"hasBinaryComponents":false,"strictCompatibility":false,"locales":[],"targetApplications":[{"id":"{ec8030f7-c20a-464f-9b0e-13a3a9e97384}","minVersion":"54.0","maxVersion":"54.*"}],"targetPlatforms":[],"multiprocessCompatible":true,"seen":true,"dependencies":[],"hasEmbeddedWebExtension":false,"mpcOptedOut":false,"userPermissions":null}
1508867411534	addons.xpi	DEBUG	getModTime: Recursive scan of aushelper@mozilla.org
1508867411535	addons.xpi	DEBUG	Updating XPIState for {"id":"e10srollout@mozilla.org","syncGUID":"{8221e28c-def5-4c8e-9014-43a44b189a08}","location":"app-system-defaults","version":"1.50","type":"extension","internalName":null,"updateURL":null,"updateKey":null,"optionsURL":null,"optionsType":null,"aboutURL":null,"icons":{},"iconURL":null,"icon64URL":null,"defaultLocale":{"name":"Multi-process staged rollout","description":"Staged rollout of Firefox multi-process feature.","creator":null,"homepageURL":null},"visible":true,"active":true,"userDisabled":false,"appDisabled":false,"descriptor":"C:\\Program Files (x86)\\Mozilla Firefox\\browser\\features\\e10srollout@mozilla.org.xpi","installDate":1496949712000,"updateDate":1496949712000,"applyBackgroundUpdates":1,"bootstrap":true,"skinnable":false,"size":12517,"sourceURI":null,"releaseNotesURI":null,"softDisabled":false,"foreignInstall":false,"hasBinaryComponents":false,"strictCompatibility":false,"locales":[],"targetApplications":[{"id":"{ec8030f7-c20a-464f-9b0e-13a3a9e97384}","minVersion":"54.0","maxVersion":"54.*"}],"targetPlatforms":[],"multiprocessCompatible":true,"seen":true,"dependencies":[],"hasEmbeddedWebExtension":false,"mpcOptedOut":false,"userPermissions":null}
1508867411535	addons.xpi	DEBUG	getModTime: Recursive scan of e10srollout@mozilla.org
1508867411535	addons.xpi	DEBUG	Updating XPIState for {"id":"firefox@getpocket.com","syncGUID":"{9dc3098f-60dc-4ecf-aaec-5ed4a2c0fbd5}","location":"app-system-defaults","version":"1.0.5","type":"extension","internalName":null,"updateURL":null,"updateKey":null,"optionsURL":null,"optionsType":null,"aboutURL":null,"icons":{},"iconURL":null,"icon64URL":null,"defaultLocale":{"name":"Pocket","description":"When you find something you want to view later, put it in Pocket.","creator":null,"homepageURL":null},"visible":true,"active":true,"userDisabled":false,"appDisabled":false,"descriptor":"C:\\Program Files (x86)\\Mozilla Firefox\\browser\\features\\firefox@getpocket.com.xpi","installDate":1496949713000,"updateDate":1496949713000,"applyBackgroundUpdates":1,"bootstrap":true,"skinnable":false,"size":913904,"sourceURI":null,"releaseNotesURI":null,"softDisabled":false,"foreignInstall":false,"hasBinaryComponents":false,"strictCompatibility":false,"locales":[],"targetApplications":[{"id":"{ec8030f7-c20a-464f-9b0e-13a3a9e97384}","minVersion":"54.0","maxVersion":"54.*"}],"targetPlatforms":[],"multiprocessCompatible":true,"seen":true,"dependencies":[],"hasEmbeddedWebExtension":false,"mpcOptedOut":false,"userPermissions":null}
1508867411535	addons.xpi	DEBUG	getModTime: Recursive scan of firefox@getpocket.com
1508867411536	addons.xpi	DEBUG	Updating XPIState for {"id":"screenshots@mozilla.org","syncGUID":"{6478b1d4-1297-4814-a77b-a94804f0258c}","location":"app-system-defaults","version":"6.6.0","type":"extension","internalName":null,"updateURL":null,"updateKey":null,"optionsURL":null,"optionsType":null,"aboutURL":null,"icons":{},"iconURL":null,"icon64URL":null,"defaultLocale":{"name":"Firefox Screenshots","description":null,"creator":null,"homepageURL":"https://pageshot.net/"},"visible":true,"active":true,"userDisabled":false,"appDisabled":false,"descriptor":"C:\\Program Files (x86)\\Mozilla Firefox\\browser\\features\\screenshots@mozilla.org.xpi","installDate":1496949713000,"updateDate":1496949713000,"applyBackgroundUpdates":1,"bootstrap":true,"skinnable":false,"size":716271,"sourceURI":null,"releaseNotesURI":null,"softDisabled":false,"foreignInstall":false,"hasBinaryComponents":false,"strictCompatibility":false,"locales":[],"targetApplications":[{"id":"{ec8030f7-c20a-464f-9b0e-13a3a9e97384}","minVersion":"51.0a1","maxVersion":"*"}],"targetPlatforms":[],"multiprocessCompatible":true,"seen":true,"dependencies":[],"hasEmbeddedWebExtension":false,"mpcOptedOut":false,"userPermissions":null}
1508867411536	addons.xpi	DEBUG	getModTime: Recursive scan of screenshots@mozilla.org
1508867411536	addons.xpi	DEBUG	Updating XPIState for {"id":"webcompat@mozilla.org","syncGUID":"{181532d2-f9a9-4c72-b65f-502fcf2890a2}","location":"app-system-defaults","version":"1.1","type":"extension","internalName":null,"updateURL":null,"updateKey":null,"optionsURL":null,"optionsType":null,"aboutURL":null,"icons":{},"iconURL":null,"icon64URL":null,"defaultLocale":{"name":"Web Compat","description":"Urgent post-release fixes for web compatibility.","creator":null,"homepageURL":null},"visible":true,"active":true,"userDisabled":false,"appDisabled":false,"descriptor":"C:\\Program Files (x86)\\Mozilla Firefox\\browser\\features\\webcompat@mozilla.org.xpi","installDate":1496949712000,"updateDate":1496949712000,"applyBackgroundUpdates":1,"bootstrap":true,"skinnable":false,"size":9004,"sourceURI":null,"releaseNotesURI":null,"softDisabled":false,"foreignInstall":false,"hasBinaryComponents":false,"strictCompatibility":false,"locales":[],"targetApplications":[{"id":"{ec8030f7-c20a-464f-9b0e-13a3a9e97384}","minVersion":"54.0","maxVersion":"54.*"}],"targetPlatforms":[],"multiprocessCompatible":true,"seen":true,"dependencies":[],"hasEmbeddedWebExtension":false,"mpcOptedOut":false,"userPermissions":null}
1508867411537	addons.xpi	DEBUG	getModTime: Recursive scan of webcompat@mozilla.org
1508867411537	addons.xpi	DEBUG	Updating XPIState for {"id":"{972ce4c6-7e08-4474-a285-3208198ce6fd}","syncGUID":"{c8130531-6c79-4304-be39-327ba0742f36}","location":"app-global","version":"54.0","type":"theme","internalName":"classic/1.0","updateURL":null,"updateKey":null,"optionsURL":null,"optionsType":null,"aboutURL":null,"icons":{},"iconURL":"chrome://browser/content/default-theme-icon.svg","icon64URL":null,"defaultLocale":{"name":"Default","description":"The default theme.","creator":"Mozilla","homepageURL":null,"contributors":["Mozilla Contributors"]},"visible":true,"active":true,"userDisabled":false,"appDisabled":false,"descriptor":"C:\\Program Files (x86)\\Mozilla Firefox\\browser\\extensions\\{972ce4c6-7e08-4474-a285-3208198ce6fd}.xpi","installDate":1496949712000,"updateDate":1496949712000,"applyBackgroundUpdates":1,"skinnable":true,"size":8201,"sourceURI":null,"releaseNotesURI":null,"softDisabled":false,"foreignInstall":false,"hasBinaryComponents":false,"strictCompatibility":true,"locales":[],"targetApplications":[{"id":"{ec8030f7-c20a-464f-9b0e-13a3a9e97384}","minVersion":"54.0","maxVersion":"54.0"}],"targetPlatforms":[],"seen":true,"dependencies":[],"hasEmbeddedWebExtension":false,"userPermissions":null}
1508867411537	addons.xpi	DEBUG	getModTime: Recursive scan of {972ce4c6-7e08-4474-a285-3208198ce6fd}
1508867411538	DeferredSave.extensions.json	DEBUG	Save changes
1508867411538	addons.xpi	DEBUG	Updating database with changes to installed add-ons
1508867411538	addons.xpi-utils	DEBUG	Updating add-on states
1508867411539	addons.xpi-utils	DEBUG	Writing add-ons list
1508867411543	addons.xpi	DEBUG	Registering manifest for C:\Program Files (x86)\Mozilla Firefox\browser\features\aushelper@mozilla.org.xpi
1508867411544	addons.xpi	DEBUG	Calling bootstrap method startup on aushelper@mozilla.org version 2.0
1508867411545	addons.xpi	DEBUG	Registering manifest for C:\Program Files (x86)\Mozilla Firefox\browser\features\e10srollout@mozilla.org.xpi
1508867411546	addons.xpi	DEBUG	Calling bootstrap method startup on e10srollout@mozilla.org version 1.50
1508867411546	addons.xpi	DEBUG	Registering manifest for C:\Program Files (x86)\Mozilla Firefox\browser\features\firefox@getpocket.com.xpi
1508867411547	addons.xpi	DEBUG	Calling bootstrap method startup on firefox@getpocket.com version 1.0.5
1508867411548	addons.xpi	DEBUG	Registering manifest for C:\Program Files (x86)\Mozilla Firefox\browser\features\screenshots@mozilla.org.xpi
1508867411548	addons.xpi	DEBUG	Calling bootstrap method startup on screenshots@mozilla.org version 6.6.0
1508867411549	addons.xpi	DEBUG	Registering manifest for C:\Program Files (x86)\Mozilla Firefox\browser\features\webcompat@mozilla.org.xpi
1508867411549	addons.xpi	DEBUG	Calling bootstrap method startup on webcompat@mozilla.org version 1.1
1508867411554	addons.manager	DEBUG	Registering shutdown blocker for XPIProvider
1508867411555	addons.manager	DEBUG	Provider finished startup: XPIProvider
1508867411555	addons.manager	DEBUG	Starting provider: LightweightThemeManager
1508867411556	addons.manager	DEBUG	Registering shutdown blocker for LightweightThemeManager
1508867411556	addons.manager	DEBUG	Provider finished startup: LightweightThemeManager
1508867411556	addons.manager	DEBUG	Starting provider: GMPProvider
1508867411561	addons.manager	DEBUG	Registering shutdown blocker for GMPProvider
1508867411562	addons.manager	DEBUG	Provider finished startup: GMPProvider
1508867411562	addons.manager	DEBUG	Starting provider: PluginProvider
1508867411562	addons.manager	DEBUG	Registering shutdown blocker for PluginProvider
1508867411562	addons.manager	DEBUG	Provider finished startup: PluginProvider
1508867411562	addons.manager	DEBUG	Completed startup sequence
1508867411903	addons.manager	DEBUG	Starting provider: &lt;unnamed-provider&gt;
1508867411903	addons.manager	DEBUG	Registering shutdown blocker for &lt;unnamed-provider&gt;
1508867411903	addons.manager	DEBUG	Provider finished startup: &lt;unnamed-provider&gt;
1508867411924	addons.manager	DEBUG	Starting provider: PreviousExperimentProvider
1508867411924	addons.manager	DEBUG	Registering shutdown blocker for PreviousExperimentProvider
1508867411924	addons.manager	DEBUG	Provider finished startup: PreviousExperimentProvider
1508867411928	DeferredSave.extensions.json	DEBUG	Starting write
1508867412197	DeferredSave.extensions.json	DEBUG	Write succeeded
1508867412197	addons.xpi-utils	DEBUG	XPI Database saved, setting schema version preference to 19
1508867413606	Marionette	INFO	Listening on port 52729
[GPU 7632] WARNING: pipe error: 109: file c:/builds/moz2_slave/m-rel-w32-00000000000000000000/build/src/ipc/chromium/src/chrome/common/ipc_channel_win.cc, line 346
1508867414171	Marionette	DEBUG	loaded listener.js
Oct 24, 2017 1:50:14 PM org.openqa.selenium.remote.ProtocolHandshake createSession
INFO: Detected dialect: W3C
1508867415378	Marionette	DEBUG	Received DOM event "beforeunload" for "about:blank"
1508867415586	Marionette	DEBUG	Received DOM event "pagehide" for "about:blank"
1508867415586	Marionette	DEBUG	Received DOM event "unload" for "about:blank"
1508867415721	Marionette	DEBUG	Received DOM event "DOMContentLoaded" for "https://usftest.appiancloud.com/suite/portal/login.jsp"
1508867415785	Marionette	DEBUG	Received DOM event "pageshow" for "https://usftest.appiancloud.com/suite/portal/login.jsp"
1508867416116	Marionette	DEBUG	Received DOM event "beforeunload" for "https://usftest.appiancloud.com/suite/portal/login.jsp"
1508867416677	Marionette	DEBUG	Received DOM event "pagehide" for "https://usftest.appiancloud.com/suite/portal/login.jsp"
1508867416678	Marionette	DEBUG	Received DOM event "unload" for "https://usftest.appiancloud.com/suite/portal/login.jsp"
1508867416701	Marionette	DEBUG	Received DOM event "DOMContentLoaded" for "https://usftest.appiancloud.com/suite/tempo/reports/all"
1508867416711	Marionette	DEBUG	Received DOM event "pageshow" for "https://usftest.appiancloud.com/suite/tempo/reports/all"
1508867416926	Marionette	DEBUG	Received DOM event "pageshow" for "https://usftest.appiancloud.com/suite/tempo/reports/all"
1508867416943	Marionette	DEBUG	Received DOM event "pageshow" for "https://usftest.appiancloud.com/suite/tempo/reports/all"
1508867416971	Marionette	DEBUG	Received DOM event "DOMContentLoaded" for "https://usftest.appiancloud.com/suite/tempo/reports/all"
1508867416975	Marionette	DEBUG	Received DOM event "DOMContentLoaded" for "https://usftest.appiancloud.com/suite/tempo/reports/all"
1508867416979	Marionette	DEBUG	Received DOM event "DOMContentLoaded" for "https://usftest.appiancloud.com/suite/tempo/reports/all"
1508867416980	Marionette	DEBUG	Received DOM event "pageshow" for "https://usftest.appiancloud.com/suite/tempo/reports/all"
1508867417461	Marionette	DEBUG	Received DOM event "pageshow" for "https://usftest.appiancloud.com/suite/tempo/reports/all"
1508867417475	Marionette	DEBUG	Received DOM event "pageshow" for "https://usftest.appiancloud.com/suite/tempo/reports/all"
JavaScript warning: https://usftest.appiancloud.com/suite/tempo/ui/sail-client/embeddedApp-e24a2ea2bef42a07ffb2.cache.js, line 185: unreachable code after return statement
1508867420902	Marionette	DEBUG	Canceled page load listener because no navigation has been detected
1508867422024	Marionette	DEBUG	Canceled page load listener because no navigation has been detected
1508867423379	Marionette	DEBUG	Canceled page load listener because no navigation has been detected
1508867424476	Marionette	DEBUG	Canceled page load listener because no navigation has been detected
1508867425548	Marionette	DEBUG	Canceled page load listener because no navigation has been detected
1508867428747	Marionette	DEBUG	Canceled page load listener because no navigation has been detected
1508867434085	Marionette	DEBUG	Canceled page load listener because no navigation has been detected
1508867434580	Marionette	DEBUG	Canceled page load listener because no navigation has been detected
1508867436071	Marionette	DEBUG	Canceled page load listener because no navigation has been detected
1508867437147	Marionette	DEBUG	Canceled page load listener because no navigation has been detected
1508867439410	addons.xpi	DEBUG	Calling bootstrap method shutdown on webcompat@mozilla.org version 1.1
1508867439411	addons.xpi	DEBUG	Calling bootstrap method shutdown on screenshots@mozilla.org version 6.6.0
1508867439411	addons.xpi	DEBUG	Calling bootstrap method shutdown on firefox@getpocket.com version 1.0.5
1508867439413	addons.xpi	DEBUG	Calling bootstrap method shutdown on e10srollout@mozilla.org version 1.50
1508867439414	addons.xpi	DEBUG	Calling bootstrap method shutdown on aushelper@mozilla.org version 2.0
[GPU 7632] WARNING: pipe error: 109: file c:/builds/moz2_slave/m-rel-w32-00000000000000000000/build/src/ipc/chromium/src/chrome/common/ipc_channel_win.cc, line 346
[Child 3564] WARNING: pipe error: 109: file c:/builds/moz2_slave/m-rel-w32-00000000000000000000/build/src/ipc/chromium/src/chrome/common/ipc_channel_win.cc, line 346
[Child 3564] WARNING: pipe error: 109: file c:/builds/moz2_slave/m-rel-w32-00000000000000000000/build/src/ipc/chromium/src/chrome/common/ipc_channel_win.cc, line 346
Oct 24, 2017 1:50:39 PM org.openqa.selenium.support.ui.ExpectedConditions findElement
WARNING: WebDriverException thrown by findElement(By.xpath: //*[(self::label or self::span) and starts-with(translate(text(),'ABCDEFGHIJKLMNOPQRSTUVWXYZ','abcdefghijklmnopqrstuvwxyz'),'comment')]/ancestor::div[contains(@class, 'FieldLayout---field_layout')])
org.openqa.selenium.WebDriverException: Failed to decode response from marionette
Build info: version: '3.4.0', revision: 'unknown', time: 'unknown'
System info: host: 'FITNESSE', ip: '10.119.38.100', os.name: 'Windows Server 2016', os.arch: 'x86', os.version: '10.0', java.version: '1.8.0_144'
Driver info: org.openqa.selenium.firefox.FirefoxDriver
Capabilities [{moz:profile=C:\Users\marial\AppData\Local\Temp\2\rust_mozprofile.IbrjNMS3NXjW, rotatable=false, timeouts={implicit=0.0, pageLoad=300000.0, script=30000.0}, pageLoadStrategy=normal, platform=ANY, specificationLevel=0.0, moz:accessibilityChecks=false, acceptInsecureCerts=false, browserVersion=54.0, platformVersion=10.0, moz:processID=6760.0, browserName=firefox, javascriptEnabled=true, platformName=windows_nt}]
Session ID: 7a37d890-fb96-4f64-8db8-dbd813d3a727
*** Element info: {Using=xpath, value=//*[(self::label or self::span) and starts-with(translate(text(),'ABCDEFGHIJKLMNOPQRSTUVWXYZ','abcdefghijklmnopqrstuvwxyz'),'comment')]/ancestor::div[contains(@class, 'FieldLayout---field_layout')]}
	at sun.reflect.NativeConstructorAccessorImpl.newInstance0(Native Method)
	at sun.reflect.NativeConstructorAccessorImpl.newInstance(Unknown Source)
	at sun.reflect.DelegatingConstructorAccessorImpl.newInstance(Unknown Source)
	at java.lang.reflect.Constructor.newInstance(Unknown Source)
	at org.openqa.selenium.remote.http.W3CHttpResponseCodec.createException(W3CHttpResponseCodec.java:150)
	at org.openqa.selenium.remote.http.W3CHttpResponseCodec.decode(W3CHttpResponseCodec.java:115)
	at org.openqa.selenium.remote.http.W3CHttpResponseCodec.decode(W3CHttpResponseCodec.java:45)
	at org.openqa.selenium.remote.HttpCommandExecutor.execute(HttpCommandExecutor.java:164)
	at org.openqa.selenium.remote.service.DriverCommandExecutor.execute(DriverCommandExecutor.java:82)
	at org.openqa.selenium.remote.RemoteWebDriver.execute(RemoteWebDriver.java:637)
	at org.openqa.selenium.remote.RemoteWebDriver.findElements(RemoteWebDriver.java:437)
	at org.openqa.selenium.remote.RemoteWebDriver.findElementsByXPath(RemoteWebDriver.java:513)
	at org.openqa.selenium.By$ByXPath.findElements(By.java:356)
	at org.openqa.selenium.remote.RemoteWebDriver.findElements(RemoteWebDriver.java:398)
	at org.openqa.selenium.support.ui.ExpectedConditions.findElement(ExpectedConditions.java:882)
	at org.openqa.selenium.support.ui.ExpectedConditions.access$000(ExpectedConditions.java:44)
	at org.openqa.selenium.support.ui.ExpectedConditions$7.apply(ExpectedConditions.java:206)
	at org.openqa.selenium.support.ui.ExpectedConditions$7.apply(ExpectedConditions.java:202)
	at org.openqa.selenium.support.ui.FluentWait.until(FluentWait.java:209)
	at com.appiancorp.ps.automatedtest.tempo.interfaces.AbstractTempoField.waitFor(AbstractTempoField.java:59)
	at com.appiancorp.ps.automatedtest.fixture.TempoFixture.populateFieldWith(TempoFixture.java:787)
	at sun.reflect.NativeMethodAccessorImpl.invoke0(Native Method)
	at sun.reflect.NativeMethodAccessorImpl.invoke(Unknown Source)
	at sun.reflect.DelegatingMethodAccessorImpl.invoke(Unknown Source)
	at java.lang.reflect.Method.invoke(Unknown Source)
	at fitnesse.slim.fixtureInteraction.DefaultInteraction.methodInvoke(DefaultInteraction.java:81)
	at fitnesse.slim.MethodExecutor.callMethod(MethodExecutor.java:57)
	at fitnesse.slim.MethodExecutor.invokeMethod(MethodExecutor.java:38)
	at fitnesse.slim.MethodExecutor.findAndInvoke(MethodExecutor.java:72)
	at fitnesse.slim.FixtureMethodExecutor.execute(FixtureMethodExecutor.java:20)
	at fitnesse.slim.StatementExecutor.getMethodExecutionResult(StatementExecutor.java:135)
	at fitnesse.slim.StatementExecutor.call(StatementExecutor.java:108)
	at fitnesse.slim.instructions.CallInstruction.executeInternal(CallInstruction.java:35)
	at fitnesse.slim.instructions.Instruction.execute(Instruction.java:29)
	at fitnesse.slim.ListExecutor$Executive.executeStatement(ListExecutor.java:49)
	at fitnesse.slim.ListExecutor$Executive.executeStatements(ListExecutor.java:43)
	at fitnesse.slim.ListExecutor.execute(ListExecutor.java:85)
	at fitnesse.slim.SlimServer.executeInstructions(SlimServer.java:84)
	at fitnesse.slim.SlimServer.processOneSetOfInstructions(SlimServer.java:77)
	at fitnesse.slim.SlimServer.tryProcessInstructions(SlimServer.java:64)
	at fitnesse.slim.SlimServer.serve(SlimServer.java:49)
	at fitnesse.slim.SlimService.handle(SlimService.java:154)
	at fitnesse.slim.SlimService.acceptOne(SlimService.java:162)
	at fitnesse.slim.SlimService.accept(SlimService.java:124)
	at fitnesse.slim.SlimService.startWithFactory(SlimService.java:76)
	at fitnesse.slim.SlimService.main(SlimService.java:56)

org.openqa.selenium.WebDriverException: Failed to decode response from marionette
Build info: version: '3.4.0', revision: 'unknown', time: 'unknown'
System info: host: 'FITNESSE', ip: '10.119.38.100', os.name: 'Windows Server 2016', os.arch: 'x86', os.version: '10.0', java.version: '1.8.0_144'
Driver info: org.openqa.selenium.firefox.FirefoxDriver
Capabilities [{moz:profile=C:\Users\marial\AppData\Local\Temp\2\rust_mozprofile.IbrjNMS3NXjW, rotatable=false, timeouts={implicit=0.0, pageLoad=300000.0, script=30000.0}, pageLoadStrategy=normal, platform=ANY, specificationLevel=0.0, moz:accessibilityChecks=false, acceptInsecureCerts=false, browserVersion=54.0, platformVersion=10.0, moz:processID=6760.0, browserName=firefox, javascriptEnabled=true, platformName=windows_nt}]
Session ID: 7a37d890-fb96-4f64-8db8-dbd813d3a727
*** Element info: {Using=xpath, value=//*[(self::label or self::span) and starts-with(translate(text(),'ABCDEFGHIJKLMNOPQRSTUVWXYZ','abcdefghijklmnopqrstuvwxyz'),'comment')]/ancestor::div[contains(@class, 'FieldLayout---field_layout')]}
	at sun.reflect.NativeConstructorAccessorImpl.newInstance0(Native Method)
	at sun.reflect.NativeConstructorAccessorImpl.newInstance(Unknown Source)
	at sun.reflect.DelegatingConstructorAccessorImpl.newInstance(Unknown Source)
	at java.lang.reflect.Constructor.newInstance(Unknown Source)
	at org.openqa.selenium.remote.http.W3CHttpResponseCodec.createException(W3CHttpResponseCodec.java:150)
	at org.openqa.selenium.remote.http.W3CHttpResponseCodec.decode(W3CHttpResponseCodec.java:115)
	at org.openqa.selenium.remote.http.W3CHttpResponseCodec.decode(W3CHttpResponseCodec.java:45)
	at org.openqa.selenium.remote.HttpCommandExecutor.execute(HttpCommandExecutor.java:164)
	at org.openqa.selenium.remote.service.DriverCommandExecutor.execute(DriverCommandExecutor.java:82)
	at org.openqa.selenium.remote.RemoteWebDriver.execute(RemoteWebDriver.java:637)
	at org.openqa.selenium.remote.RemoteWebDriver.findElements(RemoteWebDriver.java:437)
	at org.openqa.selenium.remote.RemoteWebDriver.findElementsByXPath(RemoteWebDriver.java:513)
	at org.openqa.selenium.By$ByXPath.findElements(By.java:356)
	at org.openqa.selenium.remote.RemoteWebDriver.findElements(RemoteWebDriver.java:398)
	at org.openqa.selenium.support.ui.ExpectedConditions.findElement(ExpectedConditions.java:882)
	at org.openqa.selenium.support.ui.ExpectedConditions.access$000(ExpectedConditions.java:44)
	at org.openqa.selenium.support.ui.ExpectedConditions$7.apply(ExpectedConditions.java:206)
	at org.openqa.selenium.support.ui.ExpectedConditions$7.apply(ExpectedConditions.java:202)
	at org.openqa.selenium.support.ui.FluentWait.until(FluentWait.java:209)
	at com.appiancorp.ps.automatedtest.tempo.interfaces.AbstractTempoField.waitFor(AbstractTempoField.java:59)
	at com.appiancorp.ps.automatedtest.fixture.TempoFixture.populateFieldWith(TempoFixture.java:787)
	at sun.reflect.NativeMethodAccessorImpl.invoke0(Native Method)
	at sun.reflect.NativeMethodAccessorImpl.invoke(Unknown Source)
	at sun.reflect.DelegatingMethodAccessorImpl.invoke(Unknown Source)
	at java.lang.reflect.Method.invoke(Unknown Source)
	at fitnesse.slim.fixtureInteraction.DefaultInteraction.methodInvoke(DefaultInteraction.java:81)
	at fitnesse.slim.MethodExecutor.callMethod(MethodExecutor.java:57)
	at fitnesse.slim.MethodExecutor.invokeMethod(MethodExecutor.java:38)
	at fitnesse.slim.MethodExecutor.findAndInvoke(MethodExecutor.java:72)
	at fitnesse.slim.FixtureMethodExecutor.execute(FixtureMethodExecutor.java:20)
	at fitnesse.slim.StatementExecutor.getMethodExecutionResult(StatementExecutor.java:135)
	at fitnesse.slim.StatementExecutor.call(StatementExecutor.java:108)
	at fitnesse.slim.instructions.CallInstruction.executeInternal(CallInstruction.java:35)
	at fitnesse.slim.instructions.Instruction.execute(Instruction.java:29)
	at fitnesse.slim.ListExecutor$Executive.executeStatement(ListExecutor.java:49)
	at fitnesse.slim.ListExecutor$Executive.executeStatements(ListExecutor.java:43)
	at fitnesse.slim.ListExecutor.execute(ListExecutor.java:85)
	at fitnesse.slim.SlimServer.executeInstructions(SlimServer.java:84)
	at fitnesse.slim.SlimServer.processOneSetOfInstructions(SlimServer.java:77)
	at fitnesse.slim.SlimServer.tryProcessInstructions(SlimServer.java:64)
	at fitnesse.slim.SlimServer.serve(SlimServer.java:49)
	at fitnesse.slim.SlimService.handle(SlimService.java:154)
	at fitnesse.slim.SlimService.acceptOne(SlimService.java:162)
	at fitnesse.slim.SlimService.accept(SlimService.java:124)
	at fitnesse.slim.SlimService.startWithFactory(SlimService.java:76)
	at fitnesse.slim.SlimService.main(SlimService.java:56)
org.openqa.selenium.SessionNotCreatedException: Tried to run command without establishing a connection
Build info: version: '3.4.0', revision: 'unknown', time: 'unknown'
System info: host: 'FITNESSE', ip: '10.119.38.100', os.name: 'Windows Server 2016', os.arch: 'x86', os.version: '10.0', java.version: '1.8.0_144'
Driver info: org.openqa.selenium.firefox.FirefoxDriver
Capabilities [{moz:profile=C:\Users\marial\AppData\Local\Temp\2\rust_mozprofile.IbrjNMS3NXjW, rotatable=false, timeouts={implicit=0.0, pageLoad=300000.0, script=30000.0}, pageLoadStrategy=normal, platform=ANY, specificationLevel=0.0, moz:accessibilityChecks=false, acceptInsecureCerts=false, browserVersion=54.0, platformVersion=10.0, moz:processID=6760.0, browserName=firefox, javascriptEnabled=true, platformName=windows_nt}]
Session ID: 7a37d890-fb96-4f64-8db8-dbd813d3a727
*** Element info: {Using=xpath, value=((//table[contains(@class, '---table')])[1])[descendant::th[descendant::*[translate(text(),'ABCDEFGHIJKLMNOPQRSTUVWXYZ','abcdefghijklmnopqrstuvwxyz')='start date']]]/tbody/tr[1]/td[count((//table[contains(@class, '---table')])[1]/descendant::th[descendant::*[translate(text(),'ABCDEFGHIJKLMNOPQRSTUVWXYZ','abcdefghijklmnopqrstuvwxyz')='start date']]/preceding-sibling::th)+1]}
	at sun.reflect.NativeConstructorAccessorImpl.newInstance0(Native Method)
	at sun.reflect.NativeConstructorAccessorImpl.newInstance(Unknown Source)
	at sun.reflect.DelegatingConstructorAccessorImpl.newInstance(Unknown Source)
	at java.lang.reflect.Constructor.newInstance(Unknown Source)
	at org.openqa.selenium.remote.http.W3CHttpResponseCodec.createException(W3CHttpResponseCodec.java:150)
	at org.openqa.selenium.remote.http.W3CHttpResponseCodec.decode(W3CHttpResponseCodec.java:115)
	at org.openqa.selenium.remote.http.W3CHttpResponseCodec.decode(W3CHttpResponseCodec.java:45)
	at org.openqa.selenium.remote.HttpCommandExecutor.execute(HttpCommandExecutor.java:164)
	at org.openqa.selenium.remote.service.DriverCommandExecutor.execute(DriverCommandExecutor.java:82)
	at org.openqa.selenium.remote.RemoteWebDriver.execute(RemoteWebDriver.java:637)
	at org.openqa.selenium.remote.RemoteWebDriver.findElement(RemoteWebDriver.java:410)
	at org.openqa.selenium.remote.RemoteWebDriver.findElementByXPath(RemoteWebDriver.java:509)
	at org.openqa.selenium.By$ByXPath.findElement(By.java:361)
	at org.openqa.selenium.remote.RemoteWebDriver.findElement(RemoteWebDriver.java:402)
	at com.appiancorp.ps.automatedtest.tempo.interfaces.TempoGridCell.getWebElement(TempoGridCell.java:85)
	at com.appiancorp.ps.automatedtest.tempo.interfaces.TempoGridCell.getXpath(TempoGridCell.java:128)
	at com.appiancorp.ps.automatedtest.tempo.interfaces.TempoGridCell.waitFor(TempoGridCell.java:216)
	at com.appiancorp.ps.automatedtest.fixture.TempoFixture.populateGridColumnRowWith(TempoFixture.java:1146)
	at sun.reflect.NativeMethodAccessorImpl.invoke0(Native Method)
	at sun.reflect.NativeMethodAccessorImpl.invoke(Unknown Source)
	at sun.reflect.DelegatingMethodAccessorImpl.invoke(Unknown Source)
	at java.lang.reflect.Method.invoke(Unknown Source)
	at fitnesse.slim.fixtureInteraction.DefaultInteraction.methodInvoke(DefaultInteraction.java:81)
	at fitnesse.slim.MethodExecutor.callMethod(MethodExecutor.java:57)
	at fitnesse.slim.MethodExecutor.invokeMethod(MethodExecutor.java:38)
	at fitnesse.slim.MethodExecutor.findAndInvoke(MethodExecutor.java:72)
	at fitnesse.slim.FixtureMethodExecutor.execute(FixtureMethodExecutor.java:20)
	at fitnesse.slim.StatementExecutor.getMethodExecutionResult(StatementExecutor.java:135)
	at fitnesse.slim.StatementExecutor.call(StatementExecutor.java:108)
	at fitnesse.slim.instructions.CallInstruction.executeInternal(CallInstruction.java:35)
	at fitnesse.slim.instructions.Instruction.execute(Instruction.java:29)
	at fitnesse.slim.ListExecutor$Executive.executeStatement(ListExecutor.java:49)
	at fitnesse.slim.ListExecutor$Executive.executeStatements(ListExecutor.java:43)
	at fitnesse.slim.ListExecutor.execute(ListExecutor.java:85)
	at fitnesse.slim.SlimServer.executeInstructions(SlimServer.java:84)
	at fitnesse.slim.SlimServer.processOneSetOfInstructions(SlimServer.java:77)
	at fitnesse.slim.SlimServer.tryProcessInstructions(SlimServer.java:64)
	at fitnesse.slim.SlimServer.serve(SlimServer.java:49)
	at fitnesse.slim.SlimService.handle(SlimService.java:154)
	at fitnesse.slim.SlimService.acceptOne(SlimService.java:162)
	at fitnesse.slim.SlimService.accept(SlimService.java:124)
	at fitnesse.slim.SlimService.startWithFactory(SlimService.java:76)
	at fitnesse.slim.SlimService.main(SlimService.java:56)
org.openqa.selenium.SessionNotCreatedException: Tried to run command without establishing a connection
Build info: version: '3.4.0', revision: 'unknown', time: 'unknown'
System info: host: 'FITNESSE', ip: '10.119.38.100', os.name: 'Windows Server 2016', os.arch: 'x86', os.version: '10.0', java.version: '1.8.0_144'
Driver info: org.openqa.selenium.firefox.FirefoxDriver
Capabilities [{moz:profile=C:\Users\marial\AppData\Local\Temp\2\rust_mozprofile.IbrjNMS3NXjW, rotatable=false, timeouts={implicit=0.0, pageLoad=300000.0, script=30000.0}, pageLoadStrategy=normal, platform=ANY, specificationLevel=0.0, moz:accessibilityChecks=false, acceptInsecureCerts=false, browserVersion=54.0, platformVersion=10.0, moz:processID=6760.0, browserName=firefox, javascriptEnabled=true, platformName=windows_nt}]
Session ID: 7a37d890-fb96-4f64-8db8-dbd813d3a727
*** Element info: {Using=xpath, value=((//table[contains(@class, '---table')])[1])[descendant::th[descendant::*[translate(text(),'ABCDEFGHIJKLMNOPQRSTUVWXYZ','abcdefghijklmnopqrstuvwxyz')='end date']]]/tbody/tr[1]/td[count((//table[contains(@class, '---table')])[1]/descendant::th[descendant::*[translate(text(),'ABCDEFGHIJKLMNOPQRSTUVWXYZ','abcdefghijklmnopqrstuvwxyz')='end date']]/preceding-sibling::th)+1]}
	at sun.reflect.NativeConstructorAccessorImpl.newInstance0(Native Method)
	at sun.reflect.NativeConstructorAccessorImpl.newInstance(Unknown Source)
	at sun.reflect.DelegatingConstructorAccessorImpl.newInstance(Unknown Source)
	at java.lang.reflect.Constructor.newInstance(Unknown Source)
	at org.openqa.selenium.remote.http.W3CHttpResponseCodec.createException(W3CHttpResponseCodec.java:150)
	at org.openqa.selenium.remote.http.W3CHttpResponseCodec.decode(W3CHttpResponseCodec.java:115)
	at org.openqa.selenium.remote.http.W3CHttpResponseCodec.decode(W3CHttpResponseCodec.java:45)
	at org.openqa.selenium.remote.HttpCommandExecutor.execute(HttpCommandExecutor.java:164)
	at org.openqa.selenium.remote.service.DriverCommandExecutor.execute(DriverCommandExecutor.java:82)
	at org.openqa.selenium.remote.RemoteWebDriver.execute(RemoteWebDriver.java:637)
	at org.openqa.selenium.remote.RemoteWebDriver.findElement(RemoteWebDriver.java:410)
	at org.openqa.selenium.remote.RemoteWebDriver.findElementByXPath(RemoteWebDriver.java:509)
	at org.openqa.selenium.By$ByXPath.findElement(By.java:361)
	at org.openqa.selenium.remote.RemoteWebDriver.findElement(RemoteWebDriver.java:402)
	at com.appiancorp.ps.automatedtest.tempo.interfaces.TempoGridCell.getWebElement(TempoGridCell.java:85)
	at com.appiancorp.ps.automatedtest.tempo.interfaces.TempoGridCell.getXpath(TempoGridCell.java:128)
	at com.appiancorp.ps.automatedtest.tempo.interfaces.TempoGridCell.waitFor(TempoGridCell.java:216)
	at com.appiancorp.ps.automatedtest.fixture.TempoFixture.populateGridColumnRowWith(TempoFixture.java:1146)
	at sun.reflect.NativeMethodAccessorImpl.invoke0(Native Method)
	at sun.reflect.NativeMethodAccessorImpl.invoke(Unknown Source)
	at sun.reflect.DelegatingMethodAccessorImpl.invoke(Unknown Source)
	at java.lang.reflect.Method.invoke(Unknown Source)
	at fitnesse.slim.fixtureInteraction.DefaultInteraction.methodInvoke(DefaultInteraction.java:81)
	at fitnesse.slim.MethodExecutor.callMethod(MethodExecutor.java:57)
	at fitnesse.slim.MethodExecutor.invokeMethod(MethodExecutor.java:38)
	at fitnesse.slim.MethodExecutor.findAndInvoke(MethodExecutor.java:72)
	at fitnesse.slim.FixtureMethodExecutor.execute(FixtureMethodExecutor.java:20)
	at fitnesse.slim.StatementExecutor.getMethodExecutionResult(StatementExecutor.java:135)
	at fitnesse.slim.StatementExecutor.call(StatementExecutor.java:108)
	at fitnesse.slim.instructions.CallInstruction.executeInternal(CallInstruction.java:35)
	at fitnesse.slim.instructions.Instruction.execute(Instruction.java:29)
	at fitnesse.slim.ListExecutor$Executive.executeStatement(ListExecutor.java:49)
	at fitnesse.slim.ListExecutor$Executive.executeStatements(ListExecutor.java:43)
	at fitnesse.slim.ListExecutor.execute(ListExecutor.java:85)
	at fitnesse.slim.SlimServer.executeInstructions(SlimServer.java:84)
	at fitnesse.slim.SlimServer.processOneSetOfInstructions(SlimServer.java:77)
	at fitnesse.slim.SlimServer.tryProcessInstructions(SlimServer.java:64)
	at fitnesse.slim.SlimServer.serve(SlimServer.java:49)
	at fitnesse.slim.SlimService.handle(SlimService.java:154)
	at fitnesse.slim.SlimService.acceptOne(SlimService.java:162)
	at fitnesse.slim.SlimService.accept(SlimService.java:124)
	at fitnesse.slim.SlimService.startWithFactory(SlimService.java:76)
	at fitnesse.slim.SlimService.main(SlimService.java:56)
org.openqa.selenium.SessionNotCreatedException: Tried to run command without establishing a connection
Build info: version: '3.4.0', revision: 'unknown', time: 'unknown'
System info: host: 'FITNESSE', ip: '10.119.38.100', os.name: 'Windows Server 2016', os.arch: 'x86', os.version: '10.0', java.version: '1.8.0_144'
Driver info: org.openqa.selenium.firefox.FirefoxDriver
Capabilities [{moz:profile=C:\Users\marial\AppData\Local\Temp\2\rust_mozprofile.IbrjNMS3NXjW, rotatable=false, timeouts={implicit=0.0, pageLoad=300000.0, script=30000.0}, pageLoadStrategy=normal, platform=ANY, specificationLevel=0.0, moz:accessibilityChecks=false, acceptInsecureCerts=false, browserVersion=54.0, platformVersion=10.0, moz:processID=6760.0, browserName=firefox, javascriptEnabled=true, platformName=windows_nt}]
Session ID: 7a37d890-fb96-4f64-8db8-dbd813d3a727
*** Element info: {Using=xpath, value=((//table[contains(@class, '---table')])[1])[descendant::th[descendant::*[translate(text(),'ABCDEFGHIJKLMNOPQRSTUVWXYZ','abcdefghijklmnopqrstuvwxyz')='destination']]]/tbody/tr[1]/td[count((//table[contains(@class, '---table')])[1]/descendant::th[descendant::*[translate(text(),'ABCDEFGHIJKLMNOPQRSTUVWXYZ','abcdefghijklmnopqrstuvwxyz')='destination']]/preceding-sibling::th)+1]}
	at sun.reflect.NativeConstructorAccessorImpl.newInstance0(Native Method)
	at sun.reflect.NativeConstructorAccessorImpl.newInstance(Unknown Source)
	at sun.reflect.DelegatingConstructorAccessorImpl.newInstance(Unknown Source)
	at java.lang.reflect.Constructor.newInstance(Unknown Source)
	at org.openqa.selenium.remote.http.W3CHttpResponseCodec.createException(W3CHttpResponseCodec.java:150)
	at org.openqa.selenium.remote.http.W3CHttpResponseCodec.decode(W3CHttpResponseCodec.java:115)
	at org.openqa.selenium.remote.http.W3CHttpResponseCodec.decode(W3CHttpResponseCodec.java:45)
	at org.openqa.selenium.remote.HttpCommandExecutor.execute(HttpCommandExecutor.java:164)
	at org.openqa.selenium.remote.service.DriverCommandExecutor.execute(DriverCommandExecutor.java:82)
	at org.openqa.selenium.remote.RemoteWebDriver.execute(RemoteWebDriver.java:637)
	at org.openqa.selenium.remote.RemoteWebDriver.findElement(RemoteWebDriver.java:410)
	at org.openqa.selenium.remote.RemoteWebDriver.findElementByXPath(RemoteWebDriver.java:509)
	at org.openqa.selenium.By$ByXPath.findElement(By.java:361)
	at org.openqa.selenium.remote.RemoteWebDriver.findElement(RemoteWebDriver.java:402)
	at com.appiancorp.ps.automatedtest.tempo.interfaces.TempoGridCell.getWebElement(TempoGridCell.java:85)
	at com.appiancorp.ps.automatedtest.tempo.interfaces.TempoGridCell.getXpath(TempoGridCell.java:128)
	at com.appiancorp.ps.automatedtest.tempo.interfaces.TempoGridCell.waitFor(TempoGridCell.java:216)
	at com.appiancorp.ps.automatedtest.fixture.TempoFixture.populateGridColumnRowWith(TempoFixture.java:1146)
	at sun.reflect.NativeMethodAccessorImpl.invoke0(Native Method)
	at sun.reflect.NativeMethodAccessorImpl.invoke(Unknown Source)
	at sun.reflect.DelegatingMethodAccessorImpl.invoke(Unknown Source)
	at java.lang.reflect.Method.invoke(Unknown Source)
	at fitnesse.slim.fixtureInteraction.DefaultInteraction.methodInvoke(DefaultInteraction.java:81)
	at fitnesse.slim.MethodExecutor.callMethod(MethodExecutor.java:57)
	at fitnesse.slim.MethodExecutor.invokeMethod(MethodExecutor.java:38)
	at fitnesse.slim.MethodExecutor.findAndInvoke(MethodExecutor.java:72)
	at fitnesse.slim.FixtureMethodExecutor.execute(FixtureMethodExecutor.java:20)
	at fitnesse.slim.StatementExecutor.getMethodExecutionResult(StatementExecutor.java:135)
	at fitnesse.slim.StatementExecutor.call(StatementExecutor.java:108)
	at fitnesse.slim.instructions.CallInstruction.executeInternal(CallInstruction.java:35)
	at fitnesse.slim.instructions.Instruction.execute(Instruction.java:29)
	at fitnesse.slim.ListExecutor$Executive.executeStatement(ListExecutor.java:49)
	at fitnesse.slim.ListExecutor$Executive.executeStatements(ListExecutor.java:43)
	at fitnesse.slim.ListExecutor.execute(ListExecutor.java:85)
	at fitnesse.slim.SlimServer.executeInstructions(SlimServer.java:84)
	at fitnesse.slim.SlimServer.processOneSetOfInstructions(SlimServer.java:77)
	at fitnesse.slim.SlimServer.tryProcessInstructions(SlimServer.java:64)
	at fitnesse.slim.SlimServer.serve(SlimServer.java:49)
	at fitnesse.slim.SlimService.handle(SlimService.java:154)
	at fitnesse.slim.SlimService.acceptOne(SlimService.java:162)
	at fitnesse.slim.SlimService.accept(SlimService.java:124)
	at fitnesse.slim.SlimService.startWithFactory(SlimService.java:76)
	at fitnesse.slim.SlimService.main(SlimService.java:56)
Oct 24, 2017 1:50:39 PM org.openqa.selenium.support.ui.ExpectedConditions findElement
WARNING: WebDriverException thrown by findElement(By.xpath: //button[contains(translate(text(),'ABCDEFGHIJKLMNOPQRSTUVWXYZ','abcdefghijklmnopqrstuvwxyz'),'submit to supervisor') and not(contains(@class, 'button-disabled'))])
org.openqa.selenium.SessionNotCreatedException: Tried to run command without establishing a connection
Build info: version: '3.4.0', revision: 'unknown', time: 'unknown'
System info: host: 'FITNESSE', ip: '10.119.38.100', os.name: 'Windows Server 2016', os.arch: 'x86', os.version: '10.0', java.version: '1.8.0_144'
Driver info: org.openqa.selenium.firefox.FirefoxDriver
Capabilities [{moz:profile=C:\Users\marial\AppData\Local\Temp\2\rust_mozprofile.IbrjNMS3NXjW, rotatable=false, timeouts={implicit=0.0, pageLoad=300000.0, script=30000.0}, pageLoadStrategy=normal, platform=ANY, specificationLevel=0.0, moz:accessibilityChecks=false, acceptInsecureCerts=false, browserVersion=54.0, platformVersion=10.0, moz:processID=6760.0, browserName=firefox, javascriptEnabled=true, platformName=windows_nt}]
Session ID: 7a37d890-fb96-4f64-8db8-dbd813d3a727
*** Element info: {Using=xpath, value=//button[contains(translate(text(),'ABCDEFGHIJKLMNOPQRSTUVWXYZ','abcdefghijklmnopqrstuvwxyz'),'submit to supervisor') and not(contains(@class, 'button-disabled'))]}
	at sun.reflect.NativeConstructorAccessorImpl.newInstance0(Native Method)
	at sun.reflect.NativeConstructorAccessorImpl.newInstance(Unknown Source)
	at sun.reflect.DelegatingConstructorAccessorImpl.newInstance(Unknown Source)
	at java.lang.reflect.Constructor.newInstance(Unknown Source)
	at org.openqa.selenium.remote.http.W3CHttpResponseCodec.createException(W3CHttpResponseCodec.java:150)
	at org.openqa.selenium.remote.http.W3CHttpResponseCodec.decode(W3CHttpResponseCodec.java:115)
	at org.openqa.selenium.remote.http.W3CHttpResponseCodec.decode(W3CHttpResponseCodec.java:45)
	at org.openqa.selenium.remote.HttpCommandExecutor.execute(HttpCommandExecutor.java:164)
	at org.openqa.selenium.remote.service.DriverCommandExecutor.execute(DriverCommandExecutor.java:82)
	at org.openqa.selenium.remote.RemoteWebDriver.execute(RemoteWebDriver.java:637)
	at org.openqa.selenium.remote.RemoteWebDriver.findElements(RemoteWebDriver.java:437)
	at org.openqa.selenium.remote.RemoteWebDriver.findElementsByXPath(RemoteWebDriver.java:513)
	at org.openqa.selenium.By$ByXPath.findElements(By.java:356)
	at org.openqa.selenium.remote.RemoteWebDriver.findElements(RemoteWebDriver.java:398)
	at org.openqa.selenium.support.ui.ExpectedConditions.findElement(ExpectedConditions.java:882)
	at org.openqa.selenium.support.ui.ExpectedConditions.access$000(ExpectedConditions.java:44)
	at org.openqa.selenium.support.ui.ExpectedConditions$6.apply(ExpectedConditions.java:183)
	at org.openqa.selenium.support.ui.ExpectedConditions$6.apply(ExpectedConditions.java:180)
	at org.openqa.selenium.support.ui.FluentWait.until(FluentWait.java:209)
	at com.appiancorp.ps.automatedtest.tempo.interfaces.TempoButton.waitFor(TempoButton.java:52)
	at com.appiancorp.ps.automatedtest.fixture.TempoFixture.clickOnButton(TempoFixture.java:1489)
	at sun.reflect.NativeMethodAccessorImpl.invoke0(Native Method)
	at sun.reflect.NativeMethodAccessorImpl.invoke(Unknown Source)
	at sun.reflect.DelegatingMethodAccessorImpl.invoke(Unknown Source)
	at java.lang.reflect.Method.invoke(Unknown Source)
	at fitnesse.slim.fixtureInteraction.DefaultInteraction.methodInvoke(DefaultInteraction.java:81)
	at fitnesse.slim.MethodExecutor.callMethod(MethodExecutor.java:57)
	at fitnesse.slim.MethodExecutor.invokeMethod(MethodExecutor.java:38)
	at fitnesse.slim.MethodExecutor.findAndInvoke(MethodExecutor.java:72)
	at fitnesse.slim.FixtureMethodExecutor.execute(FixtureMethodExecutor.java:20)
	at fitnesse.slim.StatementExecutor.getMethodExecutionResult(StatementExecutor.java:135)
	at fitnesse.slim.StatementExecutor.call(StatementExecutor.java:108)
	at fitnesse.slim.instructions.CallInstruction.executeInternal(CallInstruction.java:35)
	at fitnesse.slim.instructions.Instruction.execute(Instruction.java:29)
	at fitnesse.slim.ListExecutor$Executive.executeStatement(ListExecutor.java:49)
	at fitnesse.slim.ListExecutor$Executive.executeStatements(ListExecutor.java:43)
	at fitnesse.slim.ListExecutor.execute(ListExecutor.java:85)
	at fitnesse.slim.SlimServer.executeInstructions(SlimServer.java:84)
	at fitnesse.slim.SlimServer.processOneSetOfInstructions(SlimServer.java:77)
	at fitnesse.slim.SlimServer.tryProcessInstructions(SlimServer.java:64)
	at fitnesse.slim.SlimServer.serve(SlimServer.java:49)
	at fitnesse.slim.SlimService.handle(SlimService.java:154)
	at fitnesse.slim.SlimService.acceptOne(SlimService.java:162)
	at fitnesse.slim.SlimService.accept(SlimService.java:124)
	at fitnesse.slim.SlimService.startWithFactory(SlimService.java:76)
	at fitnesse.slim.SlimService.main(SlimService.java:56)

org.openqa.selenium.SessionNotCreatedException: Tried to run command without establishing a connection
Build info: version: '3.4.0', revision: 'unknown', time: 'unknown'
System info: host: 'FITNESSE', ip: '10.119.38.100', os.name: 'Windows Server 2016', os.arch: 'x86', os.version: '10.0', java.version: '1.8.0_144'
Driver info: org.openqa.selenium.firefox.FirefoxDriver
Capabilities [{moz:profile=C:\Users\marial\AppData\Local\Temp\2\rust_mozprofile.IbrjNMS3NXjW, rotatable=false, timeouts={implicit=0.0, pageLoad=300000.0, script=30000.0}, pageLoadStrategy=normal, platform=ANY, specificationLevel=0.0, moz:accessibilityChecks=false, acceptInsecureCerts=false, browserVersion=54.0, platformVersion=10.0, moz:processID=6760.0, browserName=firefox, javascriptEnabled=true, platformName=windows_nt}]
Session ID: 7a37d890-fb96-4f64-8db8-dbd813d3a727
*** Element info: {Using=xpath, value=//button[contains(translate(text(),'ABCDEFGHIJKLMNOPQRSTUVWXYZ','abcdefghijklmnopqrstuvwxyz'),'submit to supervisor') and not(contains(@class, 'button-disabled'))]}
	at sun.reflect.NativeConstructorAccessorImpl.newInstance0(Native Method)
	at sun.reflect.NativeConstructorAccessorImpl.newInstance(Unknown Source)
	at sun.reflect.DelegatingConstructorAccessorImpl.newInstance(Unknown Source)
	at java.lang.reflect.Constructor.newInstance(Unknown Source)
	at org.openqa.selenium.remote.http.W3CHttpResponseCodec.createException(W3CHttpResponseCodec.java:150)
	at org.openqa.selenium.remote.http.W3CHttpResponseCodec.decode(W3CHttpResponseCodec.java:115)
	at org.openqa.selenium.remote.http.W3CHttpResponseCodec.decode(W3CHttpResponseCodec.java:45)
	at org.openqa.selenium.remote.HttpCommandExecutor.execute(HttpCommandExecutor.java:164)
	at org.openqa.selenium.remote.service.DriverCommandExecutor.execute(DriverCommandExecutor.java:82)
	at org.openqa.selenium.remote.RemoteWebDriver.execute(RemoteWebDriver.java:637)
	at org.openqa.selenium.remote.RemoteWebDriver.findElements(RemoteWebDriver.java:437)
	at org.openqa.selenium.remote.RemoteWebDriver.findElementsByXPath(RemoteWebDriver.java:513)
	at org.openqa.selenium.By$ByXPath.findElements(By.java:356)
	at org.openqa.selenium.remote.RemoteWebDriver.findElements(RemoteWebDriver.java:398)
	at org.openqa.selenium.support.ui.ExpectedConditions.findElement(ExpectedConditions.java:882)
	at org.openqa.selenium.support.ui.ExpectedConditions.access$000(ExpectedConditions.java:44)
	at org.openqa.selenium.support.ui.ExpectedConditions$6.apply(ExpectedConditions.java:183)
	at org.openqa.selenium.support.ui.ExpectedConditions$6.apply(ExpectedConditions.java:180)
	at org.openqa.selenium.support.ui.FluentWait.until(FluentWait.java:209)
	at com.appiancorp.ps.automatedtest.tempo.interfaces.TempoButton.waitFor(TempoButton.java:52)
	at com.appiancorp.ps.automatedtest.fixture.TempoFixture.clickOnButton(TempoFixture.java:1489)
	at sun.reflect.NativeMethodAccessorImpl.invoke0(Native Method)
	at sun.reflect.NativeMethodAccessorImpl.invoke(Unknown Source)
	at sun.reflect.DelegatingMethodAccessorImpl.invoke(Unknown Source)
	at java.lang.reflect.Method.invoke(Unknown Source)
	at fitnesse.slim.fixtureInteraction.DefaultInteraction.methodInvoke(DefaultInteraction.java:81)
	at fitnesse.slim.MethodExecutor.callMethod(MethodExecutor.java:57)
	at fitnesse.slim.MethodExecutor.invokeMethod(MethodExecutor.java:38)
	at fitnesse.slim.MethodExecutor.findAndInvoke(MethodExecutor.java:72)
	at fitnesse.slim.FixtureMethodExecutor.execute(FixtureMethodExecutor.java:20)
	at fitnesse.slim.StatementExecutor.getMethodExecutionResult(StatementExecutor.java:135)
	at fitnesse.slim.StatementExecutor.call(StatementExecutor.java:108)
	at fitnesse.slim.instructions.CallInstruction.executeInternal(CallInstruction.java:35)
	at fitnesse.slim.instructions.Instruction.execute(Instruction.java:29)
	at fitnesse.slim.ListExecutor$Executive.executeStatement(ListExecutor.java:49)
	at fitnesse.slim.ListExecutor$Executive.executeStatements(ListExecutor.java:43)
	at fitnesse.slim.ListExecutor.execute(ListExecutor.java:85)
	at fitnesse.slim.SlimServer.executeInstructions(SlimServer.java:84)
	at fitnesse.slim.SlimServer.processOneSetOfInstructions(SlimServer.java:77)
	at fitnesse.slim.SlimServer.tryProcessInstructions(SlimServer.java:64)
	at fitnesse.slim.SlimServer.serve(SlimServer.java:49)
	at fitnesse.slim.SlimService.handle(SlimService.java:154)
	at fitnesse.slim.SlimService.acceptOne(SlimService.java:162)
	at fitnesse.slim.SlimService.accept(SlimService.java:124)
	at fitnesse.slim.SlimService.startWithFactory(SlimService.java:76)
	at fitnesse.slim.SlimService.main(SlimService.java:56)
</stdErr>
  </executionLog>
  <finalCounts>
    <right>0</right>
    <wrong>0</wrong>
    <ignores>0</ignores>
    <exceptions>0</exceptions>
  </finalCounts>
  <totalRunTimeInMillis>30624</totalRunTimeInMillis>
</testResults>

