<?xml version="1.0"?>
<testResults>
  <FitNesseVersion>v20160515</FitNesseVersion>
  <rootPath>FitNesseForUSF.FitNesse.AllScripts.FIS.FIS1AllScripts.FISCandidateAccessAndFillOutApplication</rootPath>
    <result>
    <counts>
      <right></right>
      <wrong></wrong>
      <ignores></ignores>
      <exceptions></exceptions>
    </counts>
    <date>2018-01-02T09:52:10-05:00</date>
    <runTimeInMillis>$result.runTimeInMillis</runTimeInMillis>
    <content>&lt;div class="collapsible closed"&gt;&lt;ul&gt;&lt;li&gt;&lt;a href='#' class='expandall'&gt;Expand&lt;/a&gt;&lt;/li&gt;&lt;li&gt;&lt;a href='#' class='collapseall'&gt;Collapse&lt;/a&gt;&lt;/li&gt;&lt;/ul&gt;
	&lt;p class="title"&gt;Included page: &lt;a href="ScenarioLibrary"&gt;.ScenarioLibrary&lt;/a&gt; &lt;a href="ScenarioLibrary?edit&amp;amp;redirectToReferer=true&amp;amp;redirectAction=" class="edit"&gt;(edit)&lt;/a&gt;&lt;/p&gt;
	&lt;div&gt;&lt;h2&gt;These scenarios will be accessible to all test cases in the the FitNesseRoot folder. If you are using a different FitNesseRoot Folder, make sure to copy these files if using any setup scenarios.&lt;/h2&gt;
&lt;br/&gt;&lt;h3&gt;Update these variables for your specific test environment&lt;/h3&gt;
&lt;br/&gt;&lt;div class="collapsible"&gt;&lt;ul&gt;&lt;li&gt;&lt;a href='#' class='expandall'&gt;Expand&lt;/a&gt;&lt;/li&gt;&lt;li&gt;&lt;a href='#' class='collapseall'&gt;Collapse&lt;/a&gt;&lt;/li&gt;&lt;/ul&gt;
	&lt;p class="title"&gt;Variables for Scenarios&lt;/p&gt;
	&lt;div&gt;Default browser can be &lt;b&gt;FIREFOX&lt;/b&gt;, &lt;b&gt;CHROME&lt;/b&gt;, or &lt;b&gt;IE&lt;/b&gt;&lt;br/&gt;&lt;span class="meta"&gt;variable defined: defaultBrowser=FIREFOX&lt;/span&gt;
&lt;br/&gt;&lt;br/&gt;Default Version can be &lt;b&gt;17.2&lt;/b&gt;, &lt;b&gt;17.1&lt;/b&gt;, &lt;b&gt;16.3&lt;/b&gt;, &lt;b&gt;16.2&lt;/b&gt;, &lt;b&gt;16.1&lt;/b&gt;, &lt;b&gt;7.11&lt;/b&gt;, or &lt;b&gt;7.10&lt;/b&gt;&lt;br/&gt;&lt;span class="meta"&gt;variable defined: defaultVersion=17.2&lt;/span&gt;
&lt;br/&gt;&lt;br/&gt;Default Locale can be &lt;b&gt;en_US&lt;/b&gt; or &lt;b&gt;en_GB&lt;/b&gt;&lt;br/&gt;&lt;span class="meta"&gt;variable defined: defaultLocale=en_US&lt;/span&gt;
&lt;br/&gt;&lt;br/&gt;Default URL should include http or https and /suite (e.g. &lt;b&gt;https://forum.appian.com/suite&lt;/b&gt; )&lt;br/&gt;&lt;span class="meta"&gt;variable defined: defaultUrl=REPLACE_APPIAN_URL&lt;/span&gt;
&lt;br/&gt;&lt;/div&gt;
&lt;/div&gt;
&lt;br/&gt;&lt;h3&gt;To use out of the box functionality, do not update the scenarios below&lt;/h3&gt;
&lt;br/&gt;&lt;div class="collapsible"&gt;&lt;ul&gt;&lt;li&gt;&lt;a href='#' class='expandall'&gt;Expand&lt;/a&gt;&lt;/li&gt;&lt;li&gt;&lt;a href='#' class='collapseall'&gt;Collapse&lt;/a&gt;&lt;/li&gt;&lt;/ul&gt;
	&lt;p class="title"&gt;Setup customizable for browser, locale, version, and URL&lt;/p&gt;
	&lt;div&gt;&lt;table&gt;
	&lt;tr class="slimRowTitle"&gt;
		&lt;td&gt;scenario&lt;/td&gt;
		&lt;td&gt;setup for test script for browser&lt;/td&gt;
		&lt;td&gt;browserType&lt;/td&gt;
		&lt;td&gt;locale&lt;/td&gt;
		&lt;td&gt;location&lt;/td&gt;
		&lt;td&gt;version&lt;/td&gt;
		&lt;td&gt;versionNum&lt;/td&gt;
		&lt;td&gt;url&lt;/td&gt;
		&lt;td&gt;appianUrl&lt;/td&gt;
	&lt;/tr&gt;
	&lt;tr class="slimRowColor1"&gt;
		&lt;td&gt;setup with browser&lt;/td&gt;
		&lt;td colspan="8"&gt;@browserType&lt;/td&gt;
	&lt;/tr&gt;
	&lt;tr class="slimRowColor2"&gt;
		&lt;td&gt;set appian locale to&lt;/td&gt;
		&lt;td colspan="8"&gt;@location&lt;/td&gt;
	&lt;/tr&gt;
	&lt;tr class="slimRowColor2"&gt;
		&lt;td&gt;set appian version to&lt;/td&gt;
		&lt;td colspan="8"&gt;@versionNum&lt;/td&gt;
	&lt;/tr&gt;
	&lt;tr class="slimRowColor7"&gt;
		&lt;td&gt;set appian url to&lt;/td&gt;
		&lt;td colspan="8"&gt;@appianUrl&lt;/td&gt;
	&lt;/tr&gt;
	&lt;tr class="slimRowColor1"&gt;
		&lt;td&gt;set timeout seconds to&lt;/td&gt;
		&lt;td colspan="8"&gt;20&lt;/td&gt;
	&lt;/tr&gt;
	&lt;tr class="slimRowColor9"&gt;
		&lt;td colspan="9"&gt;set start datetime&lt;/td&gt;
	&lt;/tr&gt;
&lt;/table&gt;
&lt;/div&gt;
&lt;/div&gt;
&lt;br/&gt;&lt;div class="collapsible"&gt;&lt;ul&gt;&lt;li&gt;&lt;a href='#' class='expandall'&gt;Expand&lt;/a&gt;&lt;/li&gt;&lt;li&gt;&lt;a href='#' class='collapseall'&gt;Collapse&lt;/a&gt;&lt;/li&gt;&lt;/ul&gt;
	&lt;p class="title"&gt;Scenario - Setup using default values &lt;/p&gt;
	&lt;div&gt;&lt;table&gt;
	&lt;tr class="slimRowTitle"&gt;
		&lt;td&gt;scenario&lt;/td&gt;
		&lt;td colspan="7"&gt;setup for test script&lt;/td&gt;
	&lt;/tr&gt;
	&lt;tr class="slimRowColor6"&gt;
		&lt;td&gt;setup for test script for browser&lt;/td&gt;
		&lt;td&gt;FIREFOX&lt;/td&gt;
		&lt;td&gt;locale&lt;/td&gt;
		&lt;td&gt;en_US&lt;/td&gt;
		&lt;td&gt;version&lt;/td&gt;
		&lt;td&gt;17.2&lt;/td&gt;
		&lt;td&gt;url&lt;/td&gt;
		&lt;td&gt;REPLACE_APPIAN_URL&lt;/td&gt;
	&lt;/tr&gt;
&lt;/table&gt;
&lt;/div&gt;
&lt;/div&gt;
&lt;/div&gt;
&lt;/div&gt;
&lt;br/&gt;&lt;div class="collapsible"&gt;&lt;ul&gt;&lt;li&gt;&lt;a href='#' class='expandall'&gt;Expand&lt;/a&gt;&lt;/li&gt;&lt;li&gt;&lt;a href='#' class='collapseall'&gt;Collapse&lt;/a&gt;&lt;/li&gt;&lt;/ul&gt;
	&lt;p class="title"&gt;Included page: &lt;a href="FitNesseForUSF.FitNesse.Initialization.Header"&gt;.FitNesseForUSF.FitNesse.Initialization.Header&lt;/a&gt; &lt;a href="FitNesseForUSF.FitNesse.Initialization.Header?edit&amp;amp;redirectToReferer=true&amp;amp;redirectAction=" class="edit"&gt;(edit)&lt;/a&gt;&lt;/p&gt;
	&lt;div&gt;&lt;div class="collapsible closed"&gt;&lt;ul&gt;&lt;li&gt;&lt;a href='#' class='expandall'&gt;Expand&lt;/a&gt;&lt;/li&gt;&lt;li&gt;&lt;a href='#' class='collapseall'&gt;Collapse&lt;/a&gt;&lt;/li&gt;&lt;/ul&gt;
	&lt;p class="title"&gt;&lt;span class="fitnesse"&gt;FitNesse&lt;/span&gt; Configurations&lt;/p&gt;
	&lt;div&gt;&lt;span class="meta"&gt;variable defined: TEST_SYSTEM=slim&lt;/span&gt;
&lt;br/&gt;&lt;span class="meta"&gt;variable defined: COMMAND_PATTERN=java -Dlog4j.configuration=file:///${automated.testing.home}/log4j.properties -cp %p %m&lt;/span&gt;
&lt;br/&gt;&lt;span class="meta"&gt;classpath: C:/FitNesseForAppian/**.jar&lt;/span&gt;&lt;br/&gt;&lt;/div&gt;
&lt;/div&gt;
&lt;div class="collapsible"&gt;&lt;ul&gt;&lt;li&gt;&lt;a href='#' class='expandall'&gt;Expand&lt;/a&gt;&lt;/li&gt;&lt;li&gt;&lt;a href='#' class='collapseall'&gt;Collapse&lt;/a&gt;&lt;/li&gt;&lt;/ul&gt;
	&lt;p class="title"&gt;Initialization&lt;/p&gt;
	&lt;div&gt;&lt;table&gt;
	&lt;tr class="slimRowTitle"&gt;
		&lt;td&gt;script&lt;/td&gt;
		&lt;td&gt;&lt;span class="pass"&gt;com.appiancorp.ps.automatedtest.fixture.TempoFixture&lt;/span&gt;&lt;/td&gt;
	&lt;/tr&gt;
	&lt;tr class="slimRowColor7"&gt;
		&lt;td&gt;set appian url to&lt;/td&gt;
		&lt;td&gt;https://usftest.appiancloud.com/suite/portal/login.jsp&lt;/td&gt;
	&lt;/tr&gt;
	&lt;tr class="slimRowColor2"&gt;
		&lt;td&gt;set appian version to&lt;/td&gt;
		&lt;td&gt;17.3&lt;/td&gt;
	&lt;/tr&gt;
	&lt;tr class="slimRowColor2"&gt;
		&lt;td&gt;set appian locale to&lt;/td&gt;
		&lt;td&gt;en_US or en_GB&lt;/td&gt;
	&lt;/tr&gt;
&lt;/table&gt;
&lt;/div&gt;
&lt;/div&gt;
&lt;/div&gt;
&lt;/div&gt;
&lt;br/&gt;!*** Login &lt;br/&gt;</content>
    <relativePageName>FISCandidateAccessAndFillOutApplication</relativePageName>
            <instructions>
            <instructionResult>
        <instruction>{id='scriptTable_2_0', instruction='make', instanceName='scriptTableActor', className='com.appiancorp.ps.automatedtest.fixture.TempoFixture', args=[]}</instruction>
        <slimResult>pass(com.appiancorp.ps.automatedtest.fixture.TempoFixture)</slimResult>
                <expectation>
                    <status>pass</status>
                    <instructionId>scriptTable_2_0</instructionId>
                    <col>1</col>
                              <row>0</row>
                    <type>ConstructionExpectation</type>
                                        <evaluationMessage>com.appiancorp.ps.automatedtest.fixture.TempoFixture</evaluationMessage>
                  </expectation>
              </instructionResult>
            <instructionResult>
        <instruction>{id='scriptTable_2_1', instruction='call', instanceName='scriptTableActor', methodName='setAppianUrlTo', args=[https://usftest.appiancloud.com/suite/portal/login.jsp]}</instruction>
        <slimResult></slimResult>
                <expectation>
                    <instructionId>scriptTable_2_1</instructionId>
                    <col>0</col>
                              <row>1</row>
                    <type>ScriptActionExpectation</type>
                                      </expectation>
              </instructionResult>
            <instructionResult>
        <instruction>{id='scriptTable_2_2', instruction='call', instanceName='scriptTableActor', methodName='setAppianVersionTo', args=[17.3]}</instruction>
        <slimResult></slimResult>
                <expectation>
                    <instructionId>scriptTable_2_2</instructionId>
                    <col>0</col>
                              <row>2</row>
                    <type>ScriptActionExpectation</type>
                                      </expectation>
              </instructionResult>
            <instructionResult>
        <instruction>{id='scriptTable_2_3', instruction='call', instanceName='scriptTableActor', methodName='setAppianLocaleTo', args=[en_US or en_GB]}</instruction>
        <slimResult></slimResult>
                <expectation>
                    <instructionId>scriptTable_2_3</instructionId>
                    <col>0</col>
                              <row>3</row>
                    <type>ScriptActionExpectation</type>
                                      </expectation>
              </instructionResult>
          </instructions>
      </result>
  <executionLog>
    <testSystem>slim:fitnesse.slim.SlimService</testSystem>
    <command>java -Dlog4j.configuration=file:///C:/FitNesseForAppian/log4j.properties -cp C:\FitNesseForAppian\lib\fitnesse-20160515-standalone.jar;C:\FitNesseForAppian\lib\accessors-smart-1.1.jar;C:\FitNesseForAppian\lib\asm-5.0.3.jar;C:\FitNesseForAppian\lib\cglib-nodep-3.2.4.jar;C:\FitNesseForAppian\lib\commons-codec-1.10.jar;C:\FitNesseForAppian\lib\commons-exec-1.3.jar;C:\FitNesseForAppian\lib\commons-io-2.5.jar;C:\FitNesseForAppian\lib\commons-lang3-3.0.jar;C:\FitNesseForAppian\lib\commons-logging-1.2.jar;C:\FitNesseForAppian\lib\cssparser-0.9.22.jar;C:\FitNesseForAppian\lib\fitnesse-20160515-standalone.jar;C:\FitNesseForAppian\lib\gson-2.8.0.jar;C:\FitNesseForAppian\lib\guava-21.0.jar;C:\FitNesseForAppian\lib\hamcrest-core-1.3.jar;C:\FitNesseForAppian\lib\htmlunit-2.26.jar;C:\FitNesseForAppian\lib\htmlunit-core-js-2.26.jar;C:\FitNesseForAppian\lib\htmlunit-driver-2.26.jar;C:\FitNesseForAppian\lib\httpclient-4.5.3.jar;C:\FitNesseForAppian\lib\httpcore-4.4.6.jar;C:\FitNesseForAppian\lib\httpmime-4.5.3.jar;C:\FitNesseForAppian\lib\jackson-annotations-2.4.0.jar;C:\FitNesseForAppian\lib\jackson-core-2.4.1.1.jar;C:\FitNesseForAppian\lib\jackson-databind-2.4.1.3.jar;C:\FitNesseForAppian\lib\javax.servlet-api-3.1.0.jar;C:\FitNesseForAppian\lib\jcip-annotations-1.0.jar;C:\FitNesseForAppian\lib\jcommander-1.48.jar;C:\FitNesseForAppian\lib\jetty-client-9.4.3.v20170317.jar;C:\FitNesseForAppian\lib\jetty-http-9.4.3.v20170317.jar;C:\FitNesseForAppian\lib\jetty-io-9.4.1.v20170120.jar;C:\FitNesseForAppian\lib\jetty-repacked-9.4.1.v20170120.jar;C:\FitNesseForAppian\lib\jetty-util-9.4.1.v20170120.jar;C:\FitNesseForAppian\lib\jna-4.1.0.jar;C:\FitNesseForAppian\lib\jna-platform-4.1.0.jar;C:\FitNesseForAppian\lib\json-path-2.2.0.jar;C:\FitNesseForAppian\lib\json-smart-2.2.1.jar;C:\FitNesseForAppian\lib\log4j-1.2.16.jar;C:\FitNesseForAppian\lib\neko-htmlunit-2.25.jar;C:\FitNesseForAppian\lib\phantomjsdriver-1.4.0.jar;C:\FitNesseForAppian\lib\sac-1.3.jar;C:\FitNesseForAppian\lib\selenium-api-3.4.0.jar;C:\FitNesseForAppian\lib\selenium-chrome-driver-3.4.0.jar;C:\FitNesseForAppian\lib\selenium-edge-driver-3.4.0.jar;C:\FitNesseForAppian\lib\selenium-firefox-driver-3.4.0.jar;C:\FitNesseForAppian\lib\selenium-ie-driver-3.4.0.jar;C:\FitNesseForAppian\lib\selenium-java-3.4.0.jar;C:\FitNesseForAppian\lib\selenium-opera-driver-3.4.0.jar;C:\FitNesseForAppian\lib\selenium-remote-driver-3.4.0.jar;C:\FitNesseForAppian\lib\selenium-safari-driver-3.4.0.jar;C:\FitNesseForAppian\lib\selenium-server-3.4.0.jar;C:\FitNesseForAppian\lib\selenium-support-3.4.0.jar;C:\FitNesseForAppian\lib\serializer-2.7.2.jar;C:\FitNesseForAppian\lib\slf4j-api-1.7.16.jar;C:\FitNesseForAppian\lib\snakeyaml-1.15.jar;C:\FitNesseForAppian\lib\websocket-api-9.4.3.v20170317.jar;C:\FitNesseForAppian\lib\websocket-client-9.4.3.v20170317.jar;C:\FitNesseForAppian\lib\websocket-common-9.4.3.v20170317.jar;C:\FitNesseForAppian\lib\xalan-2.7.2.jar;C:\FitNesseForAppian\lib\xercesImpl-2.11.0.jar;C:\FitNesseForAppian\lib\xml-apis-1.4.01.jar;C:\FitNesseForAppian\lib\appian\fitnesse-for-appian-17.3.jar fitnesse.slim.SlimService 8088</command>
    <exitCode>1</exitCode>
    <stdOut>2018-01-02 09:52:16,956 [main] DEBUG com.appiancorp.ps.automatedtest.tempo.TempoLogin  - LOGIN [U32007275]
2018-01-02 09:52:18,787 [main] DEBUG com.appiancorp.ps.automatedtest.tempo.TempoLogin  - WAIT FOR LOGIN
2018-01-02 09:52:22,035 [main] DEBUG com.appiancorp.ps.automatedtest.tempo.report.TempoReport  - WAIT FOR [Tenure and Promotion Dashboard]
2018-01-02 09:52:22,686 [main] DEBUG com.appiancorp.ps.automatedtest.tempo.report.TempoReport  - CLICK REPORT [Tenure and Promotion Dashboard]
2018-01-02 09:53:00,338 [main] DEBUG com.appiancorp.ps.automatedtest.tempo.interfaces.TempoLinkField  - WAIT FOR LINK [Identified for T&amp;P]
2018-01-02 09:53:10,750 [main] ERROR com.appiancorp.ps.automatedtest.exception.ExceptionBuilder  - Wait for Link - Identified for T&amp;P
org.openqa.selenium.TimeoutException: Expected condition failed: waiting for presence of element located by: By.xpath: //a[contains(translate(text(),'ABCDEFGHIJKLMNOPQRSTUVWXYZ','abcdefghijklmnopqrstuvwxyz'),'identified for t&amp;p')] | //a//*[contains(translate(text(),'ABCDEFGHIJKLMNOPQRSTUVWXYZ','abcdefghijklmnopqrstuvwxyz'),'identified for t&amp;p')]/.. (tried for 10 second(s) with 500 MILLISECONDS interval)
	at org.openqa.selenium.support.ui.WebDriverWait.timeoutException(WebDriverWait.java:80)
	at org.openqa.selenium.support.ui.FluentWait.until(FluentWait.java:232)
	at com.appiancorp.ps.automatedtest.tempo.interfaces.TempoLinkField.waitFor(TempoLinkField.java:49)
	at com.appiancorp.ps.automatedtest.fixture.TempoFixture.clickOnLink(TempoFixture.java:1430)
	at sun.reflect.NativeMethodAccessorImpl.invoke0(Native Method)
	at sun.reflect.NativeMethodAccessorImpl.invoke(Unknown Source)
	at sun.reflect.DelegatingMethodAccessorImpl.invoke(Unknown Source)
	at java.lang.reflect.Method.invoke(Unknown Source)
	at fitnesse.slim.fixtureInteraction.DefaultInteraction.methodInvoke(DefaultInteraction.java:81)
	at fitnesse.slim.MethodExecutor.callMethod(MethodExecutor.java:57)
	at fitnesse.slim.MethodExecutor.invokeMethod(MethodExecutor.java:38)
	at fitnesse.slim.MethodExecutor.findAndInvoke(MethodExecutor.java:72)
	at fitnesse.slim.FixtureMethodExecutor.execute(FixtureMethodExecutor.java:20)
	at fitnesse.slim.StatementExecutor.getMethodExecutionResult(StatementExecutor.java:135)
	at fitnesse.slim.StatementExecutor.call(StatementExecutor.java:108)
	at fitnesse.slim.instructions.CallInstruction.executeInternal(CallInstruction.java:35)
	at fitnesse.slim.instructions.Instruction.execute(Instruction.java:29)
	at fitnesse.slim.ListExecutor$Executive.executeStatement(ListExecutor.java:49)
	at fitnesse.slim.ListExecutor$Executive.executeStatements(ListExecutor.java:43)
	at fitnesse.slim.ListExecutor.execute(ListExecutor.java:85)
	at fitnesse.slim.SlimServer.executeInstructions(SlimServer.java:84)
	at fitnesse.slim.SlimServer.processOneSetOfInstructions(SlimServer.java:77)
	at fitnesse.slim.SlimServer.tryProcessInstructions(SlimServer.java:64)
	at fitnesse.slim.SlimServer.serve(SlimServer.java:49)
	at fitnesse.slim.SlimService.handle(SlimService.java:154)
	at fitnesse.slim.SlimService.acceptOne(SlimService.java:162)
	at fitnesse.slim.SlimService.accept(SlimService.java:124)
	at fitnesse.slim.SlimService.startWithFactory(SlimService.java:76)
	at fitnesse.slim.SlimService.main(SlimService.java:56)
Caused by: org.openqa.selenium.NoSuchElementException: Cannot locate an element using By.xpath: //a[contains(translate(text(),'ABCDEFGHIJKLMNOPQRSTUVWXYZ','abcdefghijklmnopqrstuvwxyz'),'identified for t&amp;p')] | //a//*[contains(translate(text(),'ABCDEFGHIJKLMNOPQRSTUVWXYZ','abcdefghijklmnopqrstuvwxyz'),'identified for t&amp;p')]/..
For documentation on this error, please visit: http://seleniumhq.org/exceptions/no_such_element.html
Build info: version: '3.4.0', revision: 'unknown', time: 'unknown'
System info: host: 'FITNESSE', ip: '10.119.38.100', os.name: 'Windows Server 2016', os.arch: 'x86', os.version: '10.0', java.version: '1.8.0_144'
Driver info: driver.version: unknown
	at org.openqa.selenium.support.ui.ExpectedConditions.lambda$findElement$0(ExpectedConditions.java:883)
	at java.util.Optional.orElseThrow(Unknown Source)
	at org.openqa.selenium.support.ui.ExpectedConditions.findElement(ExpectedConditions.java:882)
	at org.openqa.selenium.support.ui.ExpectedConditions.access$000(ExpectedConditions.java:44)
	at org.openqa.selenium.support.ui.ExpectedConditions$6.apply(ExpectedConditions.java:183)
	at org.openqa.selenium.support.ui.ExpectedConditions$6.apply(ExpectedConditions.java:180)
	at org.openqa.selenium.support.ui.FluentWait.until(FluentWait.java:209)
	... 27 more
2018-01-02 09:53:10,753 [main] DEBUG com.appiancorp.ps.automatedtest.tempo.interfaces.TempoLinkField  - WAIT FOR LINK [Related Actions]
2018-01-02 09:53:20,862 [main] ERROR com.appiancorp.ps.automatedtest.exception.ExceptionBuilder  - Wait for Link - Related Actions
org.openqa.selenium.TimeoutException: Expected condition failed: waiting for presence of element located by: By.xpath: //a[contains(translate(text(),'ABCDEFGHIJKLMNOPQRSTUVWXYZ','abcdefghijklmnopqrstuvwxyz'),'related actions')] | //a//*[contains(translate(text(),'ABCDEFGHIJKLMNOPQRSTUVWXYZ','abcdefghijklmnopqrstuvwxyz'),'related actions')]/.. (tried for 10 second(s) with 500 MILLISECONDS interval)
	at org.openqa.selenium.support.ui.WebDriverWait.timeoutException(WebDriverWait.java:80)
	at org.openqa.selenium.support.ui.FluentWait.until(FluentWait.java:232)
	at com.appiancorp.ps.automatedtest.tempo.interfaces.TempoLinkField.waitFor(TempoLinkField.java:49)
	at com.appiancorp.ps.automatedtest.fixture.TempoFixture.clickOnLink(TempoFixture.java:1430)
	at sun.reflect.NativeMethodAccessorImpl.invoke0(Native Method)
	at sun.reflect.NativeMethodAccessorImpl.invoke(Unknown Source)
	at sun.reflect.DelegatingMethodAccessorImpl.invoke(Unknown Source)
	at java.lang.reflect.Method.invoke(Unknown Source)
	at fitnesse.slim.fixtureInteraction.DefaultInteraction.methodInvoke(DefaultInteraction.java:81)
	at fitnesse.slim.MethodExecutor.callMethod(MethodExecutor.java:57)
	at fitnesse.slim.MethodExecutor.invokeMethod(MethodExecutor.java:38)
	at fitnesse.slim.MethodExecutor.findAndInvoke(MethodExecutor.java:72)
	at fitnesse.slim.FixtureMethodExecutor.execute(FixtureMethodExecutor.java:20)
	at fitnesse.slim.StatementExecutor.getMethodExecutionResult(StatementExecutor.java:135)
	at fitnesse.slim.StatementExecutor.call(StatementExecutor.java:108)
	at fitnesse.slim.instructions.CallInstruction.executeInternal(CallInstruction.java:35)
	at fitnesse.slim.instructions.Instruction.execute(Instruction.java:29)
	at fitnesse.slim.ListExecutor$Executive.executeStatement(ListExecutor.java:49)
	at fitnesse.slim.ListExecutor$Executive.executeStatements(ListExecutor.java:43)
	at fitnesse.slim.ListExecutor.execute(ListExecutor.java:85)
	at fitnesse.slim.SlimServer.executeInstructions(SlimServer.java:84)
	at fitnesse.slim.SlimServer.processOneSetOfInstructions(SlimServer.java:77)
	at fitnesse.slim.SlimServer.tryProcessInstructions(SlimServer.java:64)
	at fitnesse.slim.SlimServer.serve(SlimServer.java:49)
	at fitnesse.slim.SlimService.handle(SlimService.java:154)
	at fitnesse.slim.SlimService.acceptOne(SlimService.java:162)
	at fitnesse.slim.SlimService.accept(SlimService.java:124)
	at fitnesse.slim.SlimService.startWithFactory(SlimService.java:76)
	at fitnesse.slim.SlimService.main(SlimService.java:56)
Caused by: org.openqa.selenium.NoSuchElementException: Cannot locate an element using By.xpath: //a[contains(translate(text(),'ABCDEFGHIJKLMNOPQRSTUVWXYZ','abcdefghijklmnopqrstuvwxyz'),'related actions')] | //a//*[contains(translate(text(),'ABCDEFGHIJKLMNOPQRSTUVWXYZ','abcdefghijklmnopqrstuvwxyz'),'related actions')]/..
For documentation on this error, please visit: http://seleniumhq.org/exceptions/no_such_element.html
Build info: version: '3.4.0', revision: 'unknown', time: 'unknown'
System info: host: 'FITNESSE', ip: '10.119.38.100', os.name: 'Windows Server 2016', os.arch: 'x86', os.version: '10.0', java.version: '1.8.0_144'
Driver info: driver.version: unknown
	at org.openqa.selenium.support.ui.ExpectedConditions.lambda$findElement$0(ExpectedConditions.java:883)
	at java.util.Optional.orElseThrow(Unknown Source)
	at org.openqa.selenium.support.ui.ExpectedConditions.findElement(ExpectedConditions.java:882)
	at org.openqa.selenium.support.ui.ExpectedConditions.access$000(ExpectedConditions.java:44)
	at org.openqa.selenium.support.ui.ExpectedConditions$6.apply(ExpectedConditions.java:183)
	at org.openqa.selenium.support.ui.ExpectedConditions$6.apply(ExpectedConditions.java:180)
	at org.openqa.selenium.support.ui.FluentWait.until(FluentWait.java:209)
	... 27 more
2018-01-02 09:53:20,863 [main] DEBUG com.appiancorp.ps.automatedtest.tempo.interfaces.TempoLinkField  - WAIT FOR LINK [Agree to Integrity]
2018-01-02 09:53:31,311 [main] ERROR com.appiancorp.ps.automatedtest.exception.ExceptionBuilder  - Wait for Link - Agree to Integrity
org.openqa.selenium.TimeoutException: Expected condition failed: waiting for presence of element located by: By.xpath: //a[contains(translate(text(),'ABCDEFGHIJKLMNOPQRSTUVWXYZ','abcdefghijklmnopqrstuvwxyz'),'agree to integrity')] | //a//*[contains(translate(text(),'ABCDEFGHIJKLMNOPQRSTUVWXYZ','abcdefghijklmnopqrstuvwxyz'),'agree to integrity')]/.. (tried for 10 second(s) with 500 MILLISECONDS interval)
	at org.openqa.selenium.support.ui.WebDriverWait.timeoutException(WebDriverWait.java:80)
	at org.openqa.selenium.support.ui.FluentWait.until(FluentWait.java:232)
	at com.appiancorp.ps.automatedtest.tempo.interfaces.TempoLinkField.waitFor(TempoLinkField.java:49)
	at com.appiancorp.ps.automatedtest.fixture.TempoFixture.clickOnLink(TempoFixture.java:1430)
	at sun.reflect.NativeMethodAccessorImpl.invoke0(Native Method)
	at sun.reflect.NativeMethodAccessorImpl.invoke(Unknown Source)
	at sun.reflect.DelegatingMethodAccessorImpl.invoke(Unknown Source)
	at java.lang.reflect.Method.invoke(Unknown Source)
	at fitnesse.slim.fixtureInteraction.DefaultInteraction.methodInvoke(DefaultInteraction.java:81)
	at fitnesse.slim.MethodExecutor.callMethod(MethodExecutor.java:57)
	at fitnesse.slim.MethodExecutor.invokeMethod(MethodExecutor.java:38)
	at fitnesse.slim.MethodExecutor.findAndInvoke(MethodExecutor.java:72)
	at fitnesse.slim.FixtureMethodExecutor.execute(FixtureMethodExecutor.java:20)
	at fitnesse.slim.StatementExecutor.getMethodExecutionResult(StatementExecutor.java:135)
	at fitnesse.slim.StatementExecutor.call(StatementExecutor.java:108)
	at fitnesse.slim.instructions.CallInstruction.executeInternal(CallInstruction.java:35)
	at fitnesse.slim.instructions.Instruction.execute(Instruction.java:29)
	at fitnesse.slim.ListExecutor$Executive.executeStatement(ListExecutor.java:49)
	at fitnesse.slim.ListExecutor$Executive.executeStatements(ListExecutor.java:43)
	at fitnesse.slim.ListExecutor.execute(ListExecutor.java:85)
	at fitnesse.slim.SlimServer.executeInstructions(SlimServer.java:84)
	at fitnesse.slim.SlimServer.processOneSetOfInstructions(SlimServer.java:77)
	at fitnesse.slim.SlimServer.tryProcessInstructions(SlimServer.java:64)
	at fitnesse.slim.SlimServer.serve(SlimServer.java:49)
	at fitnesse.slim.SlimService.handle(SlimService.java:154)
	at fitnesse.slim.SlimService.acceptOne(SlimService.java:162)
	at fitnesse.slim.SlimService.accept(SlimService.java:124)
	at fitnesse.slim.SlimService.startWithFactory(SlimService.java:76)
	at fitnesse.slim.SlimService.main(SlimService.java:56)
Caused by: org.openqa.selenium.NoSuchElementException: Cannot locate an element using By.xpath: //a[contains(translate(text(),'ABCDEFGHIJKLMNOPQRSTUVWXYZ','abcdefghijklmnopqrstuvwxyz'),'agree to integrity')] | //a//*[contains(translate(text(),'ABCDEFGHIJKLMNOPQRSTUVWXYZ','abcdefghijklmnopqrstuvwxyz'),'agree to integrity')]/..
For documentation on this error, please visit: http://seleniumhq.org/exceptions/no_such_element.html
Build info: version: '3.4.0', revision: 'unknown', time: 'unknown'
System info: host: 'FITNESSE', ip: '10.119.38.100', os.name: 'Windows Server 2016', os.arch: 'x86', os.version: '10.0', java.version: '1.8.0_144'
Driver info: driver.version: unknown
	at org.openqa.selenium.support.ui.ExpectedConditions.lambda$findElement$0(ExpectedConditions.java:883)
	at java.util.Optional.orElseThrow(Unknown Source)
	at org.openqa.selenium.support.ui.ExpectedConditions.findElement(ExpectedConditions.java:882)
	at org.openqa.selenium.support.ui.ExpectedConditions.access$000(ExpectedConditions.java:44)
	at org.openqa.selenium.support.ui.ExpectedConditions$6.apply(ExpectedConditions.java:183)
	at org.openqa.selenium.support.ui.ExpectedConditions$6.apply(ExpectedConditions.java:180)
	at org.openqa.selenium.support.ui.FluentWait.until(FluentWait.java:209)
	... 27 more
2018-01-02 09:53:31,315 [main] DEBUG com.appiancorp.ps.automatedtest.tempo.interfaces.TempoCheckboxFieldOption  - CHECKBOX OPTION WAIT FOR [[1]]
2018-01-02 09:53:41,452 [main] ERROR com.appiancorp.ps.automatedtest.exception.ExceptionBuilder  - Wait for Checkbox option - [1]
org.openqa.selenium.TimeoutException: Expected condition failed: waiting for visibility of element located by By.xpath: (//label[contains(translate(text(),'ABCDEFGHIJKLMNOPQRSTUVWXYZ','abcdefghijklmnopqrstuvwxyz'), '')]/parent::div[contains(@class,'CheckboxGroup---choice_pair')])[1] (tried for 10 second(s) with 500 MILLISECONDS interval)
	at org.openqa.selenium.support.ui.WebDriverWait.timeoutException(WebDriverWait.java:80)
	at org.openqa.selenium.support.ui.FluentWait.until(FluentWait.java:232)
	at com.appiancorp.ps.automatedtest.tempo.interfaces.TempoCheckboxFieldOption.waitFor(TempoCheckboxFieldOption.java:60)
	at com.appiancorp.ps.automatedtest.fixture.TempoFixture.clickOnCheckboxOption(TempoFixture.java:1604)
	at sun.reflect.NativeMethodAccessorImpl.invoke0(Native Method)
	at sun.reflect.NativeMethodAccessorImpl.invoke(Unknown Source)
	at sun.reflect.DelegatingMethodAccessorImpl.invoke(Unknown Source)
	at java.lang.reflect.Method.invoke(Unknown Source)
	at fitnesse.slim.fixtureInteraction.DefaultInteraction.methodInvoke(DefaultInteraction.java:81)
	at fitnesse.slim.MethodExecutor.callMethod(MethodExecutor.java:57)
	at fitnesse.slim.MethodExecutor.invokeMethod(MethodExecutor.java:38)
	at fitnesse.slim.MethodExecutor.findAndInvoke(MethodExecutor.java:72)
	at fitnesse.slim.FixtureMethodExecutor.execute(FixtureMethodExecutor.java:20)
	at fitnesse.slim.StatementExecutor.getMethodExecutionResult(StatementExecutor.java:135)
	at fitnesse.slim.StatementExecutor.call(StatementExecutor.java:108)
	at fitnesse.slim.instructions.CallInstruction.executeInternal(CallInstruction.java:35)
	at fitnesse.slim.instructions.Instruction.execute(Instruction.java:29)
	at fitnesse.slim.ListExecutor$Executive.executeStatement(ListExecutor.java:49)
	at fitnesse.slim.ListExecutor$Executive.executeStatements(ListExecutor.java:43)
	at fitnesse.slim.ListExecutor.execute(ListExecutor.java:85)
	at fitnesse.slim.SlimServer.executeInstructions(SlimServer.java:84)
	at fitnesse.slim.SlimServer.processOneSetOfInstructions(SlimServer.java:77)
	at fitnesse.slim.SlimServer.tryProcessInstructions(SlimServer.java:64)
	at fitnesse.slim.SlimServer.serve(SlimServer.java:49)
	at fitnesse.slim.SlimService.handle(SlimService.java:154)
	at fitnesse.slim.SlimService.acceptOne(SlimService.java:162)
	at fitnesse.slim.SlimService.accept(SlimService.java:124)
	at fitnesse.slim.SlimService.startWithFactory(SlimService.java:76)
	at fitnesse.slim.SlimService.main(SlimService.java:56)
Caused by: org.openqa.selenium.NoSuchElementException: Cannot locate an element using By.xpath: (//label[contains(translate(text(),'ABCDEFGHIJKLMNOPQRSTUVWXYZ','abcdefghijklmnopqrstuvwxyz'), '')]/parent::div[contains(@class,'CheckboxGroup---choice_pair')])[1]
For documentation on this error, please visit: http://seleniumhq.org/exceptions/no_such_element.html
Build info: version: '3.4.0', revision: 'unknown', time: 'unknown'
System info: host: 'FITNESSE', ip: '10.119.38.100', os.name: 'Windows Server 2016', os.arch: 'x86', os.version: '10.0', java.version: '1.8.0_144'
Driver info: driver.version: unknown
	at org.openqa.selenium.support.ui.ExpectedConditions.lambda$findElement$0(ExpectedConditions.java:883)
	at java.util.Optional.orElseThrow(Unknown Source)
	at org.openqa.selenium.support.ui.ExpectedConditions.findElement(ExpectedConditions.java:882)
	at org.openqa.selenium.support.ui.ExpectedConditions.access$000(ExpectedConditions.java:44)
	at org.openqa.selenium.support.ui.ExpectedConditions$7.apply(ExpectedConditions.java:206)
	at org.openqa.selenium.support.ui.ExpectedConditions$7.apply(ExpectedConditions.java:202)
	at org.openqa.selenium.support.ui.FluentWait.until(FluentWait.java:209)
	... 27 more
2018-01-02 09:53:41,454 [main] DEBUG com.appiancorp.ps.automatedtest.tempo.interfaces.TempoButton  - WAIT FOR BUTTON [Submit]
2018-01-02 09:53:51,689 [main] ERROR com.appiancorp.ps.automatedtest.exception.ExceptionBuilder  - Wait for Button - Submit
org.openqa.selenium.TimeoutException: Expected condition failed: waiting for presence of element located by: By.xpath: //button[contains(translate(text(),'ABCDEFGHIJKLMNOPQRSTUVWXYZ','abcdefghijklmnopqrstuvwxyz'),'submit') and not(contains(@class, 'button-disabled'))] (tried for 10 second(s) with 500 MILLISECONDS interval)
	at org.openqa.selenium.support.ui.WebDriverWait.timeoutException(WebDriverWait.java:80)
	at org.openqa.selenium.support.ui.FluentWait.until(FluentWait.java:232)
	at com.appiancorp.ps.automatedtest.tempo.interfaces.TempoButton.waitFor(TempoButton.java:52)
	at com.appiancorp.ps.automatedtest.fixture.TempoFixture.clickOnButton(TempoFixture.java:1489)
	at sun.reflect.NativeMethodAccessorImpl.invoke0(Native Method)
	at sun.reflect.NativeMethodAccessorImpl.invoke(Unknown Source)
	at sun.reflect.DelegatingMethodAccessorImpl.invoke(Unknown Source)
	at java.lang.reflect.Method.invoke(Unknown Source)
	at fitnesse.slim.fixtureInteraction.DefaultInteraction.methodInvoke(DefaultInteraction.java:81)
	at fitnesse.slim.MethodExecutor.callMethod(MethodExecutor.java:57)
	at fitnesse.slim.MethodExecutor.invokeMethod(MethodExecutor.java:38)
	at fitnesse.slim.MethodExecutor.findAndInvoke(MethodExecutor.java:72)
	at fitnesse.slim.FixtureMethodExecutor.execute(FixtureMethodExecutor.java:20)
	at fitnesse.slim.StatementExecutor.getMethodExecutionResult(StatementExecutor.java:135)
	at fitnesse.slim.StatementExecutor.call(StatementExecutor.java:108)
	at fitnesse.slim.instructions.CallInstruction.executeInternal(CallInstruction.java:35)
	at fitnesse.slim.instructions.Instruction.execute(Instruction.java:29)
	at fitnesse.slim.ListExecutor$Executive.executeStatement(ListExecutor.java:49)
	at fitnesse.slim.ListExecutor$Executive.executeStatements(ListExecutor.java:43)
	at fitnesse.slim.ListExecutor.execute(ListExecutor.java:85)
	at fitnesse.slim.SlimServer.executeInstructions(SlimServer.java:84)
	at fitnesse.slim.SlimServer.processOneSetOfInstructions(SlimServer.java:77)
	at fitnesse.slim.SlimServer.tryProcessInstructions(SlimServer.java:64)
	at fitnesse.slim.SlimServer.serve(SlimServer.java:49)
	at fitnesse.slim.SlimService.handle(SlimService.java:154)
	at fitnesse.slim.SlimService.acceptOne(SlimService.java:162)
	at fitnesse.slim.SlimService.accept(SlimService.java:124)
	at fitnesse.slim.SlimService.startWithFactory(SlimService.java:76)
	at fitnesse.slim.SlimService.main(SlimService.java:56)
Caused by: org.openqa.selenium.NoSuchElementException: Cannot locate an element using By.xpath: //button[contains(translate(text(),'ABCDEFGHIJKLMNOPQRSTUVWXYZ','abcdefghijklmnopqrstuvwxyz'),'submit') and not(contains(@class, 'button-disabled'))]
For documentation on this error, please visit: http://seleniumhq.org/exceptions/no_such_element.html
Build info: version: '3.4.0', revision: 'unknown', time: 'unknown'
System info: host: 'FITNESSE', ip: '10.119.38.100', os.name: 'Windows Server 2016', os.arch: 'x86', os.version: '10.0', java.version: '1.8.0_144'
Driver info: driver.version: unknown
	at org.openqa.selenium.support.ui.ExpectedConditions.lambda$findElement$0(ExpectedConditions.java:883)
	at java.util.Optional.orElseThrow(Unknown Source)
	at org.openqa.selenium.support.ui.ExpectedConditions.findElement(ExpectedConditions.java:882)
	at org.openqa.selenium.support.ui.ExpectedConditions.access$000(ExpectedConditions.java:44)
	at org.openqa.selenium.support.ui.ExpectedConditions$6.apply(ExpectedConditions.java:183)
	at org.openqa.selenium.support.ui.ExpectedConditions$6.apply(ExpectedConditions.java:180)
	at org.openqa.selenium.support.ui.FluentWait.until(FluentWait.java:209)
	... 27 more
2018-01-02 09:53:51,690 [main] DEBUG com.appiancorp.ps.automatedtest.tempo.interfaces.TempoLinkField  - WAIT FOR LINK [General Data]
2018-01-02 09:54:01,802 [main] ERROR com.appiancorp.ps.automatedtest.exception.ExceptionBuilder  - Wait for Link - General Data
org.openqa.selenium.TimeoutException: Expected condition failed: waiting for presence of element located by: By.xpath: //a[contains(translate(text(),'ABCDEFGHIJKLMNOPQRSTUVWXYZ','abcdefghijklmnopqrstuvwxyz'),'general data')] | //a//*[contains(translate(text(),'ABCDEFGHIJKLMNOPQRSTUVWXYZ','abcdefghijklmnopqrstuvwxyz'),'general data')]/.. (tried for 10 second(s) with 500 MILLISECONDS interval)
	at org.openqa.selenium.support.ui.WebDriverWait.timeoutException(WebDriverWait.java:80)
	at org.openqa.selenium.support.ui.FluentWait.until(FluentWait.java:232)
	at com.appiancorp.ps.automatedtest.tempo.interfaces.TempoLinkField.waitFor(TempoLinkField.java:49)
	at com.appiancorp.ps.automatedtest.fixture.TempoFixture.clickOnLink(TempoFixture.java:1430)
	at sun.reflect.NativeMethodAccessorImpl.invoke0(Native Method)
	at sun.reflect.NativeMethodAccessorImpl.invoke(Unknown Source)
	at sun.reflect.DelegatingMethodAccessorImpl.invoke(Unknown Source)
	at java.lang.reflect.Method.invoke(Unknown Source)
	at fitnesse.slim.fixtureInteraction.DefaultInteraction.methodInvoke(DefaultInteraction.java:81)
	at fitnesse.slim.MethodExecutor.callMethod(MethodExecutor.java:57)
	at fitnesse.slim.MethodExecutor.invokeMethod(MethodExecutor.java:38)
	at fitnesse.slim.MethodExecutor.findAndInvoke(MethodExecutor.java:72)
	at fitnesse.slim.FixtureMethodExecutor.execute(FixtureMethodExecutor.java:20)
	at fitnesse.slim.StatementExecutor.getMethodExecutionResult(StatementExecutor.java:135)
	at fitnesse.slim.StatementExecutor.call(StatementExecutor.java:108)
	at fitnesse.slim.instructions.CallInstruction.executeInternal(CallInstruction.java:35)
	at fitnesse.slim.instructions.Instruction.execute(Instruction.java:29)
	at fitnesse.slim.ListExecutor$Executive.executeStatement(ListExecutor.java:49)
	at fitnesse.slim.ListExecutor$Executive.executeStatements(ListExecutor.java:43)
	at fitnesse.slim.ListExecutor.execute(ListExecutor.java:85)
	at fitnesse.slim.SlimServer.executeInstructions(SlimServer.java:84)
	at fitnesse.slim.SlimServer.processOneSetOfInstructions(SlimServer.java:77)
	at fitnesse.slim.SlimServer.tryProcessInstructions(SlimServer.java:64)
	at fitnesse.slim.SlimServer.serve(SlimServer.java:49)
	at fitnesse.slim.SlimService.handle(SlimService.java:154)
	at fitnesse.slim.SlimService.acceptOne(SlimService.java:162)
	at fitnesse.slim.SlimService.accept(SlimService.java:124)
	at fitnesse.slim.SlimService.startWithFactory(SlimService.java:76)
	at fitnesse.slim.SlimService.main(SlimService.java:56)
Caused by: org.openqa.selenium.NoSuchElementException: Cannot locate an element using By.xpath: //a[contains(translate(text(),'ABCDEFGHIJKLMNOPQRSTUVWXYZ','abcdefghijklmnopqrstuvwxyz'),'general data')] | //a//*[contains(translate(text(),'ABCDEFGHIJKLMNOPQRSTUVWXYZ','abcdefghijklmnopqrstuvwxyz'),'general data')]/..
For documentation on this error, please visit: http://seleniumhq.org/exceptions/no_such_element.html
Build info: version: '3.4.0', revision: 'unknown', time: 'unknown'
System info: host: 'FITNESSE', ip: '10.119.38.100', os.name: 'Windows Server 2016', os.arch: 'x86', os.version: '10.0', java.version: '1.8.0_144'
Driver info: driver.version: unknown
	at org.openqa.selenium.support.ui.ExpectedConditions.lambda$findElement$0(ExpectedConditions.java:883)
	at java.util.Optional.orElseThrow(Unknown Source)
	at org.openqa.selenium.support.ui.ExpectedConditions.findElement(ExpectedConditions.java:882)
	at org.openqa.selenium.support.ui.ExpectedConditions.access$000(ExpectedConditions.java:44)
	at org.openqa.selenium.support.ui.ExpectedConditions$6.apply(ExpectedConditions.java:183)
	at org.openqa.selenium.support.ui.ExpectedConditions$6.apply(ExpectedConditions.java:180)
	at org.openqa.selenium.support.ui.FluentWait.until(FluentWait.java:209)
	... 27 more
2018-01-02 09:54:01,803 [main] DEBUG com.appiancorp.ps.automatedtest.tempo.interfaces.TempoButton  - WAIT FOR BUTTON [Update General Data]
2018-01-02 09:54:11,924 [main] ERROR com.appiancorp.ps.automatedtest.exception.ExceptionBuilder  - Wait for Button - Update General Data
org.openqa.selenium.TimeoutException: Expected condition failed: waiting for presence of element located by: By.xpath: //button[contains(translate(text(),'ABCDEFGHIJKLMNOPQRSTUVWXYZ','abcdefghijklmnopqrstuvwxyz'),'update general data') and not(contains(@class, 'button-disabled'))] (tried for 10 second(s) with 500 MILLISECONDS interval)
	at org.openqa.selenium.support.ui.WebDriverWait.timeoutException(WebDriverWait.java:80)
	at org.openqa.selenium.support.ui.FluentWait.until(FluentWait.java:232)
	at com.appiancorp.ps.automatedtest.tempo.interfaces.TempoButton.waitFor(TempoButton.java:52)
	at com.appiancorp.ps.automatedtest.fixture.TempoFixture.clickOnButton(TempoFixture.java:1489)
	at sun.reflect.NativeMethodAccessorImpl.invoke0(Native Method)
	at sun.reflect.NativeMethodAccessorImpl.invoke(Unknown Source)
	at sun.reflect.DelegatingMethodAccessorImpl.invoke(Unknown Source)
	at java.lang.reflect.Method.invoke(Unknown Source)
	at fitnesse.slim.fixtureInteraction.DefaultInteraction.methodInvoke(DefaultInteraction.java:81)
	at fitnesse.slim.MethodExecutor.callMethod(MethodExecutor.java:57)
	at fitnesse.slim.MethodExecutor.invokeMethod(MethodExecutor.java:38)
	at fitnesse.slim.MethodExecutor.findAndInvoke(MethodExecutor.java:72)
	at fitnesse.slim.FixtureMethodExecutor.execute(FixtureMethodExecutor.java:20)
	at fitnesse.slim.StatementExecutor.getMethodExecutionResult(StatementExecutor.java:135)
	at fitnesse.slim.StatementExecutor.call(StatementExecutor.java:108)
	at fitnesse.slim.instructions.CallInstruction.executeInternal(CallInstruction.java:35)
	at fitnesse.slim.instructions.Instruction.execute(Instruction.java:29)
	at fitnesse.slim.ListExecutor$Executive.executeStatement(ListExecutor.java:49)
	at fitnesse.slim.ListExecutor$Executive.executeStatements(ListExecutor.java:43)
	at fitnesse.slim.ListExecutor.execute(ListExecutor.java:85)
	at fitnesse.slim.SlimServer.executeInstructions(SlimServer.java:84)
	at fitnesse.slim.SlimServer.processOneSetOfInstructions(SlimServer.java:77)
	at fitnesse.slim.SlimServer.tryProcessInstructions(SlimServer.java:64)
	at fitnesse.slim.SlimServer.serve(SlimServer.java:49)
	at fitnesse.slim.SlimService.handle(SlimService.java:154)
	at fitnesse.slim.SlimService.acceptOne(SlimService.java:162)
	at fitnesse.slim.SlimService.accept(SlimService.java:124)
	at fitnesse.slim.SlimService.startWithFactory(SlimService.java:76)
	at fitnesse.slim.SlimService.main(SlimService.java:56)
Caused by: org.openqa.selenium.NoSuchElementException: Cannot locate an element using By.xpath: //button[contains(translate(text(),'ABCDEFGHIJKLMNOPQRSTUVWXYZ','abcdefghijklmnopqrstuvwxyz'),'update general data') and not(contains(@class, 'button-disabled'))]
For documentation on this error, please visit: http://seleniumhq.org/exceptions/no_such_element.html
Build info: version: '3.4.0', revision: 'unknown', time: 'unknown'
System info: host: 'FITNESSE', ip: '10.119.38.100', os.name: 'Windows Server 2016', os.arch: 'x86', os.version: '10.0', java.version: '1.8.0_144'
Driver info: driver.version: unknown
	at org.openqa.selenium.support.ui.ExpectedConditions.lambda$findElement$0(ExpectedConditions.java:883)
	at java.util.Optional.orElseThrow(Unknown Source)
	at org.openqa.selenium.support.ui.ExpectedConditions.findElement(ExpectedConditions.java:882)
	at org.openqa.selenium.support.ui.ExpectedConditions.access$000(ExpectedConditions.java:44)
	at org.openqa.selenium.support.ui.ExpectedConditions$6.apply(ExpectedConditions.java:183)
	at org.openqa.selenium.support.ui.ExpectedConditions$6.apply(ExpectedConditions.java:180)
	at org.openqa.selenium.support.ui.FluentWait.until(FluentWait.java:209)
	... 27 more
2018-01-02 09:54:11,933 [main] DEBUG com.appiancorp.ps.automatedtest.tempo.interfaces.TempoParagraphField  - WAIT FOR [[1]]
2018-01-02 09:54:22,074 [main] ERROR com.appiancorp.ps.automatedtest.exception.ExceptionBuilder  - Wait for Field - [1]
org.openqa.selenium.TimeoutException: Expected condition failed: waiting for presence of element located by: By.xpath: (//textarea[contains(@class,'ParagraphWidget---textarea ParagraphWidget') and @role='textbox'])[1]/ancestor::div[contains(@class, 'FieldLayout---field_layout')] (tried for 10 second(s) with 500 MILLISECONDS interval)
	at org.openqa.selenium.support.ui.WebDriverWait.timeoutException(WebDriverWait.java:80)
	at org.openqa.selenium.support.ui.FluentWait.until(FluentWait.java:232)
	at com.appiancorp.ps.automatedtest.tempo.interfaces.TempoParagraphField.waitFor(TempoParagraphField.java:56)
	at com.appiancorp.ps.automatedtest.tempo.interfaces.TempoFieldFactory.waitFor(TempoFieldFactory.java:84)
	at com.appiancorp.ps.automatedtest.fixture.TempoFixture.populateFieldWith(TempoFixture.java:804)
	at sun.reflect.NativeMethodAccessorImpl.invoke0(Native Method)
	at sun.reflect.NativeMethodAccessorImpl.invoke(Unknown Source)
	at sun.reflect.DelegatingMethodAccessorImpl.invoke(Unknown Source)
	at java.lang.reflect.Method.invoke(Unknown Source)
	at fitnesse.slim.fixtureInteraction.DefaultInteraction.methodInvoke(DefaultInteraction.java:81)
	at fitnesse.slim.MethodExecutor.callMethod(MethodExecutor.java:57)
	at fitnesse.slim.MethodExecutor.invokeMethod(MethodExecutor.java:38)
	at fitnesse.slim.MethodExecutor.findAndInvoke(MethodExecutor.java:72)
	at fitnesse.slim.FixtureMethodExecutor.execute(FixtureMethodExecutor.java:20)
	at fitnesse.slim.StatementExecutor.getMethodExecutionResult(StatementExecutor.java:135)
	at fitnesse.slim.StatementExecutor.call(StatementExecutor.java:108)
	at fitnesse.slim.instructions.CallInstruction.executeInternal(CallInstruction.java:35)
	at fitnesse.slim.instructions.Instruction.execute(Instruction.java:29)
	at fitnesse.slim.ListExecutor$Executive.executeStatement(ListExecutor.java:49)
	at fitnesse.slim.ListExecutor$Executive.executeStatements(ListExecutor.java:43)
	at fitnesse.slim.ListExecutor.execute(ListExecutor.java:85)
	at fitnesse.slim.SlimServer.executeInstructions(SlimServer.java:84)
	at fitnesse.slim.SlimServer.processOneSetOfInstructions(SlimServer.java:77)
	at fitnesse.slim.SlimServer.tryProcessInstructions(SlimServer.java:64)
	at fitnesse.slim.SlimServer.serve(SlimServer.java:49)
	at fitnesse.slim.SlimService.handle(SlimService.java:154)
	at fitnesse.slim.SlimService.acceptOne(SlimService.java:162)
	at fitnesse.slim.SlimService.accept(SlimService.java:124)
	at fitnesse.slim.SlimService.startWithFactory(SlimService.java:76)
	at fitnesse.slim.SlimService.main(SlimService.java:56)
Caused by: org.openqa.selenium.NoSuchElementException: Cannot locate an element using By.xpath: (//textarea[contains(@class,'ParagraphWidget---textarea ParagraphWidget') and @role='textbox'])[1]/ancestor::div[contains(@class, 'FieldLayout---field_layout')]
For documentation on this error, please visit: http://seleniumhq.org/exceptions/no_such_element.html
Build info: version: '3.4.0', revision: 'unknown', time: 'unknown'
System info: host: 'FITNESSE', ip: '10.119.38.100', os.name: 'Windows Server 2016', os.arch: 'x86', os.version: '10.0', java.version: '1.8.0_144'
Driver info: driver.version: unknown
	at org.openqa.selenium.support.ui.ExpectedConditions.lambda$findElement$0(ExpectedConditions.java:883)
	at java.util.Optional.orElseThrow(Unknown Source)
	at org.openqa.selenium.support.ui.ExpectedConditions.findElement(ExpectedConditions.java:882)
	at org.openqa.selenium.support.ui.ExpectedConditions.access$000(ExpectedConditions.java:44)
	at org.openqa.selenium.support.ui.ExpectedConditions$6.apply(ExpectedConditions.java:183)
	at org.openqa.selenium.support.ui.ExpectedConditions$6.apply(ExpectedConditions.java:180)
	at org.openqa.selenium.support.ui.FluentWait.until(FluentWait.java:209)
	... 28 more
2018-01-02 09:54:22,075 [main] ERROR com.appiancorp.ps.automatedtest.exception.ExceptionBuilder  - Wait for Field Type - paragraph - [1]
com.appiancorp.ps.automatedtest.exception.TimeoutTestException: message:&lt;&lt;Timeout period reached: Wait for Field - [1]&gt;&gt;
	at com.appiancorp.ps.automatedtest.exception.ExceptionBuilder.build(ExceptionBuilder.java:35)
	at com.appiancorp.ps.automatedtest.tempo.interfaces.TempoParagraphField.waitFor(TempoParagraphField.java:58)
	at com.appiancorp.ps.automatedtest.tempo.interfaces.TempoFieldFactory.waitFor(TempoFieldFactory.java:84)
	at com.appiancorp.ps.automatedtest.fixture.TempoFixture.populateFieldWith(TempoFixture.java:804)
	at sun.reflect.NativeMethodAccessorImpl.invoke0(Native Method)
	at sun.reflect.NativeMethodAccessorImpl.invoke(Unknown Source)
	at sun.reflect.DelegatingMethodAccessorImpl.invoke(Unknown Source)
	at java.lang.reflect.Method.invoke(Unknown Source)
	at fitnesse.slim.fixtureInteraction.DefaultInteraction.methodInvoke(DefaultInteraction.java:81)
	at fitnesse.slim.MethodExecutor.callMethod(MethodExecutor.java:57)
	at fitnesse.slim.MethodExecutor.invokeMethod(MethodExecutor.java:38)
	at fitnesse.slim.MethodExecutor.findAndInvoke(MethodExecutor.java:72)
	at fitnesse.slim.FixtureMethodExecutor.execute(FixtureMethodExecutor.java:20)
	at fitnesse.slim.StatementExecutor.getMethodExecutionResult(StatementExecutor.java:135)
	at fitnesse.slim.StatementExecutor.call(StatementExecutor.java:108)
	at fitnesse.slim.instructions.CallInstruction.executeInternal(CallInstruction.java:35)
	at fitnesse.slim.instructions.Instruction.execute(Instruction.java:29)
	at fitnesse.slim.ListExecutor$Executive.executeStatement(ListExecutor.java:49)
	at fitnesse.slim.ListExecutor$Executive.executeStatements(ListExecutor.java:43)
	at fitnesse.slim.ListExecutor.execute(ListExecutor.java:85)
	at fitnesse.slim.SlimServer.executeInstructions(SlimServer.java:84)
	at fitnesse.slim.SlimServer.processOneSetOfInstructions(SlimServer.java:77)
	at fitnesse.slim.SlimServer.tryProcessInstructions(SlimServer.java:64)
	at fitnesse.slim.SlimServer.serve(SlimServer.java:49)
	at fitnesse.slim.SlimService.handle(SlimService.java:154)
	at fitnesse.slim.SlimService.acceptOne(SlimService.java:162)
	at fitnesse.slim.SlimService.accept(SlimService.java:124)
	at fitnesse.slim.SlimService.startWithFactory(SlimService.java:76)
	at fitnesse.slim.SlimService.main(SlimService.java:56)
2018-01-02 09:54:22,077 [main] DEBUG com.appiancorp.ps.automatedtest.tempo.interfaces.TempoParagraphField  - WAIT FOR [[2]]
2018-01-02 09:54:32,201 [main] ERROR com.appiancorp.ps.automatedtest.exception.ExceptionBuilder  - Wait for Field - [2]
org.openqa.selenium.TimeoutException: Expected condition failed: waiting for presence of element located by: By.xpath: (//textarea[contains(@class,'ParagraphWidget---textarea ParagraphWidget') and @role='textbox'])[2]/ancestor::div[contains(@class, 'FieldLayout---field_layout')] (tried for 10 second(s) with 500 MILLISECONDS interval)
	at org.openqa.selenium.support.ui.WebDriverWait.timeoutException(WebDriverWait.java:80)
	at org.openqa.selenium.support.ui.FluentWait.until(FluentWait.java:232)
	at com.appiancorp.ps.automatedtest.tempo.interfaces.TempoParagraphField.waitFor(TempoParagraphField.java:56)
	at com.appiancorp.ps.automatedtest.tempo.interfaces.TempoFieldFactory.waitFor(TempoFieldFactory.java:84)
	at com.appiancorp.ps.automatedtest.fixture.TempoFixture.populateFieldWith(TempoFixture.java:804)
	at sun.reflect.NativeMethodAccessorImpl.invoke0(Native Method)
	at sun.reflect.NativeMethodAccessorImpl.invoke(Unknown Source)
	at sun.reflect.DelegatingMethodAccessorImpl.invoke(Unknown Source)
	at java.lang.reflect.Method.invoke(Unknown Source)
	at fitnesse.slim.fixtureInteraction.DefaultInteraction.methodInvoke(DefaultInteraction.java:81)
	at fitnesse.slim.MethodExecutor.callMethod(MethodExecutor.java:57)
	at fitnesse.slim.MethodExecutor.invokeMethod(MethodExecutor.java:38)
	at fitnesse.slim.MethodExecutor.findAndInvoke(MethodExecutor.java:72)
	at fitnesse.slim.FixtureMethodExecutor.execute(FixtureMethodExecutor.java:20)
	at fitnesse.slim.StatementExecutor.getMethodExecutionResult(StatementExecutor.java:135)
	at fitnesse.slim.StatementExecutor.call(StatementExecutor.java:108)
	at fitnesse.slim.instructions.CallInstruction.executeInternal(CallInstruction.java:35)
	at fitnesse.slim.instructions.Instruction.execute(Instruction.java:29)
	at fitnesse.slim.ListExecutor$Executive.executeStatement(ListExecutor.java:49)
	at fitnesse.slim.ListExecutor$Executive.executeStatements(ListExecutor.java:43)
	at fitnesse.slim.ListExecutor.execute(ListExecutor.java:85)
	at fitnesse.slim.SlimServer.executeInstructions(SlimServer.java:84)
	at fitnesse.slim.SlimServer.processOneSetOfInstructions(SlimServer.java:77)
	at fitnesse.slim.SlimServer.tryProcessInstructions(SlimServer.java:64)
	at fitnesse.slim.SlimServer.serve(SlimServer.java:49)
	at fitnesse.slim.SlimService.handle(SlimService.java:154)
	at fitnesse.slim.SlimService.acceptOne(SlimService.java:162)
	at fitnesse.slim.SlimService.accept(SlimService.java:124)
	at fitnesse.slim.SlimService.startWithFactory(SlimService.java:76)
	at fitnesse.slim.SlimService.main(SlimService.java:56)
Caused by: org.openqa.selenium.NoSuchElementException: Cannot locate an element using By.xpath: (//textarea[contains(@class,'ParagraphWidget---textarea ParagraphWidget') and @role='textbox'])[2]/ancestor::div[contains(@class, 'FieldLayout---field_layout')]
For documentation on this error, please visit: http://seleniumhq.org/exceptions/no_such_element.html
Build info: version: '3.4.0', revision: 'unknown', time: 'unknown'
System info: host: 'FITNESSE', ip: '10.119.38.100', os.name: 'Windows Server 2016', os.arch: 'x86', os.version: '10.0', java.version: '1.8.0_144'
Driver info: driver.version: unknown
	at org.openqa.selenium.support.ui.ExpectedConditions.lambda$findElement$0(ExpectedConditions.java:883)
	at java.util.Optional.orElseThrow(Unknown Source)
	at org.openqa.selenium.support.ui.ExpectedConditions.findElement(ExpectedConditions.java:882)
	at org.openqa.selenium.support.ui.ExpectedConditions.access$000(ExpectedConditions.java:44)
	at org.openqa.selenium.support.ui.ExpectedConditions$6.apply(ExpectedConditions.java:183)
	at org.openqa.selenium.support.ui.ExpectedConditions$6.apply(ExpectedConditions.java:180)
	at org.openqa.selenium.support.ui.FluentWait.until(FluentWait.java:209)
	... 28 more
2018-01-02 09:54:32,201 [main] ERROR com.appiancorp.ps.automatedtest.exception.ExceptionBuilder  - Wait for Field Type - paragraph - [2]
com.appiancorp.ps.automatedtest.exception.TimeoutTestException: message:&lt;&lt;Timeout period reached: Wait for Field - [2]&gt;&gt;
	at com.appiancorp.ps.automatedtest.exception.ExceptionBuilder.build(ExceptionBuilder.java:35)
	at com.appiancorp.ps.automatedtest.tempo.interfaces.TempoParagraphField.waitFor(TempoParagraphField.java:58)
	at com.appiancorp.ps.automatedtest.tempo.interfaces.TempoFieldFactory.waitFor(TempoFieldFactory.java:84)
	at com.appiancorp.ps.automatedtest.fixture.TempoFixture.populateFieldWith(TempoFixture.java:804)
	at sun.reflect.NativeMethodAccessorImpl.invoke0(Native Method)
	at sun.reflect.NativeMethodAccessorImpl.invoke(Unknown Source)
	at sun.reflect.DelegatingMethodAccessorImpl.invoke(Unknown Source)
	at java.lang.reflect.Method.invoke(Unknown Source)
	at fitnesse.slim.fixtureInteraction.DefaultInteraction.methodInvoke(DefaultInteraction.java:81)
	at fitnesse.slim.MethodExecutor.callMethod(MethodExecutor.java:57)
	at fitnesse.slim.MethodExecutor.invokeMethod(MethodExecutor.java:38)
	at fitnesse.slim.MethodExecutor.findAndInvoke(MethodExecutor.java:72)
	at fitnesse.slim.FixtureMethodExecutor.execute(FixtureMethodExecutor.java:20)
	at fitnesse.slim.StatementExecutor.getMethodExecutionResult(StatementExecutor.java:135)
	at fitnesse.slim.StatementExecutor.call(StatementExecutor.java:108)
	at fitnesse.slim.instructions.CallInstruction.executeInternal(CallInstruction.java:35)
	at fitnesse.slim.instructions.Instruction.execute(Instruction.java:29)
	at fitnesse.slim.ListExecutor$Executive.executeStatement(ListExecutor.java:49)
	at fitnesse.slim.ListExecutor$Executive.executeStatements(ListExecutor.java:43)
	at fitnesse.slim.ListExecutor.execute(ListExecutor.java:85)
	at fitnesse.slim.SlimServer.executeInstructions(SlimServer.java:84)
	at fitnesse.slim.SlimServer.processOneSetOfInstructions(SlimServer.java:77)
	at fitnesse.slim.SlimServer.tryProcessInstructions(SlimServer.java:64)
	at fitnesse.slim.SlimServer.serve(SlimServer.java:49)
	at fitnesse.slim.SlimService.handle(SlimService.java:154)
	at fitnesse.slim.SlimService.acceptOne(SlimService.java:162)
	at fitnesse.slim.SlimService.accept(SlimService.java:124)
	at fitnesse.slim.SlimService.startWithFactory(SlimService.java:76)
	at fitnesse.slim.SlimService.main(SlimService.java:56)
2018-01-02 09:54:32,202 [main] DEBUG com.appiancorp.ps.automatedtest.tempo.interfaces.TempoParagraphField  - WAIT FOR [[3]]
2018-01-02 09:54:42,317 [main] ERROR com.appiancorp.ps.automatedtest.exception.ExceptionBuilder  - Wait for Field - [3]
org.openqa.selenium.TimeoutException: Expected condition failed: waiting for presence of element located by: By.xpath: (//textarea[contains(@class,'ParagraphWidget---textarea ParagraphWidget') and @role='textbox'])[3]/ancestor::div[contains(@class, 'FieldLayout---field_layout')] (tried for 10 second(s) with 500 MILLISECONDS interval)
	at org.openqa.selenium.support.ui.WebDriverWait.timeoutException(WebDriverWait.java:80)
	at org.openqa.selenium.support.ui.FluentWait.until(FluentWait.java:232)
	at com.appiancorp.ps.automatedtest.tempo.interfaces.TempoParagraphField.waitFor(TempoParagraphField.java:56)
	at com.appiancorp.ps.automatedtest.tempo.interfaces.TempoFieldFactory.waitFor(TempoFieldFactory.java:84)
	at com.appiancorp.ps.automatedtest.fixture.TempoFixture.populateFieldWith(TempoFixture.java:804)
	at sun.reflect.NativeMethodAccessorImpl.invoke0(Native Method)
	at sun.reflect.NativeMethodAccessorImpl.invoke(Unknown Source)
	at sun.reflect.DelegatingMethodAccessorImpl.invoke(Unknown Source)
	at java.lang.reflect.Method.invoke(Unknown Source)
	at fitnesse.slim.fixtureInteraction.DefaultInteraction.methodInvoke(DefaultInteraction.java:81)
	at fitnesse.slim.MethodExecutor.callMethod(MethodExecutor.java:57)
	at fitnesse.slim.MethodExecutor.invokeMethod(MethodExecutor.java:38)
	at fitnesse.slim.MethodExecutor.findAndInvoke(MethodExecutor.java:72)
	at fitnesse.slim.FixtureMethodExecutor.execute(FixtureMethodExecutor.java:20)
	at fitnesse.slim.StatementExecutor.getMethodExecutionResult(StatementExecutor.java:135)
	at fitnesse.slim.StatementExecutor.call(StatementExecutor.java:108)
	at fitnesse.slim.instructions.CallInstruction.executeInternal(CallInstruction.java:35)
	at fitnesse.slim.instructions.Instruction.execute(Instruction.java:29)
	at fitnesse.slim.ListExecutor$Executive.executeStatement(ListExecutor.java:49)
	at fitnesse.slim.ListExecutor$Executive.executeStatements(ListExecutor.java:43)
	at fitnesse.slim.ListExecutor.execute(ListExecutor.java:85)
	at fitnesse.slim.SlimServer.executeInstructions(SlimServer.java:84)
	at fitnesse.slim.SlimServer.processOneSetOfInstructions(SlimServer.java:77)
	at fitnesse.slim.SlimServer.tryProcessInstructions(SlimServer.java:64)
	at fitnesse.slim.SlimServer.serve(SlimServer.java:49)
	at fitnesse.slim.SlimService.handle(SlimService.java:154)
	at fitnesse.slim.SlimService.acceptOne(SlimService.java:162)
	at fitnesse.slim.SlimService.accept(SlimService.java:124)
	at fitnesse.slim.SlimService.startWithFactory(SlimService.java:76)
	at fitnesse.slim.SlimService.main(SlimService.java:56)
Caused by: org.openqa.selenium.NoSuchElementException: Cannot locate an element using By.xpath: (//textarea[contains(@class,'ParagraphWidget---textarea ParagraphWidget') and @role='textbox'])[3]/ancestor::div[contains(@class, 'FieldLayout---field_layout')]
For documentation on this error, please visit: http://seleniumhq.org/exceptions/no_such_element.html
Build info: version: '3.4.0', revision: 'unknown', time: 'unknown'
System info: host: 'FITNESSE', ip: '10.119.38.100', os.name: 'Windows Server 2016', os.arch: 'x86', os.version: '10.0', java.version: '1.8.0_144'
Driver info: driver.version: unknown
	at org.openqa.selenium.support.ui.ExpectedConditions.lambda$findElement$0(ExpectedConditions.java:883)
	at java.util.Optional.orElseThrow(Unknown Source)
	at org.openqa.selenium.support.ui.ExpectedConditions.findElement(ExpectedConditions.java:882)
	at org.openqa.selenium.support.ui.ExpectedConditions.access$000(ExpectedConditions.java:44)
	at org.openqa.selenium.support.ui.ExpectedConditions$6.apply(ExpectedConditions.java:183)
	at org.openqa.selenium.support.ui.ExpectedConditions$6.apply(ExpectedConditions.java:180)
	at org.openqa.selenium.support.ui.FluentWait.until(FluentWait.java:209)
	... 28 more
2018-01-02 09:54:42,317 [main] ERROR com.appiancorp.ps.automatedtest.exception.ExceptionBuilder  - Wait for Field Type - paragraph - [3]
com.appiancorp.ps.automatedtest.exception.TimeoutTestException: message:&lt;&lt;Timeout period reached: Wait for Field - [3]&gt;&gt;
	at com.appiancorp.ps.automatedtest.exception.ExceptionBuilder.build(ExceptionBuilder.java:35)
	at com.appiancorp.ps.automatedtest.tempo.interfaces.TempoParagraphField.waitFor(TempoParagraphField.java:58)
	at com.appiancorp.ps.automatedtest.tempo.interfaces.TempoFieldFactory.waitFor(TempoFieldFactory.java:84)
	at com.appiancorp.ps.automatedtest.fixture.TempoFixture.populateFieldWith(TempoFixture.java:804)
	at sun.reflect.NativeMethodAccessorImpl.invoke0(Native Method)
	at sun.reflect.NativeMethodAccessorImpl.invoke(Unknown Source)
	at sun.reflect.DelegatingMethodAccessorImpl.invoke(Unknown Source)
	at java.lang.reflect.Method.invoke(Unknown Source)
	at fitnesse.slim.fixtureInteraction.DefaultInteraction.methodInvoke(DefaultInteraction.java:81)
	at fitnesse.slim.MethodExecutor.callMethod(MethodExecutor.java:57)
	at fitnesse.slim.MethodExecutor.invokeMethod(MethodExecutor.java:38)
	at fitnesse.slim.MethodExecutor.findAndInvoke(MethodExecutor.java:72)
	at fitnesse.slim.FixtureMethodExecutor.execute(FixtureMethodExecutor.java:20)
	at fitnesse.slim.StatementExecutor.getMethodExecutionResult(StatementExecutor.java:135)
	at fitnesse.slim.StatementExecutor.call(StatementExecutor.java:108)
	at fitnesse.slim.instructions.CallInstruction.executeInternal(CallInstruction.java:35)
	at fitnesse.slim.instructions.Instruction.execute(Instruction.java:29)
	at fitnesse.slim.ListExecutor$Executive.executeStatement(ListExecutor.java:49)
	at fitnesse.slim.ListExecutor$Executive.executeStatements(ListExecutor.java:43)
	at fitnesse.slim.ListExecutor.execute(ListExecutor.java:85)
	at fitnesse.slim.SlimServer.executeInstructions(SlimServer.java:84)
	at fitnesse.slim.SlimServer.processOneSetOfInstructions(SlimServer.java:77)
	at fitnesse.slim.SlimServer.tryProcessInstructions(SlimServer.java:64)
	at fitnesse.slim.SlimServer.serve(SlimServer.java:49)
	at fitnesse.slim.SlimService.handle(SlimService.java:154)
	at fitnesse.slim.SlimService.acceptOne(SlimService.java:162)
	at fitnesse.slim.SlimService.accept(SlimService.java:124)
	at fitnesse.slim.SlimService.startWithFactory(SlimService.java:76)
	at fitnesse.slim.SlimService.main(SlimService.java:56)
2018-01-02 09:54:42,318 [main] DEBUG com.appiancorp.ps.automatedtest.tempo.interfaces.TempoLinkField  - WAIT FOR LINK [Add Tenure Experience]
2018-01-02 09:54:52,446 [main] ERROR com.appiancorp.ps.automatedtest.exception.ExceptionBuilder  - Wait for Link - Add Tenure Experience
org.openqa.selenium.TimeoutException: Expected condition failed: waiting for presence of element located by: By.xpath: //a[contains(translate(text(),'ABCDEFGHIJKLMNOPQRSTUVWXYZ','abcdefghijklmnopqrstuvwxyz'),'add tenure experience')] | //a//*[contains(translate(text(),'ABCDEFGHIJKLMNOPQRSTUVWXYZ','abcdefghijklmnopqrstuvwxyz'),'add tenure experience')]/.. (tried for 10 second(s) with 500 MILLISECONDS interval)
	at org.openqa.selenium.support.ui.WebDriverWait.timeoutException(WebDriverWait.java:80)
	at org.openqa.selenium.support.ui.FluentWait.until(FluentWait.java:232)
	at com.appiancorp.ps.automatedtest.tempo.interfaces.TempoLinkField.waitFor(TempoLinkField.java:49)
	at com.appiancorp.ps.automatedtest.fixture.TempoFixture.clickOnLink(TempoFixture.java:1430)
	at sun.reflect.NativeMethodAccessorImpl.invoke0(Native Method)
	at sun.reflect.NativeMethodAccessorImpl.invoke(Unknown Source)
	at sun.reflect.DelegatingMethodAccessorImpl.invoke(Unknown Source)
	at java.lang.reflect.Method.invoke(Unknown Source)
	at fitnesse.slim.fixtureInteraction.DefaultInteraction.methodInvoke(DefaultInteraction.java:81)
	at fitnesse.slim.MethodExecutor.callMethod(MethodExecutor.java:57)
	at fitnesse.slim.MethodExecutor.invokeMethod(MethodExecutor.java:38)
	at fitnesse.slim.MethodExecutor.findAndInvoke(MethodExecutor.java:72)
	at fitnesse.slim.FixtureMethodExecutor.execute(FixtureMethodExecutor.java:20)
	at fitnesse.slim.StatementExecutor.getMethodExecutionResult(StatementExecutor.java:135)
	at fitnesse.slim.StatementExecutor.call(StatementExecutor.java:108)
	at fitnesse.slim.instructions.CallInstruction.executeInternal(CallInstruction.java:35)
	at fitnesse.slim.instructions.Instruction.execute(Instruction.java:29)
	at fitnesse.slim.ListExecutor$Executive.executeStatement(ListExecutor.java:49)
	at fitnesse.slim.ListExecutor$Executive.executeStatements(ListExecutor.java:43)
	at fitnesse.slim.ListExecutor.execute(ListExecutor.java:85)
	at fitnesse.slim.SlimServer.executeInstructions(SlimServer.java:84)
	at fitnesse.slim.SlimServer.processOneSetOfInstructions(SlimServer.java:77)
	at fitnesse.slim.SlimServer.tryProcessInstructions(SlimServer.java:64)
	at fitnesse.slim.SlimServer.serve(SlimServer.java:49)
	at fitnesse.slim.SlimService.handle(SlimService.java:154)
	at fitnesse.slim.SlimService.acceptOne(SlimService.java:162)
	at fitnesse.slim.SlimService.accept(SlimService.java:124)
	at fitnesse.slim.SlimService.startWithFactory(SlimService.java:76)
	at fitnesse.slim.SlimService.main(SlimService.java:56)
Caused by: org.openqa.selenium.NoSuchElementException: Cannot locate an element using By.xpath: //a[contains(translate(text(),'ABCDEFGHIJKLMNOPQRSTUVWXYZ','abcdefghijklmnopqrstuvwxyz'),'add tenure experience')] | //a//*[contains(translate(text(),'ABCDEFGHIJKLMNOPQRSTUVWXYZ','abcdefghijklmnopqrstuvwxyz'),'add tenure experience')]/..
For documentation on this error, please visit: http://seleniumhq.org/exceptions/no_such_element.html
Build info: version: '3.4.0', revision: 'unknown', time: 'unknown'
System info: host: 'FITNESSE', ip: '10.119.38.100', os.name: 'Windows Server 2016', os.arch: 'x86', os.version: '10.0', java.version: '1.8.0_144'
Driver info: driver.version: unknown
	at org.openqa.selenium.support.ui.ExpectedConditions.lambda$findElement$0(ExpectedConditions.java:883)
	at java.util.Optional.orElseThrow(Unknown Source)
	at org.openqa.selenium.support.ui.ExpectedConditions.findElement(ExpectedConditions.java:882)
	at org.openqa.selenium.support.ui.ExpectedConditions.access$000(ExpectedConditions.java:44)
	at org.openqa.selenium.support.ui.ExpectedConditions$6.apply(ExpectedConditions.java:183)
	at org.openqa.selenium.support.ui.ExpectedConditions$6.apply(ExpectedConditions.java:180)
	at org.openqa.selenium.support.ui.FluentWait.until(FluentWait.java:209)
	... 27 more
2018-01-02 09:54:52,449 [main] DEBUG com.appiancorp.ps.automatedtest.tempo.interfaces.TempoGridCell  - WAIT FOR GRID [[3]] COLUMN [[1]] ROW [[1]]
2018-01-02 09:54:52,457 [main] ERROR com.appiancorp.ps.automatedtest.exception.ExceptionBuilder  - Grid Wait For - [3] - [1] - [1]
org.openqa.selenium.NoSuchElementException: Unable to locate element: ((//table[contains(@class, '---table')])[3])/tbody/tr[1]/td[1]
For documentation on this error, please visit: http://seleniumhq.org/exceptions/no_such_element.html
Build info: version: '3.4.0', revision: 'unknown', time: 'unknown'
System info: host: 'FITNESSE', ip: '10.119.38.100', os.name: 'Windows Server 2016', os.arch: 'x86', os.version: '10.0', java.version: '1.8.0_144'
Driver info: org.openqa.selenium.firefox.FirefoxDriver
Capabilities [{moz:profile=C:\Users\nayana1\AppData\Local\Temp\3\rust_mozprofile.aVgOY24eB9sr, rotatable=false, timeouts={implicit=0.0, pageLoad=300000.0, script=30000.0}, pageLoadStrategy=normal, platform=ANY, specificationLevel=0.0, moz:accessibilityChecks=false, acceptInsecureCerts=false, browserVersion=54.0, platformVersion=10.0, moz:processID=4356.0, browserName=firefox, javascriptEnabled=true, platformName=windows_nt}]
Session ID: d7da5b68-fdb9-4a4b-ad6c-63736280ef8c
*** Element info: {Using=xpath, value=((//table[contains(@class, '---table')])[3])/tbody/tr[1]/td[1]}
	at sun.reflect.NativeConstructorAccessorImpl.newInstance0(Native Method)
	at sun.reflect.NativeConstructorAccessorImpl.newInstance(Unknown Source)
	at sun.reflect.DelegatingConstructorAccessorImpl.newInstance(Unknown Source)
	at java.lang.reflect.Constructor.newInstance(Unknown Source)
	at org.openqa.selenium.remote.http.W3CHttpResponseCodec.createException(W3CHttpResponseCodec.java:150)
	at org.openqa.selenium.remote.http.W3CHttpResponseCodec.decode(W3CHttpResponseCodec.java:115)
	at org.openqa.selenium.remote.http.W3CHttpResponseCodec.decode(W3CHttpResponseCodec.java:45)
	at org.openqa.selenium.remote.HttpCommandExecutor.execute(HttpCommandExecutor.java:164)
	at org.openqa.selenium.remote.service.DriverCommandExecutor.execute(DriverCommandExecutor.java:82)
	at org.openqa.selenium.remote.RemoteWebDriver.execute(RemoteWebDriver.java:637)
	at org.openqa.selenium.remote.RemoteWebDriver.findElement(RemoteWebDriver.java:410)
	at org.openqa.selenium.remote.RemoteWebDriver.findElementByXPath(RemoteWebDriver.java:509)
	at org.openqa.selenium.By$ByXPath.findElement(By.java:361)
	at org.openqa.selenium.remote.RemoteWebDriver.findElement(RemoteWebDriver.java:402)
	at com.appiancorp.ps.automatedtest.tempo.interfaces.TempoGridCell.getWebElement(TempoGridCell.java:79)
	at com.appiancorp.ps.automatedtest.tempo.interfaces.TempoGridCell.getXpath(TempoGridCell.java:128)
	at com.appiancorp.ps.automatedtest.tempo.interfaces.TempoGridCell.waitFor(TempoGridCell.java:216)
	at com.appiancorp.ps.automatedtest.fixture.TempoFixture.populateGridColumnRowWith(TempoFixture.java:1146)
	at com.appiancorp.ps.automatedtest.fixture.TempoFixture.populateGridColumnRowWithValue(TempoFixture.java:1166)
	at sun.reflect.NativeMethodAccessorImpl.invoke0(Native Method)
	at sun.reflect.NativeMethodAccessorImpl.invoke(Unknown Source)
	at sun.reflect.DelegatingMethodAccessorImpl.invoke(Unknown Source)
	at java.lang.reflect.Method.invoke(Unknown Source)
	at fitnesse.slim.fixtureInteraction.DefaultInteraction.methodInvoke(DefaultInteraction.java:81)
	at fitnesse.slim.MethodExecutor.callMethod(MethodExecutor.java:57)
	at fitnesse.slim.MethodExecutor.invokeMethod(MethodExecutor.java:38)
	at fitnesse.slim.MethodExecutor.findAndInvoke(MethodExecutor.java:72)
	at fitnesse.slim.FixtureMethodExecutor.execute(FixtureMethodExecutor.java:20)
	at fitnesse.slim.StatementExecutor.getMethodExecutionResult(StatementExecutor.java:135)
	at fitnesse.slim.StatementExecutor.call(StatementExecutor.java:108)
	at fitnesse.slim.instructions.CallInstruction.executeInternal(CallInstruction.java:35)
	at fitnesse.slim.instructions.Instruction.execute(Instruction.java:29)
	at fitnesse.slim.ListExecutor$Executive.executeStatement(ListExecutor.java:49)
	at fitnesse.slim.ListExecutor$Executive.executeStatements(ListExecutor.java:43)
	at fitnesse.slim.ListExecutor.execute(ListExecutor.java:85)
	at fitnesse.slim.SlimServer.executeInstructions(SlimServer.java:84)
	at fitnesse.slim.SlimServer.processOneSetOfInstructions(SlimServer.java:77)
	at fitnesse.slim.SlimServer.tryProcessInstructions(SlimServer.java:64)
	at fitnesse.slim.SlimServer.serve(SlimServer.java:49)
	at fitnesse.slim.SlimService.handle(SlimService.java:154)
	at fitnesse.slim.SlimService.acceptOne(SlimService.java:162)
	at fitnesse.slim.SlimService.accept(SlimService.java:124)
	at fitnesse.slim.SlimService.startWithFactory(SlimService.java:76)
	at fitnesse.slim.SlimService.main(SlimService.java:56)
2018-01-02 09:54:52,458 [main] DEBUG com.appiancorp.ps.automatedtest.tempo.interfaces.TempoGridCell  - WAIT FOR GRID [[3]] COLUMN [[2]] ROW [[1]]
2018-01-02 09:54:52,462 [main] ERROR com.appiancorp.ps.automatedtest.exception.ExceptionBuilder  - Grid Wait For - [3] - [2] - [1]
org.openqa.selenium.NoSuchElementException: Unable to locate element: ((//table[contains(@class, '---table')])[3])/tbody/tr[1]/td[2]
For documentation on this error, please visit: http://seleniumhq.org/exceptions/no_such_element.html
Build info: version: '3.4.0', revision: 'unknown', time: 'unknown'
System info: host: 'FITNESSE', ip: '10.119.38.100', os.name: 'Windows Server 2016', os.arch: 'x86', os.version: '10.0', java.version: '1.8.0_144'
Driver info: org.openqa.selenium.firefox.FirefoxDriver
Capabilities [{moz:profile=C:\Users\nayana1\AppData\Local\Temp\3\rust_mozprofile.aVgOY24eB9sr, rotatable=false, timeouts={implicit=0.0, pageLoad=300000.0, script=30000.0}, pageLoadStrategy=normal, platform=ANY, specificationLevel=0.0, moz:accessibilityChecks=false, acceptInsecureCerts=false, browserVersion=54.0, platformVersion=10.0, moz:processID=4356.0, browserName=firefox, javascriptEnabled=true, platformName=windows_nt}]
Session ID: d7da5b68-fdb9-4a4b-ad6c-63736280ef8c
*** Element info: {Using=xpath, value=((//table[contains(@class, '---table')])[3])/tbody/tr[1]/td[2]}
	at sun.reflect.NativeConstructorAccessorImpl.newInstance0(Native Method)
	at sun.reflect.NativeConstructorAccessorImpl.newInstance(Unknown Source)
	at sun.reflect.DelegatingConstructorAccessorImpl.newInstance(Unknown Source)
	at java.lang.reflect.Constructor.newInstance(Unknown Source)
	at org.openqa.selenium.remote.http.W3CHttpResponseCodec.createException(W3CHttpResponseCodec.java:150)
	at org.openqa.selenium.remote.http.W3CHttpResponseCodec.decode(W3CHttpResponseCodec.java:115)
	at org.openqa.selenium.remote.http.W3CHttpResponseCodec.decode(W3CHttpResponseCodec.java:45)
	at org.openqa.selenium.remote.HttpCommandExecutor.execute(HttpCommandExecutor.java:164)
	at org.openqa.selenium.remote.service.DriverCommandExecutor.execute(DriverCommandExecutor.java:82)
	at org.openqa.selenium.remote.RemoteWebDriver.execute(RemoteWebDriver.java:637)
	at org.openqa.selenium.remote.RemoteWebDriver.findElement(RemoteWebDriver.java:410)
	at org.openqa.selenium.remote.RemoteWebDriver.findElementByXPath(RemoteWebDriver.java:509)
	at org.openqa.selenium.By$ByXPath.findElement(By.java:361)
	at org.openqa.selenium.remote.RemoteWebDriver.findElement(RemoteWebDriver.java:402)
	at com.appiancorp.ps.automatedtest.tempo.interfaces.TempoGridCell.getWebElement(TempoGridCell.java:79)
	at com.appiancorp.ps.automatedtest.tempo.interfaces.TempoGridCell.getXpath(TempoGridCell.java:128)
	at com.appiancorp.ps.automatedtest.tempo.interfaces.TempoGridCell.waitFor(TempoGridCell.java:216)
	at com.appiancorp.ps.automatedtest.fixture.TempoFixture.populateGridColumnRowWith(TempoFixture.java:1146)
	at com.appiancorp.ps.automatedtest.fixture.TempoFixture.populateGridColumnRowWithValue(TempoFixture.java:1166)
	at sun.reflect.NativeMethodAccessorImpl.invoke0(Native Method)
	at sun.reflect.NativeMethodAccessorImpl.invoke(Unknown Source)
	at sun.reflect.DelegatingMethodAccessorImpl.invoke(Unknown Source)
	at java.lang.reflect.Method.invoke(Unknown Source)
	at fitnesse.slim.fixtureInteraction.DefaultInteraction.methodInvoke(DefaultInteraction.java:81)
	at fitnesse.slim.MethodExecutor.callMethod(MethodExecutor.java:57)
	at fitnesse.slim.MethodExecutor.invokeMethod(MethodExecutor.java:38)
	at fitnesse.slim.MethodExecutor.findAndInvoke(MethodExecutor.java:72)
	at fitnesse.slim.FixtureMethodExecutor.execute(FixtureMethodExecutor.java:20)
	at fitnesse.slim.StatementExecutor.getMethodExecutionResult(StatementExecutor.java:135)
	at fitnesse.slim.StatementExecutor.call(StatementExecutor.java:108)
	at fitnesse.slim.instructions.CallInstruction.executeInternal(CallInstruction.java:35)
	at fitnesse.slim.instructions.Instruction.execute(Instruction.java:29)
	at fitnesse.slim.ListExecutor$Executive.executeStatement(ListExecutor.java:49)
	at fitnesse.slim.ListExecutor$Executive.executeStatements(ListExecutor.java:43)
	at fitnesse.slim.ListExecutor.execute(ListExecutor.java:85)
	at fitnesse.slim.SlimServer.executeInstructions(SlimServer.java:84)
	at fitnesse.slim.SlimServer.processOneSetOfInstructions(SlimServer.java:77)
	at fitnesse.slim.SlimServer.tryProcessInstructions(SlimServer.java:64)
	at fitnesse.slim.SlimServer.serve(SlimServer.java:49)
	at fitnesse.slim.SlimService.handle(SlimService.java:154)
	at fitnesse.slim.SlimService.acceptOne(SlimService.java:162)
	at fitnesse.slim.SlimService.accept(SlimService.java:124)
	at fitnesse.slim.SlimService.startWithFactory(SlimService.java:76)
	at fitnesse.slim.SlimService.main(SlimService.java:56)
2018-01-02 09:54:52,463 [main] DEBUG com.appiancorp.ps.automatedtest.tempo.interfaces.TempoGridCell  - WAIT FOR GRID [[3]] COLUMN [[3]] ROW [[1]]
2018-01-02 09:54:52,468 [main] ERROR com.appiancorp.ps.automatedtest.exception.ExceptionBuilder  - Grid Wait For - [3] - [3] - [1]
org.openqa.selenium.NoSuchElementException: Unable to locate element: ((//table[contains(@class, '---table')])[3])/tbody/tr[1]/td[3]
For documentation on this error, please visit: http://seleniumhq.org/exceptions/no_such_element.html
Build info: version: '3.4.0', revision: 'unknown', time: 'unknown'
System info: host: 'FITNESSE', ip: '10.119.38.100', os.name: 'Windows Server 2016', os.arch: 'x86', os.version: '10.0', java.version: '1.8.0_144'
Driver info: org.openqa.selenium.firefox.FirefoxDriver
Capabilities [{moz:profile=C:\Users\nayana1\AppData\Local\Temp\3\rust_mozprofile.aVgOY24eB9sr, rotatable=false, timeouts={implicit=0.0, pageLoad=300000.0, script=30000.0}, pageLoadStrategy=normal, platform=ANY, specificationLevel=0.0, moz:accessibilityChecks=false, acceptInsecureCerts=false, browserVersion=54.0, platformVersion=10.0, moz:processID=4356.0, browserName=firefox, javascriptEnabled=true, platformName=windows_nt}]
Session ID: d7da5b68-fdb9-4a4b-ad6c-63736280ef8c
*** Element info: {Using=xpath, value=((//table[contains(@class, '---table')])[3])/tbody/tr[1]/td[3]}
	at sun.reflect.NativeConstructorAccessorImpl.newInstance0(Native Method)
	at sun.reflect.NativeConstructorAccessorImpl.newInstance(Unknown Source)
	at sun.reflect.DelegatingConstructorAccessorImpl.newInstance(Unknown Source)
	at java.lang.reflect.Constructor.newInstance(Unknown Source)
	at org.openqa.selenium.remote.http.W3CHttpResponseCodec.createException(W3CHttpResponseCodec.java:150)
	at org.openqa.selenium.remote.http.W3CHttpResponseCodec.decode(W3CHttpResponseCodec.java:115)
	at org.openqa.selenium.remote.http.W3CHttpResponseCodec.decode(W3CHttpResponseCodec.java:45)
	at org.openqa.selenium.remote.HttpCommandExecutor.execute(HttpCommandExecutor.java:164)
	at org.openqa.selenium.remote.service.DriverCommandExecutor.execute(DriverCommandExecutor.java:82)
	at org.openqa.selenium.remote.RemoteWebDriver.execute(RemoteWebDriver.java:637)
	at org.openqa.selenium.remote.RemoteWebDriver.findElement(RemoteWebDriver.java:410)
	at org.openqa.selenium.remote.RemoteWebDriver.findElementByXPath(RemoteWebDriver.java:509)
	at org.openqa.selenium.By$ByXPath.findElement(By.java:361)
	at org.openqa.selenium.remote.RemoteWebDriver.findElement(RemoteWebDriver.java:402)
	at com.appiancorp.ps.automatedtest.tempo.interfaces.TempoGridCell.getWebElement(TempoGridCell.java:79)
	at com.appiancorp.ps.automatedtest.tempo.interfaces.TempoGridCell.getXpath(TempoGridCell.java:128)
	at com.appiancorp.ps.automatedtest.tempo.interfaces.TempoGridCell.waitFor(TempoGridCell.java:216)
	at com.appiancorp.ps.automatedtest.fixture.TempoFixture.populateGridColumnRowWith(TempoFixture.java:1146)
	at com.appiancorp.ps.automatedtest.fixture.TempoFixture.populateGridColumnRowWithValue(TempoFixture.java:1166)
	at sun.reflect.NativeMethodAccessorImpl.invoke0(Native Method)
	at sun.reflect.NativeMethodAccessorImpl.invoke(Unknown Source)
	at sun.reflect.DelegatingMethodAccessorImpl.invoke(Unknown Source)
	at java.lang.reflect.Method.invoke(Unknown Source)
	at fitnesse.slim.fixtureInteraction.DefaultInteraction.methodInvoke(DefaultInteraction.java:81)
	at fitnesse.slim.MethodExecutor.callMethod(MethodExecutor.java:57)
	at fitnesse.slim.MethodExecutor.invokeMethod(MethodExecutor.java:38)
	at fitnesse.slim.MethodExecutor.findAndInvoke(MethodExecutor.java:72)
	at fitnesse.slim.FixtureMethodExecutor.execute(FixtureMethodExecutor.java:20)
	at fitnesse.slim.StatementExecutor.getMethodExecutionResult(StatementExecutor.java:135)
	at fitnesse.slim.StatementExecutor.call(StatementExecutor.java:108)
	at fitnesse.slim.instructions.CallInstruction.executeInternal(CallInstruction.java:35)
	at fitnesse.slim.instructions.Instruction.execute(Instruction.java:29)
	at fitnesse.slim.ListExecutor$Executive.executeStatement(ListExecutor.java:49)
	at fitnesse.slim.ListExecutor$Executive.executeStatements(ListExecutor.java:43)
	at fitnesse.slim.ListExecutor.execute(ListExecutor.java:85)
	at fitnesse.slim.SlimServer.executeInstructions(SlimServer.java:84)
	at fitnesse.slim.SlimServer.processOneSetOfInstructions(SlimServer.java:77)
	at fitnesse.slim.SlimServer.tryProcessInstructions(SlimServer.java:64)
	at fitnesse.slim.SlimServer.serve(SlimServer.java:49)
	at fitnesse.slim.SlimService.handle(SlimService.java:154)
	at fitnesse.slim.SlimService.acceptOne(SlimService.java:162)
	at fitnesse.slim.SlimService.accept(SlimService.java:124)
	at fitnesse.slim.SlimService.startWithFactory(SlimService.java:76)
	at fitnesse.slim.SlimService.main(SlimService.java:56)
2018-01-02 09:54:52,469 [main] DEBUG com.appiancorp.ps.automatedtest.tempo.interfaces.TempoGridCell  - WAIT FOR GRID [[3]] COLUMN [[4]] ROW [[1]]
2018-01-02 09:54:52,474 [main] ERROR com.appiancorp.ps.automatedtest.exception.ExceptionBuilder  - Grid Wait For - [3] - [4] - [1]
org.openqa.selenium.NoSuchElementException: Unable to locate element: ((//table[contains(@class, '---table')])[3])/tbody/tr[1]/td[4]
For documentation on this error, please visit: http://seleniumhq.org/exceptions/no_such_element.html
Build info: version: '3.4.0', revision: 'unknown', time: 'unknown'
System info: host: 'FITNESSE', ip: '10.119.38.100', os.name: 'Windows Server 2016', os.arch: 'x86', os.version: '10.0', java.version: '1.8.0_144'
Driver info: org.openqa.selenium.firefox.FirefoxDriver
Capabilities [{moz:profile=C:\Users\nayana1\AppData\Local\Temp\3\rust_mozprofile.aVgOY24eB9sr, rotatable=false, timeouts={implicit=0.0, pageLoad=300000.0, script=30000.0}, pageLoadStrategy=normal, platform=ANY, specificationLevel=0.0, moz:accessibilityChecks=false, acceptInsecureCerts=false, browserVersion=54.0, platformVersion=10.0, moz:processID=4356.0, browserName=firefox, javascriptEnabled=true, platformName=windows_nt}]
Session ID: d7da5b68-fdb9-4a4b-ad6c-63736280ef8c
*** Element info: {Using=xpath, value=((//table[contains(@class, '---table')])[3])/tbody/tr[1]/td[4]}
	at sun.reflect.NativeConstructorAccessorImpl.newInstance0(Native Method)
	at sun.reflect.NativeConstructorAccessorImpl.newInstance(Unknown Source)
	at sun.reflect.DelegatingConstructorAccessorImpl.newInstance(Unknown Source)
	at java.lang.reflect.Constructor.newInstance(Unknown Source)
	at org.openqa.selenium.remote.http.W3CHttpResponseCodec.createException(W3CHttpResponseCodec.java:150)
	at org.openqa.selenium.remote.http.W3CHttpResponseCodec.decode(W3CHttpResponseCodec.java:115)
	at org.openqa.selenium.remote.http.W3CHttpResponseCodec.decode(W3CHttpResponseCodec.java:45)
	at org.openqa.selenium.remote.HttpCommandExecutor.execute(HttpCommandExecutor.java:164)
	at org.openqa.selenium.remote.service.DriverCommandExecutor.execute(DriverCommandExecutor.java:82)
	at org.openqa.selenium.remote.RemoteWebDriver.execute(RemoteWebDriver.java:637)
	at org.openqa.selenium.remote.RemoteWebDriver.findElement(RemoteWebDriver.java:410)
	at org.openqa.selenium.remote.RemoteWebDriver.findElementByXPath(RemoteWebDriver.java:509)
	at org.openqa.selenium.By$ByXPath.findElement(By.java:361)
	at org.openqa.selenium.remote.RemoteWebDriver.findElement(RemoteWebDriver.java:402)
	at com.appiancorp.ps.automatedtest.tempo.interfaces.TempoGridCell.getWebElement(TempoGridCell.java:79)
	at com.appiancorp.ps.automatedtest.tempo.interfaces.TempoGridCell.getXpath(TempoGridCell.java:128)
	at com.appiancorp.ps.automatedtest.tempo.interfaces.TempoGridCell.waitFor(TempoGridCell.java:216)
	at com.appiancorp.ps.automatedtest.fixture.TempoFixture.populateGridColumnRowWith(TempoFixture.java:1146)
	at com.appiancorp.ps.automatedtest.fixture.TempoFixture.populateGridColumnRowWithValue(TempoFixture.java:1166)
	at sun.reflect.NativeMethodAccessorImpl.invoke0(Native Method)
	at sun.reflect.NativeMethodAccessorImpl.invoke(Unknown Source)
	at sun.reflect.DelegatingMethodAccessorImpl.invoke(Unknown Source)
	at java.lang.reflect.Method.invoke(Unknown Source)
	at fitnesse.slim.fixtureInteraction.DefaultInteraction.methodInvoke(DefaultInteraction.java:81)
	at fitnesse.slim.MethodExecutor.callMethod(MethodExecutor.java:57)
	at fitnesse.slim.MethodExecutor.invokeMethod(MethodExecutor.java:38)
	at fitnesse.slim.MethodExecutor.findAndInvoke(MethodExecutor.java:72)
	at fitnesse.slim.FixtureMethodExecutor.execute(FixtureMethodExecutor.java:20)
	at fitnesse.slim.StatementExecutor.getMethodExecutionResult(StatementExecutor.java:135)
	at fitnesse.slim.StatementExecutor.call(StatementExecutor.java:108)
	at fitnesse.slim.instructions.CallInstruction.executeInternal(CallInstruction.java:35)
	at fitnesse.slim.instructions.Instruction.execute(Instruction.java:29)
	at fitnesse.slim.ListExecutor$Executive.executeStatement(ListExecutor.java:49)
	at fitnesse.slim.ListExecutor$Executive.executeStatements(ListExecutor.java:43)
	at fitnesse.slim.ListExecutor.execute(ListExecutor.java:85)
	at fitnesse.slim.SlimServer.executeInstructions(SlimServer.java:84)
	at fitnesse.slim.SlimServer.processOneSetOfInstructions(SlimServer.java:77)
	at fitnesse.slim.SlimServer.tryProcessInstructions(SlimServer.java:64)
	at fitnesse.slim.SlimServer.serve(SlimServer.java:49)
	at fitnesse.slim.SlimService.handle(SlimService.java:154)
	at fitnesse.slim.SlimService.acceptOne(SlimService.java:162)
	at fitnesse.slim.SlimService.accept(SlimService.java:124)
	at fitnesse.slim.SlimService.startWithFactory(SlimService.java:76)
	at fitnesse.slim.SlimService.main(SlimService.java:56)
2018-01-02 09:54:52,474 [main] DEBUG com.appiancorp.ps.automatedtest.tempo.interfaces.TempoGridCell  - WAIT FOR GRID [[3]] COLUMN [[5]] ROW [[1]]
2018-01-02 09:54:52,479 [main] ERROR com.appiancorp.ps.automatedtest.exception.ExceptionBuilder  - Grid Wait For - [3] - [5] - [1]
org.openqa.selenium.NoSuchElementException: Unable to locate element: ((//table[contains(@class, '---table')])[3])/tbody/tr[1]/td[5]
For documentation on this error, please visit: http://seleniumhq.org/exceptions/no_such_element.html
Build info: version: '3.4.0', revision: 'unknown', time: 'unknown'
System info: host: 'FITNESSE', ip: '10.119.38.100', os.name: 'Windows Server 2016', os.arch: 'x86', os.version: '10.0', java.version: '1.8.0_144'
Driver info: org.openqa.selenium.firefox.FirefoxDriver
Capabilities [{moz:profile=C:\Users\nayana1\AppData\Local\Temp\3\rust_mozprofile.aVgOY24eB9sr, rotatable=false, timeouts={implicit=0.0, pageLoad=300000.0, script=30000.0}, pageLoadStrategy=normal, platform=ANY, specificationLevel=0.0, moz:accessibilityChecks=false, acceptInsecureCerts=false, browserVersion=54.0, platformVersion=10.0, moz:processID=4356.0, browserName=firefox, javascriptEnabled=true, platformName=windows_nt}]
Session ID: d7da5b68-fdb9-4a4b-ad6c-63736280ef8c
*** Element info: {Using=xpath, value=((//table[contains(@class, '---table')])[3])/tbody/tr[1]/td[5]}
	at sun.reflect.NativeConstructorAccessorImpl.newInstance0(Native Method)
	at sun.reflect.NativeConstructorAccessorImpl.newInstance(Unknown Source)
	at sun.reflect.DelegatingConstructorAccessorImpl.newInstance(Unknown Source)
	at java.lang.reflect.Constructor.newInstance(Unknown Source)
	at org.openqa.selenium.remote.http.W3CHttpResponseCodec.createException(W3CHttpResponseCodec.java:150)
	at org.openqa.selenium.remote.http.W3CHttpResponseCodec.decode(W3CHttpResponseCodec.java:115)
	at org.openqa.selenium.remote.http.W3CHttpResponseCodec.decode(W3CHttpResponseCodec.java:45)
	at org.openqa.selenium.remote.HttpCommandExecutor.execute(HttpCommandExecutor.java:164)
	at org.openqa.selenium.remote.service.DriverCommandExecutor.execute(DriverCommandExecutor.java:82)
	at org.openqa.selenium.remote.RemoteWebDriver.execute(RemoteWebDriver.java:637)
	at org.openqa.selenium.remote.RemoteWebDriver.findElement(RemoteWebDriver.java:410)
	at org.openqa.selenium.remote.RemoteWebDriver.findElementByXPath(RemoteWebDriver.java:509)
	at org.openqa.selenium.By$ByXPath.findElement(By.java:361)
	at org.openqa.selenium.remote.RemoteWebDriver.findElement(RemoteWebDriver.java:402)
	at com.appiancorp.ps.automatedtest.tempo.interfaces.TempoGridCell.getWebElement(TempoGridCell.java:79)
	at com.appiancorp.ps.automatedtest.tempo.interfaces.TempoGridCell.getXpath(TempoGridCell.java:128)
	at com.appiancorp.ps.automatedtest.tempo.interfaces.TempoGridCell.waitFor(TempoGridCell.java:216)
	at com.appiancorp.ps.automatedtest.fixture.TempoFixture.populateGridColumnRowWith(TempoFixture.java:1146)
	at com.appiancorp.ps.automatedtest.fixture.TempoFixture.populateGridColumnRowWithValue(TempoFixture.java:1166)
	at sun.reflect.NativeMethodAccessorImpl.invoke0(Native Method)
	at sun.reflect.NativeMethodAccessorImpl.invoke(Unknown Source)
	at sun.reflect.DelegatingMethodAccessorImpl.invoke(Unknown Source)
	at java.lang.reflect.Method.invoke(Unknown Source)
	at fitnesse.slim.fixtureInteraction.DefaultInteraction.methodInvoke(DefaultInteraction.java:81)
	at fitnesse.slim.MethodExecutor.callMethod(MethodExecutor.java:57)
	at fitnesse.slim.MethodExecutor.invokeMethod(MethodExecutor.java:38)
	at fitnesse.slim.MethodExecutor.findAndInvoke(MethodExecutor.java:72)
	at fitnesse.slim.FixtureMethodExecutor.execute(FixtureMethodExecutor.java:20)
	at fitnesse.slim.StatementExecutor.getMethodExecutionResult(StatementExecutor.java:135)
	at fitnesse.slim.StatementExecutor.call(StatementExecutor.java:108)
	at fitnesse.slim.instructions.CallInstruction.executeInternal(CallInstruction.java:35)
	at fitnesse.slim.instructions.Instruction.execute(Instruction.java:29)
	at fitnesse.slim.ListExecutor$Executive.executeStatement(ListExecutor.java:49)
	at fitnesse.slim.ListExecutor$Executive.executeStatements(ListExecutor.java:43)
	at fitnesse.slim.ListExecutor.execute(ListExecutor.java:85)
	at fitnesse.slim.SlimServer.executeInstructions(SlimServer.java:84)
	at fitnesse.slim.SlimServer.processOneSetOfInstructions(SlimServer.java:77)
	at fitnesse.slim.SlimServer.tryProcessInstructions(SlimServer.java:64)
	at fitnesse.slim.SlimServer.serve(SlimServer.java:49)
	at fitnesse.slim.SlimService.handle(SlimService.java:154)
	at fitnesse.slim.SlimService.acceptOne(SlimService.java:162)
	at fitnesse.slim.SlimService.accept(SlimService.java:124)
	at fitnesse.slim.SlimService.startWithFactory(SlimService.java:76)
	at fitnesse.slim.SlimService.main(SlimService.java:56)
2018-01-02 09:54:52,480 [main] DEBUG com.appiancorp.ps.automatedtest.tempo.interfaces.TempoGridCell  - WAIT FOR GRID [[3]] COLUMN [[6]] ROW [[1]]
2018-01-02 09:54:52,485 [main] ERROR com.appiancorp.ps.automatedtest.exception.ExceptionBuilder  - Grid Wait For - [3] - [6] - [1]
org.openqa.selenium.NoSuchElementException: Unable to locate element: ((//table[contains(@class, '---table')])[3])/tbody/tr[1]/td[6]
For documentation on this error, please visit: http://seleniumhq.org/exceptions/no_such_element.html
Build info: version: '3.4.0', revision: 'unknown', time: 'unknown'
System info: host: 'FITNESSE', ip: '10.119.38.100', os.name: 'Windows Server 2016', os.arch: 'x86', os.version: '10.0', java.version: '1.8.0_144'
Driver info: org.openqa.selenium.firefox.FirefoxDriver
Capabilities [{moz:profile=C:\Users\nayana1\AppData\Local\Temp\3\rust_mozprofile.aVgOY24eB9sr, rotatable=false, timeouts={implicit=0.0, pageLoad=300000.0, script=30000.0}, pageLoadStrategy=normal, platform=ANY, specificationLevel=0.0, moz:accessibilityChecks=false, acceptInsecureCerts=false, browserVersion=54.0, platformVersion=10.0, moz:processID=4356.0, browserName=firefox, javascriptEnabled=true, platformName=windows_nt}]
Session ID: d7da5b68-fdb9-4a4b-ad6c-63736280ef8c
*** Element info: {Using=xpath, value=((//table[contains(@class, '---table')])[3])/tbody/tr[1]/td[6]}
	at sun.reflect.NativeConstructorAccessorImpl.newInstance0(Native Method)
	at sun.reflect.NativeConstructorAccessorImpl.newInstance(Unknown Source)
	at sun.reflect.DelegatingConstructorAccessorImpl.newInstance(Unknown Source)
	at java.lang.reflect.Constructor.newInstance(Unknown Source)
	at org.openqa.selenium.remote.http.W3CHttpResponseCodec.createException(W3CHttpResponseCodec.java:150)
	at org.openqa.selenium.remote.http.W3CHttpResponseCodec.decode(W3CHttpResponseCodec.java:115)
	at org.openqa.selenium.remote.http.W3CHttpResponseCodec.decode(W3CHttpResponseCodec.java:45)
	at org.openqa.selenium.remote.HttpCommandExecutor.execute(HttpCommandExecutor.java:164)
	at org.openqa.selenium.remote.service.DriverCommandExecutor.execute(DriverCommandExecutor.java:82)
	at org.openqa.selenium.remote.RemoteWebDriver.execute(RemoteWebDriver.java:637)
	at org.openqa.selenium.remote.RemoteWebDriver.findElement(RemoteWebDriver.java:410)
	at org.openqa.selenium.remote.RemoteWebDriver.findElementByXPath(RemoteWebDriver.java:509)
	at org.openqa.selenium.By$ByXPath.findElement(By.java:361)
	at org.openqa.selenium.remote.RemoteWebDriver.findElement(RemoteWebDriver.java:402)
	at com.appiancorp.ps.automatedtest.tempo.interfaces.TempoGridCell.getWebElement(TempoGridCell.java:79)
	at com.appiancorp.ps.automatedtest.tempo.interfaces.TempoGridCell.getXpath(TempoGridCell.java:128)
	at com.appiancorp.ps.automatedtest.tempo.interfaces.TempoGridCell.waitFor(TempoGridCell.java:216)
	at com.appiancorp.ps.automatedtest.fixture.TempoFixture.populateGridColumnRowWith(TempoFixture.java:1146)
	at com.appiancorp.ps.automatedtest.fixture.TempoFixture.populateGridColumnRowWithValue(TempoFixture.java:1166)
	at sun.reflect.NativeMethodAccessorImpl.invoke0(Native Method)
	at sun.reflect.NativeMethodAccessorImpl.invoke(Unknown Source)
	at sun.reflect.DelegatingMethodAccessorImpl.invoke(Unknown Source)
	at java.lang.reflect.Method.invoke(Unknown Source)
	at fitnesse.slim.fixtureInteraction.DefaultInteraction.methodInvoke(DefaultInteraction.java:81)
	at fitnesse.slim.MethodExecutor.callMethod(MethodExecutor.java:57)
	at fitnesse.slim.MethodExecutor.invokeMethod(MethodExecutor.java:38)
	at fitnesse.slim.MethodExecutor.findAndInvoke(MethodExecutor.java:72)
	at fitnesse.slim.FixtureMethodExecutor.execute(FixtureMethodExecutor.java:20)
	at fitnesse.slim.StatementExecutor.getMethodExecutionResult(StatementExecutor.java:135)
	at fitnesse.slim.StatementExecutor.call(StatementExecutor.java:108)
	at fitnesse.slim.instructions.CallInstruction.executeInternal(CallInstruction.java:35)
	at fitnesse.slim.instructions.Instruction.execute(Instruction.java:29)
	at fitnesse.slim.ListExecutor$Executive.executeStatement(ListExecutor.java:49)
	at fitnesse.slim.ListExecutor$Executive.executeStatements(ListExecutor.java:43)
	at fitnesse.slim.ListExecutor.execute(ListExecutor.java:85)
	at fitnesse.slim.SlimServer.executeInstructions(SlimServer.java:84)
	at fitnesse.slim.SlimServer.processOneSetOfInstructions(SlimServer.java:77)
	at fitnesse.slim.SlimServer.tryProcessInstructions(SlimServer.java:64)
	at fitnesse.slim.SlimServer.serve(SlimServer.java:49)
	at fitnesse.slim.SlimService.handle(SlimService.java:154)
	at fitnesse.slim.SlimService.acceptOne(SlimService.java:162)
	at fitnesse.slim.SlimService.accept(SlimService.java:124)
	at fitnesse.slim.SlimService.startWithFactory(SlimService.java:76)
	at fitnesse.slim.SlimService.main(SlimService.java:56)
2018-01-02 09:54:52,486 [main] DEBUG com.appiancorp.ps.automatedtest.tempo.interfaces.TempoGridCell  - WAIT FOR GRID [[3]] COLUMN [[7]] ROW [[1]]
2018-01-02 09:54:52,490 [main] ERROR com.appiancorp.ps.automatedtest.exception.ExceptionBuilder  - Grid Wait For - [3] - [7] - [1]
org.openqa.selenium.NoSuchElementException: Unable to locate element: ((//table[contains(@class, '---table')])[3])/tbody/tr[1]/td[7]
For documentation on this error, please visit: http://seleniumhq.org/exceptions/no_such_element.html
Build info: version: '3.4.0', revision: 'unknown', time: 'unknown'
System info: host: 'FITNESSE', ip: '10.119.38.100', os.name: 'Windows Server 2016', os.arch: 'x86', os.version: '10.0', java.version: '1.8.0_144'
Driver info: org.openqa.selenium.firefox.FirefoxDriver
Capabilities [{moz:profile=C:\Users\nayana1\AppData\Local\Temp\3\rust_mozprofile.aVgOY24eB9sr, rotatable=false, timeouts={implicit=0.0, pageLoad=300000.0, script=30000.0}, pageLoadStrategy=normal, platform=ANY, specificationLevel=0.0, moz:accessibilityChecks=false, acceptInsecureCerts=false, browserVersion=54.0, platformVersion=10.0, moz:processID=4356.0, browserName=firefox, javascriptEnabled=true, platformName=windows_nt}]
Session ID: d7da5b68-fdb9-4a4b-ad6c-63736280ef8c
*** Element info: {Using=xpath, value=((//table[contains(@class, '---table')])[3])/tbody/tr[1]/td[7]}
	at sun.reflect.NativeConstructorAccessorImpl.newInstance0(Native Method)
	at sun.reflect.NativeConstructorAccessorImpl.newInstance(Unknown Source)
	at sun.reflect.DelegatingConstructorAccessorImpl.newInstance(Unknown Source)
	at java.lang.reflect.Constructor.newInstance(Unknown Source)
	at org.openqa.selenium.remote.http.W3CHttpResponseCodec.createException(W3CHttpResponseCodec.java:150)
	at org.openqa.selenium.remote.http.W3CHttpResponseCodec.decode(W3CHttpResponseCodec.java:115)
	at org.openqa.selenium.remote.http.W3CHttpResponseCodec.decode(W3CHttpResponseCodec.java:45)
	at org.openqa.selenium.remote.HttpCommandExecutor.execute(HttpCommandExecutor.java:164)
	at org.openqa.selenium.remote.service.DriverCommandExecutor.execute(DriverCommandExecutor.java:82)
	at org.openqa.selenium.remote.RemoteWebDriver.execute(RemoteWebDriver.java:637)
	at org.openqa.selenium.remote.RemoteWebDriver.findElement(RemoteWebDriver.java:410)
	at org.openqa.selenium.remote.RemoteWebDriver.findElementByXPath(RemoteWebDriver.java:509)
	at org.openqa.selenium.By$ByXPath.findElement(By.java:361)
	at org.openqa.selenium.remote.RemoteWebDriver.findElement(RemoteWebDriver.java:402)
	at com.appiancorp.ps.automatedtest.tempo.interfaces.TempoGridCell.getWebElement(TempoGridCell.java:79)
	at com.appiancorp.ps.automatedtest.tempo.interfaces.TempoGridCell.getXpath(TempoGridCell.java:128)
	at com.appiancorp.ps.automatedtest.tempo.interfaces.TempoGridCell.waitFor(TempoGridCell.java:216)
	at com.appiancorp.ps.automatedtest.fixture.TempoFixture.populateGridColumnRowWith(TempoFixture.java:1146)
	at com.appiancorp.ps.automatedtest.fixture.TempoFixture.populateGridColumnRowWithValue(TempoFixture.java:1166)
	at sun.reflect.NativeMethodAccessorImpl.invoke0(Native Method)
	at sun.reflect.NativeMethodAccessorImpl.invoke(Unknown Source)
	at sun.reflect.DelegatingMethodAccessorImpl.invoke(Unknown Source)
	at java.lang.reflect.Method.invoke(Unknown Source)
	at fitnesse.slim.fixtureInteraction.DefaultInteraction.methodInvoke(DefaultInteraction.java:81)
	at fitnesse.slim.MethodExecutor.callMethod(MethodExecutor.java:57)
	at fitnesse.slim.MethodExecutor.invokeMethod(MethodExecutor.java:38)
	at fitnesse.slim.MethodExecutor.findAndInvoke(MethodExecutor.java:72)
	at fitnesse.slim.FixtureMethodExecutor.execute(FixtureMethodExecutor.java:20)
	at fitnesse.slim.StatementExecutor.getMethodExecutionResult(StatementExecutor.java:135)
	at fitnesse.slim.StatementExecutor.call(StatementExecutor.java:108)
	at fitnesse.slim.instructions.CallInstruction.executeInternal(CallInstruction.java:35)
	at fitnesse.slim.instructions.Instruction.execute(Instruction.java:29)
	at fitnesse.slim.ListExecutor$Executive.executeStatement(ListExecutor.java:49)
	at fitnesse.slim.ListExecutor$Executive.executeStatements(ListExecutor.java:43)
	at fitnesse.slim.ListExecutor.execute(ListExecutor.java:85)
	at fitnesse.slim.SlimServer.executeInstructions(SlimServer.java:84)
	at fitnesse.slim.SlimServer.processOneSetOfInstructions(SlimServer.java:77)
	at fitnesse.slim.SlimServer.tryProcessInstructions(SlimServer.java:64)
	at fitnesse.slim.SlimServer.serve(SlimServer.java:49)
	at fitnesse.slim.SlimService.handle(SlimService.java:154)
	at fitnesse.slim.SlimService.acceptOne(SlimService.java:162)
	at fitnesse.slim.SlimService.accept(SlimService.java:124)
	at fitnesse.slim.SlimService.startWithFactory(SlimService.java:76)
	at fitnesse.slim.SlimService.main(SlimService.java:56)
2018-01-02 09:54:52,491 [main] DEBUG com.appiancorp.ps.automatedtest.tempo.interfaces.TempoGridCell  - WAIT FOR GRID [[3]] COLUMN [[8]] ROW [[1]]
2018-01-02 09:54:52,495 [main] ERROR com.appiancorp.ps.automatedtest.exception.ExceptionBuilder  - Grid Wait For - [3] - [8] - [1]
org.openqa.selenium.NoSuchElementException: Unable to locate element: ((//table[contains(@class, '---table')])[3])/tbody/tr[1]/td[8]
For documentation on this error, please visit: http://seleniumhq.org/exceptions/no_such_element.html
Build info: version: '3.4.0', revision: 'unknown', time: 'unknown'
System info: host: 'FITNESSE', ip: '10.119.38.100', os.name: 'Windows Server 2016', os.arch: 'x86', os.version: '10.0', java.version: '1.8.0_144'
Driver info: org.openqa.selenium.firefox.FirefoxDriver
Capabilities [{moz:profile=C:\Users\nayana1\AppData\Local\Temp\3\rust_mozprofile.aVgOY24eB9sr, rotatable=false, timeouts={implicit=0.0, pageLoad=300000.0, script=30000.0}, pageLoadStrategy=normal, platform=ANY, specificationLevel=0.0, moz:accessibilityChecks=false, acceptInsecureCerts=false, browserVersion=54.0, platformVersion=10.0, moz:processID=4356.0, browserName=firefox, javascriptEnabled=true, platformName=windows_nt}]
Session ID: d7da5b68-fdb9-4a4b-ad6c-63736280ef8c
*** Element info: {Using=xpath, value=((//table[contains(@class, '---table')])[3])/tbody/tr[1]/td[8]}
	at sun.reflect.NativeConstructorAccessorImpl.newInstance0(Native Method)
	at sun.reflect.NativeConstructorAccessorImpl.newInstance(Unknown Source)
	at sun.reflect.DelegatingConstructorAccessorImpl.newInstance(Unknown Source)
	at java.lang.reflect.Constructor.newInstance(Unknown Source)
	at org.openqa.selenium.remote.http.W3CHttpResponseCodec.createException(W3CHttpResponseCodec.java:150)
	at org.openqa.selenium.remote.http.W3CHttpResponseCodec.decode(W3CHttpResponseCodec.java:115)
	at org.openqa.selenium.remote.http.W3CHttpResponseCodec.decode(W3CHttpResponseCodec.java:45)
	at org.openqa.selenium.remote.HttpCommandExecutor.execute(HttpCommandExecutor.java:164)
	at org.openqa.selenium.remote.service.DriverCommandExecutor.execute(DriverCommandExecutor.java:82)
	at org.openqa.selenium.remote.RemoteWebDriver.execute(RemoteWebDriver.java:637)
	at org.openqa.selenium.remote.RemoteWebDriver.findElement(RemoteWebDriver.java:410)
	at org.openqa.selenium.remote.RemoteWebDriver.findElementByXPath(RemoteWebDriver.java:509)
	at org.openqa.selenium.By$ByXPath.findElement(By.java:361)
	at org.openqa.selenium.remote.RemoteWebDriver.findElement(RemoteWebDriver.java:402)
	at com.appiancorp.ps.automatedtest.tempo.interfaces.TempoGridCell.getWebElement(TempoGridCell.java:79)
	at com.appiancorp.ps.automatedtest.tempo.interfaces.TempoGridCell.getXpath(TempoGridCell.java:128)
	at com.appiancorp.ps.automatedtest.tempo.interfaces.TempoGridCell.waitFor(TempoGridCell.java:216)
	at com.appiancorp.ps.automatedtest.fixture.TempoFixture.populateGridColumnRowWith(TempoFixture.java:1146)
	at com.appiancorp.ps.automatedtest.fixture.TempoFixture.populateGridColumnRowWithValue(TempoFixture.java:1166)
	at sun.reflect.NativeMethodAccessorImpl.invoke0(Native Method)
	at sun.reflect.NativeMethodAccessorImpl.invoke(Unknown Source)
	at sun.reflect.DelegatingMethodAccessorImpl.invoke(Unknown Source)
	at java.lang.reflect.Method.invoke(Unknown Source)
	at fitnesse.slim.fixtureInteraction.DefaultInteraction.methodInvoke(DefaultInteraction.java:81)
	at fitnesse.slim.MethodExecutor.callMethod(MethodExecutor.java:57)
	at fitnesse.slim.MethodExecutor.invokeMethod(MethodExecutor.java:38)
	at fitnesse.slim.MethodExecutor.findAndInvoke(MethodExecutor.java:72)
	at fitnesse.slim.FixtureMethodExecutor.execute(FixtureMethodExecutor.java:20)
	at fitnesse.slim.StatementExecutor.getMethodExecutionResult(StatementExecutor.java:135)
	at fitnesse.slim.StatementExecutor.call(StatementExecutor.java:108)
	at fitnesse.slim.instructions.CallInstruction.executeInternal(CallInstruction.java:35)
	at fitnesse.slim.instructions.Instruction.execute(Instruction.java:29)
	at fitnesse.slim.ListExecutor$Executive.executeStatement(ListExecutor.java:49)
	at fitnesse.slim.ListExecutor$Executive.executeStatements(ListExecutor.java:43)
	at fitnesse.slim.ListExecutor.execute(ListExecutor.java:85)
	at fitnesse.slim.SlimServer.executeInstructions(SlimServer.java:84)
	at fitnesse.slim.SlimServer.processOneSetOfInstructions(SlimServer.java:77)
	at fitnesse.slim.SlimServer.tryProcessInstructions(SlimServer.java:64)
	at fitnesse.slim.SlimServer.serve(SlimServer.java:49)
	at fitnesse.slim.SlimService.handle(SlimService.java:154)
	at fitnesse.slim.SlimService.acceptOne(SlimService.java:162)
	at fitnesse.slim.SlimService.accept(SlimService.java:124)
	at fitnesse.slim.SlimService.startWithFactory(SlimService.java:76)
	at fitnesse.slim.SlimService.main(SlimService.java:56)
2018-01-02 09:54:52,496 [main] DEBUG com.appiancorp.ps.automatedtest.tempo.interfaces.TempoButton  - WAIT FOR BUTTON [SAVE FOR LATER]
</stdOut>
    <stdErr>1514904731416	geckodriver	INFO	geckodriver 0.18.0
1514904731423	geckodriver	INFO	Listening on 127.0.0.1:43698
1514904732090	geckodriver::marionette	INFO	Starting browser C:\Program Files (x86)\Mozilla Firefox\firefox.exe with args ["-marionette"]
1514904732511	addons.manager	DEBUG	Application has been upgraded
1514904732540	addons.manager	DEBUG	Loaded provider scope for resource://gre/modules/addons/XPIProvider.jsm: ["XPIProvider"]
1514904732542	addons.manager	DEBUG	Loaded provider scope for resource://gre/modules/LightweightThemeManager.jsm: ["LightweightThemeManager"]
1514904732545	addons.manager	DEBUG	Loaded provider scope for resource://gre/modules/addons/GMPProvider.jsm
1514904732547	addons.manager	DEBUG	Loaded provider scope for resource://gre/modules/addons/PluginProvider.jsm
1514904732548	addons.manager	DEBUG	Starting provider: XPIProvider
1514904732548	addons.xpi	DEBUG	startup
1514904732549	addons.xpi	INFO	Removing all system add-on upgrades.
1514904732549	addons.xpi	INFO	SystemAddonInstallLocation directory is missing
1514904732550	addons.xpi	INFO	Mapping aushelper@mozilla.org to C:\Program Files (x86)\Mozilla Firefox\browser\features\aushelper@mozilla.org.xpi
1514904732550	addons.xpi	INFO	Mapping e10srollout@mozilla.org to C:\Program Files (x86)\Mozilla Firefox\browser\features\e10srollout@mozilla.org.xpi
1514904732550	addons.xpi	INFO	Mapping firefox@getpocket.com to C:\Program Files (x86)\Mozilla Firefox\browser\features\firefox@getpocket.com.xpi
1514904732551	addons.xpi	INFO	Mapping screenshots@mozilla.org to C:\Program Files (x86)\Mozilla Firefox\browser\features\screenshots@mozilla.org.xpi
1514904732551	addons.xpi	INFO	Mapping webcompat@mozilla.org to C:\Program Files (x86)\Mozilla Firefox\browser\features\webcompat@mozilla.org.xpi
1514904732551	addons.xpi	INFO	Mapping {972ce4c6-7e08-4474-a285-3208198ce6fd} to C:\Program Files (x86)\Mozilla Firefox\browser\extensions\{972ce4c6-7e08-4474-a285-3208198ce6fd}.xpi
1514904732552	addons.xpi	DEBUG	checkForChanges
1514904732552	addons.xpi	INFO	SystemAddonInstallLocation directory is missing
1514904732552	addons.xpi	DEBUG	Loaded add-on state from prefs: {}
1514904732553	addons.xpi	DEBUG	New add-on aushelper@mozilla.org in app-system-defaults
1514904732554	addons.xpi	DEBUG	getModTime: Recursive scan of aushelper@mozilla.org
1514904732554	addons.xpi	DEBUG	New add-on e10srollout@mozilla.org in app-system-defaults
1514904732555	addons.xpi	DEBUG	getModTime: Recursive scan of e10srollout@mozilla.org
1514904732555	addons.xpi	DEBUG	New add-on firefox@getpocket.com in app-system-defaults
1514904732556	addons.xpi	DEBUG	getModTime: Recursive scan of firefox@getpocket.com
1514904732556	addons.xpi	DEBUG	New add-on screenshots@mozilla.org in app-system-defaults
1514904732556	addons.xpi	DEBUG	getModTime: Recursive scan of screenshots@mozilla.org
1514904732557	addons.xpi	DEBUG	New add-on webcompat@mozilla.org in app-system-defaults
1514904732557	addons.xpi	DEBUG	getModTime: Recursive scan of webcompat@mozilla.org
1514904732558	addons.xpi	DEBUG	New add-on {972ce4c6-7e08-4474-a285-3208198ce6fd} in app-global
1514904732558	addons.xpi	DEBUG	getModTime: Recursive scan of {972ce4c6-7e08-4474-a285-3208198ce6fd}
1514904732558	addons.xpi	DEBUG	getInstallState changed: true, state: {"app-system-defaults":{"aushelper@mozilla.org":{"d":"C:\\Program Files (x86)\\Mozilla Firefox\\browser\\features\\aushelper@mozilla.org.xpi","st":1496949712000},"e10srollout@mozilla.org":{"d":"C:\\Program Files (x86)\\Mozilla Firefox\\browser\\features\\e10srollout@mozilla.org.xpi","st":1496949712000},"firefox@getpocket.com":{"d":"C:\\Program Files (x86)\\Mozilla Firefox\\browser\\features\\firefox@getpocket.com.xpi","st":1496949713000},"screenshots@mozilla.org":{"d":"C:\\Program Files (x86)\\Mozilla Firefox\\browser\\features\\screenshots@mozilla.org.xpi","st":1496949713000},"webcompat@mozilla.org":{"d":"C:\\Program Files (x86)\\Mozilla Firefox\\browser\\features\\webcompat@mozilla.org.xpi","st":1496949712000}},"app-global":{"{972ce4c6-7e08-4474-a285-3208198ce6fd}":{"d":"C:\\Program Files (x86)\\Mozilla Firefox\\browser\\extensions\\{972ce4c6-7e08-4474-a285-3208198ce6fd}.xpi","st":1496949712000}}}
1514904732565	addons.xpi-utils	DEBUG	Opening XPI database C:\Users\nayana1\AppData\Local\Temp\3\rust_mozprofile.aVgOY24eB9sr\extensions.json
1514904732567	addons.xpi-utils	DEBUG	New add-on aushelper@mozilla.org installed in app-system-defaults
*** Blocklist::_loadBlocklistFromFile: blocklist is disabled
1514904732575	DeferredSave.extensions.json	DEBUG	Save changes
1514904732576	addons.xpi-utils	DEBUG	New add-on e10srollout@mozilla.org installed in app-system-defaults
1514904732579	DeferredSave.extensions.json	DEBUG	Starting timer
1514904732581	DeferredSave.extensions.json	DEBUG	Save changes
1514904732581	addons.xpi-utils	DEBUG	New add-on firefox@getpocket.com installed in app-system-defaults
1514904732587	DeferredSave.extensions.json	DEBUG	Save changes
1514904732587	addons.xpi-utils	DEBUG	New add-on screenshots@mozilla.org installed in app-system-defaults
1514904732592	DeferredSave.extensions.json	DEBUG	Save changes
1514904732593	addons.xpi-utils	DEBUG	New add-on webcompat@mozilla.org installed in app-system-defaults
1514904732597	DeferredSave.extensions.json	DEBUG	Save changes
1514904732597	addons.xpi-utils	DEBUG	New add-on {972ce4c6-7e08-4474-a285-3208198ce6fd} installed in app-global
1514904732601	DeferredSave.extensions.json	DEBUG	Save changes
1514904732602	addons.manager	DEBUG	Registering startup change 'installed' for aushelper@mozilla.org
1514904732609	addons.xpi	DEBUG	Loading bootstrap scope from C:\Program Files (x86)\Mozilla Firefox\browser\features\aushelper@mozilla.org.xpi
1514904732614	addons.xpi	DEBUG	Calling bootstrap method install on aushelper@mozilla.org version 2.0
1514904732614	addons.xpi-utils	DEBUG	Make addon app-system-defaults:aushelper@mozilla.org visible
1514904732614	DeferredSave.extensions.json	DEBUG	Save changes
1514904732615	addons.manager	DEBUG	Registering startup change 'installed' for e10srollout@mozilla.org
1514904732615	addons.xpi	DEBUG	Loading bootstrap scope from C:\Program Files (x86)\Mozilla Firefox\browser\features\e10srollout@mozilla.org.xpi
1514904732618	addons.xpi	DEBUG	Calling bootstrap method install on e10srollout@mozilla.org version 1.50
1514904732619	addons.xpi-utils	DEBUG	Make addon app-system-defaults:e10srollout@mozilla.org visible
1514904732619	DeferredSave.extensions.json	DEBUG	Save changes
1514904732620	addons.manager	DEBUG	Registering startup change 'installed' for firefox@getpocket.com
1514904732620	addons.xpi	DEBUG	Loading bootstrap scope from C:\Program Files (x86)\Mozilla Firefox\browser\features\firefox@getpocket.com.xpi
1514904732623	addons.xpi	DEBUG	Calling bootstrap method install on firefox@getpocket.com version 1.0.5
1514904732623	addons.xpi-utils	DEBUG	Make addon app-system-defaults:firefox@getpocket.com visible
1514904732624	DeferredSave.extensions.json	DEBUG	Save changes
1514904732624	addons.manager	DEBUG	Registering startup change 'installed' for screenshots@mozilla.org
1514904732624	addons.xpi	DEBUG	Loading bootstrap scope from C:\Program Files (x86)\Mozilla Firefox\browser\features\screenshots@mozilla.org.xpi
1514904732626	addons.xpi	DEBUG	Calling bootstrap method install on screenshots@mozilla.org version 6.6.0
1514904732626	addons.xpi-utils	DEBUG	Make addon app-system-defaults:screenshots@mozilla.org visible
1514904732627	DeferredSave.extensions.json	DEBUG	Save changes
1514904732627	addons.manager	DEBUG	Registering startup change 'installed' for webcompat@mozilla.org
1514904732627	addons.xpi	DEBUG	Loading bootstrap scope from C:\Program Files (x86)\Mozilla Firefox\browser\features\webcompat@mozilla.org.xpi
1514904732629	addons.xpi	DEBUG	Calling bootstrap method install on webcompat@mozilla.org version 1.1
1514904732629	addons.xpi-utils	DEBUG	Make addon app-system-defaults:webcompat@mozilla.org visible
1514904732630	DeferredSave.extensions.json	DEBUG	Save changes
1514904732630	addons.xpi-utils	DEBUG	Make addon app-global:{972ce4c6-7e08-4474-a285-3208198ce6fd} visible
1514904732631	DeferredSave.extensions.json	DEBUG	Save changes
1514904732631	addons.xpi	DEBUG	Updating XPIState for {"id":"aushelper@mozilla.org","syncGUID":"{b9a7d020-3dc0-4896-839f-8a65a96e123c}","location":"app-system-defaults","version":"2.0","type":"extension","internalName":null,"updateURL":null,"updateKey":null,"optionsURL":null,"optionsType":null,"aboutURL":null,"icons":{},"iconURL":null,"icon64URL":null,"defaultLocale":{"name":"Application Update Service Helper","description":"Sets value(s) in the update url based on custom checks.","creator":null,"homepageURL":null},"visible":true,"active":true,"userDisabled":false,"appDisabled":false,"descriptor":"C:\\Program Files (x86)\\Mozilla Firefox\\browser\\features\\aushelper@mozilla.org.xpi","installDate":1496949712000,"updateDate":1496949712000,"applyBackgroundUpdates":1,"bootstrap":true,"skinnable":false,"size":8486,"sourceURI":null,"releaseNotesURI":null,"softDisabled":false,"foreignInstall":false,"hasBinaryComponents":false,"strictCompatibility":false,"locales":[],"targetApplications":[{"id":"{ec8030f7-c20a-464f-9b0e-13a3a9e97384}","minVersion":"54.0","maxVersion":"54.*"}],"targetPlatforms":[],"multiprocessCompatible":true,"seen":true,"dependencies":[],"hasEmbeddedWebExtension":false,"mpcOptedOut":false,"userPermissions":null}
1514904732631	addons.xpi	DEBUG	getModTime: Recursive scan of aushelper@mozilla.org
1514904732631	addons.xpi	DEBUG	Updating XPIState for {"id":"e10srollout@mozilla.org","syncGUID":"{1cbde70e-7dd5-497b-bdcd-f0575820d4b8}","location":"app-system-defaults","version":"1.50","type":"extension","internalName":null,"updateURL":null,"updateKey":null,"optionsURL":null,"optionsType":null,"aboutURL":null,"icons":{},"iconURL":null,"icon64URL":null,"defaultLocale":{"name":"Multi-process staged rollout","description":"Staged rollout of Firefox multi-process feature.","creator":null,"homepageURL":null},"visible":true,"active":true,"userDisabled":false,"appDisabled":false,"descriptor":"C:\\Program Files (x86)\\Mozilla Firefox\\browser\\features\\e10srollout@mozilla.org.xpi","installDate":1496949712000,"updateDate":1496949712000,"applyBackgroundUpdates":1,"bootstrap":true,"skinnable":false,"size":12517,"sourceURI":null,"releaseNotesURI":null,"softDisabled":false,"foreignInstall":false,"hasBinaryComponents":false,"strictCompatibility":false,"locales":[],"targetApplications":[{"id":"{ec8030f7-c20a-464f-9b0e-13a3a9e97384}","minVersion":"54.0","maxVersion":"54.*"}],"targetPlatforms":[],"multiprocessCompatible":true,"seen":true,"dependencies":[],"hasEmbeddedWebExtension":false,"mpcOptedOut":false,"userPermissions":null}
1514904732632	addons.xpi	DEBUG	getModTime: Recursive scan of e10srollout@mozilla.org
1514904732632	addons.xpi	DEBUG	Updating XPIState for {"id":"firefox@getpocket.com","syncGUID":"{b612f18b-dae5-440e-a51d-4f500bd69bb4}","location":"app-system-defaults","version":"1.0.5","type":"extension","internalName":null,"updateURL":null,"updateKey":null,"optionsURL":null,"optionsType":null,"aboutURL":null,"icons":{},"iconURL":null,"icon64URL":null,"defaultLocale":{"name":"Pocket","description":"When you find something you want to view later, put it in Pocket.","creator":null,"homepageURL":null},"visible":true,"active":true,"userDisabled":false,"appDisabled":false,"descriptor":"C:\\Program Files (x86)\\Mozilla Firefox\\browser\\features\\firefox@getpocket.com.xpi","installDate":1496949713000,"updateDate":1496949713000,"applyBackgroundUpdates":1,"bootstrap":true,"skinnable":false,"size":913904,"sourceURI":null,"releaseNotesURI":null,"softDisabled":false,"foreignInstall":false,"hasBinaryComponents":false,"strictCompatibility":false,"locales":[],"targetApplications":[{"id":"{ec8030f7-c20a-464f-9b0e-13a3a9e97384}","minVersion":"54.0","maxVersion":"54.*"}],"targetPlatforms":[],"multiprocessCompatible":true,"seen":true,"dependencies":[],"hasEmbeddedWebExtension":false,"mpcOptedOut":false,"userPermissions":null}
1514904732632	addons.xpi	DEBUG	getModTime: Recursive scan of firefox@getpocket.com
1514904732632	addons.xpi	DEBUG	Updating XPIState for {"id":"screenshots@mozilla.org","syncGUID":"{443912e7-dfba-459d-97f0-05958eb5be24}","location":"app-system-defaults","version":"6.6.0","type":"extension","internalName":null,"updateURL":null,"updateKey":null,"optionsURL":null,"optionsType":null,"aboutURL":null,"icons":{},"iconURL":null,"icon64URL":null,"defaultLocale":{"name":"Firefox Screenshots","description":null,"creator":null,"homepageURL":"https://pageshot.net/"},"visible":true,"active":true,"userDisabled":false,"appDisabled":false,"descriptor":"C:\\Program Files (x86)\\Mozilla Firefox\\browser\\features\\screenshots@mozilla.org.xpi","installDate":1496949713000,"updateDate":1496949713000,"applyBackgroundUpdates":1,"bootstrap":true,"skinnable":false,"size":716271,"sourceURI":null,"releaseNotesURI":null,"softDisabled":false,"foreignInstall":false,"hasBinaryComponents":false,"strictCompatibility":false,"locales":[],"targetApplications":[{"id":"{ec8030f7-c20a-464f-9b0e-13a3a9e97384}","minVersion":"51.0a1","maxVersion":"*"}],"targetPlatforms":[],"multiprocessCompatible":true,"seen":true,"dependencies":[],"hasEmbeddedWebExtension":false,"mpcOptedOut":false,"userPermissions":null}
1514904732632	addons.xpi	DEBUG	getModTime: Recursive scan of screenshots@mozilla.org
1514904732633	addons.xpi	DEBUG	Updating XPIState for {"id":"webcompat@mozilla.org","syncGUID":"{f09b9de3-7e6b-4b50-a2eb-445c6449baa8}","location":"app-system-defaults","version":"1.1","type":"extension","internalName":null,"updateURL":null,"updateKey":null,"optionsURL":null,"optionsType":null,"aboutURL":null,"icons":{},"iconURL":null,"icon64URL":null,"defaultLocale":{"name":"Web Compat","description":"Urgent post-release fixes for web compatibility.","creator":null,"homepageURL":null},"visible":true,"active":true,"userDisabled":false,"appDisabled":false,"descriptor":"C:\\Program Files (x86)\\Mozilla Firefox\\browser\\features\\webcompat@mozilla.org.xpi","installDate":1496949712000,"updateDate":1496949712000,"applyBackgroundUpdates":1,"bootstrap":true,"skinnable":false,"size":9004,"sourceURI":null,"releaseNotesURI":null,"softDisabled":false,"foreignInstall":false,"hasBinaryComponents":false,"strictCompatibility":false,"locales":[],"targetApplications":[{"id":"{ec8030f7-c20a-464f-9b0e-13a3a9e97384}","minVersion":"54.0","maxVersion":"54.*"}],"targetPlatforms":[],"multiprocessCompatible":true,"seen":true,"dependencies":[],"hasEmbeddedWebExtension":false,"mpcOptedOut":false,"userPermissions":null}
1514904732633	addons.xpi	DEBUG	getModTime: Recursive scan of webcompat@mozilla.org
1514904732634	addons.xpi	DEBUG	Updating XPIState for {"id":"{972ce4c6-7e08-4474-a285-3208198ce6fd}","syncGUID":"{173cedf2-ca06-4ea8-a482-e0475b41e42f}","location":"app-global","version":"54.0","type":"theme","internalName":"classic/1.0","updateURL":null,"updateKey":null,"optionsURL":null,"optionsType":null,"aboutURL":null,"icons":{},"iconURL":"chrome://browser/content/default-theme-icon.svg","icon64URL":null,"defaultLocale":{"name":"Default","description":"The default theme.","creator":"Mozilla","homepageURL":null,"contributors":["Mozilla Contributors"]},"visible":true,"active":true,"userDisabled":false,"appDisabled":false,"descriptor":"C:\\Program Files (x86)\\Mozilla Firefox\\browser\\extensions\\{972ce4c6-7e08-4474-a285-3208198ce6fd}.xpi","installDate":1496949712000,"updateDate":1496949712000,"applyBackgroundUpdates":1,"skinnable":true,"size":8201,"sourceURI":null,"releaseNotesURI":null,"softDisabled":false,"foreignInstall":false,"hasBinaryComponents":false,"strictCompatibility":true,"locales":[],"targetApplications":[{"id":"{ec8030f7-c20a-464f-9b0e-13a3a9e97384}","minVersion":"54.0","maxVersion":"54.0"}],"targetPlatforms":[],"seen":true,"dependencies":[],"hasEmbeddedWebExtension":false,"userPermissions":null}
1514904732634	addons.xpi	DEBUG	getModTime: Recursive scan of {972ce4c6-7e08-4474-a285-3208198ce6fd}
1514904732635	DeferredSave.extensions.json	DEBUG	Save changes
1514904732635	addons.xpi	DEBUG	Updating database with changes to installed add-ons
1514904732635	addons.xpi-utils	DEBUG	Updating add-on states
1514904732635	addons.xpi-utils	DEBUG	Writing add-ons list
1514904732638	addons.xpi	DEBUG	Registering manifest for C:\Program Files (x86)\Mozilla Firefox\browser\features\aushelper@mozilla.org.xpi
1514904732639	addons.xpi	DEBUG	Calling bootstrap method startup on aushelper@mozilla.org version 2.0
1514904732640	addons.xpi	DEBUG	Registering manifest for C:\Program Files (x86)\Mozilla Firefox\browser\features\e10srollout@mozilla.org.xpi
1514904732640	addons.xpi	DEBUG	Calling bootstrap method startup on e10srollout@mozilla.org version 1.50
1514904732641	addons.xpi	DEBUG	Registering manifest for C:\Program Files (x86)\Mozilla Firefox\browser\features\firefox@getpocket.com.xpi
1514904732642	addons.xpi	DEBUG	Calling bootstrap method startup on firefox@getpocket.com version 1.0.5
1514904732643	addons.xpi	DEBUG	Registering manifest for C:\Program Files (x86)\Mozilla Firefox\browser\features\screenshots@mozilla.org.xpi
1514904732643	addons.xpi	DEBUG	Calling bootstrap method startup on screenshots@mozilla.org version 6.6.0
1514904732643	addons.xpi	DEBUG	Registering manifest for C:\Program Files (x86)\Mozilla Firefox\browser\features\webcompat@mozilla.org.xpi
1514904732644	addons.xpi	DEBUG	Calling bootstrap method startup on webcompat@mozilla.org version 1.1
1514904732648	addons.manager	DEBUG	Registering shutdown blocker for XPIProvider
1514904732649	addons.manager	DEBUG	Provider finished startup: XPIProvider
1514904732650	addons.manager	DEBUG	Starting provider: LightweightThemeManager
1514904732650	addons.manager	DEBUG	Registering shutdown blocker for LightweightThemeManager
1514904732650	addons.manager	DEBUG	Provider finished startup: LightweightThemeManager
1514904732651	addons.manager	DEBUG	Starting provider: GMPProvider
1514904732655	addons.manager	DEBUG	Registering shutdown blocker for GMPProvider
1514904732655	addons.manager	DEBUG	Provider finished startup: GMPProvider
1514904732656	addons.manager	DEBUG	Starting provider: PluginProvider
1514904732656	addons.manager	DEBUG	Registering shutdown blocker for PluginProvider
1514904732656	addons.manager	DEBUG	Provider finished startup: PluginProvider
1514904732656	addons.manager	DEBUG	Completed startup sequence
1514904732981	addons.manager	DEBUG	Starting provider: &lt;unnamed-provider&gt;
1514904732983	addons.manager	DEBUG	Registering shutdown blocker for &lt;unnamed-provider&gt;
1514904732983	addons.manager	DEBUG	Provider finished startup: &lt;unnamed-provider&gt;
1514904733003	addons.manager	DEBUG	Starting provider: PreviousExperimentProvider
1514904733003	addons.manager	DEBUG	Registering shutdown blocker for PreviousExperimentProvider
1514904733003	addons.manager	DEBUG	Provider finished startup: PreviousExperimentProvider
1514904733006	DeferredSave.extensions.json	DEBUG	Starting write
1514904733271	DeferredSave.extensions.json	DEBUG	Write succeeded
1514904733272	addons.xpi-utils	DEBUG	XPI Database saved, setting schema version preference to 19
1514904734577	Marionette	INFO	Listening on port 62750
[GPU 2864] WARNING: pipe error: 109: file c:/builds/moz2_slave/m-rel-w32-00000000000000000000/build/src/ipc/chromium/src/chrome/common/ipc_channel_win.cc, line 346
1514904735265	Marionette	DEBUG	loaded listener.js
Jan 02, 2018 9:52:15 AM org.openqa.selenium.remote.ProtocolHandshake createSession
INFO: Detected dialect: W3C
1514904736400	Marionette	DEBUG	Received DOM event "beforeunload" for "about:blank"
1514904736705	Marionette	DEBUG	Received DOM event "pagehide" for "about:blank"
1514904736705	Marionette	DEBUG	Received DOM event "unload" for "about:blank"
1514904736849	Marionette	DEBUG	Received DOM event "DOMContentLoaded" for "https://usftest.appiancloud.com/suite/portal/login.jsp"
1514904736888	Marionette	DEBUG	Received DOM event "pageshow" for "https://usftest.appiancloud.com/suite/portal/login.jsp"
1514904737110	Marionette	DEBUG	Received DOM event "beforeunload" for "https://usftest.appiancloud.com/suite/portal/login.jsp"
1514904738026	Marionette	DEBUG	Received DOM event "pagehide" for "https://usftest.appiancloud.com/suite/portal/login.jsp"
1514904738027	Marionette	DEBUG	Received DOM event "unload" for "https://usftest.appiancloud.com/suite/portal/login.jsp"
1514904738050	Marionette	DEBUG	Received DOM event "DOMContentLoaded" for "https://usftest.appiancloud.com/suite/tempo/reports/all"
1514904738057	Marionette	DEBUG	Received DOM event "pageshow" for "https://usftest.appiancloud.com/suite/tempo/reports/all"
1514904738268	Marionette	DEBUG	Received DOM event "pageshow" for "https://usftest.appiancloud.com/suite/tempo/reports/all"
1514904738275	Marionette	DEBUG	Received DOM event "pageshow" for "https://usftest.appiancloud.com/suite/tempo/reports/all"
1514904738294	Marionette	DEBUG	Received DOM event "DOMContentLoaded" for "https://usftest.appiancloud.com/suite/tempo/reports/all"
1514904738295	Marionette	DEBUG	Received DOM event "DOMContentLoaded" for "https://usftest.appiancloud.com/suite/tempo/reports/all"
1514904738296	Marionette	DEBUG	Received DOM event "pageshow" for "https://usftest.appiancloud.com/suite/tempo/reports/all"
1514904738299	Marionette	DEBUG	Received DOM event "DOMContentLoaded" for "https://usftest.appiancloud.com/suite/tempo/reports/all"
1514904738300	Marionette	DEBUG	Received DOM event "pageshow" for "https://usftest.appiancloud.com/suite/tempo/reports/all"
1514904738783	Marionette	DEBUG	Received DOM event "pageshow" for "https://usftest.appiancloud.com/suite/tempo/reports/all"
JavaScript warning: https://usftest.appiancloud.com/suite/tempo/ui/sail-client/embeddedApp-e3581a70e2cd1e05af39.cache.js, line 185: unreachable code after return statement
1514904742985	Marionette	DEBUG	Canceled page load listener because no navigation has been detected
1514904748109	Marionette	DEBUG	Received DOM event "beforeunload" for "https://usftest.appiancloud.com/suite/tempo/reports/view/UuxrPQ"
1514904748267	Marionette	DEBUG	Received DOM event "pagehide" for "https://usftest.appiancloud.com/suite/tempo/reports/view/UuxrPQ"
1514904748267	Marionette	DEBUG	Received DOM event "unload" for "https://usftest.appiancloud.com/suite/tempo/reports/view/UuxrPQ"
1514904748302	Marionette	DEBUG	Received DOM event "DOMContentLoaded" for "https://usftest.appiancloud.com/suite/tempo/reports/view/UuxrPQ"
1514904748311	Marionette	DEBUG	Received DOM event "pageshow" for "https://usftest.appiancloud.com/suite/tempo/reports/view/UuxrPQ"
1514904748313	Marionette	DEBUG	Received observer notification "outer-window-destroyed" for "2147483657"
1514904748314	Marionette	DEBUG	Received observer notification "outer-window-destroyed" for "2147483659"
1514904748314	Marionette	DEBUG	Received observer notification "outer-window-destroyed" for "2147483661"
1514904748315	Marionette	DEBUG	Received observer notification "outer-window-destroyed" for "2147483663"
1514904748549	Marionette	DEBUG	Received DOM event "pageshow" for "https://usftest.appiancloud.com/suite/tempo/reports/view/UuxrPQ"
1514904748556	Marionette	DEBUG	Received DOM event "pageshow" for "https://usftest.appiancloud.com/suite/tempo/reports/view/UuxrPQ"
1514904748576	Marionette	DEBUG	Received DOM event "DOMContentLoaded" for "https://usftest.appiancloud.com/suite/tempo/reports/view/UuxrPQ"
1514904748576	Marionette	DEBUG	Received DOM event "DOMContentLoaded" for "https://usftest.appiancloud.com/suite/tempo/reports/view/UuxrPQ"
1514904748578	Marionette	DEBUG	Received DOM event "pageshow" for "https://usftest.appiancloud.com/suite/tempo/reports/view/UuxrPQ"
1514904748579	Marionette	DEBUG	Received DOM event "DOMContentLoaded" for "https://usftest.appiancloud.com/suite/tempo/reports/view/UuxrPQ"
1514904748583	Marionette	DEBUG	Received DOM event "pageshow" for "https://usftest.appiancloud.com/suite/tempo/reports/view/UuxrPQ"
1514904749070	Marionette	DEBUG	Received DOM event "pageshow" for "https://usftest.appiancloud.com/suite/tempo/reports/view/UuxrPQ"
JavaScript warning: https://usftest.appiancloud.com/suite/tempo/ui/sail-client/embeddedApp-e3581a70e2cd1e05af39.cache.js, line 185: unreachable code after return statement
1514904779097	Marionette	DEBUG	Received DOM event "beforeunload" for "https://usftest.appiancloud.com/suite/tempo/reports/view/UuxrPQ"
1514904779276	Marionette	DEBUG	Received DOM event "pagehide" for "https://usftest.appiancloud.com/suite/tempo/reports/view/UuxrPQ"
1514904779309	Marionette	DEBUG	Received DOM event "unload" for "https://usftest.appiancloud.com/suite/tempo/reports/view/UuxrPQ"
1514904779334	Marionette	DEBUG	Received DOM event "DOMContentLoaded" for "https://usftest.appiancloud.com/suite/tempo/reports/view/UuxrPQ"
1514904779342	Marionette	DEBUG	Received DOM event "pageshow" for "https://usftest.appiancloud.com/suite/tempo/reports/view/UuxrPQ"
1514904779344	Marionette	DEBUG	Received observer notification "outer-window-destroyed" for "2147483666"
1514904779345	Marionette	DEBUG	Received observer notification "outer-window-destroyed" for "2147483668"
1514904779345	Marionette	DEBUG	Received observer notification "outer-window-destroyed" for "2147483670"
1514904779346	Marionette	DEBUG	Received observer notification "outer-window-destroyed" for "2147483672"
1514904779621	Marionette	DEBUG	Received DOM event "pageshow" for "https://usftest.appiancloud.com/suite/tempo/reports/view/UuxrPQ"
1514904779628	Marionette	DEBUG	Received DOM event "pageshow" for "https://usftest.appiancloud.com/suite/tempo/reports/view/UuxrPQ"
1514904779648	Marionette	DEBUG	Received DOM event "DOMContentLoaded" for "https://usftest.appiancloud.com/suite/tempo/reports/view/UuxrPQ"
1514904779649	Marionette	DEBUG	Received DOM event "DOMContentLoaded" for "https://usftest.appiancloud.com/suite/tempo/reports/view/UuxrPQ"
1514904779650	Marionette	DEBUG	Received DOM event "pageshow" for "https://usftest.appiancloud.com/suite/tempo/reports/view/UuxrPQ"
1514904779651	Marionette	DEBUG	Received DOM event "DOMContentLoaded" for "https://usftest.appiancloud.com/suite/tempo/reports/view/UuxrPQ"
1514904779653	Marionette	DEBUG	Received DOM event "pageshow" for "https://usftest.appiancloud.com/suite/tempo/reports/view/UuxrPQ"
1514904780219	Marionette	DEBUG	Received DOM event "pageshow" for "https://usftest.appiancloud.com/suite/tempo/reports/view/UuxrPQ"
JavaScript warning: https://usftest.appiancloud.com/suite/tempo/ui/sail-client/embeddedApp-e3581a70e2cd1e05af39.cache.js, line 185: unreachable code after return statement
1514904789250	Marionette	DEBUG	loaded listener.js
JavaScript warning: https://usftest.appiancloud.com/suite/tempo/ui/sail-client/embeddedApp-e3581a70e2cd1e05af39.cache.js, line 185: unreachable code after return statement
1514904793638	addons.productaddons	INFO	sending request to: https://aus5.mozilla.org/update/3/GMP/54.0/20170608105825/WINNT_x86-msvc-x64/en-US/release-cck-mozilla118/Windows_NT%2010.0.0.0%20(x64)/mozilla118/1.0/update.xml
1514904794020	addons.productaddons	INFO	Completed downloading document
1514904794110	addons.productaddons	INFO	downloadXHR File download. status=200
1514904794113	addons.productaddons	INFO	Downloaded file will be saved to C:\Users\nayana1\AppData\Local\Temp\3\tmpaddon-b953c8
1514904794628	addons.productaddons	INFO	downloadXHR File download. status=200
1514904794631	addons.productaddons	INFO	Downloaded file will be saved to C:\Users\nayana1\AppData\Local\Temp\3\tmpaddon-813d15
com.appiancorp.ps.automatedtest.exception.TimeoutTestException: message:&lt;&lt;Timeout period reached: Wait for Field - [1]&gt;&gt;
	at com.appiancorp.ps.automatedtest.exception.ExceptionBuilder.build(ExceptionBuilder.java:35)
	at com.appiancorp.ps.automatedtest.tempo.interfaces.TempoParagraphField.waitFor(TempoParagraphField.java:58)
	at com.appiancorp.ps.automatedtest.tempo.interfaces.TempoFieldFactory.waitFor(TempoFieldFactory.java:84)
	at com.appiancorp.ps.automatedtest.fixture.TempoFixture.populateFieldWith(TempoFixture.java:804)
	at sun.reflect.NativeMethodAccessorImpl.invoke0(Native Method)
	at sun.reflect.NativeMethodAccessorImpl.invoke(Unknown Source)
	at sun.reflect.DelegatingMethodAccessorImpl.invoke(Unknown Source)
	at java.lang.reflect.Method.invoke(Unknown Source)
	at fitnesse.slim.fixtureInteraction.DefaultInteraction.methodInvoke(DefaultInteraction.java:81)
	at fitnesse.slim.MethodExecutor.callMethod(MethodExecutor.java:57)
	at fitnesse.slim.MethodExecutor.invokeMethod(MethodExecutor.java:38)
	at fitnesse.slim.MethodExecutor.findAndInvoke(MethodExecutor.java:72)
	at fitnesse.slim.FixtureMethodExecutor.execute(FixtureMethodExecutor.java:20)
	at fitnesse.slim.StatementExecutor.getMethodExecutionResult(StatementExecutor.java:135)
	at fitnesse.slim.StatementExecutor.call(StatementExecutor.java:108)
	at fitnesse.slim.instructions.CallInstruction.executeInternal(CallInstruction.java:35)
	at fitnesse.slim.instructions.Instruction.execute(Instruction.java:29)
	at fitnesse.slim.ListExecutor$Executive.executeStatement(ListExecutor.java:49)
	at fitnesse.slim.ListExecutor$Executive.executeStatements(ListExecutor.java:43)
	at fitnesse.slim.ListExecutor.execute(ListExecutor.java:85)
	at fitnesse.slim.SlimServer.executeInstructions(SlimServer.java:84)
	at fitnesse.slim.SlimServer.processOneSetOfInstructions(SlimServer.java:77)
	at fitnesse.slim.SlimServer.tryProcessInstructions(SlimServer.java:64)
	at fitnesse.slim.SlimServer.serve(SlimServer.java:49)
	at fitnesse.slim.SlimService.handle(SlimService.java:154)
	at fitnesse.slim.SlimService.acceptOne(SlimService.java:162)
	at fitnesse.slim.SlimService.accept(SlimService.java:124)
	at fitnesse.slim.SlimService.startWithFactory(SlimService.java:76)
	at fitnesse.slim.SlimService.main(SlimService.java:56)
com.appiancorp.ps.automatedtest.exception.TimeoutTestException: message:&lt;&lt;Timeout period reached: Wait for Field - [2]&gt;&gt;
	at com.appiancorp.ps.automatedtest.exception.ExceptionBuilder.build(ExceptionBuilder.java:35)
	at com.appiancorp.ps.automatedtest.tempo.interfaces.TempoParagraphField.waitFor(TempoParagraphField.java:58)
	at com.appiancorp.ps.automatedtest.tempo.interfaces.TempoFieldFactory.waitFor(TempoFieldFactory.java:84)
	at com.appiancorp.ps.automatedtest.fixture.TempoFixture.populateFieldWith(TempoFixture.java:804)
	at sun.reflect.NativeMethodAccessorImpl.invoke0(Native Method)
	at sun.reflect.NativeMethodAccessorImpl.invoke(Unknown Source)
	at sun.reflect.DelegatingMethodAccessorImpl.invoke(Unknown Source)
	at java.lang.reflect.Method.invoke(Unknown Source)
	at fitnesse.slim.fixtureInteraction.DefaultInteraction.methodInvoke(DefaultInteraction.java:81)
	at fitnesse.slim.MethodExecutor.callMethod(MethodExecutor.java:57)
	at fitnesse.slim.MethodExecutor.invokeMethod(MethodExecutor.java:38)
	at fitnesse.slim.MethodExecutor.findAndInvoke(MethodExecutor.java:72)
	at fitnesse.slim.FixtureMethodExecutor.execute(FixtureMethodExecutor.java:20)
	at fitnesse.slim.StatementExecutor.getMethodExecutionResult(StatementExecutor.java:135)
	at fitnesse.slim.StatementExecutor.call(StatementExecutor.java:108)
	at fitnesse.slim.instructions.CallInstruction.executeInternal(CallInstruction.java:35)
	at fitnesse.slim.instructions.Instruction.execute(Instruction.java:29)
	at fitnesse.slim.ListExecutor$Executive.executeStatement(ListExecutor.java:49)
	at fitnesse.slim.ListExecutor$Executive.executeStatements(ListExecutor.java:43)
	at fitnesse.slim.ListExecutor.execute(ListExecutor.java:85)
	at fitnesse.slim.SlimServer.executeInstructions(SlimServer.java:84)
	at fitnesse.slim.SlimServer.processOneSetOfInstructions(SlimServer.java:77)
	at fitnesse.slim.SlimServer.tryProcessInstructions(SlimServer.java:64)
	at fitnesse.slim.SlimServer.serve(SlimServer.java:49)
	at fitnesse.slim.SlimService.handle(SlimService.java:154)
	at fitnesse.slim.SlimService.acceptOne(SlimService.java:162)
	at fitnesse.slim.SlimService.accept(SlimService.java:124)
	at fitnesse.slim.SlimService.startWithFactory(SlimService.java:76)
	at fitnesse.slim.SlimService.main(SlimService.java:56)
com.appiancorp.ps.automatedtest.exception.TimeoutTestException: message:&lt;&lt;Timeout period reached: Wait for Field - [3]&gt;&gt;
	at com.appiancorp.ps.automatedtest.exception.ExceptionBuilder.build(ExceptionBuilder.java:35)
	at com.appiancorp.ps.automatedtest.tempo.interfaces.TempoParagraphField.waitFor(TempoParagraphField.java:58)
	at com.appiancorp.ps.automatedtest.tempo.interfaces.TempoFieldFactory.waitFor(TempoFieldFactory.java:84)
	at com.appiancorp.ps.automatedtest.fixture.TempoFixture.populateFieldWith(TempoFixture.java:804)
	at sun.reflect.NativeMethodAccessorImpl.invoke0(Native Method)
	at sun.reflect.NativeMethodAccessorImpl.invoke(Unknown Source)
	at sun.reflect.DelegatingMethodAccessorImpl.invoke(Unknown Source)
	at java.lang.reflect.Method.invoke(Unknown Source)
	at fitnesse.slim.fixtureInteraction.DefaultInteraction.methodInvoke(DefaultInteraction.java:81)
	at fitnesse.slim.MethodExecutor.callMethod(MethodExecutor.java:57)
	at fitnesse.slim.MethodExecutor.invokeMethod(MethodExecutor.java:38)
	at fitnesse.slim.MethodExecutor.findAndInvoke(MethodExecutor.java:72)
	at fitnesse.slim.FixtureMethodExecutor.execute(FixtureMethodExecutor.java:20)
	at fitnesse.slim.StatementExecutor.getMethodExecutionResult(StatementExecutor.java:135)
	at fitnesse.slim.StatementExecutor.call(StatementExecutor.java:108)
	at fitnesse.slim.instructions.CallInstruction.executeInternal(CallInstruction.java:35)
	at fitnesse.slim.instructions.Instruction.execute(Instruction.java:29)
	at fitnesse.slim.ListExecutor$Executive.executeStatement(ListExecutor.java:49)
	at fitnesse.slim.ListExecutor$Executive.executeStatements(ListExecutor.java:43)
	at fitnesse.slim.ListExecutor.execute(ListExecutor.java:85)
	at fitnesse.slim.SlimServer.executeInstructions(SlimServer.java:84)
	at fitnesse.slim.SlimServer.processOneSetOfInstructions(SlimServer.java:77)
	at fitnesse.slim.SlimServer.tryProcessInstructions(SlimServer.java:64)
	at fitnesse.slim.SlimServer.serve(SlimServer.java:49)
	at fitnesse.slim.SlimService.handle(SlimService.java:154)
	at fitnesse.slim.SlimService.acceptOne(SlimService.java:162)
	at fitnesse.slim.SlimService.accept(SlimService.java:124)
	at fitnesse.slim.SlimService.startWithFactory(SlimService.java:76)
	at fitnesse.slim.SlimService.main(SlimService.java:56)
</stdErr>
    <exception>Socket closed</exception>
  </executionLog>
  <finalCounts>
    <right>0</right>
    <wrong>0</wrong>
    <ignores>0</ignores>
    <exceptions>1</exceptions>
  </finalCounts>
  <totalRunTimeInMillis>171257</totalRunTimeInMillis>
</testResults>

