<?xml version="1.0"?>
<testResults>
  <FitNesseVersion>v20160515</FitNesseVersion>
  <rootPath>FitNesseForUSF.FitNesse.AllScripts.Travel.ExpenseReportMileage_MyTraveler.1_CreateExpenseReport</rootPath>
    <result>
    <counts>
      <right></right>
      <wrong></wrong>
      <ignores></ignores>
      <exceptions></exceptions>
    </counts>
    <date>2018-04-06T12:42:22-04:00</date>
    <runTimeInMillis>$result.runTimeInMillis</runTimeInMillis>
    <content>&lt;div class="collapsible closed"&gt;&lt;ul&gt;&lt;li&gt;&lt;a href='#' class='expandall'&gt;Expand&lt;/a&gt;&lt;/li&gt;&lt;li&gt;&lt;a href='#' class='collapseall'&gt;Collapse&lt;/a&gt;&lt;/li&gt;&lt;/ul&gt;
	&lt;p class="title"&gt;Included page: &lt;a href="ScenarioLibrary"&gt;.ScenarioLibrary&lt;/a&gt; &lt;a href="ScenarioLibrary?edit&amp;amp;redirectToReferer=true&amp;amp;redirectAction=" class="edit"&gt;(edit)&lt;/a&gt;&lt;/p&gt;
	&lt;div&gt;&lt;h2&gt;These scenarios will be accessible to all test cases in the the FitNesseRoot folder. If you are using a different FitNesseRoot Folder, make sure to copy these files if using any setup scenarios.&lt;/h2&gt;
&lt;br/&gt;&lt;h3&gt;Update these variables for your specific test environment&lt;/h3&gt;
&lt;br/&gt;&lt;div class="collapsible"&gt;&lt;ul&gt;&lt;li&gt;&lt;a href='#' class='expandall'&gt;Expand&lt;/a&gt;&lt;/li&gt;&lt;li&gt;&lt;a href='#' class='collapseall'&gt;Collapse&lt;/a&gt;&lt;/li&gt;&lt;/ul&gt;
	&lt;p class="title"&gt;Variables for Scenarios&lt;/p&gt;
	&lt;div&gt;Default browser can be &lt;b&gt;FIREFOX&lt;/b&gt;, &lt;b&gt;CHROME&lt;/b&gt;, or &lt;b&gt;IE&lt;/b&gt;&lt;br/&gt;&lt;span class="meta"&gt;variable defined: defaultBrowser=CHROME&lt;/span&gt;
&lt;br/&gt;&lt;br/&gt;Default Version can be &lt;b&gt;17.2&lt;/b&gt;, &lt;b&gt;17.1&lt;/b&gt;, &lt;b&gt;16.3&lt;/b&gt;, &lt;b&gt;16.2&lt;/b&gt;, &lt;b&gt;16.1&lt;/b&gt;, &lt;b&gt;7.11&lt;/b&gt;, or &lt;b&gt;7.10&lt;/b&gt;&lt;br/&gt;&lt;span class="meta"&gt;variable defined: defaultVersion=18.1&lt;/span&gt;
&lt;br/&gt;&lt;br/&gt;Default Locale can be &lt;b&gt;en_US&lt;/b&gt; or &lt;b&gt;en_GB&lt;/b&gt;&lt;br/&gt;&lt;span class="meta"&gt;variable defined: defaultLocale=en_US&lt;/span&gt;
&lt;br/&gt;&lt;br/&gt;Default URL should include http or https and /suite (e.g. &lt;b&gt;https://forum.appian.com/suite&lt;/b&gt; )&lt;br/&gt;&lt;span class="meta"&gt;variable defined: defaultUrl=REPLACE_APPIAN_URL&lt;/span&gt;
&lt;br/&gt;&lt;/div&gt;
&lt;/div&gt;
&lt;br/&gt;&lt;h3&gt;To use out of the box functionality, do not update the scenarios below&lt;/h3&gt;
&lt;br/&gt;&lt;div class="collapsible"&gt;&lt;ul&gt;&lt;li&gt;&lt;a href='#' class='expandall'&gt;Expand&lt;/a&gt;&lt;/li&gt;&lt;li&gt;&lt;a href='#' class='collapseall'&gt;Collapse&lt;/a&gt;&lt;/li&gt;&lt;/ul&gt;
	&lt;p class="title"&gt;Setup customizable for browser, locale, version, and URL&lt;/p&gt;
	&lt;div&gt;&lt;table&gt;
	&lt;tr class="slimRowTitle"&gt;
		&lt;td&gt;scenario&lt;/td&gt;
		&lt;td&gt;setup for test script for browser&lt;/td&gt;
		&lt;td&gt;browserType&lt;/td&gt;
		&lt;td&gt;locale&lt;/td&gt;
		&lt;td&gt;location&lt;/td&gt;
		&lt;td&gt;version&lt;/td&gt;
		&lt;td&gt;versionNum&lt;/td&gt;
		&lt;td&gt;url&lt;/td&gt;
		&lt;td&gt;appianUrl&lt;/td&gt;
	&lt;/tr&gt;
	&lt;tr class="slimRowColor1"&gt;
		&lt;td&gt;setup with browser&lt;/td&gt;
		&lt;td colspan="8"&gt;@browserType&lt;/td&gt;
	&lt;/tr&gt;
	&lt;tr class="slimRowColor2"&gt;
		&lt;td&gt;set appian locale to&lt;/td&gt;
		&lt;td colspan="8"&gt;@location&lt;/td&gt;
	&lt;/tr&gt;
	&lt;tr class="slimRowColor2"&gt;
		&lt;td&gt;set appian version to&lt;/td&gt;
		&lt;td colspan="8"&gt;@versionNum&lt;/td&gt;
	&lt;/tr&gt;
	&lt;tr class="slimRowColor7"&gt;
		&lt;td&gt;set appian url to&lt;/td&gt;
		&lt;td colspan="8"&gt;@appianUrl&lt;/td&gt;
	&lt;/tr&gt;
	&lt;tr class="slimRowColor1"&gt;
		&lt;td&gt;set timeout seconds to&lt;/td&gt;
		&lt;td colspan="8"&gt;20&lt;/td&gt;
	&lt;/tr&gt;
	&lt;tr class="slimRowColor9"&gt;
		&lt;td colspan="9"&gt;set start datetime&lt;/td&gt;
	&lt;/tr&gt;
&lt;/table&gt;
&lt;/div&gt;
&lt;/div&gt;
&lt;br/&gt;&lt;div class="collapsible"&gt;&lt;ul&gt;&lt;li&gt;&lt;a href='#' class='expandall'&gt;Expand&lt;/a&gt;&lt;/li&gt;&lt;li&gt;&lt;a href='#' class='collapseall'&gt;Collapse&lt;/a&gt;&lt;/li&gt;&lt;/ul&gt;
	&lt;p class="title"&gt;Scenario - Setup using default values &lt;/p&gt;
	&lt;div&gt;&lt;table&gt;
	&lt;tr class="slimRowTitle"&gt;
		&lt;td&gt;scenario&lt;/td&gt;
		&lt;td colspan="7"&gt;setup for test script&lt;/td&gt;
	&lt;/tr&gt;
	&lt;tr class="slimRowColor6"&gt;
		&lt;td&gt;setup for test script for browser&lt;/td&gt;
		&lt;td&gt;CHROME&lt;/td&gt;
		&lt;td&gt;locale&lt;/td&gt;
		&lt;td&gt;en_US&lt;/td&gt;
		&lt;td&gt;version&lt;/td&gt;
		&lt;td&gt;18.1&lt;/td&gt;
		&lt;td&gt;url&lt;/td&gt;
		&lt;td&gt;REPLACE_APPIAN_URL&lt;/td&gt;
	&lt;/tr&gt;
&lt;/table&gt;
&lt;/div&gt;
&lt;/div&gt;
&lt;/div&gt;
&lt;/div&gt;
&lt;div class="collapsible closed"&gt;&lt;ul&gt;&lt;li&gt;&lt;a href='#' class='expandall'&gt;Expand&lt;/a&gt;&lt;/li&gt;&lt;li&gt;&lt;a href='#' class='collapseall'&gt;Collapse&lt;/a&gt;&lt;/li&gt;&lt;/ul&gt;
	&lt;p class="title"&gt;Included page: &lt;a href="FitNesseForUSF.FitNesse.AllScripts.Travel.ExpenseReportMileage_MyTraveler.SetUp"&gt;.FitNesseForUSF.FitNesse.AllScripts.Travel.ExpenseReportMileage_MyTraveler.SetUp&lt;/a&gt; &lt;a href="FitNesseForUSF.FitNesse.AllScripts.Travel.ExpenseReportMileage_MyTraveler.SetUp?edit&amp;amp;redirectToReferer=true&amp;amp;redirectAction=" class="edit"&gt;(edit)&lt;/a&gt;&lt;/p&gt;
	&lt;div&gt;&lt;/div&gt;
&lt;/div&gt;
&lt;br/&gt;&lt;div class="collapsible"&gt;&lt;ul&gt;&lt;li&gt;&lt;a href='#' class='expandall'&gt;Expand&lt;/a&gt;&lt;/li&gt;&lt;li&gt;&lt;a href='#' class='collapseall'&gt;Collapse&lt;/a&gt;&lt;/li&gt;&lt;/ul&gt;
	&lt;p class="title"&gt;Initialization&lt;/p&gt;
	&lt;div&gt;&lt;br/&gt;This table opens a new instance of the Firefox browser, navigates to Appian, and logs in&lt;br/&gt;&lt;br/&gt;&lt;table&gt;
	&lt;tr class="slimRowTitle"&gt;
		&lt;td colspan="2"&gt;script&lt;/td&gt;
	&lt;/tr&gt;
	&lt;tr class="slimRowColor1"&gt;
		&lt;td&gt;setup with browser&lt;/td&gt;
		&lt;td&gt;FIREFOX&lt;/td&gt;
	&lt;/tr&gt;
	&lt;tr class="slimRowColor9"&gt;
		&lt;td&gt;login with username&lt;/td&gt;
		&lt;td&gt;U14258394&lt;/td&gt;
	&lt;/tr&gt;
&lt;/table&gt;
&lt;br/&gt;&lt;/div&gt;
&lt;/div&gt;
&lt;div class="collapsible"&gt;&lt;ul&gt;&lt;li&gt;&lt;a href='#' class='expandall'&gt;Expand&lt;/a&gt;&lt;/li&gt;&lt;li&gt;&lt;a href='#' class='collapseall'&gt;Collapse&lt;/a&gt;&lt;/li&gt;&lt;/ul&gt;
	&lt;p class="title"&gt;Create Travel Request with expenses WHERE USER HAS A DEFAULT CHARTFIELD&lt;/p&gt;
	&lt;div&gt;&lt;br/&gt;</content>
    <relativePageName>1_CreateExpenseReport</relativePageName>
            <instructions>
            <instructionResult>
        <instruction>{id='scriptTable_2_0', instruction='call', instanceName='scriptTableActor', methodName='setupWithBrowser', args=[FIREFOX]}</instruction>
        <slimResult></slimResult>
                <expectation>
                    <instructionId>scriptTable_2_0</instructionId>
                    <col>0</col>
                              <row>1</row>
                    <type>ScriptActionExpectation</type>
                                      </expectation>
              </instructionResult>
            <instructionResult>
        <instruction>{id='scriptTable_2_1', instruction='call', instanceName='scriptTableActor', methodName='loginWithUsername', args=[U14258394]}</instruction>
        <slimResult></slimResult>
                <expectation>
                    <instructionId>scriptTable_2_1</instructionId>
                    <col>0</col>
                              <row>2</row>
                    <type>ScriptActionExpectation</type>
                                      </expectation>
              </instructionResult>
          </instructions>
      </result>
  <executionLog>
    <testSystem></testSystem>
    <command></command>
    <exitCode>1</exitCode>
    <stdOut>2018-04-06 12:42:27,584 [main] DEBUG com.appiancorp.ps.automatedtest.tempo.TempoLogin  - LOGIN [U14258394]
2018-04-06 12:42:29,612 [main] DEBUG com.appiancorp.ps.automatedtest.tempo.TempoLogin  - WAIT FOR LOGIN
2018-04-06 12:42:32,052 [main] DEBUG com.appiancorp.ps.automatedtest.tempo.TempoMenu  - WAIT FOR [Actions]
2018-04-06 12:42:33,724 [main] DEBUG com.appiancorp.ps.automatedtest.tempo.TempoMenu  - CLICK [Actions]
2018-04-06 12:42:34,892 [main] DEBUG com.appiancorp.ps.automatedtest.tempo.interfaces.TempoLinkField  - WAIT FOR LINK [Create Expense Report]
2018-04-06 12:42:34,902 [main] DEBUG com.appiancorp.ps.automatedtest.tempo.interfaces.TempoLinkField  - CLINK LINK [Create Expense Report]
2018-04-06 12:42:36,711 [main] DEBUG com.appiancorp.ps.automatedtest.tempo.interfaces.TempoRadioFieldOption  - WAIT FOR RADIO BUTTON OPTION CLICK : Expense Report for Mileage/Incidentals Only
2018-04-06 12:42:36,721 [main] DEBUG com.appiancorp.ps.automatedtest.tempo.interfaces.TempoRadioFieldOption  - RADIO BUTTON OPTION CLICK : Expense Report for Mileage/Incidentals Only
2018-04-06 12:42:37,801 [main] DEBUG com.appiancorp.ps.automatedtest.tempo.interfaces.TempoButton  - WAIT FOR BUTTON [Next]
2018-04-06 12:42:37,809 [main] DEBUG com.appiancorp.ps.automatedtest.tempo.interfaces.TempoButton  - CLICK BUTTON [Next]
2018-04-06 12:42:42,214 [main] DEBUG com.appiancorp.ps.automatedtest.tempo.interfaces.TempoRadioFieldOption  - WAIT FOR RADIO BUTTON OPTION CLICK : My Travelers
2018-04-06 12:42:42,221 [main] DEBUG com.appiancorp.ps.automatedtest.tempo.interfaces.TempoRadioFieldOption  - RADIO BUTTON OPTION CLICK : My Travelers
2018-04-06 12:42:45,159 [main] DEBUG com.appiancorp.ps.automatedtest.tempo.interfaces.TempoTextField  - POPULATION [00000045734]
2018-04-06 12:42:46,151 [main] DEBUG com.appiancorp.ps.automatedtest.tempo.interfaces.TempoLinkField  - WAIT FOR LINK [Search]
2018-04-06 12:42:46,161 [main] DEBUG com.appiancorp.ps.automatedtest.tempo.interfaces.TempoLinkField  - CLINK LINK [Search]
2018-04-06 12:42:48,337 [main] DEBUG com.appiancorp.ps.automatedtest.tempo.interfaces.TempoGridCell  - WAIT FOR GRID [[1]] COLUMN [[1]] ROW [[1]]
2018-04-06 12:42:51,065 [main] DEBUG com.appiancorp.ps.automatedtest.tempo.interfaces.TempoGridCell  - WAIT FOR GRID [[2]] COLUMN [[1]] ROW [[1]]
2018-04-06 12:42:51,145 [main] DEBUG com.appiancorp.ps.automatedtest.tempo.interfaces.TempoButton  - WAIT FOR BUTTON [Next]
2018-04-06 12:42:51,151 [main] DEBUG com.appiancorp.ps.automatedtest.tempo.interfaces.TempoButton  - CLICK BUTTON [Next]
2018-04-06 12:42:52,926 [main] DEBUG com.appiancorp.ps.automatedtest.tempo.interfaces.TempoTextField  - POPULATION [FitNess for Archivum Test]
2018-04-06 12:42:54,125 [main] DEBUG com.appiancorp.ps.automatedtest.tempo.interfaces.TempoDropdownField  - POPULATION [Administrative Meeting]
2018-04-06 12:42:55,832 [main] DEBUG com.appiancorp.ps.automatedtest.tempo.interfaces.TempoParagraphField  - POPULATION [FitNess for Archivum Test]
2018-04-06 12:42:57,591 [main] DEBUG com.appiancorp.ps.automatedtest.tempo.interfaces.TempoRadioFieldOption  - WAIT FOR RADIO BUTTON OPTION CLICK : Tampa Campus
2018-04-06 12:42:57,598 [main] DEBUG com.appiancorp.ps.automatedtest.tempo.interfaces.TempoRadioFieldOption  - RADIO BUTTON OPTION CLICK : Tampa Campus
2018-04-06 12:42:58,741 [main] DEBUG com.appiancorp.ps.automatedtest.tempo.interfaces.TempoTextField  - POPULATION [Tampa]
2018-04-06 12:42:59,715 [main] DEBUG com.appiancorp.ps.automatedtest.tempo.interfaces.TempoTextField  - POPULATION [8:00 AM]
2018-04-06 12:43:00,800 [main] DEBUG com.appiancorp.ps.automatedtest.tempo.interfaces.TempoTextField  - POPULATION [5:00 PM]
2018-04-06 12:43:01,749 [main] DEBUG com.appiancorp.ps.automatedtest.tempo.interfaces.TempoGridCell  - WAIT FOR GRID [[1]] COLUMN [Start Date] ROW [[1]]
2018-04-06 12:43:01,781 [main] DEBUG com.appiancorp.ps.automatedtest.tempo.interfaces.TempoGridCell  - WAIT FOR GRID [[1]] COLUMN [Start Date] ROW [[1]]
2018-04-06 12:43:01,937 [main] DEBUG com.appiancorp.ps.automatedtest.tempo.interfaces.TempoDateField  - POPULATION [Apr 6, 2018, 12:42 PM]
2018-04-06 12:43:03,754 [main] DEBUG com.appiancorp.ps.automatedtest.tempo.interfaces.TempoGridCell  - WAIT FOR GRID [[1]] COLUMN [End Date] ROW [[1]]
2018-04-06 12:43:03,776 [main] DEBUG com.appiancorp.ps.automatedtest.tempo.interfaces.TempoGridCell  - WAIT FOR GRID [[1]] COLUMN [End Date] ROW [[1]]
2018-04-06 12:43:03,900 [main] DEBUG com.appiancorp.ps.automatedtest.tempo.interfaces.TempoDateField  - POPULATION [Apr 6, 2018, 12:42 PM]
2018-04-06 12:43:05,574 [main] DEBUG com.appiancorp.ps.automatedtest.tempo.interfaces.TempoGridCell  - WAIT FOR GRID [[1]] COLUMN [Destination] ROW [[1]]
2018-04-06 12:43:05,598 [main] DEBUG com.appiancorp.ps.automatedtest.tempo.interfaces.TempoGridCell  - WAIT FOR GRID [[1]] COLUMN [Destination] ROW [[1]]
2018-04-06 12:43:05,743 [main] DEBUG com.appiancorp.ps.automatedtest.tempo.interfaces.TempoPickerField  - POPULATION [sarasota]
2018-04-06 12:43:08,945 [main] DEBUG com.appiancorp.ps.automatedtest.tempo.interfaces.TempoButton  - WAIT FOR BUTTON [Enter Accounting Defaults]
2018-04-06 12:43:08,954 [main] DEBUG com.appiancorp.ps.automatedtest.tempo.interfaces.TempoButton  - CLICK BUTTON [Enter Accounting Defaults]
2018-04-06 12:43:10,556 [main] DEBUG com.appiancorp.ps.automatedtest.tempo.interfaces.TempoButton  - WAIT FOR BUTTON [Enter Expense Details]
2018-04-06 12:43:10,563 [main] DEBUG com.appiancorp.ps.automatedtest.tempo.interfaces.TempoButton  - CLICK BUTTON [Enter Expense Details]
2018-04-06 12:43:11,616 [main] DEBUG com.appiancorp.ps.automatedtest.tempo.interfaces.TempoLinkField  - WAIT FOR LINK [Add New Expense(s)]
2018-04-06 12:43:11,622 [main] DEBUG com.appiancorp.ps.automatedtest.tempo.interfaces.TempoLinkField  - CLINK LINK [Add New Expense(s)]
2018-04-06 12:43:12,745 [main] DEBUG com.appiancorp.ps.automatedtest.tempo.interfaces.TempoDropdownField  - POPULATION [Incidentals In State]
2018-04-06 12:43:13,696 [main] ERROR com.appiancorp.ps.automatedtest.exception.ExceptionBuilder  - Populate Field - Expense Type - Incidentals In State
org.openqa.selenium.StaleElementReferenceException: The element reference of &lt;div id="dfaf7dfd1869548af9a2bf81263c4073_value" class="DropdownWidget---dropdown_value"&gt; stale: either the element is no longer attached to the DOM or the page has been refreshed
For documentation on this error, please visit: http://seleniumhq.org/exceptions/stale_element_reference.html
Build info: version: '3.4.0', revision: 'unknown', time: 'unknown'
System info: host: 'FITNESSE', ip: '10.119.38.100', os.name: 'Windows Server 2016', os.arch: 'x86', os.version: '10.0', java.version: '1.8.0_161'
Driver info: org.openqa.selenium.firefox.FirefoxDriver
Capabilities [{moz:profile=C:\Users\JCJARQ~1\AppData\Local\Temp\4\rust_mozprofile.uO8MWXViilPQ, rotatable=false, timeouts={implicit=0.0, pageLoad=300000.0, script=30000.0}, pageLoadStrategy=normal, platform=ANY, specificationLevel=0.0, moz:accessibilityChecks=false, acceptInsecureCerts=false, browserVersion=54.0, platformVersion=10.0, moz:processID=22816.0, browserName=firefox, javascriptEnabled=true, platformName=windows_nt}]
Session ID: de6eae9c-f286-4943-a822-5895b4a42f2b
	at sun.reflect.NativeConstructorAccessorImpl.newInstance0(Native Method)
	at sun.reflect.NativeConstructorAccessorImpl.newInstance(Unknown Source)
	at sun.reflect.DelegatingConstructorAccessorImpl.newInstance(Unknown Source)
	at java.lang.reflect.Constructor.newInstance(Unknown Source)
	at org.openqa.selenium.remote.http.W3CHttpResponseCodec.createException(W3CHttpResponseCodec.java:150)
	at org.openqa.selenium.remote.http.W3CHttpResponseCodec.decode(W3CHttpResponseCodec.java:115)
	at org.openqa.selenium.remote.http.W3CHttpResponseCodec.decode(W3CHttpResponseCodec.java:45)
	at org.openqa.selenium.remote.HttpCommandExecutor.execute(HttpCommandExecutor.java:164)
	at org.openqa.selenium.remote.service.DriverCommandExecutor.execute(DriverCommandExecutor.java:82)
	at org.openqa.selenium.remote.RemoteWebDriver.execute(RemoteWebDriver.java:637)
	at org.openqa.selenium.remote.RemoteWebElement.execute(RemoteWebElement.java:272)
	at org.openqa.selenium.remote.RemoteWebElement.sendKeys(RemoteWebElement.java:96)
	at com.appiancorp.ps.automatedtest.tempo.interfaces.TempoDropdownField.populate(TempoDropdownField.java:74)
	at com.appiancorp.ps.automatedtest.tempo.interfaces.TempoFieldFactory.populate(TempoFieldFactory.java:67)
	at com.appiancorp.ps.automatedtest.tempo.interfaces.TempoFieldFactory.populateMultiple(TempoFieldFactory.java:44)
	at com.appiancorp.ps.automatedtest.fixture.TempoFixture.populateFieldWith(TempoFixture.java:848)
	at sun.reflect.NativeMethodAccessorImpl.invoke0(Native Method)
	at sun.reflect.NativeMethodAccessorImpl.invoke(Unknown Source)
	at sun.reflect.DelegatingMethodAccessorImpl.invoke(Unknown Source)
	at java.lang.reflect.Method.invoke(Unknown Source)
	at fitnesse.slim.fixtureInteraction.DefaultInteraction.methodInvoke(DefaultInteraction.java:81)
	at fitnesse.slim.MethodExecutor.callMethod(MethodExecutor.java:57)
	at fitnesse.slim.MethodExecutor.invokeMethod(MethodExecutor.java:38)
	at fitnesse.slim.MethodExecutor.findAndInvoke(MethodExecutor.java:72)
	at fitnesse.slim.FixtureMethodExecutor.execute(FixtureMethodExecutor.java:20)
	at fitnesse.slim.StatementExecutor.getMethodExecutionResult(StatementExecutor.java:135)
	at fitnesse.slim.StatementExecutor.call(StatementExecutor.java:108)
	at fitnesse.slim.instructions.CallInstruction.executeInternal(CallInstruction.java:35)
	at fitnesse.slim.instructions.Instruction.execute(Instruction.java:29)
	at fitnesse.slim.ListExecutor$Executive.executeStatement(ListExecutor.java:49)
	at fitnesse.slim.ListExecutor$Executive.executeStatements(ListExecutor.java:43)
	at fitnesse.slim.ListExecutor.execute(ListExecutor.java:85)
	at fitnesse.slim.SlimServer.executeInstructions(SlimServer.java:84)
	at fitnesse.slim.SlimServer.processOneSetOfInstructions(SlimServer.java:77)
	at fitnesse.slim.SlimServer.tryProcessInstructions(SlimServer.java:64)
	at fitnesse.slim.SlimServer.serve(SlimServer.java:49)
	at fitnesse.slim.SlimService.handle(SlimService.java:154)
	at fitnesse.slim.SlimService.acceptOne(SlimService.java:162)
	at fitnesse.slim.SlimService.accept(SlimService.java:124)
	at fitnesse.slim.SlimService.startWithFactory(SlimService.java:76)
	at fitnesse.slim.SlimService.main(SlimService.java:56)
2018-04-06 12:43:13,954 [main] DEBUG com.appiancorp.ps.automatedtest.tempo.interfaces.TempoDateField  - POPULATION [09/29/2017]
2018-04-06 12:43:15,871 [main] DEBUG com.appiancorp.ps.automatedtest.tempo.interfaces.TempoTextField  - POPULATION [30.00]
2018-04-06 12:43:16,770 [main] DEBUG com.appiancorp.ps.automatedtest.tempo.interfaces.TempoRadioFieldOption  - WAIT FOR RADIO BUTTON OPTION CLICK : Paid by Cash/Check
2018-04-06 12:43:16,777 [main] DEBUG com.appiancorp.ps.automatedtest.tempo.interfaces.TempoRadioFieldOption  - RADIO BUTTON OPTION CLICK : Paid by Cash/Check
2018-04-06 12:43:17,912 [main] DEBUG com.appiancorp.ps.automatedtest.tempo.interfaces.TempoParagraphField  - POPULATION [FitNesse Test]
2018-04-06 12:43:19,535 [main] DEBUG com.appiancorp.ps.automatedtest.tempo.interfaces.TempoButton  - WAIT FOR BUTTON [Save Expense]
2018-04-06 12:43:19,542 [main] DEBUG com.appiancorp.ps.automatedtest.tempo.interfaces.TempoButton  - CLICK BUTTON [Save Expense]
2018-04-06 12:43:20,590 [main] DEBUG com.appiancorp.ps.automatedtest.tempo.interfaces.TempoButton  - WAIT FOR BUTTON [Manage Receipts]
2018-04-06 12:43:20,598 [main] DEBUG com.appiancorp.ps.automatedtest.tempo.interfaces.TempoButton  - CLICK BUTTON [Manage Receipts]
2018-04-06 12:43:21,766 [main] DEBUG com.appiancorp.ps.automatedtest.tempo.interfaces.TempoFileUploadField  - POPULATION [c:\FitNesseForAppian\test.pdf]
2018-04-06 12:43:21,841 [main] ERROR com.appiancorp.ps.automatedtest.exception.ExceptionBuilder  - Populate Field - [1] - c:/FitNesseForAppian/test.pdf
org.openqa.selenium.InvalidArgumentException: File not found: c:\FitNesseForAppian\test.pdf
Build info: version: '3.4.0', revision: 'unknown', time: 'unknown'
System info: host: 'FITNESSE', ip: '10.119.38.100', os.name: 'Windows Server 2016', os.arch: 'x86', os.version: '10.0', java.version: '1.8.0_161'
Driver info: org.openqa.selenium.firefox.FirefoxDriver
Capabilities [{moz:profile=C:\Users\JCJARQ~1\AppData\Local\Temp\4\rust_mozprofile.uO8MWXViilPQ, rotatable=false, timeouts={implicit=0.0, pageLoad=300000.0, script=30000.0}, pageLoadStrategy=normal, platform=ANY, specificationLevel=0.0, moz:accessibilityChecks=false, acceptInsecureCerts=false, browserVersion=54.0, platformVersion=10.0, moz:processID=22816.0, browserName=firefox, javascriptEnabled=true, platformName=windows_nt}]
Session ID: de6eae9c-f286-4943-a822-5895b4a42f2b
	at sun.reflect.NativeConstructorAccessorImpl.newInstance0(Native Method)
	at sun.reflect.NativeConstructorAccessorImpl.newInstance(Unknown Source)
	at sun.reflect.DelegatingConstructorAccessorImpl.newInstance(Unknown Source)
	at java.lang.reflect.Constructor.newInstance(Unknown Source)
	at org.openqa.selenium.remote.http.W3CHttpResponseCodec.createException(W3CHttpResponseCodec.java:150)
	at org.openqa.selenium.remote.http.W3CHttpResponseCodec.decode(W3CHttpResponseCodec.java:115)
	at org.openqa.selenium.remote.http.W3CHttpResponseCodec.decode(W3CHttpResponseCodec.java:45)
	at org.openqa.selenium.remote.HttpCommandExecutor.execute(HttpCommandExecutor.java:164)
	at org.openqa.selenium.remote.service.DriverCommandExecutor.execute(DriverCommandExecutor.java:82)
	at org.openqa.selenium.remote.RemoteWebDriver.execute(RemoteWebDriver.java:637)
	at org.openqa.selenium.remote.RemoteWebElement.execute(RemoteWebElement.java:272)
	at org.openqa.selenium.remote.RemoteWebElement.sendKeys(RemoteWebElement.java:96)
	at com.appiancorp.ps.automatedtest.tempo.interfaces.TempoFileUploadField.populate(TempoFileUploadField.java:86)
	at com.appiancorp.ps.automatedtest.tempo.interfaces.TempoFieldFactory.populate(TempoFieldFactory.java:67)
	at com.appiancorp.ps.automatedtest.tempo.interfaces.TempoFieldFactory.populateMultiple(TempoFieldFactory.java:53)
	at com.appiancorp.ps.automatedtest.fixture.TempoFixture.populateFieldWith(TempoFixture.java:865)
	at sun.reflect.NativeMethodAccessorImpl.invoke0(Native Method)
	at sun.reflect.NativeMethodAccessorImpl.invoke(Unknown Source)
	at sun.reflect.DelegatingMethodAccessorImpl.invoke(Unknown Source)
	at java.lang.reflect.Method.invoke(Unknown Source)
	at fitnesse.slim.fixtureInteraction.DefaultInteraction.methodInvoke(DefaultInteraction.java:81)
	at fitnesse.slim.MethodExecutor.callMethod(MethodExecutor.java:57)
	at fitnesse.slim.MethodExecutor.invokeMethod(MethodExecutor.java:38)
	at fitnesse.slim.MethodExecutor.findAndInvoke(MethodExecutor.java:72)
	at fitnesse.slim.FixtureMethodExecutor.execute(FixtureMethodExecutor.java:20)
	at fitnesse.slim.StatementExecutor.getMethodExecutionResult(StatementExecutor.java:135)
	at fitnesse.slim.StatementExecutor.call(StatementExecutor.java:108)
	at fitnesse.slim.instructions.CallInstruction.executeInternal(CallInstruction.java:35)
	at fitnesse.slim.instructions.Instruction.execute(Instruction.java:29)
	at fitnesse.slim.ListExecutor$Executive.executeStatement(ListExecutor.java:49)
	at fitnesse.slim.ListExecutor$Executive.executeStatements(ListExecutor.java:43)
	at fitnesse.slim.ListExecutor.execute(ListExecutor.java:85)
	at fitnesse.slim.SlimServer.executeInstructions(SlimServer.java:84)
	at fitnesse.slim.SlimServer.processOneSetOfInstructions(SlimServer.java:77)
	at fitnesse.slim.SlimServer.tryProcessInstructions(SlimServer.java:64)
	at fitnesse.slim.SlimServer.serve(SlimServer.java:49)
	at fitnesse.slim.SlimService.handle(SlimService.java:154)
	at fitnesse.slim.SlimService.acceptOne(SlimService.java:162)
	at fitnesse.slim.SlimService.accept(SlimService.java:124)
	at fitnesse.slim.SlimService.startWithFactory(SlimService.java:76)
	at fitnesse.slim.SlimService.main(SlimService.java:56)
2018-04-06 12:43:21,843 [main] DEBUG com.appiancorp.ps.automatedtest.tempo.interfaces.TempoRadioFieldOption  - WAIT FOR RADIO BUTTON OPTION CLICK : Print and Sign
2018-04-06 12:43:21,849 [main] DEBUG com.appiancorp.ps.automatedtest.tempo.interfaces.TempoRadioFieldOption  - RADIO BUTTON OPTION CLICK : Print and Sign
2018-04-06 12:43:22,931 [main] DEBUG com.appiancorp.ps.automatedtest.tempo.interfaces.TempoButton  - WAIT FOR BUTTON [Submit]
2018-04-06 12:43:22,940 [main] DEBUG com.appiancorp.ps.automatedtest.tempo.interfaces.TempoButton  - CLICK BUTTON [Submit]
</stdOut>
    <stdErr>1523032942250	geckodriver	INFO	geckodriver 0.18.0
1523032942258	geckodriver	INFO	Listening on 127.0.0.1:35097
1523032942736	geckodriver::marionette	INFO	Starting browser C:\Program Files (x86)\Mozilla Firefox\firefox.exe with args ["-marionette"]
1523032943168	addons.manager	DEBUG	Application has been upgraded
1523032943200	addons.manager	DEBUG	Loaded provider scope for resource://gre/modules/addons/XPIProvider.jsm: ["XPIProvider"]
1523032943202	addons.manager	DEBUG	Loaded provider scope for resource://gre/modules/LightweightThemeManager.jsm: ["LightweightThemeManager"]
1523032943206	addons.manager	DEBUG	Loaded provider scope for resource://gre/modules/addons/GMPProvider.jsm
1523032943209	addons.manager	DEBUG	Loaded provider scope for resource://gre/modules/addons/PluginProvider.jsm
1523032943209	addons.manager	DEBUG	Starting provider: XPIProvider
1523032943210	addons.xpi	DEBUG	startup
1523032943210	addons.xpi	INFO	Removing all system add-on upgrades.
1523032943211	addons.xpi	INFO	SystemAddonInstallLocation directory is missing
1523032943212	addons.xpi	INFO	Mapping aushelper@mozilla.org to C:\Program Files (x86)\Mozilla Firefox\browser\features\aushelper@mozilla.org.xpi
1523032943212	addons.xpi	INFO	Mapping e10srollout@mozilla.org to C:\Program Files (x86)\Mozilla Firefox\browser\features\e10srollout@mozilla.org.xpi
1523032943213	addons.xpi	INFO	Mapping firefox@getpocket.com to C:\Program Files (x86)\Mozilla Firefox\browser\features\firefox@getpocket.com.xpi
1523032943213	addons.xpi	INFO	Mapping screenshots@mozilla.org to C:\Program Files (x86)\Mozilla Firefox\browser\features\screenshots@mozilla.org.xpi
1523032943213	addons.xpi	INFO	Mapping webcompat@mozilla.org to C:\Program Files (x86)\Mozilla Firefox\browser\features\webcompat@mozilla.org.xpi
1523032943214	addons.xpi	INFO	Mapping {972ce4c6-7e08-4474-a285-3208198ce6fd} to C:\Program Files (x86)\Mozilla Firefox\browser\extensions\{972ce4c6-7e08-4474-a285-3208198ce6fd}.xpi
1523032943215	addons.xpi	DEBUG	checkForChanges
1523032943215	addons.xpi	INFO	SystemAddonInstallLocation directory is missing
1523032943216	addons.xpi	DEBUG	Loaded add-on state from prefs: {}
1523032943217	addons.xpi	DEBUG	New add-on aushelper@mozilla.org in app-system-defaults
1523032943218	addons.xpi	DEBUG	getModTime: Recursive scan of aushelper@mozilla.org
1523032943218	addons.xpi	DEBUG	New add-on e10srollout@mozilla.org in app-system-defaults
1523032943219	addons.xpi	DEBUG	getModTime: Recursive scan of e10srollout@mozilla.org
1523032943220	addons.xpi	DEBUG	New add-on firefox@getpocket.com in app-system-defaults
1523032943220	addons.xpi	DEBUG	getModTime: Recursive scan of firefox@getpocket.com
1523032943221	addons.xpi	DEBUG	New add-on screenshots@mozilla.org in app-system-defaults
1523032943221	addons.xpi	DEBUG	getModTime: Recursive scan of screenshots@mozilla.org
1523032943221	addons.xpi	DEBUG	New add-on webcompat@mozilla.org in app-system-defaults
1523032943222	addons.xpi	DEBUG	getModTime: Recursive scan of webcompat@mozilla.org
1523032943222	addons.xpi	DEBUG	New add-on {972ce4c6-7e08-4474-a285-3208198ce6fd} in app-global
1523032943222	addons.xpi	DEBUG	getModTime: Recursive scan of {972ce4c6-7e08-4474-a285-3208198ce6fd}
1523032943223	addons.xpi	DEBUG	getInstallState changed: true, state: {"app-system-defaults":{"aushelper@mozilla.org":{"d":"C:\\Program Files (x86)\\Mozilla Firefox\\browser\\features\\aushelper@mozilla.org.xpi","st":1496949712000},"e10srollout@mozilla.org":{"d":"C:\\Program Files (x86)\\Mozilla Firefox\\browser\\features\\e10srollout@mozilla.org.xpi","st":1496949712000},"firefox@getpocket.com":{"d":"C:\\Program Files (x86)\\Mozilla Firefox\\browser\\features\\firefox@getpocket.com.xpi","st":1496949713000},"screenshots@mozilla.org":{"d":"C:\\Program Files (x86)\\Mozilla Firefox\\browser\\features\\screenshots@mozilla.org.xpi","st":1496949713000},"webcompat@mozilla.org":{"d":"C:\\Program Files (x86)\\Mozilla Firefox\\browser\\features\\webcompat@mozilla.org.xpi","st":1496949712000}},"app-global":{"{972ce4c6-7e08-4474-a285-3208198ce6fd}":{"d":"C:\\Program Files (x86)\\Mozilla Firefox\\browser\\extensions\\{972ce4c6-7e08-4474-a285-3208198ce6fd}.xpi","st":1496949712000}}}
1523032943232	addons.xpi-utils	DEBUG	Opening XPI database C:\Users\JCJARQ~1\AppData\Local\Temp\4\rust_mozprofile.uO8MWXViilPQ\extensions.json
1523032943233	addons.xpi-utils	DEBUG	New add-on aushelper@mozilla.org installed in app-system-defaults
*** Blocklist::_loadBlocklistFromFile: blocklist is disabled
1523032943243	DeferredSave.extensions.json	DEBUG	Save changes
1523032943244	addons.xpi-utils	DEBUG	New add-on e10srollout@mozilla.org installed in app-system-defaults
1523032943248	DeferredSave.extensions.json	DEBUG	Starting timer
1523032943250	DeferredSave.extensions.json	DEBUG	Save changes
1523032943250	addons.xpi-utils	DEBUG	New add-on firefox@getpocket.com installed in app-system-defaults
1523032943257	DeferredSave.extensions.json	DEBUG	Save changes
1523032943257	addons.xpi-utils	DEBUG	New add-on screenshots@mozilla.org installed in app-system-defaults
1523032943263	DeferredSave.extensions.json	DEBUG	Save changes
1523032943264	addons.xpi-utils	DEBUG	New add-on webcompat@mozilla.org installed in app-system-defaults
1523032943268	DeferredSave.extensions.json	DEBUG	Save changes
1523032943268	addons.xpi-utils	DEBUG	New add-on {972ce4c6-7e08-4474-a285-3208198ce6fd} installed in app-global
1523032943272	DeferredSave.extensions.json	DEBUG	Save changes
1523032943274	addons.manager	DEBUG	Registering startup change 'installed' for aushelper@mozilla.org
1523032943282	addons.xpi	DEBUG	Loading bootstrap scope from C:\Program Files (x86)\Mozilla Firefox\browser\features\aushelper@mozilla.org.xpi
1523032943287	addons.xpi	DEBUG	Calling bootstrap method install on aushelper@mozilla.org version 2.0
1523032943287	addons.xpi-utils	DEBUG	Make addon app-system-defaults:aushelper@mozilla.org visible
1523032943288	DeferredSave.extensions.json	DEBUG	Save changes
1523032943288	addons.manager	DEBUG	Registering startup change 'installed' for e10srollout@mozilla.org
1523032943289	addons.xpi	DEBUG	Loading bootstrap scope from C:\Program Files (x86)\Mozilla Firefox\browser\features\e10srollout@mozilla.org.xpi
1523032943293	addons.xpi	DEBUG	Calling bootstrap method install on e10srollout@mozilla.org version 1.50
1523032943295	addons.xpi-utils	DEBUG	Make addon app-system-defaults:e10srollout@mozilla.org visible
1523032943295	DeferredSave.extensions.json	DEBUG	Save changes
1523032943296	addons.manager	DEBUG	Registering startup change 'installed' for firefox@getpocket.com
1523032943296	addons.xpi	DEBUG	Loading bootstrap scope from C:\Program Files (x86)\Mozilla Firefox\browser\features\firefox@getpocket.com.xpi
1523032943300	addons.xpi	DEBUG	Calling bootstrap method install on firefox@getpocket.com version 1.0.5
1523032943300	addons.xpi-utils	DEBUG	Make addon app-system-defaults:firefox@getpocket.com visible
1523032943301	DeferredSave.extensions.json	DEBUG	Save changes
1523032943301	addons.manager	DEBUG	Registering startup change 'installed' for screenshots@mozilla.org
1523032943301	addons.xpi	DEBUG	Loading bootstrap scope from C:\Program Files (x86)\Mozilla Firefox\browser\features\screenshots@mozilla.org.xpi
1523032943304	addons.xpi	DEBUG	Calling bootstrap method install on screenshots@mozilla.org version 6.6.0
1523032943304	addons.xpi-utils	DEBUG	Make addon app-system-defaults:screenshots@mozilla.org visible
1523032943305	DeferredSave.extensions.json	DEBUG	Save changes
1523032943305	addons.manager	DEBUG	Registering startup change 'installed' for webcompat@mozilla.org
1523032943306	addons.xpi	DEBUG	Loading bootstrap scope from C:\Program Files (x86)\Mozilla Firefox\browser\features\webcompat@mozilla.org.xpi
1523032943308	addons.xpi	DEBUG	Calling bootstrap method install on webcompat@mozilla.org version 1.1
1523032943308	addons.xpi-utils	DEBUG	Make addon app-system-defaults:webcompat@mozilla.org visible
1523032943309	DeferredSave.extensions.json	DEBUG	Save changes
1523032943309	addons.xpi-utils	DEBUG	Make addon app-global:{972ce4c6-7e08-4474-a285-3208198ce6fd} visible
1523032943309	DeferredSave.extensions.json	DEBUG	Save changes
1523032943310	addons.xpi	DEBUG	Updating XPIState for {"id":"aushelper@mozilla.org","syncGUID":"{bcf08c4e-39d5-429f-bd80-88e4e8ccc6fc}","location":"app-system-defaults","version":"2.0","type":"extension","internalName":null,"updateURL":null,"updateKey":null,"optionsURL":null,"optionsType":null,"aboutURL":null,"icons":{},"iconURL":null,"icon64URL":null,"defaultLocale":{"name":"Application Update Service Helper","description":"Sets value(s) in the update url based on custom checks.","creator":null,"homepageURL":null},"visible":true,"active":true,"userDisabled":false,"appDisabled":false,"descriptor":"C:\\Program Files (x86)\\Mozilla Firefox\\browser\\features\\aushelper@mozilla.org.xpi","installDate":1496949712000,"updateDate":1496949712000,"applyBackgroundUpdates":1,"bootstrap":true,"skinnable":false,"size":8486,"sourceURI":null,"releaseNotesURI":null,"softDisabled":false,"foreignInstall":false,"hasBinaryComponents":false,"strictCompatibility":false,"locales":[],"targetApplications":[{"id":"{ec8030f7-c20a-464f-9b0e-13a3a9e97384}","minVersion":"54.0","maxVersion":"54.*"}],"targetPlatforms":[],"multiprocessCompatible":true,"seen":true,"dependencies":[],"hasEmbeddedWebExtension":false,"mpcOptedOut":false,"userPermissions":null}
1523032943310	addons.xpi	DEBUG	getModTime: Recursive scan of aushelper@mozilla.org
1523032943311	addons.xpi	DEBUG	Updating XPIState for {"id":"e10srollout@mozilla.org","syncGUID":"{078f0ddb-c896-4db0-84ef-f7f1b797f8fa}","location":"app-system-defaults","version":"1.50","type":"extension","internalName":null,"updateURL":null,"updateKey":null,"optionsURL":null,"optionsType":null,"aboutURL":null,"icons":{},"iconURL":null,"icon64URL":null,"defaultLocale":{"name":"Multi-process staged rollout","description":"Staged rollout of Firefox multi-process feature.","creator":null,"homepageURL":null},"visible":true,"active":true,"userDisabled":false,"appDisabled":false,"descriptor":"C:\\Program Files (x86)\\Mozilla Firefox\\browser\\features\\e10srollout@mozilla.org.xpi","installDate":1496949712000,"updateDate":1496949712000,"applyBackgroundUpdates":1,"bootstrap":true,"skinnable":false,"size":12517,"sourceURI":null,"releaseNotesURI":null,"softDisabled":false,"foreignInstall":false,"hasBinaryComponents":false,"strictCompatibility":false,"locales":[],"targetApplications":[{"id":"{ec8030f7-c20a-464f-9b0e-13a3a9e97384}","minVersion":"54.0","maxVersion":"54.*"}],"targetPlatforms":[],"multiprocessCompatible":true,"seen":true,"dependencies":[],"hasEmbeddedWebExtension":false,"mpcOptedOut":false,"userPermissions":null}
1523032943311	addons.xpi	DEBUG	getModTime: Recursive scan of e10srollout@mozilla.org
1523032943311	addons.xpi	DEBUG	Updating XPIState for {"id":"firefox@getpocket.com","syncGUID":"{826024a8-0442-42fa-9ece-103ff6b24dd9}","location":"app-system-defaults","version":"1.0.5","type":"extension","internalName":null,"updateURL":null,"updateKey":null,"optionsURL":null,"optionsType":null,"aboutURL":null,"icons":{},"iconURL":null,"icon64URL":null,"defaultLocale":{"name":"Pocket","description":"When you find something you want to view later, put it in Pocket.","creator":null,"homepageURL":null},"visible":true,"active":true,"userDisabled":false,"appDisabled":false,"descriptor":"C:\\Program Files (x86)\\Mozilla Firefox\\browser\\features\\firefox@getpocket.com.xpi","installDate":1496949713000,"updateDate":1496949713000,"applyBackgroundUpdates":1,"bootstrap":true,"skinnable":false,"size":913904,"sourceURI":null,"releaseNotesURI":null,"softDisabled":false,"foreignInstall":false,"hasBinaryComponents":false,"strictCompatibility":false,"locales":[],"targetApplications":[{"id":"{ec8030f7-c20a-464f-9b0e-13a3a9e97384}","minVersion":"54.0","maxVersion":"54.*"}],"targetPlatforms":[],"multiprocessCompatible":true,"seen":true,"dependencies":[],"hasEmbeddedWebExtension":false,"mpcOptedOut":false,"userPermissions":null}
1523032943311	addons.xpi	DEBUG	getModTime: Recursive scan of firefox@getpocket.com
1523032943312	addons.xpi	DEBUG	Updating XPIState for {"id":"screenshots@mozilla.org","syncGUID":"{6e233c76-a3f0-4cde-9e33-f812b0df615b}","location":"app-system-defaults","version":"6.6.0","type":"extension","internalName":null,"updateURL":null,"updateKey":null,"optionsURL":null,"optionsType":null,"aboutURL":null,"icons":{},"iconURL":null,"icon64URL":null,"defaultLocale":{"name":"Firefox Screenshots","description":null,"creator":null,"homepageURL":"https://pageshot.net/"},"visible":true,"active":true,"userDisabled":false,"appDisabled":false,"descriptor":"C:\\Program Files (x86)\\Mozilla Firefox\\browser\\features\\screenshots@mozilla.org.xpi","installDate":1496949713000,"updateDate":1496949713000,"applyBackgroundUpdates":1,"bootstrap":true,"skinnable":false,"size":716271,"sourceURI":null,"releaseNotesURI":null,"softDisabled":false,"foreignInstall":false,"hasBinaryComponents":false,"strictCompatibility":false,"locales":[],"targetApplications":[{"id":"{ec8030f7-c20a-464f-9b0e-13a3a9e97384}","minVersion":"51.0a1","maxVersion":"*"}],"targetPlatforms":[],"multiprocessCompatible":true,"seen":true,"dependencies":[],"hasEmbeddedWebExtension":false,"mpcOptedOut":false,"userPermissions":null}
1523032943312	addons.xpi	DEBUG	getModTime: Recursive scan of screenshots@mozilla.org
1523032943312	addons.xpi	DEBUG	Updating XPIState for {"id":"webcompat@mozilla.org","syncGUID":"{b6ed9908-d9aa-415a-819e-65b974db1c8c}","location":"app-system-defaults","version":"1.1","type":"extension","internalName":null,"updateURL":null,"updateKey":null,"optionsURL":null,"optionsType":null,"aboutURL":null,"icons":{},"iconURL":null,"icon64URL":null,"defaultLocale":{"name":"Web Compat","description":"Urgent post-release fixes for web compatibility.","creator":null,"homepageURL":null},"visible":true,"active":true,"userDisabled":false,"appDisabled":false,"descriptor":"C:\\Program Files (x86)\\Mozilla Firefox\\browser\\features\\webcompat@mozilla.org.xpi","installDate":1496949712000,"updateDate":1496949712000,"applyBackgroundUpdates":1,"bootstrap":true,"skinnable":false,"size":9004,"sourceURI":null,"releaseNotesURI":null,"softDisabled":false,"foreignInstall":false,"hasBinaryComponents":false,"strictCompatibility":false,"locales":[],"targetApplications":[{"id":"{ec8030f7-c20a-464f-9b0e-13a3a9e97384}","minVersion":"54.0","maxVersion":"54.*"}],"targetPlatforms":[],"multiprocessCompatible":true,"seen":true,"dependencies":[],"hasEmbeddedWebExtension":false,"mpcOptedOut":false,"userPermissions":null}
1523032943312	addons.xpi	DEBUG	getModTime: Recursive scan of webcompat@mozilla.org
1523032943313	addons.xpi	DEBUG	Updating XPIState for {"id":"{972ce4c6-7e08-4474-a285-3208198ce6fd}","syncGUID":"{6034b1b1-ab6f-4142-b214-9aa36db6d980}","location":"app-global","version":"54.0","type":"theme","internalName":"classic/1.0","updateURL":null,"updateKey":null,"optionsURL":null,"optionsType":null,"aboutURL":null,"icons":{},"iconURL":"chrome://browser/content/default-theme-icon.svg","icon64URL":null,"defaultLocale":{"name":"Default","description":"The default theme.","creator":"Mozilla","homepageURL":null,"contributors":["Mozilla Contributors"]},"visible":true,"active":true,"userDisabled":false,"appDisabled":false,"descriptor":"C:\\Program Files (x86)\\Mozilla Firefox\\browser\\extensions\\{972ce4c6-7e08-4474-a285-3208198ce6fd}.xpi","installDate":1496949712000,"updateDate":1496949712000,"applyBackgroundUpdates":1,"skinnable":true,"size":8201,"sourceURI":null,"releaseNotesURI":null,"softDisabled":false,"foreignInstall":false,"hasBinaryComponents":false,"strictCompatibility":true,"locales":[],"targetApplications":[{"id":"{ec8030f7-c20a-464f-9b0e-13a3a9e97384}","minVersion":"54.0","maxVersion":"54.0"}],"targetPlatforms":[],"seen":true,"dependencies":[],"hasEmbeddedWebExtension":false,"userPermissions":null}
1523032943313	addons.xpi	DEBUG	getModTime: Recursive scan of {972ce4c6-7e08-4474-a285-3208198ce6fd}
1523032943314	DeferredSave.extensions.json	DEBUG	Save changes
1523032943314	addons.xpi	DEBUG	Updating database with changes to installed add-ons
1523032943314	addons.xpi-utils	DEBUG	Updating add-on states
1523032943315	addons.xpi-utils	DEBUG	Writing add-ons list
1523032943318	addons.xpi	DEBUG	Registering manifest for C:\Program Files (x86)\Mozilla Firefox\browser\features\aushelper@mozilla.org.xpi
1523032943319	addons.xpi	DEBUG	Calling bootstrap method startup on aushelper@mozilla.org version 2.0
1523032943320	addons.xpi	DEBUG	Registering manifest for C:\Program Files (x86)\Mozilla Firefox\browser\features\e10srollout@mozilla.org.xpi
1523032943321	addons.xpi	DEBUG	Calling bootstrap method startup on e10srollout@mozilla.org version 1.50
1523032943322	addons.xpi	DEBUG	Registering manifest for C:\Program Files (x86)\Mozilla Firefox\browser\features\firefox@getpocket.com.xpi
1523032943322	addons.xpi	DEBUG	Calling bootstrap method startup on firefox@getpocket.com version 1.0.5
1523032943323	addons.xpi	DEBUG	Registering manifest for C:\Program Files (x86)\Mozilla Firefox\browser\features\screenshots@mozilla.org.xpi
1523032943324	addons.xpi	DEBUG	Calling bootstrap method startup on screenshots@mozilla.org version 6.6.0
1523032943325	addons.xpi	DEBUG	Registering manifest for C:\Program Files (x86)\Mozilla Firefox\browser\features\webcompat@mozilla.org.xpi
1523032943325	addons.xpi	DEBUG	Calling bootstrap method startup on webcompat@mozilla.org version 1.1
1523032943330	addons.manager	DEBUG	Registering shutdown blocker for XPIProvider
1523032943331	addons.manager	DEBUG	Provider finished startup: XPIProvider
1523032943332	addons.manager	DEBUG	Starting provider: LightweightThemeManager
1523032943332	addons.manager	DEBUG	Registering shutdown blocker for LightweightThemeManager
1523032943332	addons.manager	DEBUG	Provider finished startup: LightweightThemeManager
1523032943333	addons.manager	DEBUG	Starting provider: GMPProvider
1523032943338	addons.manager	DEBUG	Registering shutdown blocker for GMPProvider
1523032943338	addons.manager	DEBUG	Provider finished startup: GMPProvider
1523032943338	addons.manager	DEBUG	Starting provider: PluginProvider
1523032943338	addons.manager	DEBUG	Registering shutdown blocker for PluginProvider
1523032943339	addons.manager	DEBUG	Provider finished startup: PluginProvider
1523032943339	addons.manager	DEBUG	Completed startup sequence
1523032943743	addons.manager	DEBUG	Starting provider: &lt;unnamed-provider&gt;
1523032943743	addons.manager	DEBUG	Registering shutdown blocker for &lt;unnamed-provider&gt;
1523032943744	addons.manager	DEBUG	Provider finished startup: &lt;unnamed-provider&gt;
1523032943771	addons.manager	DEBUG	Starting provider: PreviousExperimentProvider
1523032943772	addons.manager	DEBUG	Registering shutdown blocker for PreviousExperimentProvider
1523032943772	addons.manager	DEBUG	Provider finished startup: PreviousExperimentProvider
1523032943775	DeferredSave.extensions.json	DEBUG	Starting write
1523032944051	DeferredSave.extensions.json	DEBUG	Write succeeded
1523032944052	addons.xpi-utils	DEBUG	XPI Database saved, setting schema version preference to 19
1523032945006	Marionette	INFO	Listening on port 56301
1523032945905	Marionette	DEBUG	loaded listener.js
Apr 06, 2018 12:42:25 PM org.openqa.selenium.remote.ProtocolHandshake createSession
INFO: Detected dialect: W3C
1523032946989	Marionette	DEBUG	Received DOM event "beforeunload" for "about:blank"
1523032947309	Marionette	DEBUG	Received DOM event "pagehide" for "about:blank"
1523032947309	Marionette	DEBUG	Received DOM event "unload" for "about:blank"
1523032947506	Marionette	DEBUG	Received DOM event "DOMContentLoaded" for "https://usftest.appiancloud.com/suite/portal/login.jsp"
1523032947514	Marionette	DEBUG	Received DOM event "pageshow" for "https://usftest.appiancloud.com/suite/portal/login.jsp"
1523032947780	Marionette	DEBUG	Received DOM event "beforeunload" for "https://usftest.appiancloud.com/suite/portal/login.jsp"
1523032948858	Marionette	DEBUG	Received DOM event "pagehide" for "https://usftest.appiancloud.com/suite/portal/login.jsp"
1523032948859	Marionette	DEBUG	Received DOM event "unload" for "https://usftest.appiancloud.com/suite/portal/login.jsp"
1523032948910	Marionette	DEBUG	Received DOM event "DOMContentLoaded" for "https://usftest.appiancloud.com/suite/tempo/reports/all"
1523032948913	Marionette	DEBUG	Received DOM event "pageshow" for "https://usftest.appiancloud.com/suite/tempo/reports/all"
1523032949172	Marionette	DEBUG	Received DOM event "pageshow" for "https://usftest.appiancloud.com/suite/tempo/reports/all"
1523032949176	Marionette	DEBUG	Received DOM event "pageshow" for "https://usftest.appiancloud.com/suite/tempo/reports/all"
1523032949189	Marionette	DEBUG	Received DOM event "DOMContentLoaded" for "https://usftest.appiancloud.com/suite/tempo/reports/all"
1523032949190	Marionette	DEBUG	Received DOM event "DOMContentLoaded" for "https://usftest.appiancloud.com/suite/tempo/reports/all"
1523032949191	Marionette	DEBUG	Received DOM event "pageshow" for "https://usftest.appiancloud.com/suite/tempo/reports/all"
1523032949191	Marionette	DEBUG	Received DOM event "DOMContentLoaded" for "https://usftest.appiancloud.com/suite/tempo/reports/all"
1523032949192	Marionette	DEBUG	Received DOM event "pageshow" for "https://usftest.appiancloud.com/suite/tempo/reports/all"
1523032949606	Marionette	DEBUG	Received DOM event "pageshow" for "https://usftest.appiancloud.com/suite/tempo/reports/all"
JavaScript warning: https://usftest.appiancloud.com/suite/tempo/ui/sail-client/embeddedApp-83b4a75950084e9c6d9c.cache.js, line 241: unreachable code after return statement
1523032954080	Marionette	DEBUG	Canceled page load listener because no navigation has been detected
1523032955229	Marionette	DEBUG	Canceled page load listener because no navigation has been detected
1523032957002	Marionette	DEBUG	Canceled page load listener because no navigation has been detected
1523032958061	Marionette	DEBUG	Canceled page load listener because no navigation has been detected
1523032962487	Marionette	DEBUG	Canceled page load listener because no navigation has been detected
1523032966433	Marionette	DEBUG	Canceled page load listener because no navigation has been detected
1523032968618	Marionette	DEBUG	Canceled page load listener because no navigation has been detected
1523032971406	Marionette	DEBUG	Canceled page load listener because no navigation has been detected
1523032974530	Marionette	DEBUG	Canceled page load listener because no navigation has been detected
1523032974891	Marionette	DEBUG	Canceled page load listener because no navigation has been detected
1523032977862	Marionette	DEBUG	Canceled page load listener because no navigation has been detected
1523032982360	Marionette	DEBUG	Canceled page load listener because no navigation has been detected
1523032984246	Marionette	DEBUG	Canceled page load listener because no navigation has been detected
1523032986038	Marionette	DEBUG	Canceled page load listener because no navigation has been detected
1523032987564	Marionette	DEBUG	Canceled page load listener because no navigation has been detected
1523032989228	Marionette	DEBUG	Canceled page load listener because no navigation has been detected
1523032990822	Marionette	DEBUG	Canceled page load listener because no navigation has been detected
1523032991866	Marionette	DEBUG	Canceled page load listener because no navigation has been detected
1523032993050	Marionette	DEBUG	Canceled page load listener because no navigation has been detected
1523032993621	Marionette	DEBUG	Canceled page load listener because no navigation has been detected
1523032994328	Marionette	DEBUG	Canceled page load listener because no navigation has been detected
1523032997032	Marionette	DEBUG	Canceled page load listener because no navigation has been detected
1523032999794	Marionette	DEBUG	Canceled page load listener because no navigation has been detected
1523033000847	Marionette	DEBUG	Canceled page load listener because no navigation has been detected
org.openqa.selenium.InvalidArgumentException: File not found: c:\FitNesseForAppian\test.pdf
Build info: version: '3.4.0', revision: 'unknown', time: 'unknown'
System info: host: 'FITNESSE', ip: '10.119.38.100', os.name: 'Windows Server 2016', os.arch: 'x86', os.version: '10.0', java.version: '1.8.0_161'
Driver info: org.openqa.selenium.firefox.FirefoxDriver
Capabilities [{moz:profile=C:\Users\JCJARQ~1\AppData\Local\Temp\4\rust_mozprofile.uO8MWXViilPQ, rotatable=false, timeouts={implicit=0.0, pageLoad=300000.0, script=30000.0}, pageLoadStrategy=normal, platform=ANY, specificationLevel=0.0, moz:accessibilityChecks=false, acceptInsecureCerts=false, browserVersion=54.0, platformVersion=10.0, moz:processID=22816.0, browserName=firefox, javascriptEnabled=true, platformName=windows_nt}]
Session ID: de6eae9c-f286-4943-a822-5895b4a42f2b
	at sun.reflect.NativeConstructorAccessorImpl.newInstance0(Native Method)
	at sun.reflect.NativeConstructorAccessorImpl.newInstance(Unknown Source)
	at sun.reflect.DelegatingConstructorAccessorImpl.newInstance(Unknown Source)
	at java.lang.reflect.Constructor.newInstance(Unknown Source)
	at org.openqa.selenium.remote.http.W3CHttpResponseCodec.createException(W3CHttpResponseCodec.java:150)
	at org.openqa.selenium.remote.http.W3CHttpResponseCodec.decode(W3CHttpResponseCodec.java:115)
	at org.openqa.selenium.remote.http.W3CHttpResponseCodec.decode(W3CHttpResponseCodec.java:45)
	at org.openqa.selenium.remote.HttpCommandExecutor.execute(HttpCommandExecutor.java:164)
	at org.openqa.selenium.remote.service.DriverCommandExecutor.execute(DriverCommandExecutor.java:82)
	at org.openqa.selenium.remote.RemoteWebDriver.execute(RemoteWebDriver.java:637)
	at org.openqa.selenium.remote.RemoteWebElement.execute(RemoteWebElement.java:272)
	at org.openqa.selenium.remote.RemoteWebElement.sendKeys(RemoteWebElement.java:96)
	at com.appiancorp.ps.automatedtest.tempo.interfaces.TempoFileUploadField.populate(TempoFileUploadField.java:86)
	at com.appiancorp.ps.automatedtest.tempo.interfaces.TempoFieldFactory.populate(TempoFieldFactory.java:67)
	at com.appiancorp.ps.automatedtest.tempo.interfaces.TempoFieldFactory.populateMultiple(TempoFieldFactory.java:53)
	at com.appiancorp.ps.automatedtest.fixture.TempoFixture.populateFieldWith(TempoFixture.java:865)
	at sun.reflect.NativeMethodAccessorImpl.invoke0(Native Method)
	at sun.reflect.NativeMethodAccessorImpl.invoke(Unknown Source)
	at sun.reflect.DelegatingMethodAccessorImpl.invoke(Unknown Source)
	at java.lang.reflect.Method.invoke(Unknown Source)
	at fitnesse.slim.fixtureInteraction.DefaultInteraction.methodInvoke(DefaultInteraction.java:81)
	at fitnesse.slim.MethodExecutor.callMethod(MethodExecutor.java:57)
	at fitnesse.slim.MethodExecutor.invokeMethod(MethodExecutor.java:38)
	at fitnesse.slim.MethodExecutor.findAndInvoke(MethodExecutor.java:72)
	at fitnesse.slim.FixtureMethodExecutor.execute(FixtureMethodExecutor.java:20)
	at fitnesse.slim.StatementExecutor.getMethodExecutionResult(StatementExecutor.java:135)
	at fitnesse.slim.StatementExecutor.call(StatementExecutor.java:108)
	at fitnesse.slim.instructions.CallInstruction.executeInternal(CallInstruction.java:35)
	at fitnesse.slim.instructions.Instruction.execute(Instruction.java:29)
	at fitnesse.slim.ListExecutor$Executive.executeStatement(ListExecutor.java:49)
	at fitnesse.slim.ListExecutor$Executive.executeStatements(ListExecutor.java:43)
	at fitnesse.slim.ListExecutor.execute(ListExecutor.java:85)
	at fitnesse.slim.SlimServer.executeInstructions(SlimServer.java:84)
	at fitnesse.slim.SlimServer.processOneSetOfInstructions(SlimServer.java:77)
	at fitnesse.slim.SlimServer.tryProcessInstructions(SlimServer.java:64)
	at fitnesse.slim.SlimServer.serve(SlimServer.java:49)
	at fitnesse.slim.SlimService.handle(SlimService.java:154)
	at fitnesse.slim.SlimService.acceptOne(SlimService.java:162)
	at fitnesse.slim.SlimService.accept(SlimService.java:124)
	at fitnesse.slim.SlimService.startWithFactory(SlimService.java:76)
	at fitnesse.slim.SlimService.main(SlimService.java:56)
1523033002135	Marionette	DEBUG	Canceled page load listener because no navigation has been detected
1523033003189	Marionette	DEBUG	Canceled page load listener because no navigation has been detected
1523033004644	addons.productaddons	INFO	sending request to: https://aus5.mozilla.org/update/3/GMP/54.0/20170608105825/WINNT_x86-msvc-x64/en-US/release-cck-mozilla118/Windows_NT%2010.0.0.0%20(x64)/mozilla118/1.0/update.xml
1523033004956	addons.productaddons	INFO	Completed downloading document
1523033005167	addons.productaddons	INFO	downloadXHR File download. status=200
1523033005170	addons.productaddons	INFO	Downloaded file will be saved to C:\Users\JCJARQ~1\AppData\Local\Temp\4\tmpaddon
1523033005692	addons.productaddons	INFO	downloadXHR File download. status=200
1523033005695	addons.productaddons	INFO	Downloaded file will be saved to C:\Users\JCJARQ~1\AppData\Local\Temp\4\tmpaddon
</stdErr>
  </executionLog>
  <finalCounts>
    <right>0</right>
    <wrong>0</wrong>
    <ignores>0</ignores>
    <exceptions>0</exceptions>
  </finalCounts>
  <totalRunTimeInMillis>70466</totalRunTimeInMillis>
</testResults>

