<?xml version="1.0"?>
<suiteResults>
  <FitNesseVersion>v20160515</FitNesseVersion>
  <rootPath>FitNesseForUSF.FitNesse.AllScripts.Travel.TravelSubmissionMyTraveler</rootPath>
  <pageHistoryReference>
    <name>FitNesseForUSF.FitNesse.AllScripts.Travel.TravelSubmissionMyTraveler.SuiteSetUp</name>
    <date>2018-04-06T14:28:05-04:00</date>
    <pageHistoryLink>FitNesseForUSF.FitNesse.AllScripts.Travel.TravelSubmissionMyTraveler.SuiteSetUp?pageHistory&amp;resultDate=20180406142805</pageHistoryLink>
    <counts>
      <right>0</right>
      <wrong>0</wrong>
      <ignores>0</ignores>
      <exceptions>1</exceptions>
    </counts>
    <runTimeInMillis>5083</runTimeInMillis>
  </pageHistoryReference>
  <pageHistoryReference>
    <name>FitNesseForUSF.FitNesse.AllScripts.Travel.TravelSubmissionMyTraveler.1_CreateTravelRequest_Employee</name>
    <date>2018-04-06T14:28:11-04:00</date>
    <pageHistoryLink>FitNesseForUSF.FitNesse.AllScripts.Travel.TravelSubmissionMyTraveler.1_CreateTravelRequest_Employee?pageHistory&amp;resultDate=20180406142811</pageHistoryLink>
    <counts>
      <right>1</right>
      <wrong>0</wrong>
      <ignores>0</ignores>
      <exceptions>6</exceptions>
    </counts>
    <runTimeInMillis>96970</runTimeInMillis>
  </pageHistoryReference>
  <pageHistoryReference>
    <name>FitNesseForUSF.FitNesse.AllScripts.Travel.TravelSubmissionMyTraveler.2_ApprovalTask_HR</name>
    <date>2018-04-06T14:29:48-04:00</date>
    <pageHistoryLink>FitNesseForUSF.FitNesse.AllScripts.Travel.TravelSubmissionMyTraveler.2_ApprovalTask_HR?pageHistory&amp;resultDate=20180406142948</pageHistoryLink>
    <counts>
      <right>0</right>
      <wrong>0</wrong>
      <ignores>0</ignores>
      <exceptions>0</exceptions>
    </counts>
    <runTimeInMillis>43265</runTimeInMillis>
  </pageHistoryReference>
  <pageHistoryReference>
    <name>FitNesseForUSF.FitNesse.AllScripts.Travel.TravelSubmissionMyTraveler.3_ApprovalTask_ExpenseManager</name>
    <date>2018-04-06T14:30:31-04:00</date>
    <pageHistoryLink>FitNesseForUSF.FitNesse.AllScripts.Travel.TravelSubmissionMyTraveler.3_ApprovalTask_ExpenseManager?pageHistory&amp;resultDate=20180406143031</pageHistoryLink>
    <counts>
      <right>0</right>
      <wrong>0</wrong>
      <ignores>0</ignores>
      <exceptions>0</exceptions>
    </counts>
    <runTimeInMillis>80101</runTimeInMillis>
  </pageHistoryReference>
  <pageHistoryReference>
    <name>FitNesseForUSF.FitNesse.AllScripts.Travel.TravelSubmissionMyTraveler.3_UpdateTask_Submitter</name>
    <date>2018-04-06T14:31:51-04:00</date>
    <pageHistoryLink>FitNesseForUSF.FitNesse.AllScripts.Travel.TravelSubmissionMyTraveler.3_UpdateTask_Submitter?pageHistory&amp;resultDate=20180406143151</pageHistoryLink>
    <counts>
      <right>0</right>
      <wrong>0</wrong>
      <ignores>0</ignores>
      <exceptions>0</exceptions>
    </counts>
    <runTimeInMillis>23021</runTimeInMillis>
  </pageHistoryReference>
  <executionLog>
    <testSystem>slim:fitnesse.slim.SlimService</testSystem>
    <command>java -Dlog4j.configuration=file:///C:/FitNesseForAppian/log4j.properties -cp C:\FitNesseForAppian\lib\fitnesse-20160515-standalone.jar;C:\FitNesseForAppian\lib\accessors-smart-1.1.jar;C:\FitNesseForAppian\lib\asm-5.0.3.jar;C:\FitNesseForAppian\lib\cglib-nodep-3.2.4.jar;C:\FitNesseForAppian\lib\commons-codec-1.10.jar;C:\FitNesseForAppian\lib\commons-exec-1.3.jar;C:\FitNesseForAppian\lib\commons-io-2.5.jar;C:\FitNesseForAppian\lib\commons-lang3-3.0.jar;C:\FitNesseForAppian\lib\commons-logging-1.2.jar;C:\FitNesseForAppian\lib\cssparser-0.9.22.jar;C:\FitNesseForAppian\lib\fitnesse-20160515-standalone.jar;C:\FitNesseForAppian\lib\gson-2.8.0.jar;C:\FitNesseForAppian\lib\guava-21.0.jar;C:\FitNesseForAppian\lib\hamcrest-core-1.3.jar;C:\FitNesseForAppian\lib\htmlunit-2.26.jar;C:\FitNesseForAppian\lib\htmlunit-core-js-2.26.jar;C:\FitNesseForAppian\lib\htmlunit-driver-2.26.jar;C:\FitNesseForAppian\lib\httpclient-4.5.3.jar;C:\FitNesseForAppian\lib\httpcore-4.4.6.jar;C:\FitNesseForAppian\lib\httpmime-4.5.3.jar;C:\FitNesseForAppian\lib\jackson-annotations-2.4.0.jar;C:\FitNesseForAppian\lib\jackson-core-2.4.1.1.jar;C:\FitNesseForAppian\lib\jackson-databind-2.4.1.3.jar;C:\FitNesseForAppian\lib\javax.servlet-api-3.1.0.jar;C:\FitNesseForAppian\lib\jcip-annotations-1.0.jar;C:\FitNesseForAppian\lib\jcommander-1.48.jar;C:\FitNesseForAppian\lib\jetty-client-9.4.3.v20170317.jar;C:\FitNesseForAppian\lib\jetty-http-9.4.3.v20170317.jar;C:\FitNesseForAppian\lib\jetty-io-9.4.1.v20170120.jar;C:\FitNesseForAppian\lib\jetty-repacked-9.4.1.v20170120.jar;C:\FitNesseForAppian\lib\jetty-util-9.4.1.v20170120.jar;C:\FitNesseForAppian\lib\jna-4.1.0.jar;C:\FitNesseForAppian\lib\jna-platform-4.1.0.jar;C:\FitNesseForAppian\lib\json-path-2.2.0.jar;C:\FitNesseForAppian\lib\json-smart-2.2.1.jar;C:\FitNesseForAppian\lib\log4j-1.2.16.jar;C:\FitNesseForAppian\lib\neko-htmlunit-2.25.jar;C:\FitNesseForAppian\lib\phantomjsdriver-1.4.0.jar;C:\FitNesseForAppian\lib\sac-1.3.jar;C:\FitNesseForAppian\lib\selenium-api-3.4.0.jar;C:\FitNesseForAppian\lib\selenium-chrome-driver-3.4.0.jar;C:\FitNesseForAppian\lib\selenium-edge-driver-3.4.0.jar;C:\FitNesseForAppian\lib\selenium-firefox-driver-3.4.0.jar;C:\FitNesseForAppian\lib\selenium-ie-driver-3.4.0.jar;C:\FitNesseForAppian\lib\selenium-java-3.4.0.jar;C:\FitNesseForAppian\lib\selenium-opera-driver-3.4.0.jar;C:\FitNesseForAppian\lib\selenium-remote-driver-3.4.0.jar;C:\FitNesseForAppian\lib\selenium-safari-driver-3.4.0.jar;C:\FitNesseForAppian\lib\selenium-server-3.4.0.jar;C:\FitNesseForAppian\lib\selenium-support-3.4.0.jar;C:\FitNesseForAppian\lib\serializer-2.7.2.jar;C:\FitNesseForAppian\lib\slf4j-api-1.7.16.jar;C:\FitNesseForAppian\lib\snakeyaml-1.15.jar;C:\FitNesseForAppian\lib\websocket-api-9.4.3.v20170317.jar;C:\FitNesseForAppian\lib\websocket-client-9.4.3.v20170317.jar;C:\FitNesseForAppian\lib\websocket-common-9.4.3.v20170317.jar;C:\FitNesseForAppian\lib\xalan-2.7.2.jar;C:\FitNesseForAppian\lib\xercesImpl-2.11.0.jar;C:\FitNesseForAppian\lib\xml-apis-1.4.01.jar;C:\FitNesseForAppian\lib\appian\fitnesse-for-appian-18.1.4.jar fitnesse.slim.SlimService 8085</command>
    <exitCode>0</exitCode>
    <stdOut>2018-04-06 14:28:20,750 [main] DEBUG com.appiancorp.ps.automatedtest.tempo.TempoLogin  - LOGIN [U14258394]
2018-04-06 14:28:23,220 [main] DEBUG com.appiancorp.ps.automatedtest.tempo.TempoLogin  - WAIT FOR LOGIN
2018-04-06 14:28:23,821 [main] DEBUG com.appiancorp.ps.automatedtest.tempo.TempoMenu  - WAIT FOR [Actions]
2018-04-06 14:28:25,229 [main] DEBUG com.appiancorp.ps.automatedtest.tempo.TempoMenu  - CLICK [Actions]
2018-04-06 14:28:26,128 [main] DEBUG com.appiancorp.ps.automatedtest.tempo.interfaces.TempoLinkField  - WAIT FOR LINK [Create Travel Request]
2018-04-06 14:28:26,145 [main] DEBUG com.appiancorp.ps.automatedtest.tempo.interfaces.TempoLinkField  - CLINK LINK [Create Travel Request]
2018-04-06 14:28:27,540 [main] DEBUG com.appiancorp.ps.automatedtest.tempo.interfaces.TempoRadioFieldOption  - WAIT FOR RADIO BUTTON OPTION CLICK : Travel Request
2018-04-06 14:28:27,556 [main] DEBUG com.appiancorp.ps.automatedtest.tempo.interfaces.TempoRadioFieldOption  - RADIO BUTTON OPTION CLICK : Travel Request
2018-04-06 14:28:28,461 [main] DEBUG com.appiancorp.ps.automatedtest.tempo.interfaces.TempoButton  - WAIT FOR BUTTON [Next]
2018-04-06 14:28:28,478 [main] DEBUG com.appiancorp.ps.automatedtest.tempo.interfaces.TempoButton  - CLICK BUTTON [Next]
2018-04-06 14:28:31,398 [main] DEBUG com.appiancorp.ps.automatedtest.tempo.interfaces.TempoRadioFieldOption  - WAIT FOR RADIO BUTTON OPTION CLICK : My Travelers
2018-04-06 14:28:31,416 [main] DEBUG com.appiancorp.ps.automatedtest.tempo.interfaces.TempoRadioFieldOption  - RADIO BUTTON OPTION CLICK : My Travelers
2018-04-06 14:28:33,931 [main] DEBUG com.appiancorp.ps.automatedtest.tempo.interfaces.TempoTextField  - POPULATION [00000045734]
2018-04-06 14:28:34,835 [main] DEBUG com.appiancorp.ps.automatedtest.tempo.interfaces.TempoLinkField  - WAIT FOR LINK [Search]
2018-04-06 14:28:34,852 [main] DEBUG com.appiancorp.ps.automatedtest.tempo.interfaces.TempoLinkField  - CLINK LINK [Search]
2018-04-06 14:28:36,789 [main] DEBUG com.appiancorp.ps.automatedtest.tempo.interfaces.TempoGridCell  - WAIT FOR GRID [[1]] COLUMN [[1]] ROW [[1]]
2018-04-06 14:28:39,277 [main] DEBUG com.appiancorp.ps.automatedtest.tempo.interfaces.TempoGridCell  - WAIT FOR GRID [[2]] COLUMN [[1]] ROW [[1]]
2018-04-06 14:28:39,353 [main] DEBUG com.appiancorp.ps.automatedtest.tempo.interfaces.TempoButton  - WAIT FOR BUTTON [Next]
2018-04-06 14:28:39,361 [main] DEBUG com.appiancorp.ps.automatedtest.tempo.interfaces.TempoButton  - CLICK BUTTON [Next]
2018-04-06 14:28:43,509 [main] DEBUG com.appiancorp.ps.automatedtest.tempo.interfaces.TempoTextField  - POPULATION [Fitnesse testing]
2018-04-06 14:28:44,575 [main] DEBUG com.appiancorp.ps.automatedtest.tempo.interfaces.TempoDropdownField  - POPULATION [Administrative Meeting]
2018-04-06 14:28:45,881 [main] DEBUG com.appiancorp.ps.automatedtest.tempo.interfaces.TempoParagraphField  - POPULATION [FitNesse test]
2018-04-06 14:28:47,508 [main] DEBUG com.appiancorp.ps.automatedtest.tempo.interfaces.TempoGridCell  - WAIT FOR GRID [[1]] COLUMN [[1]] ROW [[1]]
2018-04-06 14:28:47,544 [main] DEBUG com.appiancorp.ps.automatedtest.tempo.interfaces.TempoGridCell  - WAIT FOR GRID [[1]] COLUMN [[1]] ROW [[1]]
2018-04-06 14:28:47,726 [main] DEBUG com.appiancorp.ps.automatedtest.tempo.interfaces.TempoDateField  - POPULATION [Apr 6, 2018, 2:28 PM]
2018-04-06 14:28:49,087 [main] DEBUG com.appiancorp.ps.automatedtest.tempo.interfaces.TempoGridCell  - WAIT FOR GRID [[1]] COLUMN [[2]] ROW [[1]]
2018-04-06 14:28:49,123 [main] DEBUG com.appiancorp.ps.automatedtest.tempo.interfaces.TempoGridCell  - WAIT FOR GRID [[1]] COLUMN [[2]] ROW [[1]]
2018-04-06 14:28:49,296 [main] DEBUG com.appiancorp.ps.automatedtest.tempo.interfaces.TempoDateField  - POPULATION [Apr 6, 2018, 2:28 PM]
2018-04-06 14:28:50,467 [main] DEBUG com.appiancorp.ps.automatedtest.tempo.interfaces.TempoGridCell  - WAIT FOR GRID [[1]] COLUMN [[3]] ROW [[1]]
2018-04-06 14:28:50,502 [main] DEBUG com.appiancorp.ps.automatedtest.tempo.interfaces.TempoGridCell  - WAIT FOR GRID [[1]] COLUMN [[3]] ROW [[1]]
2018-04-06 14:28:50,691 [main] DEBUG com.appiancorp.ps.automatedtest.tempo.interfaces.TempoPickerField  - POPULATION [reston]
2018-04-06 14:29:01,806 [main] ERROR com.appiancorp.ps.automatedtest.exception.ExceptionBuilder  - Populate Field -  - reston
org.openqa.selenium.TimeoutException: Expected condition failed: waiting for visibility of element located by By.xpath: (((//table[contains(@class, '---table')])[1])/tbody/tr[1]/td[3])/descendant::span[contains(@class,'PickerTokenWidget---label') and contains(translate(text(),'ABCDEFGHIJKLMNOPQRSTUVWXYZ','abcdefghijklmnopqrstuvwxyz'),'reston')] (tried for 10 second(s) with 500 MILLISECONDS interval)
	at org.openqa.selenium.support.ui.WebDriverWait.timeoutException(WebDriverWait.java:80)
	at org.openqa.selenium.support.ui.FluentWait.until(FluentWait.java:232)
	at com.appiancorp.ps.automatedtest.tempo.interfaces.TempoPickerFieldSelection.waitFor(TempoPickerFieldSelection.java:39)
	at com.appiancorp.ps.automatedtest.tempo.interfaces.TempoPickerField.populate(TempoPickerField.java:56)
	at com.appiancorp.ps.automatedtest.tempo.interfaces.TempoFieldFactory.populate(TempoFieldFactory.java:67)
	at com.appiancorp.ps.automatedtest.tempo.interfaces.TempoGridCell.populate(TempoGridCell.java:153)
	at com.appiancorp.ps.automatedtest.tempo.interfaces.TempoGridCell.populateMultiple(TempoGridCell.java:140)
	at com.appiancorp.ps.automatedtest.fixture.TempoFixture.populateGridColumnRowWith(TempoFixture.java:1207)
	at sun.reflect.NativeMethodAccessorImpl.invoke0(Native Method)
	at sun.reflect.NativeMethodAccessorImpl.invoke(Unknown Source)
	at sun.reflect.DelegatingMethodAccessorImpl.invoke(Unknown Source)
	at java.lang.reflect.Method.invoke(Unknown Source)
	at fitnesse.slim.fixtureInteraction.DefaultInteraction.methodInvoke(DefaultInteraction.java:81)
	at fitnesse.slim.MethodExecutor.callMethod(MethodExecutor.java:57)
	at fitnesse.slim.MethodExecutor.invokeMethod(MethodExecutor.java:38)
	at fitnesse.slim.MethodExecutor.findAndInvoke(MethodExecutor.java:72)
	at fitnesse.slim.FixtureMethodExecutor.execute(FixtureMethodExecutor.java:20)
	at fitnesse.slim.StatementExecutor.getMethodExecutionResult(StatementExecutor.java:135)
	at fitnesse.slim.StatementExecutor.call(StatementExecutor.java:108)
	at fitnesse.slim.instructions.CallInstruction.executeInternal(CallInstruction.java:35)
	at fitnesse.slim.instructions.Instruction.execute(Instruction.java:29)
	at fitnesse.slim.ListExecutor$Executive.executeStatement(ListExecutor.java:49)
	at fitnesse.slim.ListExecutor$Executive.executeStatements(ListExecutor.java:43)
	at fitnesse.slim.ListExecutor.execute(ListExecutor.java:85)
	at fitnesse.slim.SlimServer.executeInstructions(SlimServer.java:84)
	at fitnesse.slim.SlimServer.processOneSetOfInstructions(SlimServer.java:77)
	at fitnesse.slim.SlimServer.tryProcessInstructions(SlimServer.java:64)
	at fitnesse.slim.SlimServer.serve(SlimServer.java:49)
	at fitnesse.slim.SlimService.handle(SlimService.java:154)
	at fitnesse.slim.SlimService.acceptOne(SlimService.java:162)
	at fitnesse.slim.SlimService.accept(SlimService.java:124)
	at fitnesse.slim.SlimService.startWithFactory(SlimService.java:76)
	at fitnesse.slim.SlimService.main(SlimService.java:56)
Caused by: org.openqa.selenium.NoSuchElementException: Cannot locate an element using By.xpath: (((//table[contains(@class, '---table')])[1])/tbody/tr[1]/td[3])/descendant::span[contains(@class,'PickerTokenWidget---label') and contains(translate(text(),'ABCDEFGHIJKLMNOPQRSTUVWXYZ','abcdefghijklmnopqrstuvwxyz'),'reston')]
For documentation on this error, please visit: http://seleniumhq.org/exceptions/no_such_element.html
Build info: version: '3.4.0', revision: 'unknown', time: 'unknown'
System info: host: 'FITNESSE', ip: '10.119.38.100', os.name: 'Windows Server 2016', os.arch: 'x86', os.version: '10.0', java.version: '1.8.0_161'
Driver info: driver.version: unknown
	at org.openqa.selenium.support.ui.ExpectedConditions.lambda$findElement$0(ExpectedConditions.java:883)
	at java.util.Optional.orElseThrow(Unknown Source)
	at org.openqa.selenium.support.ui.ExpectedConditions.findElement(ExpectedConditions.java:882)
	at org.openqa.selenium.support.ui.ExpectedConditions.access$000(ExpectedConditions.java:44)
	at org.openqa.selenium.support.ui.ExpectedConditions$7.apply(ExpectedConditions.java:206)
	at org.openqa.selenium.support.ui.ExpectedConditions$7.apply(ExpectedConditions.java:202)
	at org.openqa.selenium.support.ui.FluentWait.until(FluentWait.java:209)
	... 31 more
2018-04-06 14:29:01,811 [main] DEBUG com.appiancorp.ps.automatedtest.tempo.interfaces.TempoButton  - WAIT FOR BUTTON [Enter Expense Detail]
2018-04-06 14:29:01,901 [main] DEBUG com.appiancorp.ps.automatedtest.tempo.interfaces.TempoButton  - CLICK BUTTON [Enter Expense Detail]
2018-04-06 14:29:02,880 [main] DEBUG com.appiancorp.ps.automatedtest.tempo.interfaces.TempoButton  - WAIT FOR BUTTON [Next]
2018-04-06 14:29:13,062 [main] ERROR com.appiancorp.ps.automatedtest.exception.ExceptionBuilder  - Wait for Button - Next
org.openqa.selenium.TimeoutException: Expected condition failed: waiting for presence of element located by: By.xpath: //button[contains(translate(text(),'ABCDEFGHIJKLMNOPQRSTUVWXYZ','abcdefghijklmnopqrstuvwxyz'),'next') and not(contains(@class, 'button-disabled'))] (tried for 10 second(s) with 500 MILLISECONDS interval)
	at org.openqa.selenium.support.ui.WebDriverWait.timeoutException(WebDriverWait.java:80)
	at org.openqa.selenium.support.ui.FluentWait.until(FluentWait.java:232)
	at com.appiancorp.ps.automatedtest.tempo.interfaces.TempoButton.waitFor(TempoButton.java:52)
	at com.appiancorp.ps.automatedtest.fixture.TempoFixture.clickOnButton(TempoFixture.java:1564)
	at sun.reflect.NativeMethodAccessorImpl.invoke0(Native Method)
	at sun.reflect.NativeMethodAccessorImpl.invoke(Unknown Source)
	at sun.reflect.DelegatingMethodAccessorImpl.invoke(Unknown Source)
	at java.lang.reflect.Method.invoke(Unknown Source)
	at fitnesse.slim.fixtureInteraction.DefaultInteraction.methodInvoke(DefaultInteraction.java:81)
	at fitnesse.slim.MethodExecutor.callMethod(MethodExecutor.java:57)
	at fitnesse.slim.MethodExecutor.invokeMethod(MethodExecutor.java:38)
	at fitnesse.slim.MethodExecutor.findAndInvoke(MethodExecutor.java:72)
	at fitnesse.slim.FixtureMethodExecutor.execute(FixtureMethodExecutor.java:20)
	at fitnesse.slim.StatementExecutor.getMethodExecutionResult(StatementExecutor.java:135)
	at fitnesse.slim.StatementExecutor.call(StatementExecutor.java:108)
	at fitnesse.slim.instructions.CallInstruction.executeInternal(CallInstruction.java:35)
	at fitnesse.slim.instructions.Instruction.execute(Instruction.java:29)
	at fitnesse.slim.ListExecutor$Executive.executeStatement(ListExecutor.java:49)
	at fitnesse.slim.ListExecutor$Executive.executeStatements(ListExecutor.java:43)
	at fitnesse.slim.ListExecutor.execute(ListExecutor.java:85)
	at fitnesse.slim.SlimServer.executeInstructions(SlimServer.java:84)
	at fitnesse.slim.SlimServer.processOneSetOfInstructions(SlimServer.java:77)
	at fitnesse.slim.SlimServer.tryProcessInstructions(SlimServer.java:64)
	at fitnesse.slim.SlimServer.serve(SlimServer.java:49)
	at fitnesse.slim.SlimService.handle(SlimService.java:154)
	at fitnesse.slim.SlimService.acceptOne(SlimService.java:162)
	at fitnesse.slim.SlimService.accept(SlimService.java:124)
	at fitnesse.slim.SlimService.startWithFactory(SlimService.java:76)
	at fitnesse.slim.SlimService.main(SlimService.java:56)
Caused by: org.openqa.selenium.NoSuchElementException: Cannot locate an element using By.xpath: //button[contains(translate(text(),'ABCDEFGHIJKLMNOPQRSTUVWXYZ','abcdefghijklmnopqrstuvwxyz'),'next') and not(contains(@class, 'button-disabled'))]
For documentation on this error, please visit: http://seleniumhq.org/exceptions/no_such_element.html
Build info: version: '3.4.0', revision: 'unknown', time: 'unknown'
System info: host: 'FITNESSE', ip: '10.119.38.100', os.name: 'Windows Server 2016', os.arch: 'x86', os.version: '10.0', java.version: '1.8.0_161'
Driver info: driver.version: unknown
	at org.openqa.selenium.support.ui.ExpectedConditions.lambda$findElement$0(ExpectedConditions.java:883)
	at java.util.Optional.orElseThrow(Unknown Source)
	at org.openqa.selenium.support.ui.ExpectedConditions.findElement(ExpectedConditions.java:882)
	at org.openqa.selenium.support.ui.ExpectedConditions.access$000(ExpectedConditions.java:44)
	at org.openqa.selenium.support.ui.ExpectedConditions$6.apply(ExpectedConditions.java:183)
	at org.openqa.selenium.support.ui.ExpectedConditions$6.apply(ExpectedConditions.java:180)
	at org.openqa.selenium.support.ui.FluentWait.until(FluentWait.java:209)
	... 27 more
2018-04-06 14:29:13,064 [main] DEBUG com.appiancorp.ps.automatedtest.tempo.interfaces.TempoCheckboxFieldOption  - CHECKBOX OPTION WAIT FOR [Reg. Training]
2018-04-06 14:29:23,269 [main] ERROR com.appiancorp.ps.automatedtest.exception.ExceptionBuilder  - Wait for Checkbox option - Reg. Training
org.openqa.selenium.TimeoutException: Expected condition failed: waiting for visibility of element located by By.xpath: //div[contains(@class,'CheckboxGroup---choice_pair')]//label[contains(translate(text(),'ABCDEFGHIJKLMNOPQRSTUVWXYZ','abcdefghijklmnopqrstuvwxyz'), 'reg. training')] (tried for 10 second(s) with 500 MILLISECONDS interval)
	at org.openqa.selenium.support.ui.WebDriverWait.timeoutException(WebDriverWait.java:80)
	at org.openqa.selenium.support.ui.FluentWait.until(FluentWait.java:232)
	at com.appiancorp.ps.automatedtest.tempo.interfaces.TempoCheckboxFieldOption.waitFor(TempoCheckboxFieldOption.java:64)
	at com.appiancorp.ps.automatedtest.fixture.TempoFixture.clickOnCheckboxOption(TempoFixture.java:1679)
	at sun.reflect.NativeMethodAccessorImpl.invoke0(Native Method)
	at sun.reflect.NativeMethodAccessorImpl.invoke(Unknown Source)
	at sun.reflect.DelegatingMethodAccessorImpl.invoke(Unknown Source)
	at java.lang.reflect.Method.invoke(Unknown Source)
	at fitnesse.slim.fixtureInteraction.DefaultInteraction.methodInvoke(DefaultInteraction.java:81)
	at fitnesse.slim.MethodExecutor.callMethod(MethodExecutor.java:57)
	at fitnesse.slim.MethodExecutor.invokeMethod(MethodExecutor.java:38)
	at fitnesse.slim.MethodExecutor.findAndInvoke(MethodExecutor.java:72)
	at fitnesse.slim.FixtureMethodExecutor.execute(FixtureMethodExecutor.java:20)
	at fitnesse.slim.StatementExecutor.getMethodExecutionResult(StatementExecutor.java:135)
	at fitnesse.slim.StatementExecutor.call(StatementExecutor.java:108)
	at fitnesse.slim.instructions.CallInstruction.executeInternal(CallInstruction.java:35)
	at fitnesse.slim.instructions.Instruction.execute(Instruction.java:29)
	at fitnesse.slim.ListExecutor$Executive.executeStatement(ListExecutor.java:49)
	at fitnesse.slim.ListExecutor$Executive.executeStatements(ListExecutor.java:43)
	at fitnesse.slim.ListExecutor.execute(ListExecutor.java:85)
	at fitnesse.slim.SlimServer.executeInstructions(SlimServer.java:84)
	at fitnesse.slim.SlimServer.processOneSetOfInstructions(SlimServer.java:77)
	at fitnesse.slim.SlimServer.tryProcessInstructions(SlimServer.java:64)
	at fitnesse.slim.SlimServer.serve(SlimServer.java:49)
	at fitnesse.slim.SlimService.handle(SlimService.java:154)
	at fitnesse.slim.SlimService.acceptOne(SlimService.java:162)
	at fitnesse.slim.SlimService.accept(SlimService.java:124)
	at fitnesse.slim.SlimService.startWithFactory(SlimService.java:76)
	at fitnesse.slim.SlimService.main(SlimService.java:56)
Caused by: org.openqa.selenium.NoSuchElementException: Cannot locate an element using By.xpath: //div[contains(@class,'CheckboxGroup---choice_pair')]//label[contains(translate(text(),'ABCDEFGHIJKLMNOPQRSTUVWXYZ','abcdefghijklmnopqrstuvwxyz'), 'reg. training')]
For documentation on this error, please visit: http://seleniumhq.org/exceptions/no_such_element.html
Build info: version: '3.4.0', revision: 'unknown', time: 'unknown'
System info: host: 'FITNESSE', ip: '10.119.38.100', os.name: 'Windows Server 2016', os.arch: 'x86', os.version: '10.0', java.version: '1.8.0_161'
Driver info: driver.version: unknown
	at org.openqa.selenium.support.ui.ExpectedConditions.lambda$findElement$0(ExpectedConditions.java:883)
	at java.util.Optional.orElseThrow(Unknown Source)
	at org.openqa.selenium.support.ui.ExpectedConditions.findElement(ExpectedConditions.java:882)
	at org.openqa.selenium.support.ui.ExpectedConditions.access$000(ExpectedConditions.java:44)
	at org.openqa.selenium.support.ui.ExpectedConditions$7.apply(ExpectedConditions.java:206)
	at org.openqa.selenium.support.ui.ExpectedConditions$7.apply(ExpectedConditions.java:202)
	at org.openqa.selenium.support.ui.FluentWait.until(FluentWait.java:209)
	... 27 more
2018-04-06 14:29:23,270 [main] DEBUG com.appiancorp.ps.automatedtest.tempo.interfaces.TempoCheckboxFieldOption  - CHECKBOX OPTION WAIT FOR [lodging]
2018-04-06 14:29:30,496 [main] DEBUG com.appiancorp.ps.automatedtest.tempo.interfaces.TempoCheckboxFieldOption  - CHECKBOX OPTION CLICK [lodging]
2018-04-06 14:29:31,362 [main] DEBUG com.appiancorp.ps.automatedtest.tempo.interfaces.TempoCheckboxFieldOption  - CHECKBOX OPTION WAIT FOR [Meal]
2018-04-06 14:29:31,397 [main] DEBUG com.appiancorp.ps.automatedtest.tempo.interfaces.TempoCheckboxFieldOption  - CHECKBOX OPTION CLICK [Meal]
2018-04-06 14:29:32,250 [main] DEBUG com.appiancorp.ps.automatedtest.tempo.interfaces.TempoGridCell  - WAIT FOR GRID [[1]] COLUMN [[2]] ROW [[1]]
2018-04-06 14:29:32,292 [main] DEBUG com.appiancorp.ps.automatedtest.tempo.interfaces.TempoGridCell  - WAIT FOR GRID [[1]] COLUMN [[2]] ROW [[1]]
2018-04-06 14:29:32,341 [main] DEBUG com.appiancorp.ps.automatedtest.tempo.interfaces.TempoTextField  - POPULATION [100]
2018-04-06 14:29:33,212 [main] DEBUG com.appiancorp.ps.automatedtest.tempo.interfaces.TempoGridCell  - WAIT FOR GRID [[1]] COLUMN [[3]] ROW [[1]]
2018-04-06 14:29:33,248 [main] DEBUG com.appiancorp.ps.automatedtest.tempo.interfaces.TempoGridCell  - WAIT FOR GRID [[1]] COLUMN [[3]] ROW [[1]]
2018-04-06 14:29:33,421 [main] DEBUG com.appiancorp.ps.automatedtest.tempo.interfaces.TempoDropdownField  - POPULATION [PCard Payment]
2018-04-06 14:29:34,472 [main] DEBUG com.appiancorp.ps.automatedtest.tempo.interfaces.TempoGridCell  - WAIT FOR GRID [[1]] COLUMN [[2]] ROW [[2]]
2018-04-06 14:29:34,509 [main] DEBUG com.appiancorp.ps.automatedtest.tempo.interfaces.TempoGridCell  - WAIT FOR GRID [[1]] COLUMN [[2]] ROW [[2]]
2018-04-06 14:29:34,551 [main] DEBUG com.appiancorp.ps.automatedtest.tempo.interfaces.TempoTextField  - POPULATION [50]
2018-04-06 14:29:35,420 [main] DEBUG com.appiancorp.ps.automatedtest.tempo.interfaces.TempoGridCell  - WAIT FOR GRID [[1]] COLUMN [[3]] ROW [[2]]
2018-04-06 14:29:35,456 [main] DEBUG com.appiancorp.ps.automatedtest.tempo.interfaces.TempoGridCell  - WAIT FOR GRID [[1]] COLUMN [[3]] ROW [[2]]
2018-04-06 14:29:35,528 [main] DEBUG com.appiancorp.ps.automatedtest.tempo.interfaces.TempoDropdownField  - POPULATION [Traveler Paid - Reimburse]
2018-04-06 14:29:36,684 [main] DEBUG com.appiancorp.ps.automatedtest.tempo.interfaces.TempoGridCell  - WAIT FOR GRID [[1]] COLUMN [[2]] ROW [[3]]
2018-04-06 14:29:36,701 [main] ERROR com.appiancorp.ps.automatedtest.exception.ExceptionBuilder  - Grid Wait For - [1] - [2] - [3]
org.openqa.selenium.NoSuchElementException: no such element: Unable to locate element: {"method":"xpath","selector":"((//table[contains(@class, '---table')])[1])/tbody/tr[3]/td[2]"}
  (Session info: chrome=64.0.3282.186)
  (Driver info: chromedriver=2.31.488763 (092de99f48a300323ecf8c2a4e2e7cab51de5ba8),platform=Windows NT 10.0.14393 x86_64) (WARNING: The server did not provide any stacktrace information)
Command duration or timeout: 17 milliseconds
For documentation on this error, please visit: http://seleniumhq.org/exceptions/no_such_element.html
Build info: version: '3.4.0', revision: 'unknown', time: 'unknown'
System info: host: 'FITNESSE', ip: '10.119.38.100', os.name: 'Windows Server 2016', os.arch: 'x86', os.version: '10.0', java.version: '1.8.0_161'
Driver info: org.openqa.selenium.chrome.ChromeDriver
Capabilities [{applicationCacheEnabled=false, rotatable=false, mobileEmulationEnabled=false, networkConnectionEnabled=false, chrome={chromedriverVersion=2.31.488763 (092de99f48a300323ecf8c2a4e2e7cab51de5ba8), userDataDir=C:\Users\JCJARQ~1\AppData\Local\Temp\4\scoped_dir30548_5268}, takesHeapSnapshot=true, pageLoadStrategy=normal, databaseEnabled=false, handlesAlerts=true, hasTouchScreen=false, version=64.0.3282.186, platform=XP, browserConnectionEnabled=false, nativeEvents=true, acceptSslCerts=true, locationContextEnabled=true, webStorageEnabled=true, browserName=chrome, takesScreenshot=true, javascriptEnabled=true, cssSelectorsEnabled=true, setWindowRect=true, unexpectedAlertBehaviour=}]
Session ID: 55196887dd42eddc32b794768beb68da
*** Element info: {Using=xpath, value=((//table[contains(@class, '---table')])[1])/tbody/tr[3]/td[2]}
	at sun.reflect.NativeConstructorAccessorImpl.newInstance0(Native Method)
	at sun.reflect.NativeConstructorAccessorImpl.newInstance(Unknown Source)
	at sun.reflect.DelegatingConstructorAccessorImpl.newInstance(Unknown Source)
	at java.lang.reflect.Constructor.newInstance(Unknown Source)
	at org.openqa.selenium.remote.ErrorHandler.createThrowable(ErrorHandler.java:215)
	at org.openqa.selenium.remote.ErrorHandler.throwIfResponseFailed(ErrorHandler.java:167)
	at org.openqa.selenium.remote.RemoteWebDriver.execute(RemoteWebDriver.java:671)
	at org.openqa.selenium.remote.RemoteWebDriver.findElement(RemoteWebDriver.java:410)
	at org.openqa.selenium.remote.RemoteWebDriver.findElementByXPath(RemoteWebDriver.java:509)
	at org.openqa.selenium.By$ByXPath.findElement(By.java:361)
	at org.openqa.selenium.remote.RemoteWebDriver.findElement(RemoteWebDriver.java:402)
	at com.appiancorp.ps.automatedtest.tempo.interfaces.TempoGridCell.getWebElement(TempoGridCell.java:79)
	at com.appiancorp.ps.automatedtest.tempo.interfaces.TempoGridCell.getXpath(TempoGridCell.java:128)
	at com.appiancorp.ps.automatedtest.tempo.interfaces.TempoGridCell.waitFor(TempoGridCell.java:216)
	at com.appiancorp.ps.automatedtest.fixture.TempoFixture.populateGridColumnRowWith(TempoFixture.java:1206)
	at sun.reflect.NativeMethodAccessorImpl.invoke0(Native Method)
	at sun.reflect.NativeMethodAccessorImpl.invoke(Unknown Source)
	at sun.reflect.DelegatingMethodAccessorImpl.invoke(Unknown Source)
	at java.lang.reflect.Method.invoke(Unknown Source)
	at fitnesse.slim.fixtureInteraction.DefaultInteraction.methodInvoke(DefaultInteraction.java:81)
	at fitnesse.slim.MethodExecutor.callMethod(MethodExecutor.java:57)
	at fitnesse.slim.MethodExecutor.invokeMethod(MethodExecutor.java:38)
	at fitnesse.slim.MethodExecutor.findAndInvoke(MethodExecutor.java:72)
	at fitnesse.slim.FixtureMethodExecutor.execute(FixtureMethodExecutor.java:20)
	at fitnesse.slim.StatementExecutor.getMethodExecutionResult(StatementExecutor.java:135)
	at fitnesse.slim.StatementExecutor.call(StatementExecutor.java:108)
	at fitnesse.slim.instructions.CallInstruction.executeInternal(CallInstruction.java:35)
	at fitnesse.slim.instructions.Instruction.execute(Instruction.java:29)
	at fitnesse.slim.ListExecutor$Executive.executeStatement(ListExecutor.java:49)
	at fitnesse.slim.ListExecutor$Executive.executeStatements(ListExecutor.java:43)
	at fitnesse.slim.ListExecutor.execute(ListExecutor.java:85)
	at fitnesse.slim.SlimServer.executeInstructions(SlimServer.java:84)
	at fitnesse.slim.SlimServer.processOneSetOfInstructions(SlimServer.java:77)
	at fitnesse.slim.SlimServer.tryProcessInstructions(SlimServer.java:64)
	at fitnesse.slim.SlimServer.serve(SlimServer.java:49)
	at fitnesse.slim.SlimService.handle(SlimService.java:154)
	at fitnesse.slim.SlimService.acceptOne(SlimService.java:162)
	at fitnesse.slim.SlimService.accept(SlimService.java:124)
	at fitnesse.slim.SlimService.startWithFactory(SlimService.java:76)
	at fitnesse.slim.SlimService.main(SlimService.java:56)
2018-04-06 14:29:36,703 [main] DEBUG com.appiancorp.ps.automatedtest.tempo.interfaces.TempoGridCell  - WAIT FOR GRID [[1]] COLUMN [[3]] ROW [[3]]
2018-04-06 14:29:36,719 [main] ERROR com.appiancorp.ps.automatedtest.exception.ExceptionBuilder  - Grid Wait For - [1] - [3] - [3]
org.openqa.selenium.NoSuchElementException: no such element: Unable to locate element: {"method":"xpath","selector":"((//table[contains(@class, '---table')])[1])/tbody/tr[3]/td[3]"}
  (Session info: chrome=64.0.3282.186)
  (Driver info: chromedriver=2.31.488763 (092de99f48a300323ecf8c2a4e2e7cab51de5ba8),platform=Windows NT 10.0.14393 x86_64) (WARNING: The server did not provide any stacktrace information)
Command duration or timeout: 15 milliseconds
For documentation on this error, please visit: http://seleniumhq.org/exceptions/no_such_element.html
Build info: version: '3.4.0', revision: 'unknown', time: 'unknown'
System info: host: 'FITNESSE', ip: '10.119.38.100', os.name: 'Windows Server 2016', os.arch: 'x86', os.version: '10.0', java.version: '1.8.0_161'
Driver info: org.openqa.selenium.chrome.ChromeDriver
Capabilities [{applicationCacheEnabled=false, rotatable=false, mobileEmulationEnabled=false, networkConnectionEnabled=false, chrome={chromedriverVersion=2.31.488763 (092de99f48a300323ecf8c2a4e2e7cab51de5ba8), userDataDir=C:\Users\JCJARQ~1\AppData\Local\Temp\4\scoped_dir30548_5268}, takesHeapSnapshot=true, pageLoadStrategy=normal, databaseEnabled=false, handlesAlerts=true, hasTouchScreen=false, version=64.0.3282.186, platform=XP, browserConnectionEnabled=false, nativeEvents=true, acceptSslCerts=true, locationContextEnabled=true, webStorageEnabled=true, browserName=chrome, takesScreenshot=true, javascriptEnabled=true, cssSelectorsEnabled=true, setWindowRect=true, unexpectedAlertBehaviour=}]
Session ID: 55196887dd42eddc32b794768beb68da
*** Element info: {Using=xpath, value=((//table[contains(@class, '---table')])[1])/tbody/tr[3]/td[3]}
	at sun.reflect.NativeConstructorAccessorImpl.newInstance0(Native Method)
	at sun.reflect.NativeConstructorAccessorImpl.newInstance(Unknown Source)
	at sun.reflect.DelegatingConstructorAccessorImpl.newInstance(Unknown Source)
	at java.lang.reflect.Constructor.newInstance(Unknown Source)
	at org.openqa.selenium.remote.ErrorHandler.createThrowable(ErrorHandler.java:215)
	at org.openqa.selenium.remote.ErrorHandler.throwIfResponseFailed(ErrorHandler.java:167)
	at org.openqa.selenium.remote.RemoteWebDriver.execute(RemoteWebDriver.java:671)
	at org.openqa.selenium.remote.RemoteWebDriver.findElement(RemoteWebDriver.java:410)
	at org.openqa.selenium.remote.RemoteWebDriver.findElementByXPath(RemoteWebDriver.java:509)
	at org.openqa.selenium.By$ByXPath.findElement(By.java:361)
	at org.openqa.selenium.remote.RemoteWebDriver.findElement(RemoteWebDriver.java:402)
	at com.appiancorp.ps.automatedtest.tempo.interfaces.TempoGridCell.getWebElement(TempoGridCell.java:79)
	at com.appiancorp.ps.automatedtest.tempo.interfaces.TempoGridCell.getXpath(TempoGridCell.java:128)
	at com.appiancorp.ps.automatedtest.tempo.interfaces.TempoGridCell.waitFor(TempoGridCell.java:216)
	at com.appiancorp.ps.automatedtest.fixture.TempoFixture.populateGridColumnRowWith(TempoFixture.java:1206)
	at sun.reflect.NativeMethodAccessorImpl.invoke0(Native Method)
	at sun.reflect.NativeMethodAccessorImpl.invoke(Unknown Source)
	at sun.reflect.DelegatingMethodAccessorImpl.invoke(Unknown Source)
	at java.lang.reflect.Method.invoke(Unknown Source)
	at fitnesse.slim.fixtureInteraction.DefaultInteraction.methodInvoke(DefaultInteraction.java:81)
	at fitnesse.slim.MethodExecutor.callMethod(MethodExecutor.java:57)
	at fitnesse.slim.MethodExecutor.invokeMethod(MethodExecutor.java:38)
	at fitnesse.slim.MethodExecutor.findAndInvoke(MethodExecutor.java:72)
	at fitnesse.slim.FixtureMethodExecutor.execute(FixtureMethodExecutor.java:20)
	at fitnesse.slim.StatementExecutor.getMethodExecutionResult(StatementExecutor.java:135)
	at fitnesse.slim.StatementExecutor.call(StatementExecutor.java:108)
	at fitnesse.slim.instructions.CallInstruction.executeInternal(CallInstruction.java:35)
	at fitnesse.slim.instructions.Instruction.execute(Instruction.java:29)
	at fitnesse.slim.ListExecutor$Executive.executeStatement(ListExecutor.java:49)
	at fitnesse.slim.ListExecutor$Executive.executeStatements(ListExecutor.java:43)
	at fitnesse.slim.ListExecutor.execute(ListExecutor.java:85)
	at fitnesse.slim.SlimServer.executeInstructions(SlimServer.java:84)
	at fitnesse.slim.SlimServer.processOneSetOfInstructions(SlimServer.java:77)
	at fitnesse.slim.SlimServer.tryProcessInstructions(SlimServer.java:64)
	at fitnesse.slim.SlimServer.serve(SlimServer.java:49)
	at fitnesse.slim.SlimService.handle(SlimService.java:154)
	at fitnesse.slim.SlimService.acceptOne(SlimService.java:162)
	at fitnesse.slim.SlimService.accept(SlimService.java:124)
	at fitnesse.slim.SlimService.startWithFactory(SlimService.java:76)
	at fitnesse.slim.SlimService.main(SlimService.java:56)
2018-04-06 14:29:36,720 [main] DEBUG com.appiancorp.ps.automatedtest.tempo.interfaces.TempoButton  - WAIT FOR BUTTON [Submit]
2018-04-06 14:29:36,733 [main] DEBUG com.appiancorp.ps.automatedtest.tempo.interfaces.TempoButton  - CLICK BUTTON [Submit]
2018-04-06 14:29:46,265 [main] DEBUG com.appiancorp.ps.automatedtest.tempo.TempoLogin  - WAIT FOR LOGIN
2018-04-06 14:29:46,279 [main] DEBUG com.appiancorp.ps.automatedtest.tempo.TempoLogin  - LOG OUT
2018-04-06 14:29:53,511 [main] DEBUG com.appiancorp.ps.automatedtest.tempo.TempoLogin  - LOGIN [U81915076]
2018-04-06 14:29:54,912 [main] DEBUG com.appiancorp.ps.automatedtest.tempo.TempoLogin  - WAIT FOR LOGIN
2018-04-06 14:30:12,012 [main] DEBUG com.appiancorp.ps.automatedtest.tempo.TempoMenu  - WAIT FOR [Tasks]
2018-04-06 14:30:12,025 [main] DEBUG com.appiancorp.ps.automatedtest.tempo.TempoMenu  - CLICK [Tasks]
2018-04-06 14:30:13,483 [main] DEBUG com.appiancorp.ps.automatedtest.tempo.task.TempoTask  - WAIT FOR TASK [[1]]
2018-04-06 14:30:13,491 [main] DEBUG com.appiancorp.ps.automatedtest.tempo.task.TempoTask  - CLICK TASK [[1]]
2018-04-06 14:30:21,615 [main] DEBUG com.appiancorp.ps.automatedtest.tempo.interfaces.TempoButton  - WAIT FOR BUTTON [Approve]
2018-04-06 14:30:21,624 [main] DEBUG com.appiancorp.ps.automatedtest.tempo.interfaces.TempoButton  - CLICK BUTTON [Approve]
2018-04-06 14:30:22,695 [main] DEBUG com.appiancorp.ps.automatedtest.tempo.interfaces.TempoButton  - WAIT FOR BUTTON [Yes]
2018-04-06 14:30:22,703 [main] DEBUG com.appiancorp.ps.automatedtest.tempo.interfaces.TempoButton  - CLICK BUTTON [Yes]
2018-04-06 14:30:29,850 [main] DEBUG com.appiancorp.ps.automatedtest.tempo.TempoLogin  - WAIT FOR LOGIN
2018-04-06 14:30:29,856 [main] DEBUG com.appiancorp.ps.automatedtest.tempo.TempoLogin  - LOG OUT
2018-04-06 14:30:36,859 [main] DEBUG com.appiancorp.ps.automatedtest.tempo.TempoLogin  - LOGIN [U41671804]
2018-04-06 14:30:38,650 [main] DEBUG com.appiancorp.ps.automatedtest.tempo.TempoLogin  - WAIT FOR LOGIN
2018-04-06 14:31:42,618 [main] DEBUG com.appiancorp.ps.automatedtest.tempo.TempoMenu  - WAIT FOR [Tasks]
2018-04-06 14:31:42,628 [main] DEBUG com.appiancorp.ps.automatedtest.tempo.TempoMenu  - CLICK [Tasks]
2018-04-06 14:31:43,940 [main] DEBUG com.appiancorp.ps.automatedtest.tempo.task.TempoTask  - WAIT FOR TASK [[1]]
2018-04-06 14:31:43,947 [main] DEBUG com.appiancorp.ps.automatedtest.tempo.task.TempoTask  - CLICK TASK [[1]]
2018-04-06 14:31:46,806 [main] DEBUG com.appiancorp.ps.automatedtest.tempo.interfaces.TempoButton  - WAIT FOR BUTTON [Approve]
2018-04-06 14:31:46,813 [main] DEBUG com.appiancorp.ps.automatedtest.tempo.interfaces.TempoButton  - CLICK BUTTON [Approve]
2018-04-06 14:31:47,870 [main] DEBUG com.appiancorp.ps.automatedtest.tempo.interfaces.TempoButton  - WAIT FOR BUTTON [Yes]
2018-04-06 14:31:47,876 [main] DEBUG com.appiancorp.ps.automatedtest.tempo.interfaces.TempoButton  - CLICK BUTTON [Yes]
2018-04-06 14:31:50,078 [main] DEBUG com.appiancorp.ps.automatedtest.tempo.TempoLogin  - WAIT FOR LOGIN
2018-04-06 14:31:50,084 [main] DEBUG com.appiancorp.ps.automatedtest.tempo.TempoLogin  - LOG OUT
2018-04-06 14:31:56,854 [main] DEBUG com.appiancorp.ps.automatedtest.tempo.TempoLogin  - LOGIN [U14258394]
2018-04-06 14:31:58,616 [main] DEBUG com.appiancorp.ps.automatedtest.tempo.TempoLogin  - WAIT FOR LOGIN
2018-04-06 14:32:13,182 [main] DEBUG com.appiancorp.ps.automatedtest.tempo.TempoMenu  - WAIT FOR [Tasks]
2018-04-06 14:32:13,190 [main] DEBUG com.appiancorp.ps.automatedtest.tempo.TempoMenu  - CLICK [Tasks]
</stdOut>
    <stdErr>Apr 06, 2018 2:28:09 PM org.openqa.selenium.remote.ProtocolHandshake createSession
INFO: Detected dialect: OSS
Apr 06, 2018 2:28:13 PM org.openqa.selenium.remote.ProtocolHandshake createSession
INFO: Detected dialect: OSS
Apr 06, 2018 2:28:17 PM org.openqa.selenium.remote.ProtocolHandshake createSession
INFO: Detected dialect: OSS
1523039388171	geckodriver	INFO	geckodriver 0.18.0
1523039388178	geckodriver	INFO	Listening on 127.0.0.1:30727
1523039388662	geckodriver::marionette	INFO	Starting browser C:\Program Files (x86)\Mozilla Firefox\firefox.exe with args ["-marionette"]
1523039389212	addons.manager	DEBUG	Application has been upgraded
1523039389244	addons.manager	DEBUG	Loaded provider scope for resource://gre/modules/addons/XPIProvider.jsm: ["XPIProvider"]
1523039389246	addons.manager	DEBUG	Loaded provider scope for resource://gre/modules/LightweightThemeManager.jsm: ["LightweightThemeManager"]
1523039389250	addons.manager	DEBUG	Loaded provider scope for resource://gre/modules/addons/GMPProvider.jsm
1523039389252	addons.manager	DEBUG	Loaded provider scope for resource://gre/modules/addons/PluginProvider.jsm
1523039389253	addons.manager	DEBUG	Starting provider: XPIProvider
1523039389253	addons.xpi	DEBUG	startup
1523039389253	addons.xpi	INFO	Removing all system add-on upgrades.
1523039389254	addons.xpi	INFO	SystemAddonInstallLocation directory is missing
1523039389255	addons.xpi	INFO	Mapping aushelper@mozilla.org to C:\Program Files (x86)\Mozilla Firefox\browser\features\aushelper@mozilla.org.xpi
1523039389255	addons.xpi	INFO	Mapping e10srollout@mozilla.org to C:\Program Files (x86)\Mozilla Firefox\browser\features\e10srollout@mozilla.org.xpi
1523039389256	addons.xpi	INFO	Mapping firefox@getpocket.com to C:\Program Files (x86)\Mozilla Firefox\browser\features\firefox@getpocket.com.xpi
1523039389256	addons.xpi	INFO	Mapping screenshots@mozilla.org to C:\Program Files (x86)\Mozilla Firefox\browser\features\screenshots@mozilla.org.xpi
1523039389256	addons.xpi	INFO	Mapping webcompat@mozilla.org to C:\Program Files (x86)\Mozilla Firefox\browser\features\webcompat@mozilla.org.xpi
1523039389257	addons.xpi	INFO	Mapping {972ce4c6-7e08-4474-a285-3208198ce6fd} to C:\Program Files (x86)\Mozilla Firefox\browser\extensions\{972ce4c6-7e08-4474-a285-3208198ce6fd}.xpi
1523039389257	addons.xpi	DEBUG	checkForChanges
1523039389257	addons.xpi	INFO	SystemAddonInstallLocation directory is missing
1523039389258	addons.xpi	DEBUG	Loaded add-on state from prefs: {}
1523039389259	addons.xpi	DEBUG	New add-on aushelper@mozilla.org in app-system-defaults
1523039389260	addons.xpi	DEBUG	getModTime: Recursive scan of aushelper@mozilla.org
1523039389260	addons.xpi	DEBUG	New add-on e10srollout@mozilla.org in app-system-defaults
1523039389261	addons.xpi	DEBUG	getModTime: Recursive scan of e10srollout@mozilla.org
1523039389261	addons.xpi	DEBUG	New add-on firefox@getpocket.com in app-system-defaults
1523039389262	addons.xpi	DEBUG	getModTime: Recursive scan of firefox@getpocket.com
1523039389262	addons.xpi	DEBUG	New add-on screenshots@mozilla.org in app-system-defaults
1523039389262	addons.xpi	DEBUG	getModTime: Recursive scan of screenshots@mozilla.org
1523039389263	addons.xpi	DEBUG	New add-on webcompat@mozilla.org in app-system-defaults
1523039389263	addons.xpi	DEBUG	getModTime: Recursive scan of webcompat@mozilla.org
1523039389264	addons.xpi	DEBUG	New add-on {972ce4c6-7e08-4474-a285-3208198ce6fd} in app-global
1523039389264	addons.xpi	DEBUG	getModTime: Recursive scan of {972ce4c6-7e08-4474-a285-3208198ce6fd}
1523039389264	addons.xpi	DEBUG	getInstallState changed: true, state: {"app-system-defaults":{"aushelper@mozilla.org":{"d":"C:\\Program Files (x86)\\Mozilla Firefox\\browser\\features\\aushelper@mozilla.org.xpi","st":1496949712000},"e10srollout@mozilla.org":{"d":"C:\\Program Files (x86)\\Mozilla Firefox\\browser\\features\\e10srollout@mozilla.org.xpi","st":1496949712000},"firefox@getpocket.com":{"d":"C:\\Program Files (x86)\\Mozilla Firefox\\browser\\features\\firefox@getpocket.com.xpi","st":1496949713000},"screenshots@mozilla.org":{"d":"C:\\Program Files (x86)\\Mozilla Firefox\\browser\\features\\screenshots@mozilla.org.xpi","st":1496949713000},"webcompat@mozilla.org":{"d":"C:\\Program Files (x86)\\Mozilla Firefox\\browser\\features\\webcompat@mozilla.org.xpi","st":1496949712000}},"app-global":{"{972ce4c6-7e08-4474-a285-3208198ce6fd}":{"d":"C:\\Program Files (x86)\\Mozilla Firefox\\browser\\extensions\\{972ce4c6-7e08-4474-a285-3208198ce6fd}.xpi","st":1496949712000}}}
1523039389273	addons.xpi-utils	DEBUG	Opening XPI database C:\Users\JCJARQ~1\AppData\Local\Temp\4\rust_mozprofile.kBaOk28jz4Ti\extensions.json
1523039389274	addons.xpi-utils	DEBUG	New add-on aushelper@mozilla.org installed in app-system-defaults
*** Blocklist::_loadBlocklistFromFile: blocklist is disabled
1523039389284	DeferredSave.extensions.json	DEBUG	Save changes
1523039389284	addons.xpi-utils	DEBUG	New add-on e10srollout@mozilla.org installed in app-system-defaults
1523039389287	DeferredSave.extensions.json	DEBUG	Starting timer
1523039389289	DeferredSave.extensions.json	DEBUG	Save changes
1523039389290	addons.xpi-utils	DEBUG	New add-on firefox@getpocket.com installed in app-system-defaults
1523039389297	DeferredSave.extensions.json	DEBUG	Save changes
1523039389297	addons.xpi-utils	DEBUG	New add-on screenshots@mozilla.org installed in app-system-defaults
1523039389303	DeferredSave.extensions.json	DEBUG	Save changes
1523039389304	addons.xpi-utils	DEBUG	New add-on webcompat@mozilla.org installed in app-system-defaults
1523039389308	DeferredSave.extensions.json	DEBUG	Save changes
1523039389308	addons.xpi-utils	DEBUG	New add-on {972ce4c6-7e08-4474-a285-3208198ce6fd} installed in app-global
1523039389312	DeferredSave.extensions.json	DEBUG	Save changes
1523039389313	addons.manager	DEBUG	Registering startup change 'installed' for aushelper@mozilla.org
1523039389321	addons.xpi	DEBUG	Loading bootstrap scope from C:\Program Files (x86)\Mozilla Firefox\browser\features\aushelper@mozilla.org.xpi
1523039389326	addons.xpi	DEBUG	Calling bootstrap method install on aushelper@mozilla.org version 2.0
1523039389326	addons.xpi-utils	DEBUG	Make addon app-system-defaults:aushelper@mozilla.org visible
1523039389327	DeferredSave.extensions.json	DEBUG	Save changes
1523039389328	addons.manager	DEBUG	Registering startup change 'installed' for e10srollout@mozilla.org
1523039389328	addons.xpi	DEBUG	Loading bootstrap scope from C:\Program Files (x86)\Mozilla Firefox\browser\features\e10srollout@mozilla.org.xpi
1523039389331	addons.xpi	DEBUG	Calling bootstrap method install on e10srollout@mozilla.org version 1.50
1523039389332	addons.xpi-utils	DEBUG	Make addon app-system-defaults:e10srollout@mozilla.org visible
1523039389332	DeferredSave.extensions.json	DEBUG	Save changes
1523039389333	addons.manager	DEBUG	Registering startup change 'installed' for firefox@getpocket.com
1523039389333	addons.xpi	DEBUG	Loading bootstrap scope from C:\Program Files (x86)\Mozilla Firefox\browser\features\firefox@getpocket.com.xpi
1523039389337	addons.xpi	DEBUG	Calling bootstrap method install on firefox@getpocket.com version 1.0.5
1523039389337	addons.xpi-utils	DEBUG	Make addon app-system-defaults:firefox@getpocket.com visible
1523039389337	DeferredSave.extensions.json	DEBUG	Save changes
1523039389337	addons.manager	DEBUG	Registering startup change 'installed' for screenshots@mozilla.org
1523039389338	addons.xpi	DEBUG	Loading bootstrap scope from C:\Program Files (x86)\Mozilla Firefox\browser\features\screenshots@mozilla.org.xpi
1523039389340	addons.xpi	DEBUG	Calling bootstrap method install on screenshots@mozilla.org version 6.6.0
1523039389340	addons.xpi-utils	DEBUG	Make addon app-system-defaults:screenshots@mozilla.org visible
1523039389341	DeferredSave.extensions.json	DEBUG	Save changes
1523039389341	addons.manager	DEBUG	Registering startup change 'installed' for webcompat@mozilla.org
1523039389341	addons.xpi	DEBUG	Loading bootstrap scope from C:\Program Files (x86)\Mozilla Firefox\browser\features\webcompat@mozilla.org.xpi
1523039389343	addons.xpi	DEBUG	Calling bootstrap method install on webcompat@mozilla.org version 1.1
1523039389343	addons.xpi-utils	DEBUG	Make addon app-system-defaults:webcompat@mozilla.org visible
1523039389344	DeferredSave.extensions.json	DEBUG	Save changes
1523039389344	addons.xpi-utils	DEBUG	Make addon app-global:{972ce4c6-7e08-4474-a285-3208198ce6fd} visible
1523039389344	DeferredSave.extensions.json	DEBUG	Save changes
1523039389345	addons.xpi	DEBUG	Updating XPIState for {"id":"aushelper@mozilla.org","syncGUID":"{2cea256b-9505-4a67-9970-e2be2f855ef4}","location":"app-system-defaults","version":"2.0","type":"extension","internalName":null,"updateURL":null,"updateKey":null,"optionsURL":null,"optionsType":null,"aboutURL":null,"icons":{},"iconURL":null,"icon64URL":null,"defaultLocale":{"name":"Application Update Service Helper","description":"Sets value(s) in the update url based on custom checks.","creator":null,"homepageURL":null},"visible":true,"active":true,"userDisabled":false,"appDisabled":false,"descriptor":"C:\\Program Files (x86)\\Mozilla Firefox\\browser\\features\\aushelper@mozilla.org.xpi","installDate":1496949712000,"updateDate":1496949712000,"applyBackgroundUpdates":1,"bootstrap":true,"skinnable":false,"size":8486,"sourceURI":null,"releaseNotesURI":null,"softDisabled":false,"foreignInstall":false,"hasBinaryComponents":false,"strictCompatibility":false,"locales":[],"targetApplications":[{"id":"{ec8030f7-c20a-464f-9b0e-13a3a9e97384}","minVersion":"54.0","maxVersion":"54.*"}],"targetPlatforms":[],"multiprocessCompatible":true,"seen":true,"dependencies":[],"hasEmbeddedWebExtension":false,"mpcOptedOut":false,"userPermissions":null}
1523039389345	addons.xpi	DEBUG	getModTime: Recursive scan of aushelper@mozilla.org
1523039389345	addons.xpi	DEBUG	Updating XPIState for {"id":"e10srollout@mozilla.org","syncGUID":"{f2767831-d47d-460e-b728-163a2070c754}","location":"app-system-defaults","version":"1.50","type":"extension","internalName":null,"updateURL":null,"updateKey":null,"optionsURL":null,"optionsType":null,"aboutURL":null,"icons":{},"iconURL":null,"icon64URL":null,"defaultLocale":{"name":"Multi-process staged rollout","description":"Staged rollout of Firefox multi-process feature.","creator":null,"homepageURL":null},"visible":true,"active":true,"userDisabled":false,"appDisabled":false,"descriptor":"C:\\Program Files (x86)\\Mozilla Firefox\\browser\\features\\e10srollout@mozilla.org.xpi","installDate":1496949712000,"updateDate":1496949712000,"applyBackgroundUpdates":1,"bootstrap":true,"skinnable":false,"size":12517,"sourceURI":null,"releaseNotesURI":null,"softDisabled":false,"foreignInstall":false,"hasBinaryComponents":false,"strictCompatibility":false,"locales":[],"targetApplications":[{"id":"{ec8030f7-c20a-464f-9b0e-13a3a9e97384}","minVersion":"54.0","maxVersion":"54.*"}],"targetPlatforms":[],"multiprocessCompatible":true,"seen":true,"dependencies":[],"hasEmbeddedWebExtension":false,"mpcOptedOut":false,"userPermissions":null}
1523039389345	addons.xpi	DEBUG	getModTime: Recursive scan of e10srollout@mozilla.org
1523039389346	addons.xpi	DEBUG	Updating XPIState for {"id":"firefox@getpocket.com","syncGUID":"{b867992b-bdb6-4f3f-ad8b-67f75ba657aa}","location":"app-system-defaults","version":"1.0.5","type":"extension","internalName":null,"updateURL":null,"updateKey":null,"optionsURL":null,"optionsType":null,"aboutURL":null,"icons":{},"iconURL":null,"icon64URL":null,"defaultLocale":{"name":"Pocket","description":"When you find something you want to view later, put it in Pocket.","creator":null,"homepageURL":null},"visible":true,"active":true,"userDisabled":false,"appDisabled":false,"descriptor":"C:\\Program Files (x86)\\Mozilla Firefox\\browser\\features\\firefox@getpocket.com.xpi","installDate":1496949713000,"updateDate":1496949713000,"applyBackgroundUpdates":1,"bootstrap":true,"skinnable":false,"size":913904,"sourceURI":null,"releaseNotesURI":null,"softDisabled":false,"foreignInstall":false,"hasBinaryComponents":false,"strictCompatibility":false,"locales":[],"targetApplications":[{"id":"{ec8030f7-c20a-464f-9b0e-13a3a9e97384}","minVersion":"54.0","maxVersion":"54.*"}],"targetPlatforms":[],"multiprocessCompatible":true,"seen":true,"dependencies":[],"hasEmbeddedWebExtension":false,"mpcOptedOut":false,"userPermissions":null}
1523039389346	addons.xpi	DEBUG	getModTime: Recursive scan of firefox@getpocket.com
1523039389346	addons.xpi	DEBUG	Updating XPIState for {"id":"screenshots@mozilla.org","syncGUID":"{7a5ff606-8dc8-4aaf-862b-41d8b7657766}","location":"app-system-defaults","version":"6.6.0","type":"extension","internalName":null,"updateURL":null,"updateKey":null,"optionsURL":null,"optionsType":null,"aboutURL":null,"icons":{},"iconURL":null,"icon64URL":null,"defaultLocale":{"name":"Firefox Screenshots","description":null,"creator":null,"homepageURL":"https://pageshot.net/"},"visible":true,"active":true,"userDisabled":false,"appDisabled":false,"descriptor":"C:\\Program Files (x86)\\Mozilla Firefox\\browser\\features\\screenshots@mozilla.org.xpi","installDate":1496949713000,"updateDate":1496949713000,"applyBackgroundUpdates":1,"bootstrap":true,"skinnable":false,"size":716271,"sourceURI":null,"releaseNotesURI":null,"softDisabled":false,"foreignInstall":false,"hasBinaryComponents":false,"strictCompatibility":false,"locales":[],"targetApplications":[{"id":"{ec8030f7-c20a-464f-9b0e-13a3a9e97384}","minVersion":"51.0a1","maxVersion":"*"}],"targetPlatforms":[],"multiprocessCompatible":true,"seen":true,"dependencies":[],"hasEmbeddedWebExtension":false,"mpcOptedOut":false,"userPermissions":null}
1523039389346	addons.xpi	DEBUG	getModTime: Recursive scan of screenshots@mozilla.org
1523039389347	addons.xpi	DEBUG	Updating XPIState for {"id":"webcompat@mozilla.org","syncGUID":"{8a085ca5-343e-4b59-bf7a-525b259c73b1}","location":"app-system-defaults","version":"1.1","type":"extension","internalName":null,"updateURL":null,"updateKey":null,"optionsURL":null,"optionsType":null,"aboutURL":null,"icons":{},"iconURL":null,"icon64URL":null,"defaultLocale":{"name":"Web Compat","description":"Urgent post-release fixes for web compatibility.","creator":null,"homepageURL":null},"visible":true,"active":true,"userDisabled":false,"appDisabled":false,"descriptor":"C:\\Program Files (x86)\\Mozilla Firefox\\browser\\features\\webcompat@mozilla.org.xpi","installDate":1496949712000,"updateDate":1496949712000,"applyBackgroundUpdates":1,"bootstrap":true,"skinnable":false,"size":9004,"sourceURI":null,"releaseNotesURI":null,"softDisabled":false,"foreignInstall":false,"hasBinaryComponents":false,"strictCompatibility":false,"locales":[],"targetApplications":[{"id":"{ec8030f7-c20a-464f-9b0e-13a3a9e97384}","minVersion":"54.0","maxVersion":"54.*"}],"targetPlatforms":[],"multiprocessCompatible":true,"seen":true,"dependencies":[],"hasEmbeddedWebExtension":false,"mpcOptedOut":false,"userPermissions":null}
1523039389347	addons.xpi	DEBUG	getModTime: Recursive scan of webcompat@mozilla.org
1523039389348	addons.xpi	DEBUG	Updating XPIState for {"id":"{972ce4c6-7e08-4474-a285-3208198ce6fd}","syncGUID":"{58876efd-0319-45c4-b18b-c7be8a44f54a}","location":"app-global","version":"54.0","type":"theme","internalName":"classic/1.0","updateURL":null,"updateKey":null,"optionsURL":null,"optionsType":null,"aboutURL":null,"icons":{},"iconURL":"chrome://browser/content/default-theme-icon.svg","icon64URL":null,"defaultLocale":{"name":"Default","description":"The default theme.","creator":"Mozilla","homepageURL":null,"contributors":["Mozilla Contributors"]},"visible":true,"active":true,"userDisabled":false,"appDisabled":false,"descriptor":"C:\\Program Files (x86)\\Mozilla Firefox\\browser\\extensions\\{972ce4c6-7e08-4474-a285-3208198ce6fd}.xpi","installDate":1496949712000,"updateDate":1496949712000,"applyBackgroundUpdates":1,"skinnable":true,"size":8201,"sourceURI":null,"releaseNotesURI":null,"softDisabled":false,"foreignInstall":false,"hasBinaryComponents":false,"strictCompatibility":true,"locales":[],"targetApplications":[{"id":"{ec8030f7-c20a-464f-9b0e-13a3a9e97384}","minVersion":"54.0","maxVersion":"54.0"}],"targetPlatforms":[],"seen":true,"dependencies":[],"hasEmbeddedWebExtension":false,"userPermissions":null}
1523039389348	addons.xpi	DEBUG	getModTime: Recursive scan of {972ce4c6-7e08-4474-a285-3208198ce6fd}
1523039389349	DeferredSave.extensions.json	DEBUG	Save changes
1523039389349	addons.xpi	DEBUG	Updating database with changes to installed add-ons
1523039389349	addons.xpi-utils	DEBUG	Updating add-on states
1523039389350	addons.xpi-utils	DEBUG	Writing add-ons list
1523039389353	addons.xpi	DEBUG	Registering manifest for C:\Program Files (x86)\Mozilla Firefox\browser\features\aushelper@mozilla.org.xpi
1523039389354	addons.xpi	DEBUG	Calling bootstrap method startup on aushelper@mozilla.org version 2.0
1523039389355	addons.xpi	DEBUG	Registering manifest for C:\Program Files (x86)\Mozilla Firefox\browser\features\e10srollout@mozilla.org.xpi
1523039389356	addons.xpi	DEBUG	Calling bootstrap method startup on e10srollout@mozilla.org version 1.50
1523039389357	addons.xpi	DEBUG	Registering manifest for C:\Program Files (x86)\Mozilla Firefox\browser\features\firefox@getpocket.com.xpi
1523039389357	addons.xpi	DEBUG	Calling bootstrap method startup on firefox@getpocket.com version 1.0.5
1523039389358	addons.xpi	DEBUG	Registering manifest for C:\Program Files (x86)\Mozilla Firefox\browser\features\screenshots@mozilla.org.xpi
1523039389359	addons.xpi	DEBUG	Calling bootstrap method startup on screenshots@mozilla.org version 6.6.0
1523039389359	addons.xpi	DEBUG	Registering manifest for C:\Program Files (x86)\Mozilla Firefox\browser\features\webcompat@mozilla.org.xpi
1523039389360	addons.xpi	DEBUG	Calling bootstrap method startup on webcompat@mozilla.org version 1.1
1523039389365	addons.manager	DEBUG	Registering shutdown blocker for XPIProvider
1523039389366	addons.manager	DEBUG	Provider finished startup: XPIProvider
1523039389367	addons.manager	DEBUG	Starting provider: LightweightThemeManager
1523039389367	addons.manager	DEBUG	Registering shutdown blocker for LightweightThemeManager
1523039389367	addons.manager	DEBUG	Provider finished startup: LightweightThemeManager
1523039389367	addons.manager	DEBUG	Starting provider: GMPProvider
1523039389373	addons.manager	DEBUG	Registering shutdown blocker for GMPProvider
1523039389373	addons.manager	DEBUG	Provider finished startup: GMPProvider
1523039389373	addons.manager	DEBUG	Starting provider: PluginProvider
1523039389373	addons.manager	DEBUG	Registering shutdown blocker for PluginProvider
1523039389373	addons.manager	DEBUG	Provider finished startup: PluginProvider
1523039389374	addons.manager	DEBUG	Completed startup sequence
1523039389761	addons.manager	DEBUG	Starting provider: &lt;unnamed-provider&gt;
1523039389761	addons.manager	DEBUG	Registering shutdown blocker for &lt;unnamed-provider&gt;
1523039389761	addons.manager	DEBUG	Provider finished startup: &lt;unnamed-provider&gt;
1523039389782	addons.manager	DEBUG	Starting provider: PreviousExperimentProvider
1523039389782	addons.manager	DEBUG	Registering shutdown blocker for PreviousExperimentProvider
1523039389782	addons.manager	DEBUG	Provider finished startup: PreviousExperimentProvider
1523039389785	DeferredSave.extensions.json	DEBUG	Starting write
1523039390019	DeferredSave.extensions.json	DEBUG	Write succeeded
1523039390020	addons.xpi-utils	DEBUG	XPI Database saved, setting schema version preference to 19
1523039391154	Marionette	INFO	Listening on port 62936
1523039391858	Marionette	DEBUG	loaded listener.js
Apr 06, 2018 2:29:51 PM org.openqa.selenium.remote.ProtocolHandshake createSession
INFO: Detected dialect: W3C
1523039392955	Marionette	DEBUG	Received DOM event "beforeunload" for "about:blank"
1523039393256	Marionette	DEBUG	Received DOM event "pagehide" for "about:blank"
1523039393256	Marionette	DEBUG	Received DOM event "unload" for "about:blank"
1523039393440	Marionette	DEBUG	Received DOM event "DOMContentLoaded" for "https://usftest.appiancloud.com/suite/portal/login.jsp"
1523039393447	Marionette	DEBUG	Received DOM event "pageshow" for "https://usftest.appiancloud.com/suite/portal/login.jsp"
1523039393676	Marionette	DEBUG	Received DOM event "beforeunload" for "https://usftest.appiancloud.com/suite/portal/login.jsp"
1523039394298	Marionette	DEBUG	Received DOM event "pagehide" for "https://usftest.appiancloud.com/suite/portal/login.jsp"
1523039394299	Marionette	DEBUG	Received DOM event "unload" for "https://usftest.appiancloud.com/suite/portal/login.jsp"
1523039394329	Marionette	DEBUG	Received DOM event "DOMContentLoaded" for "https://usftest.appiancloud.com/suite/tempo/reports/all"
1523039394332	Marionette	DEBUG	Received DOM event "pageshow" for "https://usftest.appiancloud.com/suite/tempo/reports/all"
1523039394534	Marionette	DEBUG	Received DOM event "pageshow" for "https://usftest.appiancloud.com/suite/tempo/reports/all"
1523039394541	Marionette	DEBUG	Received DOM event "pageshow" for "https://usftest.appiancloud.com/suite/tempo/reports/all"
1523039394556	Marionette	DEBUG	Received DOM event "DOMContentLoaded" for "https://usftest.appiancloud.com/suite/tempo/reports/all"
1523039394556	Marionette	DEBUG	Received DOM event "DOMContentLoaded" for "https://usftest.appiancloud.com/suite/tempo/reports/all"
1523039394557	Marionette	DEBUG	Received DOM event "pageshow" for "https://usftest.appiancloud.com/suite/tempo/reports/all"
1523039394558	Marionette	DEBUG	Received DOM event "DOMContentLoaded" for "https://usftest.appiancloud.com/suite/tempo/reports/all"
1523039394559	Marionette	DEBUG	Received DOM event "pageshow" for "https://usftest.appiancloud.com/suite/tempo/reports/all"
1523039394906	Marionette	DEBUG	Received DOM event "pageshow" for "https://usftest.appiancloud.com/suite/tempo/reports/all"
JavaScript warning: https://usftest.appiancloud.com/suite/tempo/ui/sail-client/embeddedApp-83b4a75950084e9c6d9c.cache.js, line 241: unreachable code after return statement
1523039412550	Marionette	DEBUG	Canceled page load listener because no navigation has been detected
1523039413747	Marionette	DEBUG	Canceled page load listener because no navigation has been detected
1523039421893	Marionette	DEBUG	Canceled page load listener because no navigation has been detected
1523039422970	Marionette	DEBUG	Canceled page load listener because no navigation has been detected
1523039429877	Marionette	INFO	New connections will no longer be accepted
1523039429885	addons.xpi	DEBUG	Calling bootstrap method shutdown on webcompat@mozilla.org version 1.1
1523039429886	addons.xpi	DEBUG	Calling bootstrap method shutdown on screenshots@mozilla.org version 6.6.0
1523039429886	addons.xpi	DEBUG	Calling bootstrap method shutdown on firefox@getpocket.com version 1.0.5
1523039429887	addons.xpi	DEBUG	Calling bootstrap method shutdown on e10srollout@mozilla.org version 1.50
1523039429888	addons.xpi	DEBUG	Calling bootstrap method shutdown on aushelper@mozilla.org version 2.0
1523039431439	geckodriver	INFO	geckodriver 0.18.0
1523039431446	geckodriver	INFO	Listening on 127.0.0.1:10063
1523039431912	geckodriver::marionette	INFO	Starting browser C:\Program Files (x86)\Mozilla Firefox\firefox.exe with args ["-marionette"]
1523039432407	addons.manager	DEBUG	Application has been upgraded
1523039432438	addons.manager	DEBUG	Loaded provider scope for resource://gre/modules/addons/XPIProvider.jsm: ["XPIProvider"]
1523039432440	addons.manager	DEBUG	Loaded provider scope for resource://gre/modules/LightweightThemeManager.jsm: ["LightweightThemeManager"]
1523039432443	addons.manager	DEBUG	Loaded provider scope for resource://gre/modules/addons/GMPProvider.jsm
1523039432445	addons.manager	DEBUG	Loaded provider scope for resource://gre/modules/addons/PluginProvider.jsm
1523039432446	addons.manager	DEBUG	Starting provider: XPIProvider
1523039432446	addons.xpi	DEBUG	startup
1523039432447	addons.xpi	INFO	Removing all system add-on upgrades.
1523039432447	addons.xpi	INFO	SystemAddonInstallLocation directory is missing
1523039432448	addons.xpi	INFO	Mapping aushelper@mozilla.org to C:\Program Files (x86)\Mozilla Firefox\browser\features\aushelper@mozilla.org.xpi
1523039432448	addons.xpi	INFO	Mapping e10srollout@mozilla.org to C:\Program Files (x86)\Mozilla Firefox\browser\features\e10srollout@mozilla.org.xpi
1523039432449	addons.xpi	INFO	Mapping firefox@getpocket.com to C:\Program Files (x86)\Mozilla Firefox\browser\features\firefox@getpocket.com.xpi
1523039432449	addons.xpi	INFO	Mapping screenshots@mozilla.org to C:\Program Files (x86)\Mozilla Firefox\browser\features\screenshots@mozilla.org.xpi
1523039432449	addons.xpi	INFO	Mapping webcompat@mozilla.org to C:\Program Files (x86)\Mozilla Firefox\browser\features\webcompat@mozilla.org.xpi
1523039432450	addons.xpi	INFO	Mapping {972ce4c6-7e08-4474-a285-3208198ce6fd} to C:\Program Files (x86)\Mozilla Firefox\browser\extensions\{972ce4c6-7e08-4474-a285-3208198ce6fd}.xpi
1523039432450	addons.xpi	DEBUG	checkForChanges
1523039432451	addons.xpi	INFO	SystemAddonInstallLocation directory is missing
1523039432451	addons.xpi	DEBUG	Loaded add-on state from prefs: {}
1523039432452	addons.xpi	DEBUG	New add-on aushelper@mozilla.org in app-system-defaults
1523039432452	addons.xpi	DEBUG	getModTime: Recursive scan of aushelper@mozilla.org
1523039432453	addons.xpi	DEBUG	New add-on e10srollout@mozilla.org in app-system-defaults
1523039432453	addons.xpi	DEBUG	getModTime: Recursive scan of e10srollout@mozilla.org
1523039432454	addons.xpi	DEBUG	New add-on firefox@getpocket.com in app-system-defaults
1523039432454	addons.xpi	DEBUG	getModTime: Recursive scan of firefox@getpocket.com
1523039432455	addons.xpi	DEBUG	New add-on screenshots@mozilla.org in app-system-defaults
1523039432455	addons.xpi	DEBUG	getModTime: Recursive scan of screenshots@mozilla.org
1523039432455	addons.xpi	DEBUG	New add-on webcompat@mozilla.org in app-system-defaults
1523039432456	addons.xpi	DEBUG	getModTime: Recursive scan of webcompat@mozilla.org
1523039432456	addons.xpi	DEBUG	New add-on {972ce4c6-7e08-4474-a285-3208198ce6fd} in app-global
1523039432456	addons.xpi	DEBUG	getModTime: Recursive scan of {972ce4c6-7e08-4474-a285-3208198ce6fd}
1523039432457	addons.xpi	DEBUG	getInstallState changed: true, state: {"app-system-defaults":{"aushelper@mozilla.org":{"d":"C:\\Program Files (x86)\\Mozilla Firefox\\browser\\features\\aushelper@mozilla.org.xpi","st":1496949712000},"e10srollout@mozilla.org":{"d":"C:\\Program Files (x86)\\Mozilla Firefox\\browser\\features\\e10srollout@mozilla.org.xpi","st":1496949712000},"firefox@getpocket.com":{"d":"C:\\Program Files (x86)\\Mozilla Firefox\\browser\\features\\firefox@getpocket.com.xpi","st":1496949713000},"screenshots@mozilla.org":{"d":"C:\\Program Files (x86)\\Mozilla Firefox\\browser\\features\\screenshots@mozilla.org.xpi","st":1496949713000},"webcompat@mozilla.org":{"d":"C:\\Program Files (x86)\\Mozilla Firefox\\browser\\features\\webcompat@mozilla.org.xpi","st":1496949712000}},"app-global":{"{972ce4c6-7e08-4474-a285-3208198ce6fd}":{"d":"C:\\Program Files (x86)\\Mozilla Firefox\\browser\\extensions\\{972ce4c6-7e08-4474-a285-3208198ce6fd}.xpi","st":1496949712000}}}
1523039432465	addons.xpi-utils	DEBUG	Opening XPI database C:\Users\JCJARQ~1\AppData\Local\Temp\4\rust_mozprofile.fgIIouWFDDtn\extensions.json
1523039432466	addons.xpi-utils	DEBUG	New add-on aushelper@mozilla.org installed in app-system-defaults
*** Blocklist::_loadBlocklistFromFile: blocklist is disabled
1523039432476	DeferredSave.extensions.json	DEBUG	Save changes
1523039432477	addons.xpi-utils	DEBUG	New add-on e10srollout@mozilla.org installed in app-system-defaults
1523039432480	DeferredSave.extensions.json	DEBUG	Starting timer
1523039432482	DeferredSave.extensions.json	DEBUG	Save changes
1523039432482	addons.xpi-utils	DEBUG	New add-on firefox@getpocket.com installed in app-system-defaults
1523039432488	DeferredSave.extensions.json	DEBUG	Save changes
1523039432488	addons.xpi-utils	DEBUG	New add-on screenshots@mozilla.org installed in app-system-defaults
1523039432494	DeferredSave.extensions.json	DEBUG	Save changes
1523039432495	addons.xpi-utils	DEBUG	New add-on webcompat@mozilla.org installed in app-system-defaults
1523039432499	DeferredSave.extensions.json	DEBUG	Save changes
1523039432499	addons.xpi-utils	DEBUG	New add-on {972ce4c6-7e08-4474-a285-3208198ce6fd} installed in app-global
1523039432504	DeferredSave.extensions.json	DEBUG	Save changes
1523039432505	addons.manager	DEBUG	Registering startup change 'installed' for aushelper@mozilla.org
1523039432513	addons.xpi	DEBUG	Loading bootstrap scope from C:\Program Files (x86)\Mozilla Firefox\browser\features\aushelper@mozilla.org.xpi
1523039432518	addons.xpi	DEBUG	Calling bootstrap method install on aushelper@mozilla.org version 2.0
1523039432518	addons.xpi-utils	DEBUG	Make addon app-system-defaults:aushelper@mozilla.org visible
1523039432518	DeferredSave.extensions.json	DEBUG	Save changes
1523039432519	addons.manager	DEBUG	Registering startup change 'installed' for e10srollout@mozilla.org
1523039432519	addons.xpi	DEBUG	Loading bootstrap scope from C:\Program Files (x86)\Mozilla Firefox\browser\features\e10srollout@mozilla.org.xpi
1523039432522	addons.xpi	DEBUG	Calling bootstrap method install on e10srollout@mozilla.org version 1.50
1523039432523	addons.xpi-utils	DEBUG	Make addon app-system-defaults:e10srollout@mozilla.org visible
1523039432523	DeferredSave.extensions.json	DEBUG	Save changes
1523039432524	addons.manager	DEBUG	Registering startup change 'installed' for firefox@getpocket.com
1523039432524	addons.xpi	DEBUG	Loading bootstrap scope from C:\Program Files (x86)\Mozilla Firefox\browser\features\firefox@getpocket.com.xpi
1523039432528	addons.xpi	DEBUG	Calling bootstrap method install on firefox@getpocket.com version 1.0.5
1523039432528	addons.xpi-utils	DEBUG	Make addon app-system-defaults:firefox@getpocket.com visible
1523039432528	DeferredSave.extensions.json	DEBUG	Save changes
1523039432528	addons.manager	DEBUG	Registering startup change 'installed' for screenshots@mozilla.org
1523039432529	addons.xpi	DEBUG	Loading bootstrap scope from C:\Program Files (x86)\Mozilla Firefox\browser\features\screenshots@mozilla.org.xpi
1523039432531	addons.xpi	DEBUG	Calling bootstrap method install on screenshots@mozilla.org version 6.6.0
1523039432531	addons.xpi-utils	DEBUG	Make addon app-system-defaults:screenshots@mozilla.org visible
1523039432532	DeferredSave.extensions.json	DEBUG	Save changes
1523039432532	addons.manager	DEBUG	Registering startup change 'installed' for webcompat@mozilla.org
1523039432532	addons.xpi	DEBUG	Loading bootstrap scope from C:\Program Files (x86)\Mozilla Firefox\browser\features\webcompat@mozilla.org.xpi
1523039432535	addons.xpi	DEBUG	Calling bootstrap method install on webcompat@mozilla.org version 1.1
1523039432535	addons.xpi-utils	DEBUG	Make addon app-system-defaults:webcompat@mozilla.org visible
1523039432535	DeferredSave.extensions.json	DEBUG	Save changes
1523039432536	addons.xpi-utils	DEBUG	Make addon app-global:{972ce4c6-7e08-4474-a285-3208198ce6fd} visible
1523039432536	DeferredSave.extensions.json	DEBUG	Save changes
1523039432536	addons.xpi	DEBUG	Updating XPIState for {"id":"aushelper@mozilla.org","syncGUID":"{33706e8d-376d-4a2c-a03d-0755948ab45c}","location":"app-system-defaults","version":"2.0","type":"extension","internalName":null,"updateURL":null,"updateKey":null,"optionsURL":null,"optionsType":null,"aboutURL":null,"icons":{},"iconURL":null,"icon64URL":null,"defaultLocale":{"name":"Application Update Service Helper","description":"Sets value(s) in the update url based on custom checks.","creator":null,"homepageURL":null},"visible":true,"active":true,"userDisabled":false,"appDisabled":false,"descriptor":"C:\\Program Files (x86)\\Mozilla Firefox\\browser\\features\\aushelper@mozilla.org.xpi","installDate":1496949712000,"updateDate":1496949712000,"applyBackgroundUpdates":1,"bootstrap":true,"skinnable":false,"size":8486,"sourceURI":null,"releaseNotesURI":null,"softDisabled":false,"foreignInstall":false,"hasBinaryComponents":false,"strictCompatibility":false,"locales":[],"targetApplications":[{"id":"{ec8030f7-c20a-464f-9b0e-13a3a9e97384}","minVersion":"54.0","maxVersion":"54.*"}],"targetPlatforms":[],"multiprocessCompatible":true,"seen":true,"dependencies":[],"hasEmbeddedWebExtension":false,"mpcOptedOut":false,"userPermissions":null}
1523039432536	addons.xpi	DEBUG	getModTime: Recursive scan of aushelper@mozilla.org
1523039432537	addons.xpi	DEBUG	Updating XPIState for {"id":"e10srollout@mozilla.org","syncGUID":"{ee229d2b-246a-49b6-be55-8a49d45908d0}","location":"app-system-defaults","version":"1.50","type":"extension","internalName":null,"updateURL":null,"updateKey":null,"optionsURL":null,"optionsType":null,"aboutURL":null,"icons":{},"iconURL":null,"icon64URL":null,"defaultLocale":{"name":"Multi-process staged rollout","description":"Staged rollout of Firefox multi-process feature.","creator":null,"homepageURL":null},"visible":true,"active":true,"userDisabled":false,"appDisabled":false,"descriptor":"C:\\Program Files (x86)\\Mozilla Firefox\\browser\\features\\e10srollout@mozilla.org.xpi","installDate":1496949712000,"updateDate":1496949712000,"applyBackgroundUpdates":1,"bootstrap":true,"skinnable":false,"size":12517,"sourceURI":null,"releaseNotesURI":null,"softDisabled":false,"foreignInstall":false,"hasBinaryComponents":false,"strictCompatibility":false,"locales":[],"targetApplications":[{"id":"{ec8030f7-c20a-464f-9b0e-13a3a9e97384}","minVersion":"54.0","maxVersion":"54.*"}],"targetPlatforms":[],"multiprocessCompatible":true,"seen":true,"dependencies":[],"hasEmbeddedWebExtension":false,"mpcOptedOut":false,"userPermissions":null}
1523039432537	addons.xpi	DEBUG	getModTime: Recursive scan of e10srollout@mozilla.org
1523039432537	addons.xpi	DEBUG	Updating XPIState for {"id":"firefox@getpocket.com","syncGUID":"{2dfb499f-dc50-4aea-ab10-aa006593f38d}","location":"app-system-defaults","version":"1.0.5","type":"extension","internalName":null,"updateURL":null,"updateKey":null,"optionsURL":null,"optionsType":null,"aboutURL":null,"icons":{},"iconURL":null,"icon64URL":null,"defaultLocale":{"name":"Pocket","description":"When you find something you want to view later, put it in Pocket.","creator":null,"homepageURL":null},"visible":true,"active":true,"userDisabled":false,"appDisabled":false,"descriptor":"C:\\Program Files (x86)\\Mozilla Firefox\\browser\\features\\firefox@getpocket.com.xpi","installDate":1496949713000,"updateDate":1496949713000,"applyBackgroundUpdates":1,"bootstrap":true,"skinnable":false,"size":913904,"sourceURI":null,"releaseNotesURI":null,"softDisabled":false,"foreignInstall":false,"hasBinaryComponents":false,"strictCompatibility":false,"locales":[],"targetApplications":[{"id":"{ec8030f7-c20a-464f-9b0e-13a3a9e97384}","minVersion":"54.0","maxVersion":"54.*"}],"targetPlatforms":[],"multiprocessCompatible":true,"seen":true,"dependencies":[],"hasEmbeddedWebExtension":false,"mpcOptedOut":false,"userPermissions":null}
1523039432538	addons.xpi	DEBUG	getModTime: Recursive scan of firefox@getpocket.com
1523039432538	addons.xpi	DEBUG	Updating XPIState for {"id":"screenshots@mozilla.org","syncGUID":"{63546db0-eff1-4dd0-9cdb-f35e0fa79968}","location":"app-system-defaults","version":"6.6.0","type":"extension","internalName":null,"updateURL":null,"updateKey":null,"optionsURL":null,"optionsType":null,"aboutURL":null,"icons":{},"iconURL":null,"icon64URL":null,"defaultLocale":{"name":"Firefox Screenshots","description":null,"creator":null,"homepageURL":"https://pageshot.net/"},"visible":true,"active":true,"userDisabled":false,"appDisabled":false,"descriptor":"C:\\Program Files (x86)\\Mozilla Firefox\\browser\\features\\screenshots@mozilla.org.xpi","installDate":1496949713000,"updateDate":1496949713000,"applyBackgroundUpdates":1,"bootstrap":true,"skinnable":false,"size":716271,"sourceURI":null,"releaseNotesURI":null,"softDisabled":false,"foreignInstall":false,"hasBinaryComponents":false,"strictCompatibility":false,"locales":[],"targetApplications":[{"id":"{ec8030f7-c20a-464f-9b0e-13a3a9e97384}","minVersion":"51.0a1","maxVersion":"*"}],"targetPlatforms":[],"multiprocessCompatible":true,"seen":true,"dependencies":[],"hasEmbeddedWebExtension":false,"mpcOptedOut":false,"userPermissions":null}
1523039432538	addons.xpi	DEBUG	getModTime: Recursive scan of screenshots@mozilla.org
1523039432539	addons.xpi	DEBUG	Updating XPIState for {"id":"webcompat@mozilla.org","syncGUID":"{3d8fdf6a-fc51-4115-b8a1-bd2a3b44c19c}","location":"app-system-defaults","version":"1.1","type":"extension","internalName":null,"updateURL":null,"updateKey":null,"optionsURL":null,"optionsType":null,"aboutURL":null,"icons":{},"iconURL":null,"icon64URL":null,"defaultLocale":{"name":"Web Compat","description":"Urgent post-release fixes for web compatibility.","creator":null,"homepageURL":null},"visible":true,"active":true,"userDisabled":false,"appDisabled":false,"descriptor":"C:\\Program Files (x86)\\Mozilla Firefox\\browser\\features\\webcompat@mozilla.org.xpi","installDate":1496949712000,"updateDate":1496949712000,"applyBackgroundUpdates":1,"bootstrap":true,"skinnable":false,"size":9004,"sourceURI":null,"releaseNotesURI":null,"softDisabled":false,"foreignInstall":false,"hasBinaryComponents":false,"strictCompatibility":false,"locales":[],"targetApplications":[{"id":"{ec8030f7-c20a-464f-9b0e-13a3a9e97384}","minVersion":"54.0","maxVersion":"54.*"}],"targetPlatforms":[],"multiprocessCompatible":true,"seen":true,"dependencies":[],"hasEmbeddedWebExtension":false,"mpcOptedOut":false,"userPermissions":null}
1523039432539	addons.xpi	DEBUG	getModTime: Recursive scan of webcompat@mozilla.org
1523039432539	addons.xpi	DEBUG	Updating XPIState for {"id":"{972ce4c6-7e08-4474-a285-3208198ce6fd}","syncGUID":"{897fe7d2-7367-42ac-93d7-cccafc51b696}","location":"app-global","version":"54.0","type":"theme","internalName":"classic/1.0","updateURL":null,"updateKey":null,"optionsURL":null,"optionsType":null,"aboutURL":null,"icons":{},"iconURL":"chrome://browser/content/default-theme-icon.svg","icon64URL":null,"defaultLocale":{"name":"Default","description":"The default theme.","creator":"Mozilla","homepageURL":null,"contributors":["Mozilla Contributors"]},"visible":true,"active":true,"userDisabled":false,"appDisabled":false,"descriptor":"C:\\Program Files (x86)\\Mozilla Firefox\\browser\\extensions\\{972ce4c6-7e08-4474-a285-3208198ce6fd}.xpi","installDate":1496949712000,"updateDate":1496949712000,"applyBackgroundUpdates":1,"skinnable":true,"size":8201,"sourceURI":null,"releaseNotesURI":null,"softDisabled":false,"foreignInstall":false,"hasBinaryComponents":false,"strictCompatibility":true,"locales":[],"targetApplications":[{"id":"{ec8030f7-c20a-464f-9b0e-13a3a9e97384}","minVersion":"54.0","maxVersion":"54.0"}],"targetPlatforms":[],"seen":true,"dependencies":[],"hasEmbeddedWebExtension":false,"userPermissions":null}
1523039432540	addons.xpi	DEBUG	getModTime: Recursive scan of {972ce4c6-7e08-4474-a285-3208198ce6fd}
1523039432540	DeferredSave.extensions.json	DEBUG	Save changes
1523039432540	addons.xpi	DEBUG	Updating database with changes to installed add-ons
1523039432541	addons.xpi-utils	DEBUG	Updating add-on states
1523039432541	addons.xpi-utils	DEBUG	Writing add-ons list
1523039432545	addons.xpi	DEBUG	Registering manifest for C:\Program Files (x86)\Mozilla Firefox\browser\features\aushelper@mozilla.org.xpi
1523039432545	addons.xpi	DEBUG	Calling bootstrap method startup on aushelper@mozilla.org version 2.0
1523039432547	addons.xpi	DEBUG	Registering manifest for C:\Program Files (x86)\Mozilla Firefox\browser\features\e10srollout@mozilla.org.xpi
1523039432547	addons.xpi	DEBUG	Calling bootstrap method startup on e10srollout@mozilla.org version 1.50
1523039432548	addons.xpi	DEBUG	Registering manifest for C:\Program Files (x86)\Mozilla Firefox\browser\features\firefox@getpocket.com.xpi
1523039432549	addons.xpi	DEBUG	Calling bootstrap method startup on firefox@getpocket.com version 1.0.5
1523039432549	addons.xpi	DEBUG	Registering manifest for C:\Program Files (x86)\Mozilla Firefox\browser\features\screenshots@mozilla.org.xpi
1523039432550	addons.xpi	DEBUG	Calling bootstrap method startup on screenshots@mozilla.org version 6.6.0
1523039432550	addons.xpi	DEBUG	Registering manifest for C:\Program Files (x86)\Mozilla Firefox\browser\features\webcompat@mozilla.org.xpi
1523039432551	addons.xpi	DEBUG	Calling bootstrap method startup on webcompat@mozilla.org version 1.1
1523039432556	addons.manager	DEBUG	Registering shutdown blocker for XPIProvider
1523039432557	addons.manager	DEBUG	Provider finished startup: XPIProvider
1523039432557	addons.manager	DEBUG	Starting provider: LightweightThemeManager
1523039432557	addons.manager	DEBUG	Registering shutdown blocker for LightweightThemeManager
1523039432558	addons.manager	DEBUG	Provider finished startup: LightweightThemeManager
1523039432558	addons.manager	DEBUG	Starting provider: GMPProvider
1523039432563	addons.manager	DEBUG	Registering shutdown blocker for GMPProvider
1523039432563	addons.manager	DEBUG	Provider finished startup: GMPProvider
1523039432563	addons.manager	DEBUG	Starting provider: PluginProvider
1523039432563	addons.manager	DEBUG	Registering shutdown blocker for PluginProvider
1523039432563	addons.manager	DEBUG	Provider finished startup: PluginProvider
1523039432564	addons.manager	DEBUG	Completed startup sequence
1523039432907	addons.manager	DEBUG	Starting provider: &lt;unnamed-provider&gt;
1523039432908	addons.manager	DEBUG	Registering shutdown blocker for &lt;unnamed-provider&gt;
1523039432908	addons.manager	DEBUG	Provider finished startup: &lt;unnamed-provider&gt;
1523039432927	addons.manager	DEBUG	Starting provider: PreviousExperimentProvider
1523039432928	addons.manager	DEBUG	Registering shutdown blocker for PreviousExperimentProvider
1523039432928	addons.manager	DEBUG	Provider finished startup: PreviousExperimentProvider
1523039432931	DeferredSave.extensions.json	DEBUG	Starting write
1523039433180	DeferredSave.extensions.json	DEBUG	Write succeeded
1523039433181	addons.xpi-utils	DEBUG	XPI Database saved, setting schema version preference to 19
1523039434106	Marionette	INFO	Listening on port 63023
1523039435085	Marionette	DEBUG	loaded listener.js
Apr 06, 2018 2:30:35 PM org.openqa.selenium.remote.ProtocolHandshake createSession
INFO: Detected dialect: W3C
1523039436168	Marionette	DEBUG	Received DOM event "beforeunload" for "about:blank"
1523039436460	Marionette	DEBUG	Received DOM event "pagehide" for "about:blank"
1523039436460	Marionette	DEBUG	Received DOM event "unload" for "about:blank"
1523039436675	Marionette	DEBUG	Received DOM event "DOMContentLoaded" for "https://usftest.appiancloud.com/suite/portal/login.jsp"
1523039436695	Marionette	DEBUG	Received DOM event "pageshow" for "https://usftest.appiancloud.com/suite/portal/login.jsp"
1523039437040	Marionette	DEBUG	Received DOM event "beforeunload" for "https://usftest.appiancloud.com/suite/portal/login.jsp"
1523039437722	Marionette	DEBUG	Received DOM event "pagehide" for "https://usftest.appiancloud.com/suite/portal/login.jsp"
1523039437723	Marionette	DEBUG	Received DOM event "unload" for "https://usftest.appiancloud.com/suite/portal/login.jsp"
1523039437775	Marionette	DEBUG	Received DOM event "DOMContentLoaded" for "https://usftest.appiancloud.com/suite/tempo/reports/all"
1523039437779	Marionette	DEBUG	Received DOM event "pageshow" for "https://usftest.appiancloud.com/suite/tempo/reports/all"
1523039437985	Marionette	DEBUG	Received DOM event "pageshow" for "https://usftest.appiancloud.com/suite/tempo/reports/all"
1523039438037	Marionette	DEBUG	Received DOM event "pageshow" for "https://usftest.appiancloud.com/suite/tempo/reports/all"
1523039438079	Marionette	DEBUG	Received DOM event "DOMContentLoaded" for "https://usftest.appiancloud.com/suite/tempo/reports/all"
1523039438080	Marionette	DEBUG	Received DOM event "DOMContentLoaded" for "https://usftest.appiancloud.com/suite/tempo/reports/all"
1523039438081	Marionette	DEBUG	Received DOM event "pageshow" for "https://usftest.appiancloud.com/suite/tempo/reports/all"
1523039438082	Marionette	DEBUG	Received DOM event "DOMContentLoaded" for "https://usftest.appiancloud.com/suite/tempo/reports/all"
1523039438083	Marionette	DEBUG	Received DOM event "pageshow" for "https://usftest.appiancloud.com/suite/tempo/reports/all"
1523039438465	Marionette	DEBUG	Received DOM event "pageshow" for "https://usftest.appiancloud.com/suite/tempo/reports/all"
JavaScript warning: https://usftest.appiancloud.com/suite/tempo/ui/sail-client/embeddedApp-83b4a75950084e9c6d9c.cache.js, line 241: unreachable code after return statement
1523039493725	addons.productaddons	INFO	sending request to: https://aus5.mozilla.org/update/3/GMP/54.0/20170608105825/WINNT_x86-msvc-x64/en-US/release-cck-mozilla118/Windows_NT%2010.0.0.0%20(x64)/mozilla118/1.0/update.xml
1523039494036	addons.productaddons	INFO	Completed downloading document
1523039494326	addons.productaddons	INFO	downloadXHR File download. status=200
1523039494329	addons.productaddons	INFO	Downloaded file will be saved to C:\Users\JCJARQ~1\AppData\Local\Temp\4\tmpaddon
1523039494927	addons.productaddons	INFO	downloadXHR File download. status=200
1523039494930	addons.productaddons	INFO	Downloaded file will be saved to C:\Users\JCJARQ~1\AppData\Local\Temp\4\tmpaddon
1523039503108	Marionette	DEBUG	Canceled page load listener because no navigation has been detected
1523039504265	Marionette	DEBUG	Canceled page load listener because no navigation has been detected
1523039507074	Marionette	DEBUG	Canceled page load listener because no navigation has been detected
1523039508121	Marionette	DEBUG	Canceled page load listener because no navigation has been detected
1523039510103	Marionette	INFO	New connections will no longer be accepted
1523039510110	addons.xpi	DEBUG	Calling bootstrap method shutdown on webcompat@mozilla.org version 1.1
1523039510110	addons.xpi	DEBUG	Calling bootstrap method shutdown on screenshots@mozilla.org version 6.6.0
1523039510111	addons.xpi	DEBUG	Calling bootstrap method shutdown on firefox@getpocket.com version 1.0.5
1523039510112	addons.xpi	DEBUG	Calling bootstrap method shutdown on e10srollout@mozilla.org version 1.50
1523039510112	addons.xpi	DEBUG	Calling bootstrap method shutdown on aushelper@mozilla.org version 2.0
1523039511567	geckodriver	INFO	geckodriver 0.18.0
1523039511574	geckodriver	INFO	Listening on 127.0.0.1:43774
1523039512071	geckodriver::marionette	INFO	Starting browser C:\Program Files (x86)\Mozilla Firefox\firefox.exe with args ["-marionette"]
1523039512504	addons.manager	DEBUG	Application has been upgraded
1523039512538	addons.manager	DEBUG	Loaded provider scope for resource://gre/modules/addons/XPIProvider.jsm: ["XPIProvider"]
1523039512540	addons.manager	DEBUG	Loaded provider scope for resource://gre/modules/LightweightThemeManager.jsm: ["LightweightThemeManager"]
1523039512543	addons.manager	DEBUG	Loaded provider scope for resource://gre/modules/addons/GMPProvider.jsm
1523039512545	addons.manager	DEBUG	Loaded provider scope for resource://gre/modules/addons/PluginProvider.jsm
1523039512546	addons.manager	DEBUG	Starting provider: XPIProvider
1523039512546	addons.xpi	DEBUG	startup
1523039512547	addons.xpi	INFO	Removing all system add-on upgrades.
1523039512547	addons.xpi	INFO	SystemAddonInstallLocation directory is missing
1523039512548	addons.xpi	INFO	Mapping aushelper@mozilla.org to C:\Program Files (x86)\Mozilla Firefox\browser\features\aushelper@mozilla.org.xpi
1523039512549	addons.xpi	INFO	Mapping e10srollout@mozilla.org to C:\Program Files (x86)\Mozilla Firefox\browser\features\e10srollout@mozilla.org.xpi
1523039512549	addons.xpi	INFO	Mapping firefox@getpocket.com to C:\Program Files (x86)\Mozilla Firefox\browser\features\firefox@getpocket.com.xpi
1523039512549	addons.xpi	INFO	Mapping screenshots@mozilla.org to C:\Program Files (x86)\Mozilla Firefox\browser\features\screenshots@mozilla.org.xpi
1523039512550	addons.xpi	INFO	Mapping webcompat@mozilla.org to C:\Program Files (x86)\Mozilla Firefox\browser\features\webcompat@mozilla.org.xpi
1523039512550	addons.xpi	INFO	Mapping {972ce4c6-7e08-4474-a285-3208198ce6fd} to C:\Program Files (x86)\Mozilla Firefox\browser\extensions\{972ce4c6-7e08-4474-a285-3208198ce6fd}.xpi
1523039512551	addons.xpi	DEBUG	checkForChanges
1523039512551	addons.xpi	INFO	SystemAddonInstallLocation directory is missing
1523039512551	addons.xpi	DEBUG	Loaded add-on state from prefs: {}
1523039512552	addons.xpi	DEBUG	New add-on aushelper@mozilla.org in app-system-defaults
1523039512553	addons.xpi	DEBUG	getModTime: Recursive scan of aushelper@mozilla.org
1523039512553	addons.xpi	DEBUG	New add-on e10srollout@mozilla.org in app-system-defaults
1523039512554	addons.xpi	DEBUG	getModTime: Recursive scan of e10srollout@mozilla.org
1523039512554	addons.xpi	DEBUG	New add-on firefox@getpocket.com in app-system-defaults
1523039512555	addons.xpi	DEBUG	getModTime: Recursive scan of firefox@getpocket.com
1523039512555	addons.xpi	DEBUG	New add-on screenshots@mozilla.org in app-system-defaults
1523039512555	addons.xpi	DEBUG	getModTime: Recursive scan of screenshots@mozilla.org
1523039512556	addons.xpi	DEBUG	New add-on webcompat@mozilla.org in app-system-defaults
1523039512556	addons.xpi	DEBUG	getModTime: Recursive scan of webcompat@mozilla.org
1523039512556	addons.xpi	DEBUG	New add-on {972ce4c6-7e08-4474-a285-3208198ce6fd} in app-global
1523039512557	addons.xpi	DEBUG	getModTime: Recursive scan of {972ce4c6-7e08-4474-a285-3208198ce6fd}
1523039512557	addons.xpi	DEBUG	getInstallState changed: true, state: {"app-system-defaults":{"aushelper@mozilla.org":{"d":"C:\\Program Files (x86)\\Mozilla Firefox\\browser\\features\\aushelper@mozilla.org.xpi","st":1496949712000},"e10srollout@mozilla.org":{"d":"C:\\Program Files (x86)\\Mozilla Firefox\\browser\\features\\e10srollout@mozilla.org.xpi","st":1496949712000},"firefox@getpocket.com":{"d":"C:\\Program Files (x86)\\Mozilla Firefox\\browser\\features\\firefox@getpocket.com.xpi","st":1496949713000},"screenshots@mozilla.org":{"d":"C:\\Program Files (x86)\\Mozilla Firefox\\browser\\features\\screenshots@mozilla.org.xpi","st":1496949713000},"webcompat@mozilla.org":{"d":"C:\\Program Files (x86)\\Mozilla Firefox\\browser\\features\\webcompat@mozilla.org.xpi","st":1496949712000}},"app-global":{"{972ce4c6-7e08-4474-a285-3208198ce6fd}":{"d":"C:\\Program Files (x86)\\Mozilla Firefox\\browser\\extensions\\{972ce4c6-7e08-4474-a285-3208198ce6fd}.xpi","st":1496949712000}}}
1523039512567	addons.xpi-utils	DEBUG	Opening XPI database C:\Users\JCJARQ~1\AppData\Local\Temp\4\rust_mozprofile.XQxGpUzEiN31\extensions.json
1523039512568	addons.xpi-utils	DEBUG	New add-on aushelper@mozilla.org installed in app-system-defaults
*** Blocklist::_loadBlocklistFromFile: blocklist is disabled
1523039512578	DeferredSave.extensions.json	DEBUG	Save changes
1523039512578	addons.xpi-utils	DEBUG	New add-on e10srollout@mozilla.org installed in app-system-defaults
1523039512582	DeferredSave.extensions.json	DEBUG	Starting timer
1523039512584	DeferredSave.extensions.json	DEBUG	Save changes
1523039512584	addons.xpi-utils	DEBUG	New add-on firefox@getpocket.com installed in app-system-defaults
1523039512590	DeferredSave.extensions.json	DEBUG	Save changes
1523039512590	addons.xpi-utils	DEBUG	New add-on screenshots@mozilla.org installed in app-system-defaults
1523039512596	DeferredSave.extensions.json	DEBUG	Save changes
1523039512597	addons.xpi-utils	DEBUG	New add-on webcompat@mozilla.org installed in app-system-defaults
1523039512601	DeferredSave.extensions.json	DEBUG	Save changes
1523039512601	addons.xpi-utils	DEBUG	New add-on {972ce4c6-7e08-4474-a285-3208198ce6fd} installed in app-global
1523039512605	DeferredSave.extensions.json	DEBUG	Save changes
1523039512606	addons.manager	DEBUG	Registering startup change 'installed' for aushelper@mozilla.org
1523039512614	addons.xpi	DEBUG	Loading bootstrap scope from C:\Program Files (x86)\Mozilla Firefox\browser\features\aushelper@mozilla.org.xpi
1523039512618	addons.xpi	DEBUG	Calling bootstrap method install on aushelper@mozilla.org version 2.0
1523039512619	addons.xpi-utils	DEBUG	Make addon app-system-defaults:aushelper@mozilla.org visible
1523039512619	DeferredSave.extensions.json	DEBUG	Save changes
1523039512620	addons.manager	DEBUG	Registering startup change 'installed' for e10srollout@mozilla.org
1523039512620	addons.xpi	DEBUG	Loading bootstrap scope from C:\Program Files (x86)\Mozilla Firefox\browser\features\e10srollout@mozilla.org.xpi
1523039512623	addons.xpi	DEBUG	Calling bootstrap method install on e10srollout@mozilla.org version 1.50
1523039512624	addons.xpi-utils	DEBUG	Make addon app-system-defaults:e10srollout@mozilla.org visible
1523039512624	DeferredSave.extensions.json	DEBUG	Save changes
1523039512625	addons.manager	DEBUG	Registering startup change 'installed' for firefox@getpocket.com
1523039512625	addons.xpi	DEBUG	Loading bootstrap scope from C:\Program Files (x86)\Mozilla Firefox\browser\features\firefox@getpocket.com.xpi
1523039512629	addons.xpi	DEBUG	Calling bootstrap method install on firefox@getpocket.com version 1.0.5
1523039512629	addons.xpi-utils	DEBUG	Make addon app-system-defaults:firefox@getpocket.com visible
1523039512629	DeferredSave.extensions.json	DEBUG	Save changes
1523039512630	addons.manager	DEBUG	Registering startup change 'installed' for screenshots@mozilla.org
1523039512630	addons.xpi	DEBUG	Loading bootstrap scope from C:\Program Files (x86)\Mozilla Firefox\browser\features\screenshots@mozilla.org.xpi
1523039512632	addons.xpi	DEBUG	Calling bootstrap method install on screenshots@mozilla.org version 6.6.0
1523039512632	addons.xpi-utils	DEBUG	Make addon app-system-defaults:screenshots@mozilla.org visible
1523039512633	DeferredSave.extensions.json	DEBUG	Save changes
1523039512633	addons.manager	DEBUG	Registering startup change 'installed' for webcompat@mozilla.org
1523039512633	addons.xpi	DEBUG	Loading bootstrap scope from C:\Program Files (x86)\Mozilla Firefox\browser\features\webcompat@mozilla.org.xpi
1523039512635	addons.xpi	DEBUG	Calling bootstrap method install on webcompat@mozilla.org version 1.1
1523039512635	addons.xpi-utils	DEBUG	Make addon app-system-defaults:webcompat@mozilla.org visible
1523039512636	DeferredSave.extensions.json	DEBUG	Save changes
1523039512636	addons.xpi-utils	DEBUG	Make addon app-global:{972ce4c6-7e08-4474-a285-3208198ce6fd} visible
1523039512636	DeferredSave.extensions.json	DEBUG	Save changes
1523039512637	addons.xpi	DEBUG	Updating XPIState for {"id":"aushelper@mozilla.org","syncGUID":"{7da140c9-9300-4577-944f-9e375ef13cad}","location":"app-system-defaults","version":"2.0","type":"extension","internalName":null,"updateURL":null,"updateKey":null,"optionsURL":null,"optionsType":null,"aboutURL":null,"icons":{},"iconURL":null,"icon64URL":null,"defaultLocale":{"name":"Application Update Service Helper","description":"Sets value(s) in the update url based on custom checks.","creator":null,"homepageURL":null},"visible":true,"active":true,"userDisabled":false,"appDisabled":false,"descriptor":"C:\\Program Files (x86)\\Mozilla Firefox\\browser\\features\\aushelper@mozilla.org.xpi","installDate":1496949712000,"updateDate":1496949712000,"applyBackgroundUpdates":1,"bootstrap":true,"skinnable":false,"size":8486,"sourceURI":null,"releaseNotesURI":null,"softDisabled":false,"foreignInstall":false,"hasBinaryComponents":false,"strictCompatibility":false,"locales":[],"targetApplications":[{"id":"{ec8030f7-c20a-464f-9b0e-13a3a9e97384}","minVersion":"54.0","maxVersion":"54.*"}],"targetPlatforms":[],"multiprocessCompatible":true,"seen":true,"dependencies":[],"hasEmbeddedWebExtension":false,"mpcOptedOut":false,"userPermissions":null}
1523039512637	addons.xpi	DEBUG	getModTime: Recursive scan of aushelper@mozilla.org
1523039512637	addons.xpi	DEBUG	Updating XPIState for {"id":"e10srollout@mozilla.org","syncGUID":"{e1d6b234-2170-4ede-9e16-ba3f3375335d}","location":"app-system-defaults","version":"1.50","type":"extension","internalName":null,"updateURL":null,"updateKey":null,"optionsURL":null,"optionsType":null,"aboutURL":null,"icons":{},"iconURL":null,"icon64URL":null,"defaultLocale":{"name":"Multi-process staged rollout","description":"Staged rollout of Firefox multi-process feature.","creator":null,"homepageURL":null},"visible":true,"active":true,"userDisabled":false,"appDisabled":false,"descriptor":"C:\\Program Files (x86)\\Mozilla Firefox\\browser\\features\\e10srollout@mozilla.org.xpi","installDate":1496949712000,"updateDate":1496949712000,"applyBackgroundUpdates":1,"bootstrap":true,"skinnable":false,"size":12517,"sourceURI":null,"releaseNotesURI":null,"softDisabled":false,"foreignInstall":false,"hasBinaryComponents":false,"strictCompatibility":false,"locales":[],"targetApplications":[{"id":"{ec8030f7-c20a-464f-9b0e-13a3a9e97384}","minVersion":"54.0","maxVersion":"54.*"}],"targetPlatforms":[],"multiprocessCompatible":true,"seen":true,"dependencies":[],"hasEmbeddedWebExtension":false,"mpcOptedOut":false,"userPermissions":null}
1523039512638	addons.xpi	DEBUG	getModTime: Recursive scan of e10srollout@mozilla.org
1523039512638	addons.xpi	DEBUG	Updating XPIState for {"id":"firefox@getpocket.com","syncGUID":"{85f0afc6-cad6-4a38-bf20-e6a95e87bb8f}","location":"app-system-defaults","version":"1.0.5","type":"extension","internalName":null,"updateURL":null,"updateKey":null,"optionsURL":null,"optionsType":null,"aboutURL":null,"icons":{},"iconURL":null,"icon64URL":null,"defaultLocale":{"name":"Pocket","description":"When you find something you want to view later, put it in Pocket.","creator":null,"homepageURL":null},"visible":true,"active":true,"userDisabled":false,"appDisabled":false,"descriptor":"C:\\Program Files (x86)\\Mozilla Firefox\\browser\\features\\firefox@getpocket.com.xpi","installDate":1496949713000,"updateDate":1496949713000,"applyBackgroundUpdates":1,"bootstrap":true,"skinnable":false,"size":913904,"sourceURI":null,"releaseNotesURI":null,"softDisabled":false,"foreignInstall":false,"hasBinaryComponents":false,"strictCompatibility":false,"locales":[],"targetApplications":[{"id":"{ec8030f7-c20a-464f-9b0e-13a3a9e97384}","minVersion":"54.0","maxVersion":"54.*"}],"targetPlatforms":[],"multiprocessCompatible":true,"seen":true,"dependencies":[],"hasEmbeddedWebExtension":false,"mpcOptedOut":false,"userPermissions":null}
1523039512638	addons.xpi	DEBUG	getModTime: Recursive scan of firefox@getpocket.com
1523039512639	addons.xpi	DEBUG	Updating XPIState for {"id":"screenshots@mozilla.org","syncGUID":"{5c52d52e-d906-4ba3-85b3-7134237d1838}","location":"app-system-defaults","version":"6.6.0","type":"extension","internalName":null,"updateURL":null,"updateKey":null,"optionsURL":null,"optionsType":null,"aboutURL":null,"icons":{},"iconURL":null,"icon64URL":null,"defaultLocale":{"name":"Firefox Screenshots","description":null,"creator":null,"homepageURL":"https://pageshot.net/"},"visible":true,"active":true,"userDisabled":false,"appDisabled":false,"descriptor":"C:\\Program Files (x86)\\Mozilla Firefox\\browser\\features\\screenshots@mozilla.org.xpi","installDate":1496949713000,"updateDate":1496949713000,"applyBackgroundUpdates":1,"bootstrap":true,"skinnable":false,"size":716271,"sourceURI":null,"releaseNotesURI":null,"softDisabled":false,"foreignInstall":false,"hasBinaryComponents":false,"strictCompatibility":false,"locales":[],"targetApplications":[{"id":"{ec8030f7-c20a-464f-9b0e-13a3a9e97384}","minVersion":"51.0a1","maxVersion":"*"}],"targetPlatforms":[],"multiprocessCompatible":true,"seen":true,"dependencies":[],"hasEmbeddedWebExtension":false,"mpcOptedOut":false,"userPermissions":null}
1523039512639	addons.xpi	DEBUG	getModTime: Recursive scan of screenshots@mozilla.org
1523039512639	addons.xpi	DEBUG	Updating XPIState for {"id":"webcompat@mozilla.org","syncGUID":"{68c71744-15d6-48e8-9bc9-2d97d41698fb}","location":"app-system-defaults","version":"1.1","type":"extension","internalName":null,"updateURL":null,"updateKey":null,"optionsURL":null,"optionsType":null,"aboutURL":null,"icons":{},"iconURL":null,"icon64URL":null,"defaultLocale":{"name":"Web Compat","description":"Urgent post-release fixes for web compatibility.","creator":null,"homepageURL":null},"visible":true,"active":true,"userDisabled":false,"appDisabled":false,"descriptor":"C:\\Program Files (x86)\\Mozilla Firefox\\browser\\features\\webcompat@mozilla.org.xpi","installDate":1496949712000,"updateDate":1496949712000,"applyBackgroundUpdates":1,"bootstrap":true,"skinnable":false,"size":9004,"sourceURI":null,"releaseNotesURI":null,"softDisabled":false,"foreignInstall":false,"hasBinaryComponents":false,"strictCompatibility":false,"locales":[],"targetApplications":[{"id":"{ec8030f7-c20a-464f-9b0e-13a3a9e97384}","minVersion":"54.0","maxVersion":"54.*"}],"targetPlatforms":[],"multiprocessCompatible":true,"seen":true,"dependencies":[],"hasEmbeddedWebExtension":false,"mpcOptedOut":false,"userPermissions":null}
1523039512639	addons.xpi	DEBUG	getModTime: Recursive scan of webcompat@mozilla.org
1523039512640	addons.xpi	DEBUG	Updating XPIState for {"id":"{972ce4c6-7e08-4474-a285-3208198ce6fd}","syncGUID":"{e9642822-0c4e-48d5-9127-11742dbbe03a}","location":"app-global","version":"54.0","type":"theme","internalName":"classic/1.0","updateURL":null,"updateKey":null,"optionsURL":null,"optionsType":null,"aboutURL":null,"icons":{},"iconURL":"chrome://browser/content/default-theme-icon.svg","icon64URL":null,"defaultLocale":{"name":"Default","description":"The default theme.","creator":"Mozilla","homepageURL":null,"contributors":["Mozilla Contributors"]},"visible":true,"active":true,"userDisabled":false,"appDisabled":false,"descriptor":"C:\\Program Files (x86)\\Mozilla Firefox\\browser\\extensions\\{972ce4c6-7e08-4474-a285-3208198ce6fd}.xpi","installDate":1496949712000,"updateDate":1496949712000,"applyBackgroundUpdates":1,"skinnable":true,"size":8201,"sourceURI":null,"releaseNotesURI":null,"softDisabled":false,"foreignInstall":false,"hasBinaryComponents":false,"strictCompatibility":true,"locales":[],"targetApplications":[{"id":"{ec8030f7-c20a-464f-9b0e-13a3a9e97384}","minVersion":"54.0","maxVersion":"54.0"}],"targetPlatforms":[],"seen":true,"dependencies":[],"hasEmbeddedWebExtension":false,"userPermissions":null}
1523039512640	addons.xpi	DEBUG	getModTime: Recursive scan of {972ce4c6-7e08-4474-a285-3208198ce6fd}
1523039512641	DeferredSave.extensions.json	DEBUG	Save changes
1523039512642	addons.xpi	DEBUG	Updating database with changes to installed add-ons
1523039512642	addons.xpi-utils	DEBUG	Updating add-on states
1523039512643	addons.xpi-utils	DEBUG	Writing add-ons list
1523039512646	addons.xpi	DEBUG	Registering manifest for C:\Program Files (x86)\Mozilla Firefox\browser\features\aushelper@mozilla.org.xpi
1523039512647	addons.xpi	DEBUG	Calling bootstrap method startup on aushelper@mozilla.org version 2.0
1523039512648	addons.xpi	DEBUG	Registering manifest for C:\Program Files (x86)\Mozilla Firefox\browser\features\e10srollout@mozilla.org.xpi
1523039512649	addons.xpi	DEBUG	Calling bootstrap method startup on e10srollout@mozilla.org version 1.50
1523039512649	addons.xpi	DEBUG	Registering manifest for C:\Program Files (x86)\Mozilla Firefox\browser\features\firefox@getpocket.com.xpi
1523039512650	addons.xpi	DEBUG	Calling bootstrap method startup on firefox@getpocket.com version 1.0.5
1523039512651	addons.xpi	DEBUG	Registering manifest for C:\Program Files (x86)\Mozilla Firefox\browser\features\screenshots@mozilla.org.xpi
1523039512652	addons.xpi	DEBUG	Calling bootstrap method startup on screenshots@mozilla.org version 6.6.0
1523039512652	addons.xpi	DEBUG	Registering manifest for C:\Program Files (x86)\Mozilla Firefox\browser\features\webcompat@mozilla.org.xpi
1523039512652	addons.xpi	DEBUG	Calling bootstrap method startup on webcompat@mozilla.org version 1.1
1523039512658	addons.manager	DEBUG	Registering shutdown blocker for XPIProvider
1523039512659	addons.manager	DEBUG	Provider finished startup: XPIProvider
1523039512659	addons.manager	DEBUG	Starting provider: LightweightThemeManager
1523039512660	addons.manager	DEBUG	Registering shutdown blocker for LightweightThemeManager
1523039512660	addons.manager	DEBUG	Provider finished startup: LightweightThemeManager
1523039512660	addons.manager	DEBUG	Starting provider: GMPProvider
1523039512665	addons.manager	DEBUG	Registering shutdown blocker for GMPProvider
1523039512665	addons.manager	DEBUG	Provider finished startup: GMPProvider
1523039512665	addons.manager	DEBUG	Starting provider: PluginProvider
1523039512665	addons.manager	DEBUG	Registering shutdown blocker for PluginProvider
1523039512666	addons.manager	DEBUG	Provider finished startup: PluginProvider
1523039512666	addons.manager	DEBUG	Completed startup sequence
1523039513004	addons.manager	DEBUG	Starting provider: &lt;unnamed-provider&gt;
1523039513004	addons.manager	DEBUG	Registering shutdown blocker for &lt;unnamed-provider&gt;
1523039513005	addons.manager	DEBUG	Provider finished startup: &lt;unnamed-provider&gt;
1523039513025	addons.manager	DEBUG	Starting provider: PreviousExperimentProvider
1523039513025	addons.manager	DEBUG	Registering shutdown blocker for PreviousExperimentProvider
1523039513025	addons.manager	DEBUG	Provider finished startup: PreviousExperimentProvider
1523039513028	DeferredSave.extensions.json	DEBUG	Starting write
1523039513276	DeferredSave.extensions.json	DEBUG	Write succeeded
1523039513278	addons.xpi-utils	DEBUG	XPI Database saved, setting schema version preference to 19
1523039514170	Marionette	INFO	Listening on port 63116
1523039515231	Marionette	DEBUG	loaded listener.js
Apr 06, 2018 2:31:55 PM org.openqa.selenium.remote.ProtocolHandshake createSession
INFO: Detected dialect: W3C
1523039516309	Marionette	DEBUG	Received DOM event "beforeunload" for "about:blank"
1523039516590	Marionette	DEBUG	Received DOM event "pagehide" for "about:blank"
1523039516590	Marionette	DEBUG	Received DOM event "unload" for "about:blank"
1523039516745	Marionette	DEBUG	Received DOM event "DOMContentLoaded" for "https://usftest.appiancloud.com/suite/portal/login.jsp"
1523039516777	Marionette	DEBUG	Received DOM event "pageshow" for "https://usftest.appiancloud.com/suite/portal/login.jsp"
1523039516994	Marionette	DEBUG	Received DOM event "beforeunload" for "https://usftest.appiancloud.com/suite/portal/login.jsp"
1523039517857	Marionette	DEBUG	Received DOM event "pagehide" for "https://usftest.appiancloud.com/suite/portal/login.jsp"
1523039517858	Marionette	DEBUG	Received DOM event "unload" for "https://usftest.appiancloud.com/suite/portal/login.jsp"
1523039517891	Marionette	DEBUG	Received DOM event "DOMContentLoaded" for "https://usftest.appiancloud.com/suite/tempo/reports/all"
1523039517893	Marionette	DEBUG	Received DOM event "pageshow" for "https://usftest.appiancloud.com/suite/tempo/reports/all"
1523039518110	Marionette	DEBUG	Received DOM event "pageshow" for "https://usftest.appiancloud.com/suite/tempo/reports/all"
1523039518113	Marionette	DEBUG	Received DOM event "pageshow" for "https://usftest.appiancloud.com/suite/tempo/reports/all"
1523039518131	Marionette	DEBUG	Received DOM event "DOMContentLoaded" for "https://usftest.appiancloud.com/suite/tempo/reports/all"
1523039518132	Marionette	DEBUG	Received DOM event "DOMContentLoaded" for "https://usftest.appiancloud.com/suite/tempo/reports/all"
1523039518133	Marionette	DEBUG	Received DOM event "pageshow" for "https://usftest.appiancloud.com/suite/tempo/reports/all"
1523039518134	Marionette	DEBUG	Received DOM event "DOMContentLoaded" for "https://usftest.appiancloud.com/suite/tempo/reports/all"
1523039518135	Marionette	DEBUG	Received DOM event "pageshow" for "https://usftest.appiancloud.com/suite/tempo/reports/all"
1523039518605	Marionette	DEBUG	Received DOM event "pageshow" for "https://usftest.appiancloud.com/suite/tempo/reports/all"
JavaScript warning: https://usftest.appiancloud.com/suite/tempo/ui/sail-client/embeddedApp-83b4a75950084e9c6d9c.cache.js, line 241: unreachable code after return statement
1523039533657	Marionette	DEBUG	Canceled page load listener because no navigation has been detected
</stdErr>
  </executionLog>
  <finalCounts>
    <right>0</right>
    <wrong>0</wrong>
    <ignores>3</ignores>
    <exceptions>2</exceptions>
  </finalCounts>
  <totalRunTimeInMillis>251964</totalRunTimeInMillis>
</suiteResults>

