<?xml version="1.0"?>
<suiteResults>
  <FitNesseVersion>v20160515</FitNesseVersion>
  <rootPath>FitNesseForUSF.FitNesse.AllScripts.Travel.TravelSubmissionMyTraveler</rootPath>
  <pageHistoryReference>
    <name>FitNesseForUSF.FitNesse.AllScripts.Travel.TravelSubmissionMyTraveler.SuiteSetUp</name>
    <date>2018-04-05T17:35:40-04:00</date>
    <pageHistoryLink>FitNesseForUSF.FitNesse.AllScripts.Travel.TravelSubmissionMyTraveler.SuiteSetUp?pageHistory&amp;resultDate=20180405173540</pageHistoryLink>
    <counts>
      <right>0</right>
      <wrong>0</wrong>
      <ignores>0</ignores>
      <exceptions>1</exceptions>
    </counts>
    <runTimeInMillis>4980</runTimeInMillis>
  </pageHistoryReference>
  <pageHistoryReference>
    <name>FitNesseForUSF.FitNesse.AllScripts.Travel.TravelSubmissionMyTraveler.1_CreateTravelRequest_Employee</name>
    <date>2018-04-05T17:35:45-04:00</date>
    <pageHistoryLink>FitNesseForUSF.FitNesse.AllScripts.Travel.TravelSubmissionMyTraveler.1_CreateTravelRequest_Employee?pageHistory&amp;resultDate=20180405173545</pageHistoryLink>
    <counts>
      <right>1</right>
      <wrong>0</wrong>
      <ignores>0</ignores>
      <exceptions>14</exceptions>
    </counts>
    <runTimeInMillis>136885</runTimeInMillis>
  </pageHistoryReference>
  <executionLog>
    <testSystem>slim:fitnesse.slim.SlimService</testSystem>
    <command>java -Dlog4j.configuration=file:///C:/FitNesseForAppian/log4j.properties -cp C:\FitNesseForAppian\lib\fitnesse-20160515-standalone.jar;C:\FitNesseForAppian\lib\accessors-smart-1.1.jar;C:\FitNesseForAppian\lib\asm-5.0.3.jar;C:\FitNesseForAppian\lib\cglib-nodep-3.2.4.jar;C:\FitNesseForAppian\lib\commons-codec-1.10.jar;C:\FitNesseForAppian\lib\commons-exec-1.3.jar;C:\FitNesseForAppian\lib\commons-io-2.5.jar;C:\FitNesseForAppian\lib\commons-lang3-3.0.jar;C:\FitNesseForAppian\lib\commons-logging-1.2.jar;C:\FitNesseForAppian\lib\cssparser-0.9.22.jar;C:\FitNesseForAppian\lib\fitnesse-20160515-standalone.jar;C:\FitNesseForAppian\lib\gson-2.8.0.jar;C:\FitNesseForAppian\lib\guava-21.0.jar;C:\FitNesseForAppian\lib\hamcrest-core-1.3.jar;C:\FitNesseForAppian\lib\htmlunit-2.26.jar;C:\FitNesseForAppian\lib\htmlunit-core-js-2.26.jar;C:\FitNesseForAppian\lib\htmlunit-driver-2.26.jar;C:\FitNesseForAppian\lib\httpclient-4.5.3.jar;C:\FitNesseForAppian\lib\httpcore-4.4.6.jar;C:\FitNesseForAppian\lib\httpmime-4.5.3.jar;C:\FitNesseForAppian\lib\jackson-annotations-2.4.0.jar;C:\FitNesseForAppian\lib\jackson-core-2.4.1.1.jar;C:\FitNesseForAppian\lib\jackson-databind-2.4.1.3.jar;C:\FitNesseForAppian\lib\javax.servlet-api-3.1.0.jar;C:\FitNesseForAppian\lib\jcip-annotations-1.0.jar;C:\FitNesseForAppian\lib\jcommander-1.48.jar;C:\FitNesseForAppian\lib\jetty-client-9.4.3.v20170317.jar;C:\FitNesseForAppian\lib\jetty-http-9.4.3.v20170317.jar;C:\FitNesseForAppian\lib\jetty-io-9.4.1.v20170120.jar;C:\FitNesseForAppian\lib\jetty-repacked-9.4.1.v20170120.jar;C:\FitNesseForAppian\lib\jetty-util-9.4.1.v20170120.jar;C:\FitNesseForAppian\lib\jna-4.1.0.jar;C:\FitNesseForAppian\lib\jna-platform-4.1.0.jar;C:\FitNesseForAppian\lib\json-path-2.2.0.jar;C:\FitNesseForAppian\lib\json-smart-2.2.1.jar;C:\FitNesseForAppian\lib\log4j-1.2.16.jar;C:\FitNesseForAppian\lib\neko-htmlunit-2.25.jar;C:\FitNesseForAppian\lib\phantomjsdriver-1.4.0.jar;C:\FitNesseForAppian\lib\sac-1.3.jar;C:\FitNesseForAppian\lib\selenium-api-3.4.0.jar;C:\FitNesseForAppian\lib\selenium-chrome-driver-3.4.0.jar;C:\FitNesseForAppian\lib\selenium-edge-driver-3.4.0.jar;C:\FitNesseForAppian\lib\selenium-firefox-driver-3.4.0.jar;C:\FitNesseForAppian\lib\selenium-ie-driver-3.4.0.jar;C:\FitNesseForAppian\lib\selenium-java-3.4.0.jar;C:\FitNesseForAppian\lib\selenium-opera-driver-3.4.0.jar;C:\FitNesseForAppian\lib\selenium-remote-driver-3.4.0.jar;C:\FitNesseForAppian\lib\selenium-safari-driver-3.4.0.jar;C:\FitNesseForAppian\lib\selenium-server-3.4.0.jar;C:\FitNesseForAppian\lib\selenium-support-3.4.0.jar;C:\FitNesseForAppian\lib\serializer-2.7.2.jar;C:\FitNesseForAppian\lib\slf4j-api-1.7.16.jar;C:\FitNesseForAppian\lib\snakeyaml-1.15.jar;C:\FitNesseForAppian\lib\websocket-api-9.4.3.v20170317.jar;C:\FitNesseForAppian\lib\websocket-client-9.4.3.v20170317.jar;C:\FitNesseForAppian\lib\websocket-common-9.4.3.v20170317.jar;C:\FitNesseForAppian\lib\xalan-2.7.2.jar;C:\FitNesseForAppian\lib\xercesImpl-2.11.0.jar;C:\FitNesseForAppian\lib\xml-apis-1.4.01.jar;C:\FitNesseForAppian\lib\appian\fitnesse-for-appian-18.1.4.jar fitnesse.slim.SlimService 8086</command>
    <exitCode>1</exitCode>
    <stdOut>2018-04-05 17:35:55,458 [main] DEBUG com.appiancorp.ps.automatedtest.tempo.TempoLogin  - LOGIN [U14258394]
2018-04-05 17:35:57,996 [main] DEBUG com.appiancorp.ps.automatedtest.tempo.TempoLogin  - WAIT FOR LOGIN
2018-04-05 17:35:59,198 [main] DEBUG com.appiancorp.ps.automatedtest.tempo.TempoMenu  - WAIT FOR [Actions]
2018-04-05 17:35:59,217 [main] DEBUG com.appiancorp.ps.automatedtest.tempo.TempoMenu  - CLICK [Actions]
2018-04-05 17:36:01,159 [main] DEBUG com.appiancorp.ps.automatedtest.tempo.interfaces.TempoLinkField  - WAIT FOR LINK [Create Travel Request]
2018-04-05 17:36:01,177 [main] DEBUG com.appiancorp.ps.automatedtest.tempo.interfaces.TempoLinkField  - CLINK LINK [Create Travel Request]
2018-04-05 17:36:02,752 [main] DEBUG com.appiancorp.ps.automatedtest.tempo.interfaces.TempoRadioFieldOption  - WAIT FOR RADIO BUTTON OPTION CLICK : Travel Request
2018-04-05 17:36:02,768 [main] DEBUG com.appiancorp.ps.automatedtest.tempo.interfaces.TempoRadioFieldOption  - RADIO BUTTON OPTION CLICK : Travel Request
2018-04-05 17:36:03,684 [main] DEBUG com.appiancorp.ps.automatedtest.tempo.interfaces.TempoButton  - WAIT FOR BUTTON [Next]
2018-04-05 17:36:03,703 [main] DEBUG com.appiancorp.ps.automatedtest.tempo.interfaces.TempoButton  - CLICK BUTTON [Next]
2018-04-05 17:36:07,161 [main] DEBUG com.appiancorp.ps.automatedtest.tempo.interfaces.TempoRadioFieldOption  - WAIT FOR RADIO BUTTON OPTION CLICK : My Travelers
2018-04-05 17:36:07,176 [main] DEBUG com.appiancorp.ps.automatedtest.tempo.interfaces.TempoRadioFieldOption  - RADIO BUTTON OPTION CLICK : My Travelers
2018-04-05 17:36:18,128 [main] ERROR com.appiancorp.ps.automatedtest.exception.ExceptionBuilder  - Radio option - My Travelers
com.appiancorp.ps.automatedtest.exception.WaitForWorkingTestException: org.openqa.selenium.TimeoutException: Expected condition failed: waiting for element to no longer be visible: By.xpath: //div[contains(@class, 'appian-indicator-message')]|//div[contains(@class, 'LoadingBar---loading_bar')] (tried for 10 second(s) with 500 MILLISECONDS interval)
Build info: version: '3.4.0', revision: 'unknown', time: 'unknown'
System info: host: 'FITNESSE', ip: '10.119.38.100', os.name: 'Windows Server 2016', os.arch: 'x86', os.version: '10.0', java.version: '1.8.0_161'
Driver info: org.openqa.selenium.chrome.ChromeDriver
Capabilities [{applicationCacheEnabled=false, rotatable=false, mobileEmulationEnabled=false, networkConnectionEnabled=false, chrome={chromedriverVersion=2.31.488763 (092de99f48a300323ecf8c2a4e2e7cab51de5ba8), userDataDir=C:\Users\JCJARQ~1\AppData\Local\Temp\4\scoped_dir31328_4502}, takesHeapSnapshot=true, pageLoadStrategy=normal, databaseEnabled=false, handlesAlerts=true, hasTouchScreen=false, version=64.0.3282.186, platform=XP, browserConnectionEnabled=false, nativeEvents=true, acceptSslCerts=true, locationContextEnabled=true, webStorageEnabled=true, browserName=chrome, takesScreenshot=true, javascriptEnabled=true, cssSelectorsEnabled=true, setWindowRect=true, unexpectedAlertBehaviour=}]
Session ID: 6667c73f2dc00317f70a5d9c047b79cc
	at com.appiancorp.ps.automatedtest.common.AppianObject.waitForWorking(AppianObject.java:308)
	at com.appiancorp.ps.automatedtest.common.AppianObject.unfocus(AppianObject.java:344)
	at com.appiancorp.ps.automatedtest.common.AppianObject.unfocus(AppianObject.java:338)
	at com.appiancorp.ps.automatedtest.common.AppianObject.clickElement(AppianObject.java:324)
	at com.appiancorp.ps.automatedtest.common.AppianObject.clickElement(AppianObject.java:317)
	at com.appiancorp.ps.automatedtest.tempo.interfaces.TempoRadioFieldOption.click(TempoRadioFieldOption.java:48)
	at com.appiancorp.ps.automatedtest.fixture.TempoFixture.clickOnRadioOption(TempoFixture.java:1666)
	at sun.reflect.NativeMethodAccessorImpl.invoke0(Native Method)
	at sun.reflect.NativeMethodAccessorImpl.invoke(Unknown Source)
	at sun.reflect.DelegatingMethodAccessorImpl.invoke(Unknown Source)
	at java.lang.reflect.Method.invoke(Unknown Source)
	at fitnesse.slim.fixtureInteraction.DefaultInteraction.methodInvoke(DefaultInteraction.java:81)
	at fitnesse.slim.MethodExecutor.callMethod(MethodExecutor.java:57)
	at fitnesse.slim.MethodExecutor.invokeMethod(MethodExecutor.java:38)
	at fitnesse.slim.MethodExecutor.findAndInvoke(MethodExecutor.java:72)
	at fitnesse.slim.FixtureMethodExecutor.execute(FixtureMethodExecutor.java:20)
	at fitnesse.slim.StatementExecutor.getMethodExecutionResult(StatementExecutor.java:135)
	at fitnesse.slim.StatementExecutor.call(StatementExecutor.java:108)
	at fitnesse.slim.instructions.CallInstruction.executeInternal(CallInstruction.java:35)
	at fitnesse.slim.instructions.Instruction.execute(Instruction.java:29)
	at fitnesse.slim.ListExecutor$Executive.executeStatement(ListExecutor.java:49)
	at fitnesse.slim.ListExecutor$Executive.executeStatements(ListExecutor.java:43)
	at fitnesse.slim.ListExecutor.execute(ListExecutor.java:85)
	at fitnesse.slim.SlimServer.executeInstructions(SlimServer.java:84)
	at fitnesse.slim.SlimServer.processOneSetOfInstructions(SlimServer.java:77)
	at fitnesse.slim.SlimServer.tryProcessInstructions(SlimServer.java:64)
	at fitnesse.slim.SlimServer.serve(SlimServer.java:49)
	at fitnesse.slim.SlimService.handle(SlimService.java:154)
	at fitnesse.slim.SlimService.acceptOne(SlimService.java:162)
	at fitnesse.slim.SlimService.accept(SlimService.java:124)
	at fitnesse.slim.SlimService.startWithFactory(SlimService.java:76)
	at fitnesse.slim.SlimService.main(SlimService.java:56)
Caused by: org.openqa.selenium.TimeoutException: Expected condition failed: waiting for element to no longer be visible: By.xpath: //div[contains(@class, 'appian-indicator-message')]|//div[contains(@class, 'LoadingBar---loading_bar')] (tried for 10 second(s) with 500 MILLISECONDS interval)
Build info: version: '3.4.0', revision: 'unknown', time: 'unknown'
System info: host: 'FITNESSE', ip: '10.119.38.100', os.name: 'Windows Server 2016', os.arch: 'x86', os.version: '10.0', java.version: '1.8.0_161'
Driver info: org.openqa.selenium.chrome.ChromeDriver
Capabilities [{applicationCacheEnabled=false, rotatable=false, mobileEmulationEnabled=false, networkConnectionEnabled=false, chrome={chromedriverVersion=2.31.488763 (092de99f48a300323ecf8c2a4e2e7cab51de5ba8), userDataDir=C:\Users\JCJARQ~1\AppData\Local\Temp\4\scoped_dir31328_4502}, takesHeapSnapshot=true, pageLoadStrategy=normal, databaseEnabled=false, handlesAlerts=true, hasTouchScreen=false, version=64.0.3282.186, platform=XP, browserConnectionEnabled=false, nativeEvents=true, acceptSslCerts=true, locationContextEnabled=true, webStorageEnabled=true, browserName=chrome, takesScreenshot=true, javascriptEnabled=true, cssSelectorsEnabled=true, setWindowRect=true, unexpectedAlertBehaviour=}]
Session ID: 6667c73f2dc00317f70a5d9c047b79cc
	at org.openqa.selenium.support.ui.WebDriverWait.timeoutException(WebDriverWait.java:80)
	at org.openqa.selenium.support.ui.FluentWait.until(FluentWait.java:232)
	at com.appiancorp.ps.automatedtest.common.AppianObject.waitForWorking(AppianObject.java:303)
	... 31 more
2018-04-05 17:36:28,337 [main] ERROR com.appiancorp.ps.automatedtest.exception.ExceptionBuilder  - Wait for Field - Search by Employee ID
org.openqa.selenium.TimeoutException: Expected condition failed: waiting for visibility of element located by By.xpath: //*[(self::label or self::span) and starts-with(translate(text(),'ABCDEFGHIJKLMNOPQRSTUVWXYZ','abcdefghijklmnopqrstuvwxyz'),'search by employee id')]/ancestor::div[contains(@class, 'FieldLayout---field_layout')] (tried for 10 second(s) with 500 MILLISECONDS interval)
	at org.openqa.selenium.support.ui.WebDriverWait.timeoutException(WebDriverWait.java:80)
	at org.openqa.selenium.support.ui.FluentWait.until(FluentWait.java:232)
	at com.appiancorp.ps.automatedtest.tempo.interfaces.AbstractTempoField.waitFor(AbstractTempoField.java:59)
	at com.appiancorp.ps.automatedtest.fixture.TempoFixture.populateFieldWith(TempoFixture.java:847)
	at sun.reflect.NativeMethodAccessorImpl.invoke0(Native Method)
	at sun.reflect.NativeMethodAccessorImpl.invoke(Unknown Source)
	at sun.reflect.DelegatingMethodAccessorImpl.invoke(Unknown Source)
	at java.lang.reflect.Method.invoke(Unknown Source)
	at fitnesse.slim.fixtureInteraction.DefaultInteraction.methodInvoke(DefaultInteraction.java:81)
	at fitnesse.slim.MethodExecutor.callMethod(MethodExecutor.java:57)
	at fitnesse.slim.MethodExecutor.invokeMethod(MethodExecutor.java:38)
	at fitnesse.slim.MethodExecutor.findAndInvoke(MethodExecutor.java:72)
	at fitnesse.slim.FixtureMethodExecutor.execute(FixtureMethodExecutor.java:20)
	at fitnesse.slim.StatementExecutor.getMethodExecutionResult(StatementExecutor.java:135)
	at fitnesse.slim.StatementExecutor.call(StatementExecutor.java:108)
	at fitnesse.slim.instructions.CallInstruction.executeInternal(CallInstruction.java:35)
	at fitnesse.slim.instructions.Instruction.execute(Instruction.java:29)
	at fitnesse.slim.ListExecutor$Executive.executeStatement(ListExecutor.java:49)
	at fitnesse.slim.ListExecutor$Executive.executeStatements(ListExecutor.java:43)
	at fitnesse.slim.ListExecutor.execute(ListExecutor.java:85)
	at fitnesse.slim.SlimServer.executeInstructions(SlimServer.java:84)
	at fitnesse.slim.SlimServer.processOneSetOfInstructions(SlimServer.java:77)
	at fitnesse.slim.SlimServer.tryProcessInstructions(SlimServer.java:64)
	at fitnesse.slim.SlimServer.serve(SlimServer.java:49)
	at fitnesse.slim.SlimService.handle(SlimService.java:154)
	at fitnesse.slim.SlimService.acceptOne(SlimService.java:162)
	at fitnesse.slim.SlimService.accept(SlimService.java:124)
	at fitnesse.slim.SlimService.startWithFactory(SlimService.java:76)
	at fitnesse.slim.SlimService.main(SlimService.java:56)
Caused by: org.openqa.selenium.NoSuchElementException: Cannot locate an element using By.xpath: //*[(self::label or self::span) and starts-with(translate(text(),'ABCDEFGHIJKLMNOPQRSTUVWXYZ','abcdefghijklmnopqrstuvwxyz'),'search by employee id')]/ancestor::div[contains(@class, 'FieldLayout---field_layout')]
For documentation on this error, please visit: http://seleniumhq.org/exceptions/no_such_element.html
Build info: version: '3.4.0', revision: 'unknown', time: 'unknown'
System info: host: 'FITNESSE', ip: '10.119.38.100', os.name: 'Windows Server 2016', os.arch: 'x86', os.version: '10.0', java.version: '1.8.0_161'
Driver info: driver.version: unknown
	at org.openqa.selenium.support.ui.ExpectedConditions.lambda$findElement$0(ExpectedConditions.java:883)
	at java.util.Optional.orElseThrow(Unknown Source)
	at org.openqa.selenium.support.ui.ExpectedConditions.findElement(ExpectedConditions.java:882)
	at org.openqa.selenium.support.ui.ExpectedConditions.access$000(ExpectedConditions.java:44)
	at org.openqa.selenium.support.ui.ExpectedConditions$7.apply(ExpectedConditions.java:206)
	at org.openqa.selenium.support.ui.ExpectedConditions$7.apply(ExpectedConditions.java:202)
	at org.openqa.selenium.support.ui.FluentWait.until(FluentWait.java:209)
	... 27 more
2018-04-05 17:36:28,339 [main] DEBUG com.appiancorp.ps.automatedtest.tempo.interfaces.TempoLinkField  - WAIT FOR LINK [Search]
2018-04-05 17:36:35,473 [main] DEBUG com.appiancorp.ps.automatedtest.tempo.interfaces.TempoLinkField  - CLINK LINK [Search]
2018-04-05 17:36:37,935 [main] DEBUG com.appiancorp.ps.automatedtest.tempo.interfaces.TempoGridCell  - WAIT FOR GRID [[1]] COLUMN [[1]] ROW [[1]]
2018-04-05 17:36:40,405 [main] DEBUG com.appiancorp.ps.automatedtest.tempo.interfaces.TempoGridCell  - WAIT FOR GRID [[2]] COLUMN [[1]] ROW [[1]]
2018-04-05 17:36:40,469 [main] DEBUG com.appiancorp.ps.automatedtest.tempo.interfaces.TempoButton  - WAIT FOR BUTTON [Next]
2018-04-05 17:36:40,482 [main] DEBUG com.appiancorp.ps.automatedtest.tempo.interfaces.TempoButton  - CLICK BUTTON [Next]
2018-04-05 17:36:45,154 [main] DEBUG com.appiancorp.ps.automatedtest.tempo.interfaces.TempoTextField  - POPULATION [Fitnesse testing]
2018-04-05 17:36:46,350 [main] DEBUG com.appiancorp.ps.automatedtest.tempo.interfaces.TempoDropdownField  - POPULATION [Administrative Meeting]
2018-04-05 17:36:47,514 [main] DEBUG com.appiancorp.ps.automatedtest.tempo.interfaces.TempoParagraphField  - POPULATION [FitNesse test]
2018-04-05 17:36:49,109 [main] DEBUG com.appiancorp.ps.automatedtest.tempo.interfaces.TempoGridCell  - WAIT FOR GRID [[1]] COLUMN [[1]] ROW [[1]]
2018-04-05 17:36:49,141 [main] DEBUG com.appiancorp.ps.automatedtest.tempo.interfaces.TempoGridCell  - WAIT FOR GRID [[1]] COLUMN [[1]] ROW [[1]]
2018-04-05 17:36:49,283 [main] DEBUG com.appiancorp.ps.automatedtest.tempo.interfaces.TempoDateField  - POPULATION [Apr 5, 2018, 5:35 PM]
2018-04-05 17:36:50,610 [main] DEBUG com.appiancorp.ps.automatedtest.tempo.interfaces.TempoGridCell  - WAIT FOR GRID [[1]] COLUMN [[2]] ROW [[1]]
2018-04-05 17:36:50,642 [main] DEBUG com.appiancorp.ps.automatedtest.tempo.interfaces.TempoGridCell  - WAIT FOR GRID [[1]] COLUMN [[2]] ROW [[1]]
2018-04-05 17:36:50,800 [main] DEBUG com.appiancorp.ps.automatedtest.tempo.interfaces.TempoDateField  - POPULATION [Apr 5, 2018, 5:35 PM]
2018-04-05 17:36:51,943 [main] DEBUG com.appiancorp.ps.automatedtest.tempo.interfaces.TempoGridCell  - WAIT FOR GRID [[1]] COLUMN [[3]] ROW [[1]]
2018-04-05 17:36:51,976 [main] DEBUG com.appiancorp.ps.automatedtest.tempo.interfaces.TempoGridCell  - WAIT FOR GRID [[1]] COLUMN [[3]] ROW [[1]]
2018-04-05 17:36:52,139 [main] DEBUG com.appiancorp.ps.automatedtest.tempo.interfaces.TempoPickerField  - POPULATION [reston]
2018-04-05 17:37:03,123 [main] ERROR com.appiancorp.ps.automatedtest.exception.ExceptionBuilder  - Populate Field -  - reston
org.openqa.selenium.TimeoutException: Expected condition failed: waiting for visibility of element located by By.xpath: (((//table[contains(@class, '---table')])[1])/tbody/tr[1]/td[3])/descendant::span[contains(@class,'PickerTokenWidget---label') and contains(translate(text(),'ABCDEFGHIJKLMNOPQRSTUVWXYZ','abcdefghijklmnopqrstuvwxyz'),'reston')] (tried for 10 second(s) with 500 MILLISECONDS interval)
	at org.openqa.selenium.support.ui.WebDriverWait.timeoutException(WebDriverWait.java:80)
	at org.openqa.selenium.support.ui.FluentWait.until(FluentWait.java:232)
	at com.appiancorp.ps.automatedtest.tempo.interfaces.TempoPickerFieldSelection.waitFor(TempoPickerFieldSelection.java:39)
	at com.appiancorp.ps.automatedtest.tempo.interfaces.TempoPickerField.populate(TempoPickerField.java:56)
	at com.appiancorp.ps.automatedtest.tempo.interfaces.TempoFieldFactory.populate(TempoFieldFactory.java:67)
	at com.appiancorp.ps.automatedtest.tempo.interfaces.TempoGridCell.populate(TempoGridCell.java:153)
	at com.appiancorp.ps.automatedtest.tempo.interfaces.TempoGridCell.populateMultiple(TempoGridCell.java:140)
	at com.appiancorp.ps.automatedtest.fixture.TempoFixture.populateGridColumnRowWith(TempoFixture.java:1207)
	at sun.reflect.NativeMethodAccessorImpl.invoke0(Native Method)
	at sun.reflect.NativeMethodAccessorImpl.invoke(Unknown Source)
	at sun.reflect.DelegatingMethodAccessorImpl.invoke(Unknown Source)
	at java.lang.reflect.Method.invoke(Unknown Source)
	at fitnesse.slim.fixtureInteraction.DefaultInteraction.methodInvoke(DefaultInteraction.java:81)
	at fitnesse.slim.MethodExecutor.callMethod(MethodExecutor.java:57)
	at fitnesse.slim.MethodExecutor.invokeMethod(MethodExecutor.java:38)
	at fitnesse.slim.MethodExecutor.findAndInvoke(MethodExecutor.java:72)
	at fitnesse.slim.FixtureMethodExecutor.execute(FixtureMethodExecutor.java:20)
	at fitnesse.slim.StatementExecutor.getMethodExecutionResult(StatementExecutor.java:135)
	at fitnesse.slim.StatementExecutor.call(StatementExecutor.java:108)
	at fitnesse.slim.instructions.CallInstruction.executeInternal(CallInstruction.java:35)
	at fitnesse.slim.instructions.Instruction.execute(Instruction.java:29)
	at fitnesse.slim.ListExecutor$Executive.executeStatement(ListExecutor.java:49)
	at fitnesse.slim.ListExecutor$Executive.executeStatements(ListExecutor.java:43)
	at fitnesse.slim.ListExecutor.execute(ListExecutor.java:85)
	at fitnesse.slim.SlimServer.executeInstructions(SlimServer.java:84)
	at fitnesse.slim.SlimServer.processOneSetOfInstructions(SlimServer.java:77)
	at fitnesse.slim.SlimServer.tryProcessInstructions(SlimServer.java:64)
	at fitnesse.slim.SlimServer.serve(SlimServer.java:49)
	at fitnesse.slim.SlimService.handle(SlimService.java:154)
	at fitnesse.slim.SlimService.acceptOne(SlimService.java:162)
	at fitnesse.slim.SlimService.accept(SlimService.java:124)
	at fitnesse.slim.SlimService.startWithFactory(SlimService.java:76)
	at fitnesse.slim.SlimService.main(SlimService.java:56)
Caused by: org.openqa.selenium.NoSuchElementException: Cannot locate an element using By.xpath: (((//table[contains(@class, '---table')])[1])/tbody/tr[1]/td[3])/descendant::span[contains(@class,'PickerTokenWidget---label') and contains(translate(text(),'ABCDEFGHIJKLMNOPQRSTUVWXYZ','abcdefghijklmnopqrstuvwxyz'),'reston')]
For documentation on this error, please visit: http://seleniumhq.org/exceptions/no_such_element.html
Build info: version: '3.4.0', revision: 'unknown', time: 'unknown'
System info: host: 'FITNESSE', ip: '10.119.38.100', os.name: 'Windows Server 2016', os.arch: 'x86', os.version: '10.0', java.version: '1.8.0_161'
Driver info: driver.version: unknown
	at org.openqa.selenium.support.ui.ExpectedConditions.lambda$findElement$0(ExpectedConditions.java:883)
	at java.util.Optional.orElseThrow(Unknown Source)
	at org.openqa.selenium.support.ui.ExpectedConditions.findElement(ExpectedConditions.java:882)
	at org.openqa.selenium.support.ui.ExpectedConditions.access$000(ExpectedConditions.java:44)
	at org.openqa.selenium.support.ui.ExpectedConditions$7.apply(ExpectedConditions.java:206)
	at org.openqa.selenium.support.ui.ExpectedConditions$7.apply(ExpectedConditions.java:202)
	at org.openqa.selenium.support.ui.FluentWait.until(FluentWait.java:209)
	... 31 more
2018-04-05 17:37:03,124 [main] DEBUG com.appiancorp.ps.automatedtest.tempo.interfaces.TempoButton  - WAIT FOR BUTTON [Enter Expense Detail]
2018-04-05 17:37:03,137 [main] DEBUG com.appiancorp.ps.automatedtest.tempo.interfaces.TempoButton  - CLICK BUTTON [Enter Expense Detail]
2018-04-05 17:37:04,285 [main] DEBUG com.appiancorp.ps.automatedtest.tempo.interfaces.TempoButton  - WAIT FOR BUTTON [Next]
2018-04-05 17:37:14,456 [main] ERROR com.appiancorp.ps.automatedtest.exception.ExceptionBuilder  - Wait for Button - Next
org.openqa.selenium.TimeoutException: Expected condition failed: waiting for presence of element located by: By.xpath: //button[contains(translate(text(),'ABCDEFGHIJKLMNOPQRSTUVWXYZ','abcdefghijklmnopqrstuvwxyz'),'next') and not(contains(@class, 'button-disabled'))] (tried for 10 second(s) with 500 MILLISECONDS interval)
	at org.openqa.selenium.support.ui.WebDriverWait.timeoutException(WebDriverWait.java:80)
	at org.openqa.selenium.support.ui.FluentWait.until(FluentWait.java:232)
	at com.appiancorp.ps.automatedtest.tempo.interfaces.TempoButton.waitFor(TempoButton.java:52)
	at com.appiancorp.ps.automatedtest.fixture.TempoFixture.clickOnButton(TempoFixture.java:1564)
	at sun.reflect.NativeMethodAccessorImpl.invoke0(Native Method)
	at sun.reflect.NativeMethodAccessorImpl.invoke(Unknown Source)
	at sun.reflect.DelegatingMethodAccessorImpl.invoke(Unknown Source)
	at java.lang.reflect.Method.invoke(Unknown Source)
	at fitnesse.slim.fixtureInteraction.DefaultInteraction.methodInvoke(DefaultInteraction.java:81)
	at fitnesse.slim.MethodExecutor.callMethod(MethodExecutor.java:57)
	at fitnesse.slim.MethodExecutor.invokeMethod(MethodExecutor.java:38)
	at fitnesse.slim.MethodExecutor.findAndInvoke(MethodExecutor.java:72)
	at fitnesse.slim.FixtureMethodExecutor.execute(FixtureMethodExecutor.java:20)
	at fitnesse.slim.StatementExecutor.getMethodExecutionResult(StatementExecutor.java:135)
	at fitnesse.slim.StatementExecutor.call(StatementExecutor.java:108)
	at fitnesse.slim.instructions.CallInstruction.executeInternal(CallInstruction.java:35)
	at fitnesse.slim.instructions.Instruction.execute(Instruction.java:29)
	at fitnesse.slim.ListExecutor$Executive.executeStatement(ListExecutor.java:49)
	at fitnesse.slim.ListExecutor$Executive.executeStatements(ListExecutor.java:43)
	at fitnesse.slim.ListExecutor.execute(ListExecutor.java:85)
	at fitnesse.slim.SlimServer.executeInstructions(SlimServer.java:84)
	at fitnesse.slim.SlimServer.processOneSetOfInstructions(SlimServer.java:77)
	at fitnesse.slim.SlimServer.tryProcessInstructions(SlimServer.java:64)
	at fitnesse.slim.SlimServer.serve(SlimServer.java:49)
	at fitnesse.slim.SlimService.handle(SlimService.java:154)
	at fitnesse.slim.SlimService.acceptOne(SlimService.java:162)
	at fitnesse.slim.SlimService.accept(SlimService.java:124)
	at fitnesse.slim.SlimService.startWithFactory(SlimService.java:76)
	at fitnesse.slim.SlimService.main(SlimService.java:56)
Caused by: org.openqa.selenium.NoSuchElementException: Cannot locate an element using By.xpath: //button[contains(translate(text(),'ABCDEFGHIJKLMNOPQRSTUVWXYZ','abcdefghijklmnopqrstuvwxyz'),'next') and not(contains(@class, 'button-disabled'))]
For documentation on this error, please visit: http://seleniumhq.org/exceptions/no_such_element.html
Build info: version: '3.4.0', revision: 'unknown', time: 'unknown'
System info: host: 'FITNESSE', ip: '10.119.38.100', os.name: 'Windows Server 2016', os.arch: 'x86', os.version: '10.0', java.version: '1.8.0_161'
Driver info: driver.version: unknown
	at org.openqa.selenium.support.ui.ExpectedConditions.lambda$findElement$0(ExpectedConditions.java:883)
	at java.util.Optional.orElseThrow(Unknown Source)
	at org.openqa.selenium.support.ui.ExpectedConditions.findElement(ExpectedConditions.java:882)
	at org.openqa.selenium.support.ui.ExpectedConditions.access$000(ExpectedConditions.java:44)
	at org.openqa.selenium.support.ui.ExpectedConditions$6.apply(ExpectedConditions.java:183)
	at org.openqa.selenium.support.ui.ExpectedConditions$6.apply(ExpectedConditions.java:180)
	at org.openqa.selenium.support.ui.FluentWait.until(FluentWait.java:209)
	... 27 more
2018-04-05 17:37:14,457 [main] DEBUG com.appiancorp.ps.automatedtest.tempo.interfaces.TempoCheckboxFieldOption  - CHECKBOX OPTION WAIT FOR [Reg. Training]
2018-04-05 17:37:24,633 [main] ERROR com.appiancorp.ps.automatedtest.exception.ExceptionBuilder  - Wait for Checkbox option - Reg. Training
org.openqa.selenium.TimeoutException: Expected condition failed: waiting for visibility of element located by By.xpath: //div[contains(@class,'CheckboxGroup---choice_pair')]//label[contains(translate(text(),'ABCDEFGHIJKLMNOPQRSTUVWXYZ','abcdefghijklmnopqrstuvwxyz'), 'reg. training')] (tried for 10 second(s) with 500 MILLISECONDS interval)
	at org.openqa.selenium.support.ui.WebDriverWait.timeoutException(WebDriverWait.java:80)
	at org.openqa.selenium.support.ui.FluentWait.until(FluentWait.java:232)
	at com.appiancorp.ps.automatedtest.tempo.interfaces.TempoCheckboxFieldOption.waitFor(TempoCheckboxFieldOption.java:64)
	at com.appiancorp.ps.automatedtest.fixture.TempoFixture.clickOnCheckboxOption(TempoFixture.java:1679)
	at sun.reflect.NativeMethodAccessorImpl.invoke0(Native Method)
	at sun.reflect.NativeMethodAccessorImpl.invoke(Unknown Source)
	at sun.reflect.DelegatingMethodAccessorImpl.invoke(Unknown Source)
	at java.lang.reflect.Method.invoke(Unknown Source)
	at fitnesse.slim.fixtureInteraction.DefaultInteraction.methodInvoke(DefaultInteraction.java:81)
	at fitnesse.slim.MethodExecutor.callMethod(MethodExecutor.java:57)
	at fitnesse.slim.MethodExecutor.invokeMethod(MethodExecutor.java:38)
	at fitnesse.slim.MethodExecutor.findAndInvoke(MethodExecutor.java:72)
	at fitnesse.slim.FixtureMethodExecutor.execute(FixtureMethodExecutor.java:20)
	at fitnesse.slim.StatementExecutor.getMethodExecutionResult(StatementExecutor.java:135)
	at fitnesse.slim.StatementExecutor.call(StatementExecutor.java:108)
	at fitnesse.slim.instructions.CallInstruction.executeInternal(CallInstruction.java:35)
	at fitnesse.slim.instructions.Instruction.execute(Instruction.java:29)
	at fitnesse.slim.ListExecutor$Executive.executeStatement(ListExecutor.java:49)
	at fitnesse.slim.ListExecutor$Executive.executeStatements(ListExecutor.java:43)
	at fitnesse.slim.ListExecutor.execute(ListExecutor.java:85)
	at fitnesse.slim.SlimServer.executeInstructions(SlimServer.java:84)
	at fitnesse.slim.SlimServer.processOneSetOfInstructions(SlimServer.java:77)
	at fitnesse.slim.SlimServer.tryProcessInstructions(SlimServer.java:64)
	at fitnesse.slim.SlimServer.serve(SlimServer.java:49)
	at fitnesse.slim.SlimService.handle(SlimService.java:154)
	at fitnesse.slim.SlimService.acceptOne(SlimService.java:162)
	at fitnesse.slim.SlimService.accept(SlimService.java:124)
	at fitnesse.slim.SlimService.startWithFactory(SlimService.java:76)
	at fitnesse.slim.SlimService.main(SlimService.java:56)
Caused by: org.openqa.selenium.NoSuchElementException: Cannot locate an element using By.xpath: //div[contains(@class,'CheckboxGroup---choice_pair')]//label[contains(translate(text(),'ABCDEFGHIJKLMNOPQRSTUVWXYZ','abcdefghijklmnopqrstuvwxyz'), 'reg. training')]
For documentation on this error, please visit: http://seleniumhq.org/exceptions/no_such_element.html
Build info: version: '3.4.0', revision: 'unknown', time: 'unknown'
System info: host: 'FITNESSE', ip: '10.119.38.100', os.name: 'Windows Server 2016', os.arch: 'x86', os.version: '10.0', java.version: '1.8.0_161'
Driver info: driver.version: unknown
	at org.openqa.selenium.support.ui.ExpectedConditions.lambda$findElement$0(ExpectedConditions.java:883)
	at java.util.Optional.orElseThrow(Unknown Source)
	at org.openqa.selenium.support.ui.ExpectedConditions.findElement(ExpectedConditions.java:882)
	at org.openqa.selenium.support.ui.ExpectedConditions.access$000(ExpectedConditions.java:44)
	at org.openqa.selenium.support.ui.ExpectedConditions$7.apply(ExpectedConditions.java:206)
	at org.openqa.selenium.support.ui.ExpectedConditions$7.apply(ExpectedConditions.java:202)
	at org.openqa.selenium.support.ui.FluentWait.until(FluentWait.java:209)
	... 27 more
2018-04-05 17:37:24,634 [main] DEBUG com.appiancorp.ps.automatedtest.tempo.interfaces.TempoCheckboxFieldOption  - CHECKBOX OPTION WAIT FOR [lodging]
2018-04-05 17:37:34,811 [main] ERROR com.appiancorp.ps.automatedtest.exception.ExceptionBuilder  - Wait for Checkbox option - lodging
org.openqa.selenium.TimeoutException: Expected condition failed: waiting for visibility of element located by By.xpath: //div[contains(@class,'CheckboxGroup---choice_pair')]//label[contains(translate(text(),'ABCDEFGHIJKLMNOPQRSTUVWXYZ','abcdefghijklmnopqrstuvwxyz'), 'lodging')] (tried for 10 second(s) with 500 MILLISECONDS interval)
	at org.openqa.selenium.support.ui.WebDriverWait.timeoutException(WebDriverWait.java:80)
	at org.openqa.selenium.support.ui.FluentWait.until(FluentWait.java:232)
	at com.appiancorp.ps.automatedtest.tempo.interfaces.TempoCheckboxFieldOption.waitFor(TempoCheckboxFieldOption.java:64)
	at com.appiancorp.ps.automatedtest.fixture.TempoFixture.clickOnCheckboxOption(TempoFixture.java:1679)
	at sun.reflect.NativeMethodAccessorImpl.invoke0(Native Method)
	at sun.reflect.NativeMethodAccessorImpl.invoke(Unknown Source)
	at sun.reflect.DelegatingMethodAccessorImpl.invoke(Unknown Source)
	at java.lang.reflect.Method.invoke(Unknown Source)
	at fitnesse.slim.fixtureInteraction.DefaultInteraction.methodInvoke(DefaultInteraction.java:81)
	at fitnesse.slim.MethodExecutor.callMethod(MethodExecutor.java:57)
	at fitnesse.slim.MethodExecutor.invokeMethod(MethodExecutor.java:38)
	at fitnesse.slim.MethodExecutor.findAndInvoke(MethodExecutor.java:72)
	at fitnesse.slim.FixtureMethodExecutor.execute(FixtureMethodExecutor.java:20)
	at fitnesse.slim.StatementExecutor.getMethodExecutionResult(StatementExecutor.java:135)
	at fitnesse.slim.StatementExecutor.call(StatementExecutor.java:108)
	at fitnesse.slim.instructions.CallInstruction.executeInternal(CallInstruction.java:35)
	at fitnesse.slim.instructions.Instruction.execute(Instruction.java:29)
	at fitnesse.slim.ListExecutor$Executive.executeStatement(ListExecutor.java:49)
	at fitnesse.slim.ListExecutor$Executive.executeStatements(ListExecutor.java:43)
	at fitnesse.slim.ListExecutor.execute(ListExecutor.java:85)
	at fitnesse.slim.SlimServer.executeInstructions(SlimServer.java:84)
	at fitnesse.slim.SlimServer.processOneSetOfInstructions(SlimServer.java:77)
	at fitnesse.slim.SlimServer.tryProcessInstructions(SlimServer.java:64)
	at fitnesse.slim.SlimServer.serve(SlimServer.java:49)
	at fitnesse.slim.SlimService.handle(SlimService.java:154)
	at fitnesse.slim.SlimService.acceptOne(SlimService.java:162)
	at fitnesse.slim.SlimService.accept(SlimService.java:124)
	at fitnesse.slim.SlimService.startWithFactory(SlimService.java:76)
	at fitnesse.slim.SlimService.main(SlimService.java:56)
Caused by: org.openqa.selenium.NoSuchElementException: Cannot locate an element using By.xpath: //div[contains(@class,'CheckboxGroup---choice_pair')]//label[contains(translate(text(),'ABCDEFGHIJKLMNOPQRSTUVWXYZ','abcdefghijklmnopqrstuvwxyz'), 'lodging')]
For documentation on this error, please visit: http://seleniumhq.org/exceptions/no_such_element.html
Build info: version: '3.4.0', revision: 'unknown', time: 'unknown'
System info: host: 'FITNESSE', ip: '10.119.38.100', os.name: 'Windows Server 2016', os.arch: 'x86', os.version: '10.0', java.version: '1.8.0_161'
Driver info: driver.version: unknown
	at org.openqa.selenium.support.ui.ExpectedConditions.lambda$findElement$0(ExpectedConditions.java:883)
	at java.util.Optional.orElseThrow(Unknown Source)
	at org.openqa.selenium.support.ui.ExpectedConditions.findElement(ExpectedConditions.java:882)
	at org.openqa.selenium.support.ui.ExpectedConditions.access$000(ExpectedConditions.java:44)
	at org.openqa.selenium.support.ui.ExpectedConditions$7.apply(ExpectedConditions.java:206)
	at org.openqa.selenium.support.ui.ExpectedConditions$7.apply(ExpectedConditions.java:202)
	at org.openqa.selenium.support.ui.FluentWait.until(FluentWait.java:209)
	... 27 more
2018-04-05 17:37:34,812 [main] DEBUG com.appiancorp.ps.automatedtest.tempo.interfaces.TempoCheckboxFieldOption  - CHECKBOX OPTION WAIT FOR [Meal]
2018-04-05 17:37:44,982 [main] ERROR com.appiancorp.ps.automatedtest.exception.ExceptionBuilder  - Wait for Checkbox option - Meal
org.openqa.selenium.TimeoutException: Expected condition failed: waiting for visibility of element located by By.xpath: //div[contains(@class,'CheckboxGroup---choice_pair')]//label[contains(translate(text(),'ABCDEFGHIJKLMNOPQRSTUVWXYZ','abcdefghijklmnopqrstuvwxyz'), 'meal')] (tried for 10 second(s) with 500 MILLISECONDS interval)
	at org.openqa.selenium.support.ui.WebDriverWait.timeoutException(WebDriverWait.java:80)
	at org.openqa.selenium.support.ui.FluentWait.until(FluentWait.java:232)
	at com.appiancorp.ps.automatedtest.tempo.interfaces.TempoCheckboxFieldOption.waitFor(TempoCheckboxFieldOption.java:64)
	at com.appiancorp.ps.automatedtest.fixture.TempoFixture.clickOnCheckboxOption(TempoFixture.java:1679)
	at sun.reflect.NativeMethodAccessorImpl.invoke0(Native Method)
	at sun.reflect.NativeMethodAccessorImpl.invoke(Unknown Source)
	at sun.reflect.DelegatingMethodAccessorImpl.invoke(Unknown Source)
	at java.lang.reflect.Method.invoke(Unknown Source)
	at fitnesse.slim.fixtureInteraction.DefaultInteraction.methodInvoke(DefaultInteraction.java:81)
	at fitnesse.slim.MethodExecutor.callMethod(MethodExecutor.java:57)
	at fitnesse.slim.MethodExecutor.invokeMethod(MethodExecutor.java:38)
	at fitnesse.slim.MethodExecutor.findAndInvoke(MethodExecutor.java:72)
	at fitnesse.slim.FixtureMethodExecutor.execute(FixtureMethodExecutor.java:20)
	at fitnesse.slim.StatementExecutor.getMethodExecutionResult(StatementExecutor.java:135)
	at fitnesse.slim.StatementExecutor.call(StatementExecutor.java:108)
	at fitnesse.slim.instructions.CallInstruction.executeInternal(CallInstruction.java:35)
	at fitnesse.slim.instructions.Instruction.execute(Instruction.java:29)
	at fitnesse.slim.ListExecutor$Executive.executeStatement(ListExecutor.java:49)
	at fitnesse.slim.ListExecutor$Executive.executeStatements(ListExecutor.java:43)
	at fitnesse.slim.ListExecutor.execute(ListExecutor.java:85)
	at fitnesse.slim.SlimServer.executeInstructions(SlimServer.java:84)
	at fitnesse.slim.SlimServer.processOneSetOfInstructions(SlimServer.java:77)
	at fitnesse.slim.SlimServer.tryProcessInstructions(SlimServer.java:64)
	at fitnesse.slim.SlimServer.serve(SlimServer.java:49)
	at fitnesse.slim.SlimService.handle(SlimService.java:154)
	at fitnesse.slim.SlimService.acceptOne(SlimService.java:162)
	at fitnesse.slim.SlimService.accept(SlimService.java:124)
	at fitnesse.slim.SlimService.startWithFactory(SlimService.java:76)
	at fitnesse.slim.SlimService.main(SlimService.java:56)
Caused by: org.openqa.selenium.NoSuchElementException: Cannot locate an element using By.xpath: //div[contains(@class,'CheckboxGroup---choice_pair')]//label[contains(translate(text(),'ABCDEFGHIJKLMNOPQRSTUVWXYZ','abcdefghijklmnopqrstuvwxyz'), 'meal')]
For documentation on this error, please visit: http://seleniumhq.org/exceptions/no_such_element.html
Build info: version: '3.4.0', revision: 'unknown', time: 'unknown'
System info: host: 'FITNESSE', ip: '10.119.38.100', os.name: 'Windows Server 2016', os.arch: 'x86', os.version: '10.0', java.version: '1.8.0_161'
Driver info: driver.version: unknown
	at org.openqa.selenium.support.ui.ExpectedConditions.lambda$findElement$0(ExpectedConditions.java:883)
	at java.util.Optional.orElseThrow(Unknown Source)
	at org.openqa.selenium.support.ui.ExpectedConditions.findElement(ExpectedConditions.java:882)
	at org.openqa.selenium.support.ui.ExpectedConditions.access$000(ExpectedConditions.java:44)
	at org.openqa.selenium.support.ui.ExpectedConditions$7.apply(ExpectedConditions.java:206)
	at org.openqa.selenium.support.ui.ExpectedConditions$7.apply(ExpectedConditions.java:202)
	at org.openqa.selenium.support.ui.FluentWait.until(FluentWait.java:209)
	... 27 more
2018-04-05 17:37:44,984 [main] DEBUG com.appiancorp.ps.automatedtest.tempo.interfaces.TempoGridCell  - WAIT FOR GRID [[1]] COLUMN [[2]] ROW [[1]]
2018-04-05 17:37:45,019 [main] DEBUG com.appiancorp.ps.automatedtest.tempo.interfaces.TempoGridCell  - WAIT FOR GRID [[1]] COLUMN [[2]] ROW [[1]]
2018-04-05 17:37:45,272 [main] DEBUG com.appiancorp.ps.automatedtest.tempo.interfaces.TempoDateField  - POPULATION [100]
2018-04-05 17:37:45,272 [main] ERROR com.appiancorp.ps.automatedtest.exception.ExceptionBuilder  - Populate Field -  - 100
java.text.ParseException: Unable to parse the date: 100
	at org.apache.commons.lang3.time.DateUtils.parseDateWithLeniency(DateUtils.java:336)
	at org.apache.commons.lang3.time.DateUtils.parseDateStrictly(DateUtils.java:286)
	at com.appiancorp.ps.automatedtest.common.AppianObject.parseDate(AppianObject.java:204)
	at com.appiancorp.ps.automatedtest.tempo.interfaces.TempoDateField.populate(TempoDateField.java:52)
	at com.appiancorp.ps.automatedtest.tempo.interfaces.TempoFieldFactory.populate(TempoFieldFactory.java:67)
	at com.appiancorp.ps.automatedtest.tempo.interfaces.TempoGridCell.populate(TempoGridCell.java:153)
	at com.appiancorp.ps.automatedtest.tempo.interfaces.TempoGridCell.populateMultiple(TempoGridCell.java:140)
	at com.appiancorp.ps.automatedtest.fixture.TempoFixture.populateGridColumnRowWith(TempoFixture.java:1207)
	at sun.reflect.NativeMethodAccessorImpl.invoke0(Native Method)
	at sun.reflect.NativeMethodAccessorImpl.invoke(Unknown Source)
	at sun.reflect.DelegatingMethodAccessorImpl.invoke(Unknown Source)
	at java.lang.reflect.Method.invoke(Unknown Source)
	at fitnesse.slim.fixtureInteraction.DefaultInteraction.methodInvoke(DefaultInteraction.java:81)
	at fitnesse.slim.MethodExecutor.callMethod(MethodExecutor.java:57)
	at fitnesse.slim.MethodExecutor.invokeMethod(MethodExecutor.java:38)
	at fitnesse.slim.MethodExecutor.findAndInvoke(MethodExecutor.java:72)
	at fitnesse.slim.FixtureMethodExecutor.execute(FixtureMethodExecutor.java:20)
	at fitnesse.slim.StatementExecutor.getMethodExecutionResult(StatementExecutor.java:135)
	at fitnesse.slim.StatementExecutor.call(StatementExecutor.java:108)
	at fitnesse.slim.instructions.CallInstruction.executeInternal(CallInstruction.java:35)
	at fitnesse.slim.instructions.Instruction.execute(Instruction.java:29)
	at fitnesse.slim.ListExecutor$Executive.executeStatement(ListExecutor.java:49)
	at fitnesse.slim.ListExecutor$Executive.executeStatements(ListExecutor.java:43)
	at fitnesse.slim.ListExecutor.execute(ListExecutor.java:85)
	at fitnesse.slim.SlimServer.executeInstructions(SlimServer.java:84)
	at fitnesse.slim.SlimServer.processOneSetOfInstructions(SlimServer.java:77)
	at fitnesse.slim.SlimServer.tryProcessInstructions(SlimServer.java:64)
	at fitnesse.slim.SlimServer.serve(SlimServer.java:49)
	at fitnesse.slim.SlimService.handle(SlimService.java:154)
	at fitnesse.slim.SlimService.acceptOne(SlimService.java:162)
	at fitnesse.slim.SlimService.accept(SlimService.java:124)
	at fitnesse.slim.SlimService.startWithFactory(SlimService.java:76)
	at fitnesse.slim.SlimService.main(SlimService.java:56)
2018-04-05 17:37:45,274 [main] DEBUG com.appiancorp.ps.automatedtest.tempo.interfaces.TempoGridCell  - WAIT FOR GRID [[1]] COLUMN [[3]] ROW [[1]]
2018-04-05 17:37:45,302 [main] DEBUG com.appiancorp.ps.automatedtest.tempo.interfaces.TempoGridCell  - WAIT FOR GRID [[1]] COLUMN [[3]] ROW [[1]]
2018-04-05 17:37:45,459 [main] DEBUG com.appiancorp.ps.automatedtest.tempo.interfaces.TempoPickerField  - POPULATION [PCard Payment]
2018-04-05 17:37:57,213 [main] ERROR com.appiancorp.ps.automatedtest.exception.ExceptionBuilder  - Populate Field -  - PCard Payment
org.openqa.selenium.TimeoutException: Expected condition failed: waiting for visibility of element located by By.xpath: (((//table[contains(@class, '---table')])[1])/tbody/tr[1]/td[3])/descendant::span[contains(@class,'PickerTokenWidget---label') and contains(translate(text(),'ABCDEFGHIJKLMNOPQRSTUVWXYZ','abcdefghijklmnopqrstuvwxyz'),'pcard payment')] (tried for 10 second(s) with 500 MILLISECONDS interval)
	at org.openqa.selenium.support.ui.WebDriverWait.timeoutException(WebDriverWait.java:80)
	at org.openqa.selenium.support.ui.FluentWait.until(FluentWait.java:232)
	at com.appiancorp.ps.automatedtest.tempo.interfaces.TempoPickerFieldSelection.waitFor(TempoPickerFieldSelection.java:39)
	at com.appiancorp.ps.automatedtest.tempo.interfaces.TempoPickerField.populate(TempoPickerField.java:56)
	at com.appiancorp.ps.automatedtest.tempo.interfaces.TempoFieldFactory.populate(TempoFieldFactory.java:67)
	at com.appiancorp.ps.automatedtest.tempo.interfaces.TempoGridCell.populate(TempoGridCell.java:153)
	at com.appiancorp.ps.automatedtest.tempo.interfaces.TempoGridCell.populateMultiple(TempoGridCell.java:140)
	at com.appiancorp.ps.automatedtest.fixture.TempoFixture.populateGridColumnRowWith(TempoFixture.java:1207)
	at sun.reflect.NativeMethodAccessorImpl.invoke0(Native Method)
	at sun.reflect.NativeMethodAccessorImpl.invoke(Unknown Source)
	at sun.reflect.DelegatingMethodAccessorImpl.invoke(Unknown Source)
	at java.lang.reflect.Method.invoke(Unknown Source)
	at fitnesse.slim.fixtureInteraction.DefaultInteraction.methodInvoke(DefaultInteraction.java:81)
	at fitnesse.slim.MethodExecutor.callMethod(MethodExecutor.java:57)
	at fitnesse.slim.MethodExecutor.invokeMethod(MethodExecutor.java:38)
	at fitnesse.slim.MethodExecutor.findAndInvoke(MethodExecutor.java:72)
	at fitnesse.slim.FixtureMethodExecutor.execute(FixtureMethodExecutor.java:20)
	at fitnesse.slim.StatementExecutor.getMethodExecutionResult(StatementExecutor.java:135)
	at fitnesse.slim.StatementExecutor.call(StatementExecutor.java:108)
	at fitnesse.slim.instructions.CallInstruction.executeInternal(CallInstruction.java:35)
	at fitnesse.slim.instructions.Instruction.execute(Instruction.java:29)
	at fitnesse.slim.ListExecutor$Executive.executeStatement(ListExecutor.java:49)
	at fitnesse.slim.ListExecutor$Executive.executeStatements(ListExecutor.java:43)
	at fitnesse.slim.ListExecutor.execute(ListExecutor.java:85)
	at fitnesse.slim.SlimServer.executeInstructions(SlimServer.java:84)
	at fitnesse.slim.SlimServer.processOneSetOfInstructions(SlimServer.java:77)
	at fitnesse.slim.SlimServer.tryProcessInstructions(SlimServer.java:64)
	at fitnesse.slim.SlimServer.serve(SlimServer.java:49)
	at fitnesse.slim.SlimService.handle(SlimService.java:154)
	at fitnesse.slim.SlimService.acceptOne(SlimService.java:162)
	at fitnesse.slim.SlimService.accept(SlimService.java:124)
	at fitnesse.slim.SlimService.startWithFactory(SlimService.java:76)
	at fitnesse.slim.SlimService.main(SlimService.java:56)
Caused by: org.openqa.selenium.NoSuchElementException: Cannot locate an element using By.xpath: (((//table[contains(@class, '---table')])[1])/tbody/tr[1]/td[3])/descendant::span[contains(@class,'PickerTokenWidget---label') and contains(translate(text(),'ABCDEFGHIJKLMNOPQRSTUVWXYZ','abcdefghijklmnopqrstuvwxyz'),'pcard payment')]
For documentation on this error, please visit: http://seleniumhq.org/exceptions/no_such_element.html
Build info: version: '3.4.0', revision: 'unknown', time: 'unknown'
System info: host: 'FITNESSE', ip: '10.119.38.100', os.name: 'Windows Server 2016', os.arch: 'x86', os.version: '10.0', java.version: '1.8.0_161'
Driver info: driver.version: unknown
	at org.openqa.selenium.support.ui.ExpectedConditions.lambda$findElement$0(ExpectedConditions.java:883)
	at java.util.Optional.orElseThrow(Unknown Source)
	at org.openqa.selenium.support.ui.ExpectedConditions.findElement(ExpectedConditions.java:882)
	at org.openqa.selenium.support.ui.ExpectedConditions.access$000(ExpectedConditions.java:44)
	at org.openqa.selenium.support.ui.ExpectedConditions$7.apply(ExpectedConditions.java:206)
	at org.openqa.selenium.support.ui.ExpectedConditions$7.apply(ExpectedConditions.java:202)
	at org.openqa.selenium.support.ui.FluentWait.until(FluentWait.java:209)
	... 31 more
2018-04-05 17:37:57,215 [main] DEBUG com.appiancorp.ps.automatedtest.tempo.interfaces.TempoGridCell  - WAIT FOR GRID [[1]] COLUMN [[2]] ROW [[2]]
2018-04-05 17:37:57,229 [main] ERROR com.appiancorp.ps.automatedtest.exception.ExceptionBuilder  - Grid Wait For - [1] - [2] - [2]
org.openqa.selenium.NoSuchElementException: no such element: Unable to locate element: {"method":"xpath","selector":"((//table[contains(@class, '---table')])[1])/tbody/tr[2]/td[2]"}
  (Session info: chrome=64.0.3282.186)
  (Driver info: chromedriver=2.31.488763 (092de99f48a300323ecf8c2a4e2e7cab51de5ba8),platform=Windows NT 10.0.14393 x86_64) (WARNING: The server did not provide any stacktrace information)
Command duration or timeout: 14 milliseconds
For documentation on this error, please visit: http://seleniumhq.org/exceptions/no_such_element.html
Build info: version: '3.4.0', revision: 'unknown', time: 'unknown'
System info: host: 'FITNESSE', ip: '10.119.38.100', os.name: 'Windows Server 2016', os.arch: 'x86', os.version: '10.0', java.version: '1.8.0_161'
Driver info: org.openqa.selenium.chrome.ChromeDriver
Capabilities [{applicationCacheEnabled=false, rotatable=false, mobileEmulationEnabled=false, networkConnectionEnabled=false, chrome={chromedriverVersion=2.31.488763 (092de99f48a300323ecf8c2a4e2e7cab51de5ba8), userDataDir=C:\Users\JCJARQ~1\AppData\Local\Temp\4\scoped_dir31328_4502}, takesHeapSnapshot=true, pageLoadStrategy=normal, databaseEnabled=false, handlesAlerts=true, hasTouchScreen=false, version=64.0.3282.186, platform=XP, browserConnectionEnabled=false, nativeEvents=true, acceptSslCerts=true, locationContextEnabled=true, webStorageEnabled=true, browserName=chrome, takesScreenshot=true, javascriptEnabled=true, cssSelectorsEnabled=true, setWindowRect=true, unexpectedAlertBehaviour=}]
Session ID: 6667c73f2dc00317f70a5d9c047b79cc
*** Element info: {Using=xpath, value=((//table[contains(@class, '---table')])[1])/tbody/tr[2]/td[2]}
	at sun.reflect.GeneratedConstructorAccessor16.newInstance(Unknown Source)
	at sun.reflect.DelegatingConstructorAccessorImpl.newInstance(Unknown Source)
	at java.lang.reflect.Constructor.newInstance(Unknown Source)
	at org.openqa.selenium.remote.ErrorHandler.createThrowable(ErrorHandler.java:215)
	at org.openqa.selenium.remote.ErrorHandler.throwIfResponseFailed(ErrorHandler.java:167)
	at org.openqa.selenium.remote.RemoteWebDriver.execute(RemoteWebDriver.java:671)
	at org.openqa.selenium.remote.RemoteWebDriver.findElement(RemoteWebDriver.java:410)
	at org.openqa.selenium.remote.RemoteWebDriver.findElementByXPath(RemoteWebDriver.java:509)
	at org.openqa.selenium.By$ByXPath.findElement(By.java:361)
	at org.openqa.selenium.remote.RemoteWebDriver.findElement(RemoteWebDriver.java:402)
	at com.appiancorp.ps.automatedtest.tempo.interfaces.TempoGridCell.getWebElement(TempoGridCell.java:79)
	at com.appiancorp.ps.automatedtest.tempo.interfaces.TempoGridCell.getXpath(TempoGridCell.java:128)
	at com.appiancorp.ps.automatedtest.tempo.interfaces.TempoGridCell.waitFor(TempoGridCell.java:216)
	at com.appiancorp.ps.automatedtest.fixture.TempoFixture.populateGridColumnRowWith(TempoFixture.java:1206)
	at sun.reflect.NativeMethodAccessorImpl.invoke0(Native Method)
	at sun.reflect.NativeMethodAccessorImpl.invoke(Unknown Source)
	at sun.reflect.DelegatingMethodAccessorImpl.invoke(Unknown Source)
	at java.lang.reflect.Method.invoke(Unknown Source)
	at fitnesse.slim.fixtureInteraction.DefaultInteraction.methodInvoke(DefaultInteraction.java:81)
	at fitnesse.slim.MethodExecutor.callMethod(MethodExecutor.java:57)
	at fitnesse.slim.MethodExecutor.invokeMethod(MethodExecutor.java:38)
	at fitnesse.slim.MethodExecutor.findAndInvoke(MethodExecutor.java:72)
	at fitnesse.slim.FixtureMethodExecutor.execute(FixtureMethodExecutor.java:20)
	at fitnesse.slim.StatementExecutor.getMethodExecutionResult(StatementExecutor.java:135)
	at fitnesse.slim.StatementExecutor.call(StatementExecutor.java:108)
	at fitnesse.slim.instructions.CallInstruction.executeInternal(CallInstruction.java:35)
	at fitnesse.slim.instructions.Instruction.execute(Instruction.java:29)
	at fitnesse.slim.ListExecutor$Executive.executeStatement(ListExecutor.java:49)
	at fitnesse.slim.ListExecutor$Executive.executeStatements(ListExecutor.java:43)
	at fitnesse.slim.ListExecutor.execute(ListExecutor.java:85)
	at fitnesse.slim.SlimServer.executeInstructions(SlimServer.java:84)
	at fitnesse.slim.SlimServer.processOneSetOfInstructions(SlimServer.java:77)
	at fitnesse.slim.SlimServer.tryProcessInstructions(SlimServer.java:64)
	at fitnesse.slim.SlimServer.serve(SlimServer.java:49)
	at fitnesse.slim.SlimService.handle(SlimService.java:154)
	at fitnesse.slim.SlimService.acceptOne(SlimService.java:162)
	at fitnesse.slim.SlimService.accept(SlimService.java:124)
	at fitnesse.slim.SlimService.startWithFactory(SlimService.java:76)
	at fitnesse.slim.SlimService.main(SlimService.java:56)
2018-04-05 17:37:57,230 [main] DEBUG com.appiancorp.ps.automatedtest.tempo.interfaces.TempoGridCell  - WAIT FOR GRID [[1]] COLUMN [[3]] ROW [[2]]
2018-04-05 17:37:57,243 [main] ERROR com.appiancorp.ps.automatedtest.exception.ExceptionBuilder  - Grid Wait For - [1] - [3] - [2]
org.openqa.selenium.NoSuchElementException: no such element: Unable to locate element: {"method":"xpath","selector":"((//table[contains(@class, '---table')])[1])/tbody/tr[2]/td[3]"}
  (Session info: chrome=64.0.3282.186)
  (Driver info: chromedriver=2.31.488763 (092de99f48a300323ecf8c2a4e2e7cab51de5ba8),platform=Windows NT 10.0.14393 x86_64) (WARNING: The server did not provide any stacktrace information)
Command duration or timeout: 12 milliseconds
For documentation on this error, please visit: http://seleniumhq.org/exceptions/no_such_element.html
Build info: version: '3.4.0', revision: 'unknown', time: 'unknown'
System info: host: 'FITNESSE', ip: '10.119.38.100', os.name: 'Windows Server 2016', os.arch: 'x86', os.version: '10.0', java.version: '1.8.0_161'
Driver info: org.openqa.selenium.chrome.ChromeDriver
Capabilities [{applicationCacheEnabled=false, rotatable=false, mobileEmulationEnabled=false, networkConnectionEnabled=false, chrome={chromedriverVersion=2.31.488763 (092de99f48a300323ecf8c2a4e2e7cab51de5ba8), userDataDir=C:\Users\JCJARQ~1\AppData\Local\Temp\4\scoped_dir31328_4502}, takesHeapSnapshot=true, pageLoadStrategy=normal, databaseEnabled=false, handlesAlerts=true, hasTouchScreen=false, version=64.0.3282.186, platform=XP, browserConnectionEnabled=false, nativeEvents=true, acceptSslCerts=true, locationContextEnabled=true, webStorageEnabled=true, browserName=chrome, takesScreenshot=true, javascriptEnabled=true, cssSelectorsEnabled=true, setWindowRect=true, unexpectedAlertBehaviour=}]
Session ID: 6667c73f2dc00317f70a5d9c047b79cc
*** Element info: {Using=xpath, value=((//table[contains(@class, '---table')])[1])/tbody/tr[2]/td[3]}
	at sun.reflect.GeneratedConstructorAccessor16.newInstance(Unknown Source)
	at sun.reflect.DelegatingConstructorAccessorImpl.newInstance(Unknown Source)
	at java.lang.reflect.Constructor.newInstance(Unknown Source)
	at org.openqa.selenium.remote.ErrorHandler.createThrowable(ErrorHandler.java:215)
	at org.openqa.selenium.remote.ErrorHandler.throwIfResponseFailed(ErrorHandler.java:167)
	at org.openqa.selenium.remote.RemoteWebDriver.execute(RemoteWebDriver.java:671)
	at org.openqa.selenium.remote.RemoteWebDriver.findElement(RemoteWebDriver.java:410)
	at org.openqa.selenium.remote.RemoteWebDriver.findElementByXPath(RemoteWebDriver.java:509)
	at org.openqa.selenium.By$ByXPath.findElement(By.java:361)
	at org.openqa.selenium.remote.RemoteWebDriver.findElement(RemoteWebDriver.java:402)
	at com.appiancorp.ps.automatedtest.tempo.interfaces.TempoGridCell.getWebElement(TempoGridCell.java:79)
	at com.appiancorp.ps.automatedtest.tempo.interfaces.TempoGridCell.getXpath(TempoGridCell.java:128)
	at com.appiancorp.ps.automatedtest.tempo.interfaces.TempoGridCell.waitFor(TempoGridCell.java:216)
	at com.appiancorp.ps.automatedtest.fixture.TempoFixture.populateGridColumnRowWith(TempoFixture.java:1206)
	at sun.reflect.NativeMethodAccessorImpl.invoke0(Native Method)
	at sun.reflect.NativeMethodAccessorImpl.invoke(Unknown Source)
	at sun.reflect.DelegatingMethodAccessorImpl.invoke(Unknown Source)
	at java.lang.reflect.Method.invoke(Unknown Source)
	at fitnesse.slim.fixtureInteraction.DefaultInteraction.methodInvoke(DefaultInteraction.java:81)
	at fitnesse.slim.MethodExecutor.callMethod(MethodExecutor.java:57)
	at fitnesse.slim.MethodExecutor.invokeMethod(MethodExecutor.java:38)
	at fitnesse.slim.MethodExecutor.findAndInvoke(MethodExecutor.java:72)
	at fitnesse.slim.FixtureMethodExecutor.execute(FixtureMethodExecutor.java:20)
	at fitnesse.slim.StatementExecutor.getMethodExecutionResult(StatementExecutor.java:135)
	at fitnesse.slim.StatementExecutor.call(StatementExecutor.java:108)
	at fitnesse.slim.instructions.CallInstruction.executeInternal(CallInstruction.java:35)
	at fitnesse.slim.instructions.Instruction.execute(Instruction.java:29)
	at fitnesse.slim.ListExecutor$Executive.executeStatement(ListExecutor.java:49)
	at fitnesse.slim.ListExecutor$Executive.executeStatements(ListExecutor.java:43)
	at fitnesse.slim.ListExecutor.execute(ListExecutor.java:85)
	at fitnesse.slim.SlimServer.executeInstructions(SlimServer.java:84)
	at fitnesse.slim.SlimServer.processOneSetOfInstructions(SlimServer.java:77)
	at fitnesse.slim.SlimServer.tryProcessInstructions(SlimServer.java:64)
	at fitnesse.slim.SlimServer.serve(SlimServer.java:49)
	at fitnesse.slim.SlimService.handle(SlimService.java:154)
	at fitnesse.slim.SlimService.acceptOne(SlimService.java:162)
	at fitnesse.slim.SlimService.accept(SlimService.java:124)
	at fitnesse.slim.SlimService.startWithFactory(SlimService.java:76)
	at fitnesse.slim.SlimService.main(SlimService.java:56)
2018-04-05 17:37:57,244 [main] DEBUG com.appiancorp.ps.automatedtest.tempo.interfaces.TempoGridCell  - WAIT FOR GRID [[1]] COLUMN [[2]] ROW [[3]]
2018-04-05 17:37:57,256 [main] ERROR com.appiancorp.ps.automatedtest.exception.ExceptionBuilder  - Grid Wait For - [1] - [2] - [3]
org.openqa.selenium.NoSuchElementException: no such element: Unable to locate element: {"method":"xpath","selector":"((//table[contains(@class, '---table')])[1])/tbody/tr[3]/td[2]"}
  (Session info: chrome=64.0.3282.186)
  (Driver info: chromedriver=2.31.488763 (092de99f48a300323ecf8c2a4e2e7cab51de5ba8),platform=Windows NT 10.0.14393 x86_64) (WARNING: The server did not provide any stacktrace information)
Command duration or timeout: 12 milliseconds
For documentation on this error, please visit: http://seleniumhq.org/exceptions/no_such_element.html
Build info: version: '3.4.0', revision: 'unknown', time: 'unknown'
System info: host: 'FITNESSE', ip: '10.119.38.100', os.name: 'Windows Server 2016', os.arch: 'x86', os.version: '10.0', java.version: '1.8.0_161'
Driver info: org.openqa.selenium.chrome.ChromeDriver
Capabilities [{applicationCacheEnabled=false, rotatable=false, mobileEmulationEnabled=false, networkConnectionEnabled=false, chrome={chromedriverVersion=2.31.488763 (092de99f48a300323ecf8c2a4e2e7cab51de5ba8), userDataDir=C:\Users\JCJARQ~1\AppData\Local\Temp\4\scoped_dir31328_4502}, takesHeapSnapshot=true, pageLoadStrategy=normal, databaseEnabled=false, handlesAlerts=true, hasTouchScreen=false, version=64.0.3282.186, platform=XP, browserConnectionEnabled=false, nativeEvents=true, acceptSslCerts=true, locationContextEnabled=true, webStorageEnabled=true, browserName=chrome, takesScreenshot=true, javascriptEnabled=true, cssSelectorsEnabled=true, setWindowRect=true, unexpectedAlertBehaviour=}]
Session ID: 6667c73f2dc00317f70a5d9c047b79cc
*** Element info: {Using=xpath, value=((//table[contains(@class, '---table')])[1])/tbody/tr[3]/td[2]}
	at sun.reflect.GeneratedConstructorAccessor16.newInstance(Unknown Source)
	at sun.reflect.DelegatingConstructorAccessorImpl.newInstance(Unknown Source)
	at java.lang.reflect.Constructor.newInstance(Unknown Source)
	at org.openqa.selenium.remote.ErrorHandler.createThrowable(ErrorHandler.java:215)
	at org.openqa.selenium.remote.ErrorHandler.throwIfResponseFailed(ErrorHandler.java:167)
	at org.openqa.selenium.remote.RemoteWebDriver.execute(RemoteWebDriver.java:671)
	at org.openqa.selenium.remote.RemoteWebDriver.findElement(RemoteWebDriver.java:410)
	at org.openqa.selenium.remote.RemoteWebDriver.findElementByXPath(RemoteWebDriver.java:509)
	at org.openqa.selenium.By$ByXPath.findElement(By.java:361)
	at org.openqa.selenium.remote.RemoteWebDriver.findElement(RemoteWebDriver.java:402)
	at com.appiancorp.ps.automatedtest.tempo.interfaces.TempoGridCell.getWebElement(TempoGridCell.java:79)
	at com.appiancorp.ps.automatedtest.tempo.interfaces.TempoGridCell.getXpath(TempoGridCell.java:128)
	at com.appiancorp.ps.automatedtest.tempo.interfaces.TempoGridCell.waitFor(TempoGridCell.java:216)
	at com.appiancorp.ps.automatedtest.fixture.TempoFixture.populateGridColumnRowWith(TempoFixture.java:1206)
	at sun.reflect.NativeMethodAccessorImpl.invoke0(Native Method)
	at sun.reflect.NativeMethodAccessorImpl.invoke(Unknown Source)
	at sun.reflect.DelegatingMethodAccessorImpl.invoke(Unknown Source)
	at java.lang.reflect.Method.invoke(Unknown Source)
	at fitnesse.slim.fixtureInteraction.DefaultInteraction.methodInvoke(DefaultInteraction.java:81)
	at fitnesse.slim.MethodExecutor.callMethod(MethodExecutor.java:57)
	at fitnesse.slim.MethodExecutor.invokeMethod(MethodExecutor.java:38)
	at fitnesse.slim.MethodExecutor.findAndInvoke(MethodExecutor.java:72)
	at fitnesse.slim.FixtureMethodExecutor.execute(FixtureMethodExecutor.java:20)
	at fitnesse.slim.StatementExecutor.getMethodExecutionResult(StatementExecutor.java:135)
	at fitnesse.slim.StatementExecutor.call(StatementExecutor.java:108)
	at fitnesse.slim.instructions.CallInstruction.executeInternal(CallInstruction.java:35)
	at fitnesse.slim.instructions.Instruction.execute(Instruction.java:29)
	at fitnesse.slim.ListExecutor$Executive.executeStatement(ListExecutor.java:49)
	at fitnesse.slim.ListExecutor$Executive.executeStatements(ListExecutor.java:43)
	at fitnesse.slim.ListExecutor.execute(ListExecutor.java:85)
	at fitnesse.slim.SlimServer.executeInstructions(SlimServer.java:84)
	at fitnesse.slim.SlimServer.processOneSetOfInstructions(SlimServer.java:77)
	at fitnesse.slim.SlimServer.tryProcessInstructions(SlimServer.java:64)
	at fitnesse.slim.SlimServer.serve(SlimServer.java:49)
	at fitnesse.slim.SlimService.handle(SlimService.java:154)
	at fitnesse.slim.SlimService.acceptOne(SlimService.java:162)
	at fitnesse.slim.SlimService.accept(SlimService.java:124)
	at fitnesse.slim.SlimService.startWithFactory(SlimService.java:76)
	at fitnesse.slim.SlimService.main(SlimService.java:56)
2018-04-05 17:37:57,257 [main] DEBUG com.appiancorp.ps.automatedtest.tempo.interfaces.TempoGridCell  - WAIT FOR GRID [[1]] COLUMN [[3]] ROW [[3]]
2018-04-05 17:37:57,269 [main] ERROR com.appiancorp.ps.automatedtest.exception.ExceptionBuilder  - Grid Wait For - [1] - [3] - [3]
org.openqa.selenium.NoSuchElementException: no such element: Unable to locate element: {"method":"xpath","selector":"((//table[contains(@class, '---table')])[1])/tbody/tr[3]/td[3]"}
  (Session info: chrome=64.0.3282.186)
  (Driver info: chromedriver=2.31.488763 (092de99f48a300323ecf8c2a4e2e7cab51de5ba8),platform=Windows NT 10.0.14393 x86_64) (WARNING: The server did not provide any stacktrace information)
Command duration or timeout: 12 milliseconds
For documentation on this error, please visit: http://seleniumhq.org/exceptions/no_such_element.html
Build info: version: '3.4.0', revision: 'unknown', time: 'unknown'
System info: host: 'FITNESSE', ip: '10.119.38.100', os.name: 'Windows Server 2016', os.arch: 'x86', os.version: '10.0', java.version: '1.8.0_161'
Driver info: org.openqa.selenium.chrome.ChromeDriver
Capabilities [{applicationCacheEnabled=false, rotatable=false, mobileEmulationEnabled=false, networkConnectionEnabled=false, chrome={chromedriverVersion=2.31.488763 (092de99f48a300323ecf8c2a4e2e7cab51de5ba8), userDataDir=C:\Users\JCJARQ~1\AppData\Local\Temp\4\scoped_dir31328_4502}, takesHeapSnapshot=true, pageLoadStrategy=normal, databaseEnabled=false, handlesAlerts=true, hasTouchScreen=false, version=64.0.3282.186, platform=XP, browserConnectionEnabled=false, nativeEvents=true, acceptSslCerts=true, locationContextEnabled=true, webStorageEnabled=true, browserName=chrome, takesScreenshot=true, javascriptEnabled=true, cssSelectorsEnabled=true, setWindowRect=true, unexpectedAlertBehaviour=}]
Session ID: 6667c73f2dc00317f70a5d9c047b79cc
*** Element info: {Using=xpath, value=((//table[contains(@class, '---table')])[1])/tbody/tr[3]/td[3]}
	at sun.reflect.GeneratedConstructorAccessor16.newInstance(Unknown Source)
	at sun.reflect.DelegatingConstructorAccessorImpl.newInstance(Unknown Source)
	at java.lang.reflect.Constructor.newInstance(Unknown Source)
	at org.openqa.selenium.remote.ErrorHandler.createThrowable(ErrorHandler.java:215)
	at org.openqa.selenium.remote.ErrorHandler.throwIfResponseFailed(ErrorHandler.java:167)
	at org.openqa.selenium.remote.RemoteWebDriver.execute(RemoteWebDriver.java:671)
	at org.openqa.selenium.remote.RemoteWebDriver.findElement(RemoteWebDriver.java:410)
	at org.openqa.selenium.remote.RemoteWebDriver.findElementByXPath(RemoteWebDriver.java:509)
	at org.openqa.selenium.By$ByXPath.findElement(By.java:361)
	at org.openqa.selenium.remote.RemoteWebDriver.findElement(RemoteWebDriver.java:402)
	at com.appiancorp.ps.automatedtest.tempo.interfaces.TempoGridCell.getWebElement(TempoGridCell.java:79)
	at com.appiancorp.ps.automatedtest.tempo.interfaces.TempoGridCell.getXpath(TempoGridCell.java:128)
	at com.appiancorp.ps.automatedtest.tempo.interfaces.TempoGridCell.waitFor(TempoGridCell.java:216)
	at com.appiancorp.ps.automatedtest.fixture.TempoFixture.populateGridColumnRowWith(TempoFixture.java:1206)
	at sun.reflect.NativeMethodAccessorImpl.invoke0(Native Method)
	at sun.reflect.NativeMethodAccessorImpl.invoke(Unknown Source)
	at sun.reflect.DelegatingMethodAccessorImpl.invoke(Unknown Source)
	at java.lang.reflect.Method.invoke(Unknown Source)
	at fitnesse.slim.fixtureInteraction.DefaultInteraction.methodInvoke(DefaultInteraction.java:81)
	at fitnesse.slim.MethodExecutor.callMethod(MethodExecutor.java:57)
	at fitnesse.slim.MethodExecutor.invokeMethod(MethodExecutor.java:38)
	at fitnesse.slim.MethodExecutor.findAndInvoke(MethodExecutor.java:72)
	at fitnesse.slim.FixtureMethodExecutor.execute(FixtureMethodExecutor.java:20)
	at fitnesse.slim.StatementExecutor.getMethodExecutionResult(StatementExecutor.java:135)
	at fitnesse.slim.StatementExecutor.call(StatementExecutor.java:108)
	at fitnesse.slim.instructions.CallInstruction.executeInternal(CallInstruction.java:35)
	at fitnesse.slim.instructions.Instruction.execute(Instruction.java:29)
	at fitnesse.slim.ListExecutor$Executive.executeStatement(ListExecutor.java:49)
	at fitnesse.slim.ListExecutor$Executive.executeStatements(ListExecutor.java:43)
	at fitnesse.slim.ListExecutor.execute(ListExecutor.java:85)
	at fitnesse.slim.SlimServer.executeInstructions(SlimServer.java:84)
	at fitnesse.slim.SlimServer.processOneSetOfInstructions(SlimServer.java:77)
	at fitnesse.slim.SlimServer.tryProcessInstructions(SlimServer.java:64)
	at fitnesse.slim.SlimServer.serve(SlimServer.java:49)
	at fitnesse.slim.SlimService.handle(SlimService.java:154)
	at fitnesse.slim.SlimService.acceptOne(SlimService.java:162)
	at fitnesse.slim.SlimService.accept(SlimService.java:124)
	at fitnesse.slim.SlimService.startWithFactory(SlimService.java:76)
	at fitnesse.slim.SlimService.main(SlimService.java:56)
2018-04-05 17:37:57,269 [main] DEBUG com.appiancorp.ps.automatedtest.tempo.interfaces.TempoButton  - WAIT FOR BUTTON [Submit]
2018-04-05 17:37:57,282 [main] DEBUG com.appiancorp.ps.automatedtest.tempo.interfaces.TempoButton  - CLICK BUTTON [Submit]
2018-04-05 17:38:01,195 [main] DEBUG com.appiancorp.ps.automatedtest.tempo.TempoLogin  - WAIT FOR LOGIN
2018-04-05 17:38:01,234 [main] DEBUG com.appiancorp.ps.automatedtest.tempo.TempoLogin  - LOG OUT
</stdOut>
    <stdErr>Apr 05, 2018 5:35:43 PM org.openqa.selenium.remote.ProtocolHandshake createSession
INFO: Detected dialect: OSS
Apr 05, 2018 5:35:47 PM org.openqa.selenium.remote.ProtocolHandshake createSession
INFO: Detected dialect: OSS
Apr 05, 2018 5:35:51 PM org.openqa.selenium.remote.ProtocolHandshake createSession
INFO: Detected dialect: OSS
java.text.ParseException: Unable to parse the date: 100
	at org.apache.commons.lang3.time.DateUtils.parseDateWithLeniency(DateUtils.java:336)
	at org.apache.commons.lang3.time.DateUtils.parseDateStrictly(DateUtils.java:286)
	at com.appiancorp.ps.automatedtest.common.AppianObject.parseDate(AppianObject.java:204)
	at com.appiancorp.ps.automatedtest.tempo.interfaces.TempoDateField.populate(TempoDateField.java:52)
	at com.appiancorp.ps.automatedtest.tempo.interfaces.TempoFieldFactory.populate(TempoFieldFactory.java:67)
	at com.appiancorp.ps.automatedtest.tempo.interfaces.TempoGridCell.populate(TempoGridCell.java:153)
	at com.appiancorp.ps.automatedtest.tempo.interfaces.TempoGridCell.populateMultiple(TempoGridCell.java:140)
	at com.appiancorp.ps.automatedtest.fixture.TempoFixture.populateGridColumnRowWith(TempoFixture.java:1207)
	at sun.reflect.NativeMethodAccessorImpl.invoke0(Native Method)
	at sun.reflect.NativeMethodAccessorImpl.invoke(Unknown Source)
	at sun.reflect.DelegatingMethodAccessorImpl.invoke(Unknown Source)
	at java.lang.reflect.Method.invoke(Unknown Source)
	at fitnesse.slim.fixtureInteraction.DefaultInteraction.methodInvoke(DefaultInteraction.java:81)
	at fitnesse.slim.MethodExecutor.callMethod(MethodExecutor.java:57)
	at fitnesse.slim.MethodExecutor.invokeMethod(MethodExecutor.java:38)
	at fitnesse.slim.MethodExecutor.findAndInvoke(MethodExecutor.java:72)
	at fitnesse.slim.FixtureMethodExecutor.execute(FixtureMethodExecutor.java:20)
	at fitnesse.slim.StatementExecutor.getMethodExecutionResult(StatementExecutor.java:135)
	at fitnesse.slim.StatementExecutor.call(StatementExecutor.java:108)
	at fitnesse.slim.instructions.CallInstruction.executeInternal(CallInstruction.java:35)
	at fitnesse.slim.instructions.Instruction.execute(Instruction.java:29)
	at fitnesse.slim.ListExecutor$Executive.executeStatement(ListExecutor.java:49)
	at fitnesse.slim.ListExecutor$Executive.executeStatements(ListExecutor.java:43)
	at fitnesse.slim.ListExecutor.execute(ListExecutor.java:85)
	at fitnesse.slim.SlimServer.executeInstructions(SlimServer.java:84)
	at fitnesse.slim.SlimServer.processOneSetOfInstructions(SlimServer.java:77)
	at fitnesse.slim.SlimServer.tryProcessInstructions(SlimServer.java:64)
	at fitnesse.slim.SlimServer.serve(SlimServer.java:49)
	at fitnesse.slim.SlimService.handle(SlimService.java:154)
	at fitnesse.slim.SlimService.acceptOne(SlimService.java:162)
	at fitnesse.slim.SlimService.accept(SlimService.java:124)
	at fitnesse.slim.SlimService.startWithFactory(SlimService.java:76)
	at fitnesse.slim.SlimService.main(SlimService.java:56)
1522964282973	geckodriver	INFO	geckodriver 0.18.0
1522964282980	geckodriver	INFO	Listening on 127.0.0.1:11681
1522964283471	geckodriver::marionette	INFO	Starting browser C:\Program Files (x86)\Mozilla Firefox\firefox.exe with args ["-marionette"]
1522964283924	addons.manager	DEBUG	Application has been upgraded
1522964283956	addons.manager	DEBUG	Loaded provider scope for resource://gre/modules/addons/XPIProvider.jsm: ["XPIProvider"]
1522964283958	addons.manager	DEBUG	Loaded provider scope for resource://gre/modules/LightweightThemeManager.jsm: ["LightweightThemeManager"]
1522964283961	addons.manager	DEBUG	Loaded provider scope for resource://gre/modules/addons/GMPProvider.jsm
1522964283963	addons.manager	DEBUG	Loaded provider scope for resource://gre/modules/addons/PluginProvider.jsm
1522964283964	addons.manager	DEBUG	Starting provider: XPIProvider
1522964283965	addons.xpi	DEBUG	startup
1522964283965	addons.xpi	INFO	Removing all system add-on upgrades.
1522964283965	addons.xpi	INFO	SystemAddonInstallLocation directory is missing
1522964283966	addons.xpi	INFO	Mapping aushelper@mozilla.org to C:\Program Files (x86)\Mozilla Firefox\browser\features\aushelper@mozilla.org.xpi
1522964283967	addons.xpi	INFO	Mapping e10srollout@mozilla.org to C:\Program Files (x86)\Mozilla Firefox\browser\features\e10srollout@mozilla.org.xpi
1522964283967	addons.xpi	INFO	Mapping firefox@getpocket.com to C:\Program Files (x86)\Mozilla Firefox\browser\features\firefox@getpocket.com.xpi
1522964283967	addons.xpi	INFO	Mapping screenshots@mozilla.org to C:\Program Files (x86)\Mozilla Firefox\browser\features\screenshots@mozilla.org.xpi
1522964283968	addons.xpi	INFO	Mapping webcompat@mozilla.org to C:\Program Files (x86)\Mozilla Firefox\browser\features\webcompat@mozilla.org.xpi
1522964283968	addons.xpi	INFO	Mapping {972ce4c6-7e08-4474-a285-3208198ce6fd} to C:\Program Files (x86)\Mozilla Firefox\browser\extensions\{972ce4c6-7e08-4474-a285-3208198ce6fd}.xpi
1522964283969	addons.xpi	DEBUG	checkForChanges
1522964283969	addons.xpi	INFO	SystemAddonInstallLocation directory is missing
1522964283970	addons.xpi	DEBUG	Loaded add-on state from prefs: {}
1522964283971	addons.xpi	DEBUG	New add-on aushelper@mozilla.org in app-system-defaults
1522964283971	addons.xpi	DEBUG	getModTime: Recursive scan of aushelper@mozilla.org
1522964283972	addons.xpi	DEBUG	New add-on e10srollout@mozilla.org in app-system-defaults
1522964283972	addons.xpi	DEBUG	getModTime: Recursive scan of e10srollout@mozilla.org
1522964283973	addons.xpi	DEBUG	New add-on firefox@getpocket.com in app-system-defaults
1522964283973	addons.xpi	DEBUG	getModTime: Recursive scan of firefox@getpocket.com
1522964283974	addons.xpi	DEBUG	New add-on screenshots@mozilla.org in app-system-defaults
1522964283974	addons.xpi	DEBUG	getModTime: Recursive scan of screenshots@mozilla.org
1522964283975	addons.xpi	DEBUG	New add-on webcompat@mozilla.org in app-system-defaults
1522964283975	addons.xpi	DEBUG	getModTime: Recursive scan of webcompat@mozilla.org
1522964283976	addons.xpi	DEBUG	New add-on {972ce4c6-7e08-4474-a285-3208198ce6fd} in app-global
1522964283976	addons.xpi	DEBUG	getModTime: Recursive scan of {972ce4c6-7e08-4474-a285-3208198ce6fd}
1522964283976	addons.xpi	DEBUG	getInstallState changed: true, state: {"app-system-defaults":{"aushelper@mozilla.org":{"d":"C:\\Program Files (x86)\\Mozilla Firefox\\browser\\features\\aushelper@mozilla.org.xpi","st":1496949712000},"e10srollout@mozilla.org":{"d":"C:\\Program Files (x86)\\Mozilla Firefox\\browser\\features\\e10srollout@mozilla.org.xpi","st":1496949712000},"firefox@getpocket.com":{"d":"C:\\Program Files (x86)\\Mozilla Firefox\\browser\\features\\firefox@getpocket.com.xpi","st":1496949713000},"screenshots@mozilla.org":{"d":"C:\\Program Files (x86)\\Mozilla Firefox\\browser\\features\\screenshots@mozilla.org.xpi","st":1496949713000},"webcompat@mozilla.org":{"d":"C:\\Program Files (x86)\\Mozilla Firefox\\browser\\features\\webcompat@mozilla.org.xpi","st":1496949712000}},"app-global":{"{972ce4c6-7e08-4474-a285-3208198ce6fd}":{"d":"C:\\Program Files (x86)\\Mozilla Firefox\\browser\\extensions\\{972ce4c6-7e08-4474-a285-3208198ce6fd}.xpi","st":1496949712000}}}
1522964283985	addons.xpi-utils	DEBUG	Opening XPI database C:\Users\JCJARQ~1\AppData\Local\Temp\4\rust_mozprofile.8trnoKuoAo9h\extensions.json
1522964283986	addons.xpi-utils	DEBUG	New add-on aushelper@mozilla.org installed in app-system-defaults
*** Blocklist::_loadBlocklistFromFile: blocklist is disabled
1522964283996	DeferredSave.extensions.json	DEBUG	Save changes
1522964283997	addons.xpi-utils	DEBUG	New add-on e10srollout@mozilla.org installed in app-system-defaults
1522964284000	DeferredSave.extensions.json	DEBUG	Starting timer
1522964284002	DeferredSave.extensions.json	DEBUG	Save changes
1522964284002	addons.xpi-utils	DEBUG	New add-on firefox@getpocket.com installed in app-system-defaults
1522964284009	DeferredSave.extensions.json	DEBUG	Save changes
1522964284009	addons.xpi-utils	DEBUG	New add-on screenshots@mozilla.org installed in app-system-defaults
1522964284015	DeferredSave.extensions.json	DEBUG	Save changes
1522964284016	addons.xpi-utils	DEBUG	New add-on webcompat@mozilla.org installed in app-system-defaults
1522964284019	DeferredSave.extensions.json	DEBUG	Save changes
1522964284020	addons.xpi-utils	DEBUG	New add-on {972ce4c6-7e08-4474-a285-3208198ce6fd} installed in app-global
1522964284024	DeferredSave.extensions.json	DEBUG	Save changes
1522964284025	addons.manager	DEBUG	Registering startup change 'installed' for aushelper@mozilla.org
1522964284034	addons.xpi	DEBUG	Loading bootstrap scope from C:\Program Files (x86)\Mozilla Firefox\browser\features\aushelper@mozilla.org.xpi
1522964284038	addons.xpi	DEBUG	Calling bootstrap method install on aushelper@mozilla.org version 2.0
1522964284039	addons.xpi-utils	DEBUG	Make addon app-system-defaults:aushelper@mozilla.org visible
1522964284039	DeferredSave.extensions.json	DEBUG	Save changes
1522964284040	addons.manager	DEBUG	Registering startup change 'installed' for e10srollout@mozilla.org
1522964284040	addons.xpi	DEBUG	Loading bootstrap scope from C:\Program Files (x86)\Mozilla Firefox\browser\features\e10srollout@mozilla.org.xpi
1522964284043	addons.xpi	DEBUG	Calling bootstrap method install on e10srollout@mozilla.org version 1.50
1522964284044	addons.xpi-utils	DEBUG	Make addon app-system-defaults:e10srollout@mozilla.org visible
1522964284045	DeferredSave.extensions.json	DEBUG	Save changes
1522964284045	addons.manager	DEBUG	Registering startup change 'installed' for firefox@getpocket.com
1522964284046	addons.xpi	DEBUG	Loading bootstrap scope from C:\Program Files (x86)\Mozilla Firefox\browser\features\firefox@getpocket.com.xpi
1522964284049	addons.xpi	DEBUG	Calling bootstrap method install on firefox@getpocket.com version 1.0.5
1522964284049	addons.xpi-utils	DEBUG	Make addon app-system-defaults:firefox@getpocket.com visible
1522964284050	DeferredSave.extensions.json	DEBUG	Save changes
1522964284050	addons.manager	DEBUG	Registering startup change 'installed' for screenshots@mozilla.org
1522964284050	addons.xpi	DEBUG	Loading bootstrap scope from C:\Program Files (x86)\Mozilla Firefox\browser\features\screenshots@mozilla.org.xpi
1522964284053	addons.xpi	DEBUG	Calling bootstrap method install on screenshots@mozilla.org version 6.6.0
1522964284053	addons.xpi-utils	DEBUG	Make addon app-system-defaults:screenshots@mozilla.org visible
1522964284053	DeferredSave.extensions.json	DEBUG	Save changes
1522964284053	addons.manager	DEBUG	Registering startup change 'installed' for webcompat@mozilla.org
1522964284054	addons.xpi	DEBUG	Loading bootstrap scope from C:\Program Files (x86)\Mozilla Firefox\browser\features\webcompat@mozilla.org.xpi
1522964284056	addons.xpi	DEBUG	Calling bootstrap method install on webcompat@mozilla.org version 1.1
1522964284056	addons.xpi-utils	DEBUG	Make addon app-system-defaults:webcompat@mozilla.org visible
1522964284057	DeferredSave.extensions.json	DEBUG	Save changes
1522964284057	addons.xpi-utils	DEBUG	Make addon app-global:{972ce4c6-7e08-4474-a285-3208198ce6fd} visible
1522964284057	DeferredSave.extensions.json	DEBUG	Save changes
1522964284057	addons.xpi	DEBUG	Updating XPIState for {"id":"aushelper@mozilla.org","syncGUID":"{14b943eb-f82d-45ec-85b2-38e5d418b4a8}","location":"app-system-defaults","version":"2.0","type":"extension","internalName":null,"updateURL":null,"updateKey":null,"optionsURL":null,"optionsType":null,"aboutURL":null,"icons":{},"iconURL":null,"icon64URL":null,"defaultLocale":{"name":"Application Update Service Helper","description":"Sets value(s) in the update url based on custom checks.","creator":null,"homepageURL":null},"visible":true,"active":true,"userDisabled":false,"appDisabled":false,"descriptor":"C:\\Program Files (x86)\\Mozilla Firefox\\browser\\features\\aushelper@mozilla.org.xpi","installDate":1496949712000,"updateDate":1496949712000,"applyBackgroundUpdates":1,"bootstrap":true,"skinnable":false,"size":8486,"sourceURI":null,"releaseNotesURI":null,"softDisabled":false,"foreignInstall":false,"hasBinaryComponents":false,"strictCompatibility":false,"locales":[],"targetApplications":[{"id":"{ec8030f7-c20a-464f-9b0e-13a3a9e97384}","minVersion":"54.0","maxVersion":"54.*"}],"targetPlatforms":[],"multiprocessCompatible":true,"seen":true,"dependencies":[],"hasEmbeddedWebExtension":false,"mpcOptedOut":false,"userPermissions":null}
1522964284058	addons.xpi	DEBUG	getModTime: Recursive scan of aushelper@mozilla.org
1522964284058	addons.xpi	DEBUG	Updating XPIState for {"id":"e10srollout@mozilla.org","syncGUID":"{cf13f168-d86d-4efb-bb29-d6536aeaad84}","location":"app-system-defaults","version":"1.50","type":"extension","internalName":null,"updateURL":null,"updateKey":null,"optionsURL":null,"optionsType":null,"aboutURL":null,"icons":{},"iconURL":null,"icon64URL":null,"defaultLocale":{"name":"Multi-process staged rollout","description":"Staged rollout of Firefox multi-process feature.","creator":null,"homepageURL":null},"visible":true,"active":true,"userDisabled":false,"appDisabled":false,"descriptor":"C:\\Program Files (x86)\\Mozilla Firefox\\browser\\features\\e10srollout@mozilla.org.xpi","installDate":1496949712000,"updateDate":1496949712000,"applyBackgroundUpdates":1,"bootstrap":true,"skinnable":false,"size":12517,"sourceURI":null,"releaseNotesURI":null,"softDisabled":false,"foreignInstall":false,"hasBinaryComponents":false,"strictCompatibility":false,"locales":[],"targetApplications":[{"id":"{ec8030f7-c20a-464f-9b0e-13a3a9e97384}","minVersion":"54.0","maxVersion":"54.*"}],"targetPlatforms":[],"multiprocessCompatible":true,"seen":true,"dependencies":[],"hasEmbeddedWebExtension":false,"mpcOptedOut":false,"userPermissions":null}
1522964284058	addons.xpi	DEBUG	getModTime: Recursive scan of e10srollout@mozilla.org
1522964284059	addons.xpi	DEBUG	Updating XPIState for {"id":"firefox@getpocket.com","syncGUID":"{b8246667-77be-413f-99db-690783d30f5a}","location":"app-system-defaults","version":"1.0.5","type":"extension","internalName":null,"updateURL":null,"updateKey":null,"optionsURL":null,"optionsType":null,"aboutURL":null,"icons":{},"iconURL":null,"icon64URL":null,"defaultLocale":{"name":"Pocket","description":"When you find something you want to view later, put it in Pocket.","creator":null,"homepageURL":null},"visible":true,"active":true,"userDisabled":false,"appDisabled":false,"descriptor":"C:\\Program Files (x86)\\Mozilla Firefox\\browser\\features\\firefox@getpocket.com.xpi","installDate":1496949713000,"updateDate":1496949713000,"applyBackgroundUpdates":1,"bootstrap":true,"skinnable":false,"size":913904,"sourceURI":null,"releaseNotesURI":null,"softDisabled":false,"foreignInstall":false,"hasBinaryComponents":false,"strictCompatibility":false,"locales":[],"targetApplications":[{"id":"{ec8030f7-c20a-464f-9b0e-13a3a9e97384}","minVersion":"54.0","maxVersion":"54.*"}],"targetPlatforms":[],"multiprocessCompatible":true,"seen":true,"dependencies":[],"hasEmbeddedWebExtension":false,"mpcOptedOut":false,"userPermissions":null}
1522964284059	addons.xpi	DEBUG	getModTime: Recursive scan of firefox@getpocket.com
1522964284059	addons.xpi	DEBUG	Updating XPIState for {"id":"screenshots@mozilla.org","syncGUID":"{795180e7-22d3-4bda-8e4a-81c6f7965fb4}","location":"app-system-defaults","version":"6.6.0","type":"extension","internalName":null,"updateURL":null,"updateKey":null,"optionsURL":null,"optionsType":null,"aboutURL":null,"icons":{},"iconURL":null,"icon64URL":null,"defaultLocale":{"name":"Firefox Screenshots","description":null,"creator":null,"homepageURL":"https://pageshot.net/"},"visible":true,"active":true,"userDisabled":false,"appDisabled":false,"descriptor":"C:\\Program Files (x86)\\Mozilla Firefox\\browser\\features\\screenshots@mozilla.org.xpi","installDate":1496949713000,"updateDate":1496949713000,"applyBackgroundUpdates":1,"bootstrap":true,"skinnable":false,"size":716271,"sourceURI":null,"releaseNotesURI":null,"softDisabled":false,"foreignInstall":false,"hasBinaryComponents":false,"strictCompatibility":false,"locales":[],"targetApplications":[{"id":"{ec8030f7-c20a-464f-9b0e-13a3a9e97384}","minVersion":"51.0a1","maxVersion":"*"}],"targetPlatforms":[],"multiprocessCompatible":true,"seen":true,"dependencies":[],"hasEmbeddedWebExtension":false,"mpcOptedOut":false,"userPermissions":null}
1522964284060	addons.xpi	DEBUG	getModTime: Recursive scan of screenshots@mozilla.org
1522964284060	addons.xpi	DEBUG	Updating XPIState for {"id":"webcompat@mozilla.org","syncGUID":"{e0982283-d08e-4ea6-bfdc-54978d0d2e92}","location":"app-system-defaults","version":"1.1","type":"extension","internalName":null,"updateURL":null,"updateKey":null,"optionsURL":null,"optionsType":null,"aboutURL":null,"icons":{},"iconURL":null,"icon64URL":null,"defaultLocale":{"name":"Web Compat","description":"Urgent post-release fixes for web compatibility.","creator":null,"homepageURL":null},"visible":true,"active":true,"userDisabled":false,"appDisabled":false,"descriptor":"C:\\Program Files (x86)\\Mozilla Firefox\\browser\\features\\webcompat@mozilla.org.xpi","installDate":1496949712000,"updateDate":1496949712000,"applyBackgroundUpdates":1,"bootstrap":true,"skinnable":false,"size":9004,"sourceURI":null,"releaseNotesURI":null,"softDisabled":false,"foreignInstall":false,"hasBinaryComponents":false,"strictCompatibility":false,"locales":[],"targetApplications":[{"id":"{ec8030f7-c20a-464f-9b0e-13a3a9e97384}","minVersion":"54.0","maxVersion":"54.*"}],"targetPlatforms":[],"multiprocessCompatible":true,"seen":true,"dependencies":[],"hasEmbeddedWebExtension":false,"mpcOptedOut":false,"userPermissions":null}
1522964284061	addons.xpi	DEBUG	getModTime: Recursive scan of webcompat@mozilla.org
1522964284061	addons.xpi	DEBUG	Updating XPIState for {"id":"{972ce4c6-7e08-4474-a285-3208198ce6fd}","syncGUID":"{415efde3-b3f9-4cd8-bb1a-301e730c366e}","location":"app-global","version":"54.0","type":"theme","internalName":"classic/1.0","updateURL":null,"updateKey":null,"optionsURL":null,"optionsType":null,"aboutURL":null,"icons":{},"iconURL":"chrome://browser/content/default-theme-icon.svg","icon64URL":null,"defaultLocale":{"name":"Default","description":"The default theme.","creator":"Mozilla","homepageURL":null,"contributors":["Mozilla Contributors"]},"visible":true,"active":true,"userDisabled":false,"appDisabled":false,"descriptor":"C:\\Program Files (x86)\\Mozilla Firefox\\browser\\extensions\\{972ce4c6-7e08-4474-a285-3208198ce6fd}.xpi","installDate":1496949712000,"updateDate":1496949712000,"applyBackgroundUpdates":1,"skinnable":true,"size":8201,"sourceURI":null,"releaseNotesURI":null,"softDisabled":false,"foreignInstall":false,"hasBinaryComponents":false,"strictCompatibility":true,"locales":[],"targetApplications":[{"id":"{ec8030f7-c20a-464f-9b0e-13a3a9e97384}","minVersion":"54.0","maxVersion":"54.0"}],"targetPlatforms":[],"seen":true,"dependencies":[],"hasEmbeddedWebExtension":false,"userPermissions":null}
1522964284062	addons.xpi	DEBUG	getModTime: Recursive scan of {972ce4c6-7e08-4474-a285-3208198ce6fd}
1522964284062	DeferredSave.extensions.json	DEBUG	Save changes
1522964284063	addons.xpi	DEBUG	Updating database with changes to installed add-ons
1522964284063	addons.xpi-utils	DEBUG	Updating add-on states
1522964284063	addons.xpi-utils	DEBUG	Writing add-ons list
1522964284067	addons.xpi	DEBUG	Registering manifest for C:\Program Files (x86)\Mozilla Firefox\browser\features\aushelper@mozilla.org.xpi
1522964284067	addons.xpi	DEBUG	Calling bootstrap method startup on aushelper@mozilla.org version 2.0
1522964284069	addons.xpi	DEBUG	Registering manifest for C:\Program Files (x86)\Mozilla Firefox\browser\features\e10srollout@mozilla.org.xpi
1522964284069	addons.xpi	DEBUG	Calling bootstrap method startup on e10srollout@mozilla.org version 1.50
1522964284070	addons.xpi	DEBUG	Registering manifest for C:\Program Files (x86)\Mozilla Firefox\browser\features\firefox@getpocket.com.xpi
1522964284071	addons.xpi	DEBUG	Calling bootstrap method startup on firefox@getpocket.com version 1.0.5
1522964284071	addons.xpi	DEBUG	Registering manifest for C:\Program Files (x86)\Mozilla Firefox\browser\features\screenshots@mozilla.org.xpi
1522964284072	addons.xpi	DEBUG	Calling bootstrap method startup on screenshots@mozilla.org version 6.6.0
1522964284072	addons.xpi	DEBUG	Registering manifest for C:\Program Files (x86)\Mozilla Firefox\browser\features\webcompat@mozilla.org.xpi
1522964284073	addons.xpi	DEBUG	Calling bootstrap method startup on webcompat@mozilla.org version 1.1
1522964284079	addons.manager	DEBUG	Registering shutdown blocker for XPIProvider
1522964284080	addons.manager	DEBUG	Provider finished startup: XPIProvider
1522964284081	addons.manager	DEBUG	Starting provider: LightweightThemeManager
1522964284081	addons.manager	DEBUG	Registering shutdown blocker for LightweightThemeManager
1522964284081	addons.manager	DEBUG	Provider finished startup: LightweightThemeManager
1522964284082	addons.manager	DEBUG	Starting provider: GMPProvider
1522964284087	addons.manager	DEBUG	Registering shutdown blocker for GMPProvider
1522964284087	addons.manager	DEBUG	Provider finished startup: GMPProvider
1522964284087	addons.manager	DEBUG	Starting provider: PluginProvider
1522964284087	addons.manager	DEBUG	Registering shutdown blocker for PluginProvider
1522964284087	addons.manager	DEBUG	Provider finished startup: PluginProvider
1522964284088	addons.manager	DEBUG	Completed startup sequence
1522964284432	addons.manager	DEBUG	Starting provider: &lt;unnamed-provider&gt;
1522964284433	addons.manager	DEBUG	Registering shutdown blocker for &lt;unnamed-provider&gt;
1522964284433	addons.manager	DEBUG	Provider finished startup: &lt;unnamed-provider&gt;
1522964284453	addons.manager	DEBUG	Starting provider: PreviousExperimentProvider
1522964284453	addons.manager	DEBUG	Registering shutdown blocker for PreviousExperimentProvider
1522964284454	addons.manager	DEBUG	Provider finished startup: PreviousExperimentProvider
1522964284457	DeferredSave.extensions.json	DEBUG	Starting write
1522964284740	DeferredSave.extensions.json	DEBUG	Write succeeded
1522964284741	addons.xpi-utils	DEBUG	XPI Database saved, setting schema version preference to 19
1522964285694	Marionette	INFO	Listening on port 60863
[GPU 29904] WARNING: pipe error: 109: file c:/builds/moz2_slave/m-rel-w32-00000000000000000000/build/src/ipc/chromium/src/chrome/common/ipc_channel_win.cc, line 346
1522964286657	Marionette	DEBUG	loaded listener.js
Apr 05, 2018 5:38:06 PM org.openqa.selenium.remote.ProtocolHandshake createSession
INFO: Detected dialect: W3C
1522964286957	addons.xpi	DEBUG	Calling bootstrap method shutdown on webcompat@mozilla.org version 1.1
1522964286958	addons.xpi	DEBUG	Calling bootstrap method shutdown on screenshots@mozilla.org version 6.6.0
1522964286959	addons.xpi	DEBUG	Calling bootstrap method shutdown on firefox@getpocket.com version 1.0.5
1522964286959	addons.xpi	DEBUG	Calling bootstrap method shutdown on e10srollout@mozilla.org version 1.50
1522964286959	addons.xpi	DEBUG	Calling bootstrap method shutdown on aushelper@mozilla.org version 2.0
[Child 29264] WARNING: pipe error: 109: file c:/builds/moz2_slave/m-rel-w32-00000000000000000000/build/src/ipc/chromium/src/chrome/common/ipc_channel_win.cc, line 346
[Child 29264] WARNING: pipe error: 109: file c:/builds/moz2_slave/m-rel-w32-00000000000000000000/build/src/ipc/chromium/src/chrome/common/ipc_channel_win.cc, line 346
1522964287195	addons.manager	DEBUG	shutdown
1522964287195	addons.manager	DEBUG	Calling shutdown blocker for XPIProvider
1522964287195	addons.xpi	DEBUG	shutdown
1522964287196	addons.xpi-utils	DEBUG	shutdown
1522964287196	addons.manager	DEBUG	Calling shutdown blocker for LightweightThemeManager
1522964287197	addons.manager	DEBUG	Calling shutdown blocker for GMPProvider
1522964287198	addons.manager	DEBUG	Calling shutdown blocker for PluginProvider
1522964287199	addons.manager	DEBUG	Calling shutdown blocker for &lt;unnamed-provider&gt;
Apr 05, 2018 5:38:07 PM org.openqa.selenium.support.ui.ExpectedConditions findElement
WARNING: WebDriverException thrown by findElement(By.xpath: //a/descendant-or-self::*[contains(text(),'Sign Out')])
org.openqa.selenium.WebDriverException: Failed to decode response from marionette
Build info: version: '3.4.0', revision: 'unknown', time: 'unknown'
System info: host: 'FITNESSE', ip: '10.119.38.100', os.name: 'Windows Server 2016', os.arch: 'x86', os.version: '10.0', java.version: '1.8.0_161'
Driver info: org.openqa.selenium.firefox.FirefoxDriver
Capabilities [{moz:profile=C:\Users\JCJARQ~1\AppData\Local\Temp\4\rust_mozprofile.8trnoKuoAo9h, rotatable=false, timeouts={implicit=0.0, pageLoad=300000.0, script=30000.0}, pageLoadStrategy=normal, platform=ANY, specificationLevel=0.0, moz:accessibilityChecks=false, acceptInsecureCerts=false, browserVersion=54.0, platformVersion=10.0, moz:processID=29020.0, browserName=firefox, javascriptEnabled=true, platformName=windows_nt}]
Session ID: b18c9bcb-6fc9-4066-9e56-f1bb1ae82868
*** Element info: {Using=xpath, value=//a/descendant-or-self::*[contains(text(),'Sign Out')]}
	at sun.reflect.NativeConstructorAccessorImpl.newInstance0(Native Method)
	at sun.reflect.NativeConstructorAccessorImpl.newInstance(Unknown Source)
	at sun.reflect.DelegatingConstructorAccessorImpl.newInstance(Unknown Source)
	at java.lang.reflect.Constructor.newInstance(Unknown Source)
	at org.openqa.selenium.remote.http.W3CHttpResponseCodec.createException(W3CHttpResponseCodec.java:150)
	at org.openqa.selenium.remote.http.W3CHttpResponseCodec.decode(W3CHttpResponseCodec.java:115)
	at org.openqa.selenium.remote.http.W3CHttpResponseCodec.decode(W3CHttpResponseCodec.java:45)
	at org.openqa.selenium.remote.HttpCommandExecutor.execute(HttpCommandExecutor.java:164)
	at org.openqa.selenium.remote.service.DriverCommandExecutor.execute(DriverCommandExecutor.java:82)
	at org.openqa.selenium.remote.RemoteWebDriver.execute(RemoteWebDriver.java:637)
	at org.openqa.selenium.remote.RemoteWebDriver.findElements(RemoteWebDriver.java:437)
	at org.openqa.selenium.remote.RemoteWebDriver.findElementsByXPath(RemoteWebDriver.java:513)
	at org.openqa.selenium.By$ByXPath.findElements(By.java:356)
	at org.openqa.selenium.remote.RemoteWebDriver.findElements(RemoteWebDriver.java:398)
	at org.openqa.selenium.support.ui.ExpectedConditions.findElement(ExpectedConditions.java:882)
	at org.openqa.selenium.support.ui.ExpectedConditions.access$000(ExpectedConditions.java:44)
	at org.openqa.selenium.support.ui.ExpectedConditions$6.apply(ExpectedConditions.java:183)
	at org.openqa.selenium.support.ui.ExpectedConditions$6.apply(ExpectedConditions.java:180)
	at org.openqa.selenium.support.ui.FluentWait.until(FluentWait.java:209)
	at com.appiancorp.ps.automatedtest.tempo.TempoLogin.navigateToLoginPage(TempoLogin.java:186)
	at com.appiancorp.ps.automatedtest.fixture.BaseFixture.loginIntoWithUsernameAndPassword(BaseFixture.java:387)
	at com.appiancorp.ps.automatedtest.fixture.BaseFixture.loginIntoWithUsername(BaseFixture.java:419)
	at com.appiancorp.ps.automatedtest.fixture.BaseFixture.loginWithUsername(BaseFixture.java:430)
	at sun.reflect.NativeMethodAccessorImpl.invoke0(Native Method)
	at sun.reflect.NativeMethodAccessorImpl.invoke(Unknown Source)
	at sun.reflect.DelegatingMethodAccessorImpl.invoke(Unknown Source)
	at java.lang.reflect.Method.invoke(Unknown Source)
	at fitnesse.slim.fixtureInteraction.DefaultInteraction.methodInvoke(DefaultInteraction.java:81)
	at fitnesse.slim.MethodExecutor.callMethod(MethodExecutor.java:57)
	at fitnesse.slim.MethodExecutor.invokeMethod(MethodExecutor.java:38)
	at fitnesse.slim.MethodExecutor.findAndInvoke(MethodExecutor.java:72)
	at fitnesse.slim.FixtureMethodExecutor.execute(FixtureMethodExecutor.java:20)
	at fitnesse.slim.StatementExecutor.getMethodExecutionResult(StatementExecutor.java:135)
	at fitnesse.slim.StatementExecutor.call(StatementExecutor.java:108)
	at fitnesse.slim.instructions.CallInstruction.executeInternal(CallInstruction.java:35)
	at fitnesse.slim.instructions.Instruction.execute(Instruction.java:29)
	at fitnesse.slim.ListExecutor$Executive.executeStatement(ListExecutor.java:49)
	at fitnesse.slim.ListExecutor$Executive.executeStatements(ListExecutor.java:43)
	at fitnesse.slim.ListExecutor.execute(ListExecutor.java:85)
	at fitnesse.slim.SlimServer.executeInstructions(SlimServer.java:84)
	at fitnesse.slim.SlimServer.processOneSetOfInstructions(SlimServer.java:77)
	at fitnesse.slim.SlimServer.tryProcessInstructions(SlimServer.java:64)
	at fitnesse.slim.SlimServer.serve(SlimServer.java:49)
	at fitnesse.slim.SlimService.handle(SlimService.java:154)
	at fitnesse.slim.SlimService.acceptOne(SlimService.java:162)
	at fitnesse.slim.SlimService.accept(SlimService.java:124)
	at fitnesse.slim.SlimService.startWithFactory(SlimService.java:76)
	at fitnesse.slim.SlimService.main(SlimService.java:56)

</stdErr>
    <exception>Socket closed</exception>
  </executionLog>
  <finalCounts>
    <right>0</right>
    <wrong>0</wrong>
    <ignores>0</ignores>
    <exceptions>3</exceptions>
  </finalCounts>
  <totalRunTimeInMillis>150423</totalRunTimeInMillis>
</suiteResults>

